[2026-03-21T19:21:12.091+0000] {taskinstance.py:1956} INFO - Dependencies all met for dep_context=non-requeueable deps ti=<TaskInstance: daily_equity_ingestion.setup_database manual__2026-03-21T19:21:10.727896+00:00 [queued]>
[2026-03-21T19:21:12.095+0000] {taskinstance.py:1956} INFO - Dependencies all met for dep_context=requeueable deps ti=<TaskInstance: daily_equity_ingestion.setup_database manual__2026-03-21T19:21:10.727896+00:00 [queued]>
[2026-03-21T19:21:12.096+0000] {taskinstance.py:2170} INFO - Starting attempt 1 of 1
[2026-03-21T19:21:12.104+0000] {taskinstance.py:2191} INFO - Executing <Task(_PythonDecoratedOperator): setup_database> on 2026-03-21 19:21:10.727896+00:00
[2026-03-21T19:21:12.108+0000] {standard_task_runner.py:60} INFO - Started process 201 to run task
[2026-03-21T19:21:12.110+0000] {standard_task_runner.py:87} INFO - Running: ['***', 'tasks', 'run', 'daily_equity_ingestion', 'setup_database', 'manual__2026-03-21T19:21:10.727896+00:00', '--job-id', '61', '--raw', '--subdir', 'DAGS_FOLDER/equity_ingestion_dag.py', '--cfg-path', '/tmp/tmpnrvvqple']
[2026-03-21T19:21:12.111+0000] {standard_task_runner.py:88} INFO - Job 61: Subtask setup_database
[2026-03-21T19:21:12.147+0000] {task_command.py:423} INFO - Running <TaskInstance: daily_equity_ingestion.setup_database manual__2026-03-21T19:21:10.727896+00:00 [running]> on host 4101801a2ad1
[2026-03-21T19:21:12.187+0000] {taskinstance.py:2480} INFO - Exporting env vars: AIRFLOW_CTX_DAG_OWNER='***' AIRFLOW_CTX_DAG_ID='daily_equity_ingestion' AIRFLOW_CTX_TASK_ID='setup_database' AIRFLOW_CTX_EXECUTION_DATE='2026-03-21T19:21:10.727896+00:00' AIRFLOW_CTX_TRY_NUMBER='1' AIRFLOW_CTX_DAG_RUN_ID='manual__2026-03-21T19:21:10.727896+00:00'
[2026-03-21T19:21:12.195+0000] {base.py:83} INFO - Using connection ID 'finance_db_conn' for task execution.
[2026-03-21T19:21:12.198+0000] {sql.py:450} INFO - Running statement: 
            CREATE TABLE IF NOT EXISTS equity_metrics (
                id SERIAL PRIMARY KEY,
                ticker VARCHAR(50) NOT NULL,
                current_price NUMERIC,
                market_cap NUMERIC,
                pe_ratio NUMERIC,
                summary TEXT,
                ingestion_timestamp TIMESTAMP DEFAULT CURRENT_TIMESTAMP
            );
        , parameters: None
[2026-03-21T19:21:12.198+0000] {python.py:201} INFO - Done. Returned value was: None
[2026-03-21T19:21:12.203+0000] {taskinstance.py:1138} INFO - Marking task as SUCCESS. dag_id=daily_equity_ingestion, task_id=setup_database, execution_date=20260321T192110, start_date=20260321T192112, end_date=20260321T192112
[2026-03-21T19:21:12.243+0000] {local_task_job_runner.py:234} INFO - Task exited with return code 0
[2026-03-21T19:21:12.259+0000] {taskinstance.py:3280} INFO - 5 downstream tasks scheduled from follow-on schedule check
