[2026-03-19T21:11:27.056+0000] {taskinstance.py:1956} INFO - Dependencies all met for dep_context=non-requeueable deps ti=<TaskInstance: daily_equity_ingestion.load_to_postgres manual__2026-03-19T21:11:22.771930+00:00 [queued]>
[2026-03-19T21:11:27.060+0000] {taskinstance.py:1956} INFO - Dependencies all met for dep_context=requeueable deps ti=<TaskInstance: daily_equity_ingestion.load_to_postgres manual__2026-03-19T21:11:22.771930+00:00 [queued]>
[2026-03-19T21:11:27.061+0000] {taskinstance.py:2170} INFO - Starting attempt 1 of 1
[2026-03-19T21:11:27.067+0000] {taskinstance.py:2191} INFO - Executing <Task(_PythonDecoratedOperator): load_to_postgres> on 2026-03-19 21:11:22.771930+00:00
[2026-03-19T21:11:27.071+0000] {standard_task_runner.py:60} INFO - Started process 231 to run task
[2026-03-19T21:11:27.073+0000] {standard_task_runner.py:87} INFO - Running: ['***', 'tasks', 'run', 'daily_equity_ingestion', 'load_to_postgres', 'manual__2026-03-19T21:11:22.771930+00:00', '--job-id', '13', '--raw', '--subdir', 'DAGS_FOLDER/equity_ingestion_dag.py', '--cfg-path', '/tmp/tmp5d6vz7ti']
[2026-03-19T21:11:27.075+0000] {standard_task_runner.py:88} INFO - Job 13: Subtask load_to_postgres
[2026-03-19T21:11:27.099+0000] {task_command.py:423} INFO - Running <TaskInstance: daily_equity_ingestion.load_to_postgres manual__2026-03-19T21:11:22.771930+00:00 [running]> on host 3ad2ab28af89
[2026-03-19T21:11:27.144+0000] {taskinstance.py:2480} INFO - Exporting env vars: AIRFLOW_CTX_DAG_OWNER='***' AIRFLOW_CTX_DAG_ID='daily_equity_ingestion' AIRFLOW_CTX_TASK_ID='load_to_postgres' AIRFLOW_CTX_EXECUTION_DATE='2026-03-19T21:11:22.771930+00:00' AIRFLOW_CTX_TRY_NUMBER='1' AIRFLOW_CTX_DAG_RUN_ID='manual__2026-03-19T21:11:22.771930+00:00'
[2026-03-19T21:11:27.149+0000] {base.py:83} INFO - Using connection ID 'finance_db_conn' for task execution.
[2026-03-19T21:11:27.151+0000] {sql.py:450} INFO - Running statement: 
            INSERT INTO equity_metrics (ticker, current_price, market_cap, pe_ratio, summary)
            VALUES (%s, %s, %s, %s, %s);
        , parameters: ('HDFCBANK.NS', 798.2, 12284523970560, 17.797102, 'HDFC Bank Limited provides banking and financial products and services to individuals and businesses in India, Bahrain, Hong Kong, Singapore, and Dubai. The company operates through Treasury, Retail Banking, Wholesale Banking, Other Banking Business, Insurance Business, and Other segments. It offers savings, salary, current, rural, public provident fund, pension, and demat accounts; fixed and recurring deposits; and safe deposit lockers, as well as offshore accounts and deposits, and overdrafts ')
[2026-03-19T21:11:27.152+0000] {sql.py:459} INFO - Rows affected: 1
[2026-03-19T21:11:27.153+0000] {equity_ingestion_dag.py:73} INFO - Successfully inserted HDFCBANK.NS into PostgreSQL.
[2026-03-19T21:11:27.153+0000] {python.py:201} INFO - Done. Returned value was: None
[2026-03-19T21:11:27.157+0000] {taskinstance.py:1138} INFO - Marking task as SUCCESS. dag_id=daily_equity_ingestion, task_id=load_to_postgres, execution_date=20260319T211122, start_date=20260319T211127, end_date=20260319T211127
[2026-03-19T21:11:27.205+0000] {local_task_job_runner.py:234} INFO - Task exited with return code 0
[2026-03-19T21:11:27.214+0000] {taskinstance.py:3280} INFO - 0 downstream tasks scheduled from follow-on schedule check
