[2026-03-21T19:26:18.787+0000] {taskinstance.py:1956} INFO - Dependencies all met for dep_context=non-requeueable deps ti=<TaskInstance: daily_equity_ingestion.extract_market_data manual__2026-03-21T19:26:16.670348+00:00 map_index=0 [queued]>
[2026-03-21T19:26:18.793+0000] {taskinstance.py:1956} INFO - Dependencies all met for dep_context=requeueable deps ti=<TaskInstance: daily_equity_ingestion.extract_market_data manual__2026-03-21T19:26:16.670348+00:00 map_index=0 [queued]>
[2026-03-21T19:26:18.793+0000] {taskinstance.py:2170} INFO - Starting attempt 1 of 1
[2026-03-21T19:26:18.802+0000] {taskinstance.py:2191} INFO - Executing <Mapped(_PythonDecoratedOperator): extract_market_data> on 2026-03-21 19:26:16.670348+00:00
[2026-03-21T19:26:18.807+0000] {standard_task_runner.py:60} INFO - Started process 321 to run task
[2026-03-21T19:26:18.809+0000] {standard_task_runner.py:87} INFO - Running: ['***', 'tasks', 'run', 'daily_equity_ingestion', 'extract_market_data', 'manual__2026-03-21T19:26:16.670348+00:00', '--job-id', '77', '--raw', '--subdir', 'DAGS_FOLDER/equity_ingestion_dag.py', '--cfg-path', '/tmp/tmpia_iw54_', '--map-index', '0']
[2026-03-21T19:26:18.810+0000] {standard_task_runner.py:88} INFO - Job 77: Subtask extract_market_data
[2026-03-21T19:26:18.840+0000] {task_command.py:423} INFO - Running <TaskInstance: daily_equity_ingestion.extract_market_data manual__2026-03-21T19:26:16.670348+00:00 map_index=0 [running]> on host 4101801a2ad1
[2026-03-21T19:26:18.888+0000] {taskinstance.py:2480} INFO - Exporting env vars: AIRFLOW_CTX_DAG_OWNER='***' AIRFLOW_CTX_DAG_ID='daily_equity_ingestion' AIRFLOW_CTX_TASK_ID='extract_market_data' AIRFLOW_CTX_EXECUTION_DATE='2026-03-21T19:26:16.670348+00:00' AIRFLOW_CTX_TRY_NUMBER='1' AIRFLOW_CTX_DAG_RUN_ID='manual__2026-03-21T19:26:16.670348+00:00'
[2026-03-21T19:26:18.890+0000] {equity_ingestion_dag.py:39} INFO - Fetching data for HDFCBANK.NS...
[2026-03-21T19:26:18.891+0000] {equity_ingestion_dag.py:64} ERROR - Critical error for HDFCBANK.NS: stat: path should be string, bytes, os.PathLike or integer, not NoneType
[2026-03-21T19:26:18.892+0000] {taskinstance.py:2698} ERROR - Task failed with exception
Traceback (most recent call last):
  File "/home/airflow/.local/lib/python3.11/site-packages/airflow/models/taskinstance.py", line 433, in _execute_task
    result = execute_callable(context=context, **execute_callable_kwargs)
             ^^^^^^^^^^^^^^^^^^^^^^^^^^^^^^^^^^^^^^^^^^^^^^^^^^^^^^^^^^^^
  File "/home/airflow/.local/lib/python3.11/site-packages/airflow/decorators/base.py", line 241, in execute
    return_value = super().execute(context)
                   ^^^^^^^^^^^^^^^^^^^^^^^^
  File "/home/airflow/.local/lib/python3.11/site-packages/airflow/operators/python.py", line 199, in execute
    return_value = self.execute_callable()
                   ^^^^^^^^^^^^^^^^^^^^^^^
  File "/home/airflow/.local/lib/python3.11/site-packages/airflow/operators/python.py", line 216, in execute_callable
    return self.python_callable(*self.op_args, **self.op_kwargs)
           ^^^^^^^^^^^^^^^^^^^^^^^^^^^^^^^^^^^^^^^^^^^^^^^^^^^^^
  File "/opt/airflow/dags/equity_ingestion_dag.py", line 65, in extract_market_data
    raise e
  File "/opt/airflow/dags/equity_ingestion_dag.py", line 51, in extract_market_data
    info = stock.info
           ^^^^^^^^^^
  File "/home/airflow/.local/lib/python3.11/site-packages/yfinance/ticker.py", line 159, in info
    return self.get_info()
           ^^^^^^^^^^^^^^^
  File "/home/airflow/.local/lib/python3.11/site-packages/yfinance/base.py", line 282, in get_info
    data = self._quote.info
           ^^^^^^^^^^^^^^^^
  File "/home/airflow/.local/lib/python3.11/site-packages/yfinance/scrapers/quote.py", line 503, in info
    self._fetch_info()
  File "/home/airflow/.local/lib/python3.11/site-packages/yfinance/scrapers/quote.py", line 612, in _fetch_info
    result = self._fetch(modules=modules)
             ^^^^^^^^^^^^^^^^^^^^^^^^^^^^
  File "/home/airflow/.local/lib/python3.11/site-packages/yfinance/scrapers/quote.py", line 588, in _fetch
    result = self._data.get_raw_json(_QUOTE_SUMMARY_URL_ + f"/{self._symbol}", params=params_dict)
             ^^^^^^^^^^^^^^^^^^^^^^^^^^^^^^^^^^^^^^^^^^^^^^^^^^^^^^^^^^^^^^^^^^^^^^^^^^^^^^^^^^^^^
  File "/home/airflow/.local/lib/python3.11/site-packages/yfinance/data.py", line 462, in get_raw_json
    response = self.get(url, params=params, timeout=timeout)
               ^^^^^^^^^^^^^^^^^^^^^^^^^^^^^^^^^^^^^^^^^^^^^
  File "/home/airflow/.local/lib/python3.11/site-packages/yfinance/utils.py", line 95, in wrapper
    result = func(*args, **kwargs)
             ^^^^^^^^^^^^^^^^^^^^^
  File "/home/airflow/.local/lib/python3.11/site-packages/yfinance/data.py", line 375, in get
    response = self._make_request(url, request_method = self._session.get, params=params, timeout=timeout)
               ^^^^^^^^^^^^^^^^^^^^^^^^^^^^^^^^^^^^^^^^^^^^^^^^^^^^^^^^^^^^^^^^^^^^^^^^^^^^^^^^^^^^^^^^^^^
  File "/home/airflow/.local/lib/python3.11/site-packages/yfinance/utils.py", line 95, in wrapper
    result = func(*args, **kwargs)
             ^^^^^^^^^^^^^^^^^^^^^
  File "/home/airflow/.local/lib/python3.11/site-packages/yfinance/data.py", line 409, in _make_request
    crumb, strategy = self._get_cookie_and_crumb()
                      ^^^^^^^^^^^^^^^^^^^^^^^^^^^^
  File "/home/airflow/.local/lib/python3.11/site-packages/yfinance/utils.py", line 95, in wrapper
    result = func(*args, **kwargs)
             ^^^^^^^^^^^^^^^^^^^^^
  File "/home/airflow/.local/lib/python3.11/site-packages/yfinance/data.py", line 365, in _get_cookie_and_crumb
    crumb = self._get_cookie_and_crumb_basic(timeout)
            ^^^^^^^^^^^^^^^^^^^^^^^^^^^^^^^^^^^^^^^^^
  File "/home/airflow/.local/lib/python3.11/site-packages/yfinance/utils.py", line 95, in wrapper
    result = func(*args, **kwargs)
             ^^^^^^^^^^^^^^^^^^^^^
  File "/home/airflow/.local/lib/python3.11/site-packages/yfinance/data.py", line 244, in _get_cookie_and_crumb_basic
    if not self._get_cookie_basic(timeout):
           ^^^^^^^^^^^^^^^^^^^^^^^^^^^^^^^
  File "/home/airflow/.local/lib/python3.11/site-packages/yfinance/utils.py", line 95, in wrapper
    result = func(*args, **kwargs)
             ^^^^^^^^^^^^^^^^^^^^^
  File "/home/airflow/.local/lib/python3.11/site-packages/yfinance/data.py", line 192, in _get_cookie_basic
    elif self._load_cookie_curlCffi():
         ^^^^^^^^^^^^^^^^^^^^^^^^^^^^
  File "/home/airflow/.local/lib/python3.11/site-packages/yfinance/utils.py", line 95, in wrapper
    result = func(*args, **kwargs)
             ^^^^^^^^^^^^^^^^^^^^^
  File "/home/airflow/.local/lib/python3.11/site-packages/yfinance/data.py", line 168, in _load_cookie_curlCffi
    cookie_dict = cache.get_cookie_cache().lookup('curlCffi')
                  ^^^^^^^^^^^^^^^^^^^^^^^^^^^^^^^^^^^^^^^^^^^
  File "/home/airflow/.local/lib/python3.11/site-packages/yfinance/cache.py", line 371, in lookup
    self.initialise()
  File "/home/airflow/.local/lib/python3.11/site-packages/yfinance/cache.py", line 349, in initialise
    db = self.get_db()
         ^^^^^^^^^^^^^
  File "/home/airflow/.local/lib/python3.11/site-packages/yfinance/cache.py", line 336, in get_db
    self.db = _CookieDBManager.get_database()
              ^^^^^^^^^^^^^^^^^^^^^^^^^^^^^^^
  File "/home/airflow/.local/lib/python3.11/site-packages/yfinance/cache.py", line 254, in get_database
    cls._initialise()
  File "/home/airflow/.local/lib/python3.11/site-packages/yfinance/cache.py", line 272, in _initialise
    if not _os.path.isdir(cls._cache_dir):
           ^^^^^^^^^^^^^^^^^^^^^^^^^^^^^^
  File "<frozen genericpath>", line 42, in isdir
TypeError: stat: path should be string, bytes, os.PathLike or integer, not NoneType
[2026-03-21T19:26:18.900+0000] {taskinstance.py:1138} INFO - Marking task as FAILED. dag_id=daily_equity_ingestion, task_id=extract_market_data, map_index=0, execution_date=20260321T192616, start_date=20260321T192618, end_date=20260321T192618
[2026-03-21T19:26:18.907+0000] {standard_task_runner.py:107} ERROR - Failed to execute job 77 for task extract_market_data (stat: path should be string, bytes, os.PathLike or integer, not NoneType; 321)
[2026-03-21T19:26:18.943+0000] {local_task_job_runner.py:234} INFO - Task exited with return code 1
[2026-03-21T19:26:18.955+0000] {taskinstance.py:3280} INFO - 0 downstream tasks scheduled from follow-on schedule check
