[2026-03-21T19:26:17.681+0000] {taskinstance.py:1956} INFO - Dependencies all met for dep_context=non-requeueable deps ti=<TaskInstance: daily_equity_ingestion.setup_database manual__2026-03-21T19:26:16.670348+00:00 [queued]>
[2026-03-21T19:26:17.685+0000] {taskinstance.py:1956} INFO - Dependencies all met for dep_context=requeueable deps ti=<TaskInstance: daily_equity_ingestion.setup_database manual__2026-03-21T19:26:16.670348+00:00 [queued]>
[2026-03-21T19:26:17.686+0000] {taskinstance.py:2170} INFO - Starting attempt 1 of 1
[2026-03-21T19:26:17.693+0000] {taskinstance.py:2191} INFO - Executing <Task(_PythonDecoratedOperator): setup_database> on 2026-03-21 19:26:16.670348+00:00
[2026-03-21T19:26:17.698+0000] {standard_task_runner.py:60} INFO - Started process 307 to run task
[2026-03-21T19:26:17.701+0000] {standard_task_runner.py:87} INFO - Running: ['***', 'tasks', 'run', 'daily_equity_ingestion', 'setup_database', 'manual__2026-03-21T19:26:16.670348+00:00', '--job-id', '73', '--raw', '--subdir', 'DAGS_FOLDER/equity_ingestion_dag.py', '--cfg-path', '/tmp/tmpgc4wu5a1']
[2026-03-21T19:26:17.702+0000] {standard_task_runner.py:88} INFO - Job 73: Subtask setup_database
[2026-03-21T19:26:17.733+0000] {task_command.py:423} INFO - Running <TaskInstance: daily_equity_ingestion.setup_database manual__2026-03-21T19:26:16.670348+00:00 [running]> on host 4101801a2ad1
[2026-03-21T19:26:17.777+0000] {taskinstance.py:2480} INFO - Exporting env vars: AIRFLOW_CTX_DAG_OWNER='***' AIRFLOW_CTX_DAG_ID='daily_equity_ingestion' AIRFLOW_CTX_TASK_ID='setup_database' AIRFLOW_CTX_EXECUTION_DATE='2026-03-21T19:26:16.670348+00:00' AIRFLOW_CTX_TRY_NUMBER='1' AIRFLOW_CTX_DAG_RUN_ID='manual__2026-03-21T19:26:16.670348+00:00'
[2026-03-21T19:26:17.783+0000] {base.py:83} INFO - Using connection ID 'finance_db_conn' for task execution.
[2026-03-21T19:26:17.785+0000] {sql.py:450} INFO - Running statement: 
            CREATE TABLE IF NOT EXISTS equity_metrics (
                id SERIAL PRIMARY KEY,
                ticker VARCHAR(50) NOT NULL,
                current_price NUMERIC,
                market_cap NUMERIC,
                pe_ratio NUMERIC,
                summary TEXT,
                ingestion_timestamp TIMESTAMP DEFAULT CURRENT_TIMESTAMP
            );
        , parameters: None
[2026-03-21T19:26:17.786+0000] {python.py:201} INFO - Done. Returned value was: None
[2026-03-21T19:26:17.791+0000] {taskinstance.py:1138} INFO - Marking task as SUCCESS. dag_id=daily_equity_ingestion, task_id=setup_database, execution_date=20260321T192616, start_date=20260321T192617, end_date=20260321T192617
[2026-03-21T19:26:17.835+0000] {local_task_job_runner.py:234} INFO - Task exited with return code 0
[2026-03-21T19:26:17.852+0000] {taskinstance.py:3280} INFO - 5 downstream tasks scheduled from follow-on schedule check
