[2026-03-21T19:28:08.432+0000] {taskinstance.py:1956} INFO - Dependencies all met for dep_context=non-requeueable deps ti=<TaskInstance: daily_equity_ingestion.load_to_postgres manual__2026-03-21T19:28:03.930251+00:00 map_index=0 [queued]>
[2026-03-21T19:28:08.438+0000] {taskinstance.py:1956} INFO - Dependencies all met for dep_context=requeueable deps ti=<TaskInstance: daily_equity_ingestion.load_to_postgres manual__2026-03-21T19:28:03.930251+00:00 map_index=0 [queued]>
[2026-03-21T19:28:08.439+0000] {taskinstance.py:2170} INFO - Starting attempt 1 of 1
[2026-03-21T19:28:08.447+0000] {taskinstance.py:2191} INFO - Executing <Mapped(_PythonDecoratedOperator): load_to_postgres> on 2026-03-21 19:28:03.930251+00:00
[2026-03-21T19:28:08.452+0000] {standard_task_runner.py:60} INFO - Started process 398 to run task
[2026-03-21T19:28:08.454+0000] {standard_task_runner.py:87} INFO - Running: ['***', 'tasks', 'run', 'daily_equity_ingestion', 'load_to_postgres', 'manual__2026-03-21T19:28:03.930251+00:00', '--job-id', '89', '--raw', '--subdir', 'DAGS_FOLDER/equity_ingestion_dag.py', '--cfg-path', '/tmp/tmptgnd9bth', '--map-index', '0']
[2026-03-21T19:28:08.455+0000] {standard_task_runner.py:88} INFO - Job 89: Subtask load_to_postgres
[2026-03-21T19:28:08.482+0000] {task_command.py:423} INFO - Running <TaskInstance: daily_equity_ingestion.load_to_postgres manual__2026-03-21T19:28:03.930251+00:00 map_index=0 [running]> on host 4101801a2ad1
[2026-03-21T19:28:08.532+0000] {taskinstance.py:2480} INFO - Exporting env vars: AIRFLOW_CTX_DAG_OWNER='***' AIRFLOW_CTX_DAG_ID='daily_equity_ingestion' AIRFLOW_CTX_TASK_ID='load_to_postgres' AIRFLOW_CTX_EXECUTION_DATE='2026-03-21T19:28:03.930251+00:00' AIRFLOW_CTX_TRY_NUMBER='1' AIRFLOW_CTX_DAG_RUN_ID='manual__2026-03-21T19:28:03.930251+00:00'
[2026-03-21T19:28:08.538+0000] {base.py:83} INFO - Using connection ID 'finance_db_conn' for task execution.
[2026-03-21T19:28:08.540+0000] {sql.py:450} INFO - Running statement: 
            INSERT INTO equity_metrics (ticker, current_price, market_cap, pe_ratio, summary)
            VALUES (%s, %s, %s, %s, %s);
        , parameters: ('HDFCBANK.NS', 780.45, 12012618776576, 17.42076, 'HDFC Bank Limited provides banking and financial products and services to individuals and businesses in India, Bahrain, Hong Kong, Singapore, and Dubai. The company operates through Treasury, Retail Banking, Wholesale Banking, Other Banking Business, Insurance Business, and Other segments. It offers savings, salary, current, rural, public provident fund, pension, and demat accounts; fixed and recurring deposits; and safe deposit lockers, as well as offshore accounts and deposits, and overdrafts ')
[2026-03-21T19:28:08.541+0000] {sql.py:459} INFO - Rows affected: 1
[2026-03-21T19:28:08.542+0000] {equity_ingestion_dag.py:106} INFO - Loaded HDFCBANK.NS into Postgres.
[2026-03-21T19:28:08.542+0000] {python.py:201} INFO - Done. Returned value was: None
[2026-03-21T19:28:08.547+0000] {taskinstance.py:1138} INFO - Marking task as SUCCESS. dag_id=daily_equity_ingestion, task_id=load_to_postgres, map_index=0, execution_date=20260321T192803, start_date=20260321T192808, end_date=20260321T192808
[2026-03-21T19:28:08.587+0000] {local_task_job_runner.py:234} INFO - Task exited with return code 0
[2026-03-21T19:28:08.597+0000] {taskinstance.py:3280} INFO - 0 downstream tasks scheduled from follow-on schedule check
