[2026-03-21T19:21:13.211+0000] {taskinstance.py:1956} INFO - Dependencies all met for dep_context=non-requeueable deps ti=<TaskInstance: daily_equity_ingestion.extract_market_data manual__2026-03-21T19:21:10.727896+00:00 map_index=0 [queued]>
[2026-03-21T19:21:13.215+0000] {taskinstance.py:1956} INFO - Dependencies all met for dep_context=requeueable deps ti=<TaskInstance: daily_equity_ingestion.extract_market_data manual__2026-03-21T19:21:10.727896+00:00 map_index=0 [queued]>
[2026-03-21T19:21:13.215+0000] {taskinstance.py:2170} INFO - Starting attempt 1 of 1
[2026-03-21T19:21:13.223+0000] {taskinstance.py:2191} INFO - Executing <Mapped(_PythonDecoratedOperator): extract_market_data> on 2026-03-21 19:21:10.727896+00:00
[2026-03-21T19:21:13.230+0000] {standard_task_runner.py:60} INFO - Started process 214 to run task
[2026-03-21T19:21:13.232+0000] {standard_task_runner.py:87} INFO - Running: ['***', 'tasks', 'run', 'daily_equity_ingestion', 'extract_market_data', 'manual__2026-03-21T19:21:10.727896+00:00', '--job-id', '65', '--raw', '--subdir', 'DAGS_FOLDER/equity_ingestion_dag.py', '--cfg-path', '/tmp/tmp1n9b_gdf', '--map-index', '0']
[2026-03-21T19:21:13.233+0000] {standard_task_runner.py:88} INFO - Job 65: Subtask extract_market_data
[2026-03-21T19:21:13.261+0000] {task_command.py:423} INFO - Running <TaskInstance: daily_equity_ingestion.extract_market_data manual__2026-03-21T19:21:10.727896+00:00 map_index=0 [running]> on host 4101801a2ad1
[2026-03-21T19:21:13.310+0000] {taskinstance.py:2480} INFO - Exporting env vars: AIRFLOW_CTX_DAG_OWNER='***' AIRFLOW_CTX_DAG_ID='daily_equity_ingestion' AIRFLOW_CTX_TASK_ID='extract_market_data' AIRFLOW_CTX_EXECUTION_DATE='2026-03-21T19:21:10.727896+00:00' AIRFLOW_CTX_TRY_NUMBER='1' AIRFLOW_CTX_DAG_RUN_ID='manual__2026-03-21T19:21:10.727896+00:00'
[2026-03-21T19:21:13.312+0000] {equity_ingestion_dag.py:37} INFO - Fetching data for HDFCBANK.NS...
[2026-03-21T19:21:13.313+0000] {taskinstance.py:2698} ERROR - Task failed with exception
Traceback (most recent call last):
  File "/home/airflow/.local/lib/python3.11/site-packages/airflow/models/taskinstance.py", line 433, in _execute_task
    result = execute_callable(context=context, **execute_callable_kwargs)
             ^^^^^^^^^^^^^^^^^^^^^^^^^^^^^^^^^^^^^^^^^^^^^^^^^^^^^^^^^^^^
  File "/home/airflow/.local/lib/python3.11/site-packages/airflow/decorators/base.py", line 241, in execute
    return_value = super().execute(context)
                   ^^^^^^^^^^^^^^^^^^^^^^^^
  File "/home/airflow/.local/lib/python3.11/site-packages/airflow/operators/python.py", line 199, in execute
    return_value = self.execute_callable()
                   ^^^^^^^^^^^^^^^^^^^^^^^
  File "/home/airflow/.local/lib/python3.11/site-packages/airflow/operators/python.py", line 216, in execute_callable
    return self.python_callable(*self.op_args, **self.op_kwargs)
           ^^^^^^^^^^^^^^^^^^^^^^^^^^^^^^^^^^^^^^^^^^^^^^^^^^^^^
  File "/opt/airflow/dags/equity_ingestion_dag.py", line 40, in extract_market_data
    info = stock.get_info(proxy=None)
           ^^^^^^^^^^^^^^^^^^^^^^^^^^
TypeError: TickerBase.get_info() got an unexpected keyword argument 'proxy'
[2026-03-21T19:21:13.319+0000] {taskinstance.py:1138} INFO - Marking task as FAILED. dag_id=daily_equity_ingestion, task_id=extract_market_data, map_index=0, execution_date=20260321T192110, start_date=20260321T192113, end_date=20260321T192113
[2026-03-21T19:21:13.325+0000] {standard_task_runner.py:107} ERROR - Failed to execute job 65 for task extract_market_data (TickerBase.get_info() got an unexpected keyword argument 'proxy'; 214)
[2026-03-21T19:21:13.365+0000] {local_task_job_runner.py:234} INFO - Task exited with return code 1
[2026-03-21T19:21:13.381+0000] {taskinstance.py:3280} INFO - 0 downstream tasks scheduled from follow-on schedule check
