[2026-03-21T19:28:08.413+0000] {taskinstance.py:1956} INFO - Dependencies all met for dep_context=non-requeueable deps ti=<TaskInstance: daily_equity_ingestion.load_to_postgres manual__2026-03-21T19:28:03.930251+00:00 map_index=1 [queued]>
[2026-03-21T19:28:08.418+0000] {taskinstance.py:1956} INFO - Dependencies all met for dep_context=requeueable deps ti=<TaskInstance: daily_equity_ingestion.load_to_postgres manual__2026-03-21T19:28:03.930251+00:00 map_index=1 [queued]>
[2026-03-21T19:28:08.419+0000] {taskinstance.py:2170} INFO - Starting attempt 1 of 1
[2026-03-21T19:28:08.428+0000] {taskinstance.py:2191} INFO - Executing <Mapped(_PythonDecoratedOperator): load_to_postgres> on 2026-03-21 19:28:03.930251+00:00
[2026-03-21T19:28:08.434+0000] {standard_task_runner.py:60} INFO - Started process 397 to run task
[2026-03-21T19:28:08.436+0000] {standard_task_runner.py:87} INFO - Running: ['***', 'tasks', 'run', 'daily_equity_ingestion', 'load_to_postgres', 'manual__2026-03-21T19:28:03.930251+00:00', '--job-id', '88', '--raw', '--subdir', 'DAGS_FOLDER/equity_ingestion_dag.py', '--cfg-path', '/tmp/tmpx_70gk0n', '--map-index', '1']
[2026-03-21T19:28:08.437+0000] {standard_task_runner.py:88} INFO - Job 88: Subtask load_to_postgres
[2026-03-21T19:28:08.464+0000] {task_command.py:423} INFO - Running <TaskInstance: daily_equity_ingestion.load_to_postgres manual__2026-03-21T19:28:03.930251+00:00 map_index=1 [running]> on host 4101801a2ad1
[2026-03-21T19:28:08.516+0000] {taskinstance.py:2480} INFO - Exporting env vars: AIRFLOW_CTX_DAG_OWNER='***' AIRFLOW_CTX_DAG_ID='daily_equity_ingestion' AIRFLOW_CTX_TASK_ID='load_to_postgres' AIRFLOW_CTX_EXECUTION_DATE='2026-03-21T19:28:03.930251+00:00' AIRFLOW_CTX_TRY_NUMBER='1' AIRFLOW_CTX_DAG_RUN_ID='manual__2026-03-21T19:28:03.930251+00:00'
[2026-03-21T19:28:08.522+0000] {base.py:83} INFO - Using connection ID 'finance_db_conn' for task execution.
[2026-03-21T19:28:08.524+0000] {sql.py:450} INFO - Running statement: 
            INSERT INTO equity_metrics (ticker, current_price, market_cap, pe_ratio, summary)
            VALUES (%s, %s, %s, %s, %s);
        , parameters: ('RELIANCE.NS', 1414.4, 19140328816640, 22.987162, 'Reliance Industries Limited engages in the hydrocarbon exploration and production, oil and chemicals, retail, and digital service businesses worldwide. It operates through Oil to Chemicals, Oil and Gas, Retail, Digital Services, and Others segments. The company offers refining and marketing products, including liquefied petroleum gas, propylene, naphtha, gasoline, jet/aviation turbine fuel, kerosine oil, diesel, sulphur, and petroleum coke. It also provides polymers, including high-density and l')
[2026-03-21T19:28:08.524+0000] {sql.py:459} INFO - Rows affected: 1
[2026-03-21T19:28:08.526+0000] {equity_ingestion_dag.py:106} INFO - Loaded RELIANCE.NS into Postgres.
[2026-03-21T19:28:08.526+0000] {python.py:201} INFO - Done. Returned value was: None
[2026-03-21T19:28:08.531+0000] {taskinstance.py:1138} INFO - Marking task as SUCCESS. dag_id=daily_equity_ingestion, task_id=load_to_postgres, map_index=1, execution_date=20260321T192803, start_date=20260321T192808, end_date=20260321T192808
[2026-03-21T19:28:08.569+0000] {local_task_job_runner.py:234} INFO - Task exited with return code 0
[2026-03-21T19:28:08.582+0000] {taskinstance.py:3280} INFO - 0 downstream tasks scheduled from follow-on schedule check
