[2026-03-21T19:28:08.406+0000] {taskinstance.py:1956} INFO - Dependencies all met for dep_context=non-requeueable deps ti=<TaskInstance: daily_equity_ingestion.load_to_postgres manual__2026-03-21T19:28:03.930251+00:00 map_index=2 [queued]>
[2026-03-21T19:28:08.411+0000] {taskinstance.py:1956} INFO - Dependencies all met for dep_context=requeueable deps ti=<TaskInstance: daily_equity_ingestion.load_to_postgres manual__2026-03-21T19:28:03.930251+00:00 map_index=2 [queued]>
[2026-03-21T19:28:08.411+0000] {taskinstance.py:2170} INFO - Starting attempt 1 of 1
[2026-03-21T19:28:08.419+0000] {taskinstance.py:2191} INFO - Executing <Mapped(_PythonDecoratedOperator): load_to_postgres> on 2026-03-21 19:28:03.930251+00:00
[2026-03-21T19:28:08.424+0000] {standard_task_runner.py:60} INFO - Started process 395 to run task
[2026-03-21T19:28:08.426+0000] {standard_task_runner.py:87} INFO - Running: ['***', 'tasks', 'run', 'daily_equity_ingestion', 'load_to_postgres', 'manual__2026-03-21T19:28:03.930251+00:00', '--job-id', '86', '--raw', '--subdir', 'DAGS_FOLDER/equity_ingestion_dag.py', '--cfg-path', '/tmp/tmp6l53spjb', '--map-index', '2']
[2026-03-21T19:28:08.427+0000] {standard_task_runner.py:88} INFO - Job 86: Subtask load_to_postgres
[2026-03-21T19:28:08.455+0000] {task_command.py:423} INFO - Running <TaskInstance: daily_equity_ingestion.load_to_postgres manual__2026-03-21T19:28:03.930251+00:00 map_index=2 [running]> on host 4101801a2ad1
[2026-03-21T19:28:08.506+0000] {taskinstance.py:2480} INFO - Exporting env vars: AIRFLOW_CTX_DAG_OWNER='***' AIRFLOW_CTX_DAG_ID='daily_equity_ingestion' AIRFLOW_CTX_TASK_ID='load_to_postgres' AIRFLOW_CTX_EXECUTION_DATE='2026-03-21T19:28:03.930251+00:00' AIRFLOW_CTX_TRY_NUMBER='1' AIRFLOW_CTX_DAG_RUN_ID='manual__2026-03-21T19:28:03.930251+00:00'
[2026-03-21T19:28:08.512+0000] {base.py:83} INFO - Using connection ID 'finance_db_conn' for task execution.
[2026-03-21T19:28:08.513+0000] {sql.py:450} INFO - Running statement: 
            INSERT INTO equity_metrics (ticker, current_price, market_cap, pe_ratio, summary)
            VALUES (%s, %s, %s, %s, %s);
        , parameters: ('TCS.NS', 2390.6, 8649400385536, 18.116096, 'Tata Consultancy Services Limited provides information technology (IT) and IT enabled services in the Americas, Europe, India, and internationally. The company provides TCS ADD, a suite of AI powered life sciences platforms; TCS BaNCS, a financial services platform; TCS BFSI Platforms, a cloud-native, as-a-service digital ecosystem for insurers and financial firms; TCS Chroma, a cloud-based human resource management system platform; TCS Customer Intelligence & Insights, an AI-driven customer ana')
[2026-03-21T19:28:08.514+0000] {sql.py:459} INFO - Rows affected: 1
[2026-03-21T19:28:08.515+0000] {equity_ingestion_dag.py:106} INFO - Loaded TCS.NS into Postgres.
[2026-03-21T19:28:08.516+0000] {python.py:201} INFO - Done. Returned value was: None
[2026-03-21T19:28:08.521+0000] {taskinstance.py:1138} INFO - Marking task as SUCCESS. dag_id=daily_equity_ingestion, task_id=load_to_postgres, map_index=2, execution_date=20260321T192803, start_date=20260321T192808, end_date=20260321T192808
[2026-03-21T19:28:08.558+0000] {local_task_job_runner.py:234} INFO - Task exited with return code 0
[2026-03-21T19:28:08.576+0000] {taskinstance.py:3280} INFO - 0 downstream tasks scheduled from follow-on schedule check
