[2026-03-19T20:55:40.331+0000] {processor.py:161} INFO - Started process (PID=97) to work on /home/airflow/.local/lib/python3.8/site-packages/airflow/example_dags/example_trigger_controller_dag.py
[2026-03-19T20:55:40.333+0000] {processor.py:830} INFO - Processing file /home/airflow/.local/lib/python3.8/site-packages/airflow/example_dags/example_trigger_controller_dag.py for tasks to queue
[2026-03-19T20:55:40.335+0000] {logging_mixin.py:188} INFO - [2026-03-19T20:55:40.334+0000] {dagbag.py:538} INFO - Filling up the DagBag from /home/airflow/.local/lib/python3.8/site-packages/airflow/example_dags/example_trigger_controller_dag.py
[2026-03-19T20:55:40.339+0000] {processor.py:840} INFO - DAG(s) 'example_trigger_controller_dag' retrieved from /home/airflow/.local/lib/python3.8/site-packages/airflow/example_dags/example_trigger_controller_dag.py
[2026-03-19T20:55:40.346+0000] {logging_mixin.py:188} INFO - [2026-03-19T20:55:40.346+0000] {dag.py:3036} INFO - Sync 1 DAGs
[2026-03-19T20:55:40.361+0000] {logging_mixin.py:188} INFO - [2026-03-19T20:55:40.361+0000] {dag.py:3823} INFO - Setting next_dagrun for example_trigger_controller_dag to 2021-01-01 00:00:00+00:00, run_after=2021-01-01 00:00:00+00:00
[2026-03-19T20:55:40.374+0000] {processor.py:183} INFO - Processing /home/airflow/.local/lib/python3.8/site-packages/airflow/example_dags/example_trigger_controller_dag.py took 0.045 seconds
[2026-03-19T20:56:11.378+0000] {processor.py:161} INFO - Started process (PID=158) to work on /home/airflow/.local/lib/python3.8/site-packages/airflow/example_dags/example_trigger_controller_dag.py
[2026-03-19T20:56:11.378+0000] {processor.py:830} INFO - Processing file /home/airflow/.local/lib/python3.8/site-packages/airflow/example_dags/example_trigger_controller_dag.py for tasks to queue
[2026-03-19T20:56:11.379+0000] {logging_mixin.py:188} INFO - [2026-03-19T20:56:11.379+0000] {dagbag.py:538} INFO - Filling up the DagBag from /home/airflow/.local/lib/python3.8/site-packages/airflow/example_dags/example_trigger_controller_dag.py
[2026-03-19T20:56:11.382+0000] {processor.py:840} INFO - DAG(s) 'example_trigger_controller_dag' retrieved from /home/airflow/.local/lib/python3.8/site-packages/airflow/example_dags/example_trigger_controller_dag.py
[2026-03-19T20:56:11.432+0000] {logging_mixin.py:188} INFO - [2026-03-19T20:56:11.431+0000] {dag.py:3036} INFO - Sync 1 DAGs
[2026-03-19T20:56:11.442+0000] {logging_mixin.py:188} INFO - [2026-03-19T20:56:11.442+0000] {dag.py:3823} INFO - Setting next_dagrun for example_trigger_controller_dag to 2021-01-01 00:00:00+00:00, run_after=2021-01-01 00:00:00+00:00
[2026-03-19T20:56:11.454+0000] {processor.py:183} INFO - Processing /home/airflow/.local/lib/python3.8/site-packages/airflow/example_dags/example_trigger_controller_dag.py took 0.078 seconds
[2026-03-19T20:56:41.501+0000] {processor.py:161} INFO - Started process (PID=213) to work on /home/airflow/.local/lib/python3.8/site-packages/airflow/example_dags/example_trigger_controller_dag.py
[2026-03-19T20:56:41.502+0000] {processor.py:830} INFO - Processing file /home/airflow/.local/lib/python3.8/site-packages/airflow/example_dags/example_trigger_controller_dag.py for tasks to queue
[2026-03-19T20:56:41.505+0000] {logging_mixin.py:188} INFO - [2026-03-19T20:56:41.504+0000] {dagbag.py:538} INFO - Filling up the DagBag from /home/airflow/.local/lib/python3.8/site-packages/airflow/example_dags/example_trigger_controller_dag.py
[2026-03-19T20:56:41.508+0000] {processor.py:840} INFO - DAG(s) 'example_trigger_controller_dag' retrieved from /home/airflow/.local/lib/python3.8/site-packages/airflow/example_dags/example_trigger_controller_dag.py
[2026-03-19T20:56:41.520+0000] {logging_mixin.py:188} INFO - [2026-03-19T20:56:41.520+0000] {dag.py:3036} INFO - Sync 1 DAGs
[2026-03-19T20:56:41.534+0000] {logging_mixin.py:188} INFO - [2026-03-19T20:56:41.534+0000] {dag.py:3823} INFO - Setting next_dagrun for example_trigger_controller_dag to 2021-01-01 00:00:00+00:00, run_after=2021-01-01 00:00:00+00:00
[2026-03-19T20:56:41.547+0000] {processor.py:183} INFO - Processing /home/airflow/.local/lib/python3.8/site-packages/airflow/example_dags/example_trigger_controller_dag.py took 0.048 seconds
[2026-03-19T20:57:12.262+0000] {processor.py:161} INFO - Started process (PID=268) to work on /home/airflow/.local/lib/python3.8/site-packages/airflow/example_dags/example_trigger_controller_dag.py
[2026-03-19T20:57:12.262+0000] {processor.py:830} INFO - Processing file /home/airflow/.local/lib/python3.8/site-packages/airflow/example_dags/example_trigger_controller_dag.py for tasks to queue
[2026-03-19T20:57:12.264+0000] {logging_mixin.py:188} INFO - [2026-03-19T20:57:12.263+0000] {dagbag.py:538} INFO - Filling up the DagBag from /home/airflow/.local/lib/python3.8/site-packages/airflow/example_dags/example_trigger_controller_dag.py
[2026-03-19T20:57:12.267+0000] {processor.py:840} INFO - DAG(s) 'example_trigger_controller_dag' retrieved from /home/airflow/.local/lib/python3.8/site-packages/airflow/example_dags/example_trigger_controller_dag.py
[2026-03-19T20:57:12.279+0000] {logging_mixin.py:188} INFO - [2026-03-19T20:57:12.278+0000] {dag.py:3036} INFO - Sync 1 DAGs
[2026-03-19T20:57:12.290+0000] {logging_mixin.py:188} INFO - [2026-03-19T20:57:12.290+0000] {dag.py:3823} INFO - Setting next_dagrun for example_trigger_controller_dag to 2021-01-01 00:00:00+00:00, run_after=2021-01-01 00:00:00+00:00
[2026-03-19T20:57:12.301+0000] {processor.py:183} INFO - Processing /home/airflow/.local/lib/python3.8/site-packages/airflow/example_dags/example_trigger_controller_dag.py took 0.041 seconds
[2026-03-19T20:57:43.079+0000] {processor.py:161} INFO - Started process (PID=323) to work on /home/airflow/.local/lib/python3.8/site-packages/airflow/example_dags/example_trigger_controller_dag.py
[2026-03-19T20:57:43.080+0000] {processor.py:830} INFO - Processing file /home/airflow/.local/lib/python3.8/site-packages/airflow/example_dags/example_trigger_controller_dag.py for tasks to queue
[2026-03-19T20:57:43.081+0000] {logging_mixin.py:188} INFO - [2026-03-19T20:57:43.081+0000] {dagbag.py:538} INFO - Filling up the DagBag from /home/airflow/.local/lib/python3.8/site-packages/airflow/example_dags/example_trigger_controller_dag.py
[2026-03-19T20:57:43.084+0000] {processor.py:840} INFO - DAG(s) 'example_trigger_controller_dag' retrieved from /home/airflow/.local/lib/python3.8/site-packages/airflow/example_dags/example_trigger_controller_dag.py
[2026-03-19T20:57:43.099+0000] {logging_mixin.py:188} INFO - [2026-03-19T20:57:43.099+0000] {dag.py:3036} INFO - Sync 1 DAGs
[2026-03-19T20:57:43.113+0000] {logging_mixin.py:188} INFO - [2026-03-19T20:57:43.113+0000] {dag.py:3823} INFO - Setting next_dagrun for example_trigger_controller_dag to 2021-01-01 00:00:00+00:00, run_after=2021-01-01 00:00:00+00:00
[2026-03-19T20:57:43.125+0000] {processor.py:183} INFO - Processing /home/airflow/.local/lib/python3.8/site-packages/airflow/example_dags/example_trigger_controller_dag.py took 0.048 seconds
[2026-03-19T20:58:13.899+0000] {processor.py:161} INFO - Started process (PID=378) to work on /home/airflow/.local/lib/python3.8/site-packages/airflow/example_dags/example_trigger_controller_dag.py
[2026-03-19T20:58:13.900+0000] {processor.py:830} INFO - Processing file /home/airflow/.local/lib/python3.8/site-packages/airflow/example_dags/example_trigger_controller_dag.py for tasks to queue
[2026-03-19T20:58:13.901+0000] {logging_mixin.py:188} INFO - [2026-03-19T20:58:13.901+0000] {dagbag.py:538} INFO - Filling up the DagBag from /home/airflow/.local/lib/python3.8/site-packages/airflow/example_dags/example_trigger_controller_dag.py
[2026-03-19T20:58:13.904+0000] {processor.py:840} INFO - DAG(s) 'example_trigger_controller_dag' retrieved from /home/airflow/.local/lib/python3.8/site-packages/airflow/example_dags/example_trigger_controller_dag.py
[2026-03-19T20:58:13.915+0000] {logging_mixin.py:188} INFO - [2026-03-19T20:58:13.915+0000] {dag.py:3036} INFO - Sync 1 DAGs
[2026-03-19T20:58:13.928+0000] {logging_mixin.py:188} INFO - [2026-03-19T20:58:13.928+0000] {dag.py:3823} INFO - Setting next_dagrun for example_trigger_controller_dag to 2021-01-01 00:00:00+00:00, run_after=2021-01-01 00:00:00+00:00
[2026-03-19T20:58:13.939+0000] {processor.py:183} INFO - Processing /home/airflow/.local/lib/python3.8/site-packages/airflow/example_dags/example_trigger_controller_dag.py took 0.042 seconds
[2026-03-19T20:58:45.004+0000] {processor.py:161} INFO - Started process (PID=433) to work on /home/airflow/.local/lib/python3.8/site-packages/airflow/example_dags/example_trigger_controller_dag.py
[2026-03-19T20:58:45.005+0000] {processor.py:830} INFO - Processing file /home/airflow/.local/lib/python3.8/site-packages/airflow/example_dags/example_trigger_controller_dag.py for tasks to queue
[2026-03-19T20:58:45.007+0000] {logging_mixin.py:188} INFO - [2026-03-19T20:58:45.007+0000] {dagbag.py:538} INFO - Filling up the DagBag from /home/airflow/.local/lib/python3.8/site-packages/airflow/example_dags/example_trigger_controller_dag.py
[2026-03-19T20:58:45.011+0000] {processor.py:840} INFO - DAG(s) 'example_trigger_controller_dag' retrieved from /home/airflow/.local/lib/python3.8/site-packages/airflow/example_dags/example_trigger_controller_dag.py
[2026-03-19T20:58:45.026+0000] {logging_mixin.py:188} INFO - [2026-03-19T20:58:45.026+0000] {dag.py:3036} INFO - Sync 1 DAGs
[2026-03-19T20:58:45.040+0000] {logging_mixin.py:188} INFO - [2026-03-19T20:58:45.040+0000] {dag.py:3823} INFO - Setting next_dagrun for example_trigger_controller_dag to 2021-01-01 00:00:00+00:00, run_after=2021-01-01 00:00:00+00:00
[2026-03-19T20:58:45.054+0000] {processor.py:183} INFO - Processing /home/airflow/.local/lib/python3.8/site-packages/airflow/example_dags/example_trigger_controller_dag.py took 0.052 seconds
[2026-03-19T20:59:15.734+0000] {processor.py:161} INFO - Started process (PID=489) to work on /home/airflow/.local/lib/python3.8/site-packages/airflow/example_dags/example_trigger_controller_dag.py
[2026-03-19T20:59:15.735+0000] {processor.py:830} INFO - Processing file /home/airflow/.local/lib/python3.8/site-packages/airflow/example_dags/example_trigger_controller_dag.py for tasks to queue
[2026-03-19T20:59:15.736+0000] {logging_mixin.py:188} INFO - [2026-03-19T20:59:15.736+0000] {dagbag.py:538} INFO - Filling up the DagBag from /home/airflow/.local/lib/python3.8/site-packages/airflow/example_dags/example_trigger_controller_dag.py
[2026-03-19T20:59:15.739+0000] {processor.py:840} INFO - DAG(s) 'example_trigger_controller_dag' retrieved from /home/airflow/.local/lib/python3.8/site-packages/airflow/example_dags/example_trigger_controller_dag.py
[2026-03-19T20:59:15.750+0000] {logging_mixin.py:188} INFO - [2026-03-19T20:59:15.750+0000] {dag.py:3036} INFO - Sync 1 DAGs
[2026-03-19T20:59:15.761+0000] {logging_mixin.py:188} INFO - [2026-03-19T20:59:15.760+0000] {dag.py:3823} INFO - Setting next_dagrun for example_trigger_controller_dag to 2021-01-01 00:00:00+00:00, run_after=2021-01-01 00:00:00+00:00
[2026-03-19T20:59:15.770+0000] {processor.py:183} INFO - Processing /home/airflow/.local/lib/python3.8/site-packages/airflow/example_dags/example_trigger_controller_dag.py took 0.038 seconds
[2026-03-19T20:59:46.419+0000] {processor.py:161} INFO - Started process (PID=544) to work on /home/airflow/.local/lib/python3.8/site-packages/airflow/example_dags/example_trigger_controller_dag.py
[2026-03-19T20:59:46.420+0000] {processor.py:830} INFO - Processing file /home/airflow/.local/lib/python3.8/site-packages/airflow/example_dags/example_trigger_controller_dag.py for tasks to queue
[2026-03-19T20:59:46.421+0000] {logging_mixin.py:188} INFO - [2026-03-19T20:59:46.421+0000] {dagbag.py:538} INFO - Filling up the DagBag from /home/airflow/.local/lib/python3.8/site-packages/airflow/example_dags/example_trigger_controller_dag.py
[2026-03-19T20:59:46.424+0000] {processor.py:840} INFO - DAG(s) 'example_trigger_controller_dag' retrieved from /home/airflow/.local/lib/python3.8/site-packages/airflow/example_dags/example_trigger_controller_dag.py
[2026-03-19T20:59:46.435+0000] {logging_mixin.py:188} INFO - [2026-03-19T20:59:46.435+0000] {dag.py:3036} INFO - Sync 1 DAGs
[2026-03-19T20:59:46.448+0000] {logging_mixin.py:188} INFO - [2026-03-19T20:59:46.448+0000] {dag.py:3823} INFO - Setting next_dagrun for example_trigger_controller_dag to 2021-01-01 00:00:00+00:00, run_after=2021-01-01 00:00:00+00:00
[2026-03-19T20:59:46.458+0000] {processor.py:183} INFO - Processing /home/airflow/.local/lib/python3.8/site-packages/airflow/example_dags/example_trigger_controller_dag.py took 0.041 seconds
