[2026-03-19T20:55:40.254+0000] {processor.py:161} INFO - Started process (PID=95) to work on /home/airflow/.local/lib/python3.8/site-packages/airflow/example_dags/example_subdag_operator.py
[2026-03-19T20:55:40.255+0000] {processor.py:830} INFO - Processing file /home/airflow/.local/lib/python3.8/site-packages/airflow/example_dags/example_subdag_operator.py for tasks to queue
[2026-03-19T20:55:40.256+0000] {logging_mixin.py:188} INFO - [2026-03-19T20:55:40.256+0000] {dagbag.py:538} INFO - Filling up the DagBag from /home/airflow/.local/lib/python3.8/site-packages/airflow/example_dags/example_subdag_operator.py
[2026-03-19T20:55:40.274+0000] {processor.py:840} INFO - DAG(s) 'example_subdag_operator.section-1', 'example_subdag_operator.section-2', 'example_subdag_operator' retrieved from /home/airflow/.local/lib/python3.8/site-packages/airflow/example_dags/example_subdag_operator.py
[2026-03-19T20:55:40.277+0000] {logging_mixin.py:188} INFO - [2026-03-19T20:55:40.277+0000] {dag.py:3036} INFO - Sync 3 DAGs
[2026-03-19T20:55:40.291+0000] {logging_mixin.py:188} INFO - [2026-03-19T20:55:40.291+0000] {dag.py:3823} INFO - Setting next_dagrun for example_subdag_operator to 2022-01-01 00:00:00+00:00, run_after=2022-01-01 00:00:00+00:00
[2026-03-19T20:55:40.293+0000] {logging_mixin.py:188} INFO - [2026-03-19T20:55:40.293+0000] {dag.py:3823} INFO - Setting next_dagrun for example_subdag_operator.section-1 to None, run_after=None
[2026-03-19T20:55:40.294+0000] {logging_mixin.py:188} INFO - [2026-03-19T20:55:40.294+0000] {dag.py:3823} INFO - Setting next_dagrun for example_subdag_operator.section-2 to None, run_after=None
[2026-03-19T20:55:40.302+0000] {logging_mixin.py:188} INFO - [2026-03-19T20:55:40.302+0000] {dag.py:3036} INFO - Sync 2 DAGs
[2026-03-19T20:55:40.305+0000] {logging_mixin.py:188} INFO - [2026-03-19T20:55:40.305+0000] {dag.py:3823} INFO - Setting next_dagrun for example_subdag_operator.section-1 to None, run_after=None
[2026-03-19T20:55:40.306+0000] {logging_mixin.py:188} INFO - [2026-03-19T20:55:40.306+0000] {dag.py:3823} INFO - Setting next_dagrun for example_subdag_operator.section-2 to None, run_after=None
[2026-03-19T20:55:40.313+0000] {processor.py:183} INFO - Processing /home/airflow/.local/lib/python3.8/site-packages/airflow/example_dags/example_subdag_operator.py took 0.061 seconds
[2026-03-19T20:56:11.269+0000] {processor.py:161} INFO - Started process (PID=156) to work on /home/airflow/.local/lib/python3.8/site-packages/airflow/example_dags/example_subdag_operator.py
[2026-03-19T20:56:11.270+0000] {processor.py:830} INFO - Processing file /home/airflow/.local/lib/python3.8/site-packages/airflow/example_dags/example_subdag_operator.py for tasks to queue
[2026-03-19T20:56:11.271+0000] {logging_mixin.py:188} INFO - [2026-03-19T20:56:11.271+0000] {dagbag.py:538} INFO - Filling up the DagBag from /home/airflow/.local/lib/python3.8/site-packages/airflow/example_dags/example_subdag_operator.py
[2026-03-19T20:56:11.284+0000] {processor.py:840} INFO - DAG(s) 'example_subdag_operator.section-1', 'example_subdag_operator.section-2', 'example_subdag_operator' retrieved from /home/airflow/.local/lib/python3.8/site-packages/airflow/example_dags/example_subdag_operator.py
[2026-03-19T20:56:11.331+0000] {logging_mixin.py:188} INFO - [2026-03-19T20:56:11.331+0000] {dag.py:3036} INFO - Sync 3 DAGs
[2026-03-19T20:56:11.342+0000] {logging_mixin.py:188} INFO - [2026-03-19T20:56:11.342+0000] {dag.py:3823} INFO - Setting next_dagrun for example_subdag_operator to 2022-01-01 00:00:00+00:00, run_after=2022-01-01 00:00:00+00:00
[2026-03-19T20:56:11.344+0000] {logging_mixin.py:188} INFO - [2026-03-19T20:56:11.344+0000] {dag.py:3823} INFO - Setting next_dagrun for example_subdag_operator.section-1 to None, run_after=None
[2026-03-19T20:56:11.345+0000] {logging_mixin.py:188} INFO - [2026-03-19T20:56:11.345+0000] {dag.py:3823} INFO - Setting next_dagrun for example_subdag_operator.section-2 to None, run_after=None
[2026-03-19T20:56:11.351+0000] {logging_mixin.py:188} INFO - [2026-03-19T20:56:11.351+0000] {dag.py:3036} INFO - Sync 2 DAGs
[2026-03-19T20:56:11.355+0000] {logging_mixin.py:188} INFO - [2026-03-19T20:56:11.354+0000] {dag.py:3823} INFO - Setting next_dagrun for example_subdag_operator.section-1 to None, run_after=None
[2026-03-19T20:56:11.356+0000] {logging_mixin.py:188} INFO - [2026-03-19T20:56:11.356+0000] {dag.py:3823} INFO - Setting next_dagrun for example_subdag_operator.section-2 to None, run_after=None
[2026-03-19T20:56:11.362+0000] {processor.py:183} INFO - Processing /home/airflow/.local/lib/python3.8/site-packages/airflow/example_dags/example_subdag_operator.py took 0.095 seconds
[2026-03-19T20:56:41.420+0000] {processor.py:161} INFO - Started process (PID=211) to work on /home/airflow/.local/lib/python3.8/site-packages/airflow/example_dags/example_subdag_operator.py
[2026-03-19T20:56:41.421+0000] {processor.py:830} INFO - Processing file /home/airflow/.local/lib/python3.8/site-packages/airflow/example_dags/example_subdag_operator.py for tasks to queue
[2026-03-19T20:56:41.422+0000] {logging_mixin.py:188} INFO - [2026-03-19T20:56:41.422+0000] {dagbag.py:538} INFO - Filling up the DagBag from /home/airflow/.local/lib/python3.8/site-packages/airflow/example_dags/example_subdag_operator.py
[2026-03-19T20:56:41.437+0000] {processor.py:840} INFO - DAG(s) 'example_subdag_operator.section-1', 'example_subdag_operator.section-2', 'example_subdag_operator' retrieved from /home/airflow/.local/lib/python3.8/site-packages/airflow/example_dags/example_subdag_operator.py
[2026-03-19T20:56:41.448+0000] {logging_mixin.py:188} INFO - [2026-03-19T20:56:41.448+0000] {dag.py:3036} INFO - Sync 3 DAGs
[2026-03-19T20:56:41.462+0000] {logging_mixin.py:188} INFO - [2026-03-19T20:56:41.462+0000] {dag.py:3823} INFO - Setting next_dagrun for example_subdag_operator to 2022-01-01 00:00:00+00:00, run_after=2022-01-01 00:00:00+00:00
[2026-03-19T20:56:41.464+0000] {logging_mixin.py:188} INFO - [2026-03-19T20:56:41.464+0000] {dag.py:3823} INFO - Setting next_dagrun for example_subdag_operator.section-1 to None, run_after=None
[2026-03-19T20:56:41.465+0000] {logging_mixin.py:188} INFO - [2026-03-19T20:56:41.465+0000] {dag.py:3823} INFO - Setting next_dagrun for example_subdag_operator.section-2 to None, run_after=None
[2026-03-19T20:56:41.469+0000] {logging_mixin.py:188} INFO - [2026-03-19T20:56:41.469+0000] {dag.py:3036} INFO - Sync 2 DAGs
[2026-03-19T20:56:41.473+0000] {logging_mixin.py:188} INFO - [2026-03-19T20:56:41.472+0000] {dag.py:3823} INFO - Setting next_dagrun for example_subdag_operator.section-1 to None, run_after=None
[2026-03-19T20:56:41.473+0000] {logging_mixin.py:188} INFO - [2026-03-19T20:56:41.473+0000] {dag.py:3823} INFO - Setting next_dagrun for example_subdag_operator.section-2 to None, run_after=None
[2026-03-19T20:56:41.480+0000] {processor.py:183} INFO - Processing /home/airflow/.local/lib/python3.8/site-packages/airflow/example_dags/example_subdag_operator.py took 0.063 seconds
[2026-03-19T20:57:12.182+0000] {processor.py:161} INFO - Started process (PID=266) to work on /home/airflow/.local/lib/python3.8/site-packages/airflow/example_dags/example_subdag_operator.py
[2026-03-19T20:57:12.183+0000] {processor.py:830} INFO - Processing file /home/airflow/.local/lib/python3.8/site-packages/airflow/example_dags/example_subdag_operator.py for tasks to queue
[2026-03-19T20:57:12.184+0000] {logging_mixin.py:188} INFO - [2026-03-19T20:57:12.184+0000] {dagbag.py:538} INFO - Filling up the DagBag from /home/airflow/.local/lib/python3.8/site-packages/airflow/example_dags/example_subdag_operator.py
[2026-03-19T20:57:12.200+0000] {processor.py:840} INFO - DAG(s) 'example_subdag_operator.section-1', 'example_subdag_operator.section-2', 'example_subdag_operator' retrieved from /home/airflow/.local/lib/python3.8/site-packages/airflow/example_dags/example_subdag_operator.py
[2026-03-19T20:57:12.209+0000] {logging_mixin.py:188} INFO - [2026-03-19T20:57:12.209+0000] {dag.py:3036} INFO - Sync 3 DAGs
[2026-03-19T20:57:12.221+0000] {logging_mixin.py:188} INFO - [2026-03-19T20:57:12.221+0000] {dag.py:3823} INFO - Setting next_dagrun for example_subdag_operator to 2022-01-01 00:00:00+00:00, run_after=2022-01-01 00:00:00+00:00
[2026-03-19T20:57:12.223+0000] {logging_mixin.py:188} INFO - [2026-03-19T20:57:12.223+0000] {dag.py:3823} INFO - Setting next_dagrun for example_subdag_operator.section-1 to None, run_after=None
[2026-03-19T20:57:12.224+0000] {logging_mixin.py:188} INFO - [2026-03-19T20:57:12.224+0000] {dag.py:3823} INFO - Setting next_dagrun for example_subdag_operator.section-2 to None, run_after=None
[2026-03-19T20:57:12.228+0000] {logging_mixin.py:188} INFO - [2026-03-19T20:57:12.228+0000] {dag.py:3036} INFO - Sync 2 DAGs
[2026-03-19T20:57:12.232+0000] {logging_mixin.py:188} INFO - [2026-03-19T20:57:12.232+0000] {dag.py:3823} INFO - Setting next_dagrun for example_subdag_operator.section-1 to None, run_after=None
[2026-03-19T20:57:12.232+0000] {logging_mixin.py:188} INFO - [2026-03-19T20:57:12.232+0000] {dag.py:3823} INFO - Setting next_dagrun for example_subdag_operator.section-2 to None, run_after=None
[2026-03-19T20:57:12.238+0000] {processor.py:183} INFO - Processing /home/airflow/.local/lib/python3.8/site-packages/airflow/example_dags/example_subdag_operator.py took 0.059 seconds
[2026-03-19T20:57:42.995+0000] {processor.py:161} INFO - Started process (PID=321) to work on /home/airflow/.local/lib/python3.8/site-packages/airflow/example_dags/example_subdag_operator.py
[2026-03-19T20:57:42.996+0000] {processor.py:830} INFO - Processing file /home/airflow/.local/lib/python3.8/site-packages/airflow/example_dags/example_subdag_operator.py for tasks to queue
[2026-03-19T20:57:42.998+0000] {logging_mixin.py:188} INFO - [2026-03-19T20:57:42.997+0000] {dagbag.py:538} INFO - Filling up the DagBag from /home/airflow/.local/lib/python3.8/site-packages/airflow/example_dags/example_subdag_operator.py
[2026-03-19T20:57:43.014+0000] {processor.py:840} INFO - DAG(s) 'example_subdag_operator.section-1', 'example_subdag_operator.section-2', 'example_subdag_operator' retrieved from /home/airflow/.local/lib/python3.8/site-packages/airflow/example_dags/example_subdag_operator.py
[2026-03-19T20:57:43.024+0000] {logging_mixin.py:188} INFO - [2026-03-19T20:57:43.024+0000] {dag.py:3036} INFO - Sync 3 DAGs
[2026-03-19T20:57:43.038+0000] {logging_mixin.py:188} INFO - [2026-03-19T20:57:43.038+0000] {dag.py:3823} INFO - Setting next_dagrun for example_subdag_operator to 2022-01-01 00:00:00+00:00, run_after=2022-01-01 00:00:00+00:00
[2026-03-19T20:57:43.040+0000] {logging_mixin.py:188} INFO - [2026-03-19T20:57:43.040+0000] {dag.py:3823} INFO - Setting next_dagrun for example_subdag_operator.section-1 to None, run_after=None
[2026-03-19T20:57:43.041+0000] {logging_mixin.py:188} INFO - [2026-03-19T20:57:43.041+0000] {dag.py:3823} INFO - Setting next_dagrun for example_subdag_operator.section-2 to None, run_after=None
[2026-03-19T20:57:43.045+0000] {logging_mixin.py:188} INFO - [2026-03-19T20:57:43.045+0000] {dag.py:3036} INFO - Sync 2 DAGs
[2026-03-19T20:57:43.049+0000] {logging_mixin.py:188} INFO - [2026-03-19T20:57:43.048+0000] {dag.py:3823} INFO - Setting next_dagrun for example_subdag_operator.section-1 to None, run_after=None
[2026-03-19T20:57:43.049+0000] {logging_mixin.py:188} INFO - [2026-03-19T20:57:43.049+0000] {dag.py:3823} INFO - Setting next_dagrun for example_subdag_operator.section-2 to None, run_after=None
[2026-03-19T20:57:43.057+0000] {processor.py:183} INFO - Processing /home/airflow/.local/lib/python3.8/site-packages/airflow/example_dags/example_subdag_operator.py took 0.064 seconds
[2026-03-19T20:58:13.822+0000] {processor.py:161} INFO - Started process (PID=376) to work on /home/airflow/.local/lib/python3.8/site-packages/airflow/example_dags/example_subdag_operator.py
[2026-03-19T20:58:13.823+0000] {processor.py:830} INFO - Processing file /home/airflow/.local/lib/python3.8/site-packages/airflow/example_dags/example_subdag_operator.py for tasks to queue
[2026-03-19T20:58:13.824+0000] {logging_mixin.py:188} INFO - [2026-03-19T20:58:13.824+0000] {dagbag.py:538} INFO - Filling up the DagBag from /home/airflow/.local/lib/python3.8/site-packages/airflow/example_dags/example_subdag_operator.py
[2026-03-19T20:58:13.838+0000] {processor.py:840} INFO - DAG(s) 'example_subdag_operator.section-1', 'example_subdag_operator.section-2', 'example_subdag_operator' retrieved from /home/airflow/.local/lib/python3.8/site-packages/airflow/example_dags/example_subdag_operator.py
[2026-03-19T20:58:13.846+0000] {logging_mixin.py:188} INFO - [2026-03-19T20:58:13.846+0000] {dag.py:3036} INFO - Sync 3 DAGs
[2026-03-19T20:58:13.857+0000] {logging_mixin.py:188} INFO - [2026-03-19T20:58:13.857+0000] {dag.py:3823} INFO - Setting next_dagrun for example_subdag_operator to 2022-01-01 00:00:00+00:00, run_after=2022-01-01 00:00:00+00:00
[2026-03-19T20:58:13.859+0000] {logging_mixin.py:188} INFO - [2026-03-19T20:58:13.859+0000] {dag.py:3823} INFO - Setting next_dagrun for example_subdag_operator.section-1 to None, run_after=None
[2026-03-19T20:58:13.860+0000] {logging_mixin.py:188} INFO - [2026-03-19T20:58:13.860+0000] {dag.py:3823} INFO - Setting next_dagrun for example_subdag_operator.section-2 to None, run_after=None
[2026-03-19T20:58:13.864+0000] {logging_mixin.py:188} INFO - [2026-03-19T20:58:13.863+0000] {dag.py:3036} INFO - Sync 2 DAGs
[2026-03-19T20:58:13.866+0000] {logging_mixin.py:188} INFO - [2026-03-19T20:58:13.866+0000] {dag.py:3823} INFO - Setting next_dagrun for example_subdag_operator.section-1 to None, run_after=None
[2026-03-19T20:58:13.868+0000] {logging_mixin.py:188} INFO - [2026-03-19T20:58:13.868+0000] {dag.py:3823} INFO - Setting next_dagrun for example_subdag_operator.section-2 to None, run_after=None
[2026-03-19T20:58:13.874+0000] {processor.py:183} INFO - Processing /home/airflow/.local/lib/python3.8/site-packages/airflow/example_dags/example_subdag_operator.py took 0.054 seconds
[2026-03-19T20:58:44.930+0000] {processor.py:161} INFO - Started process (PID=431) to work on /home/airflow/.local/lib/python3.8/site-packages/airflow/example_dags/example_subdag_operator.py
[2026-03-19T20:58:44.931+0000] {processor.py:830} INFO - Processing file /home/airflow/.local/lib/python3.8/site-packages/airflow/example_dags/example_subdag_operator.py for tasks to queue
[2026-03-19T20:58:44.932+0000] {logging_mixin.py:188} INFO - [2026-03-19T20:58:44.932+0000] {dagbag.py:538} INFO - Filling up the DagBag from /home/airflow/.local/lib/python3.8/site-packages/airflow/example_dags/example_subdag_operator.py
[2026-03-19T20:58:44.949+0000] {processor.py:840} INFO - DAG(s) 'example_subdag_operator.section-1', 'example_subdag_operator.section-2', 'example_subdag_operator' retrieved from /home/airflow/.local/lib/python3.8/site-packages/airflow/example_dags/example_subdag_operator.py
[2026-03-19T20:58:44.961+0000] {logging_mixin.py:188} INFO - [2026-03-19T20:58:44.961+0000] {dag.py:3036} INFO - Sync 3 DAGs
[2026-03-19T20:58:44.977+0000] {logging_mixin.py:188} INFO - [2026-03-19T20:58:44.977+0000] {dag.py:3823} INFO - Setting next_dagrun for example_subdag_operator to 2022-01-01 00:00:00+00:00, run_after=2022-01-01 00:00:00+00:00
[2026-03-19T20:58:44.980+0000] {logging_mixin.py:188} INFO - [2026-03-19T20:58:44.980+0000] {dag.py:3823} INFO - Setting next_dagrun for example_subdag_operator.section-1 to None, run_after=None
[2026-03-19T20:58:44.981+0000] {logging_mixin.py:188} INFO - [2026-03-19T20:58:44.981+0000] {dag.py:3823} INFO - Setting next_dagrun for example_subdag_operator.section-2 to None, run_after=None
[2026-03-19T20:58:44.988+0000] {logging_mixin.py:188} INFO - [2026-03-19T20:58:44.988+0000] {dag.py:3036} INFO - Sync 2 DAGs
[2026-03-19T20:58:44.992+0000] {logging_mixin.py:188} INFO - [2026-03-19T20:58:44.992+0000] {dag.py:3823} INFO - Setting next_dagrun for example_subdag_operator.section-1 to None, run_after=None
[2026-03-19T20:58:44.993+0000] {logging_mixin.py:188} INFO - [2026-03-19T20:58:44.993+0000] {dag.py:3823} INFO - Setting next_dagrun for example_subdag_operator.section-2 to None, run_after=None
[2026-03-19T20:58:45.001+0000] {processor.py:183} INFO - Processing /home/airflow/.local/lib/python3.8/site-packages/airflow/example_dags/example_subdag_operator.py took 0.073 seconds
[2026-03-19T20:59:15.666+0000] {processor.py:161} INFO - Started process (PID=487) to work on /home/airflow/.local/lib/python3.8/site-packages/airflow/example_dags/example_subdag_operator.py
[2026-03-19T20:59:15.667+0000] {processor.py:830} INFO - Processing file /home/airflow/.local/lib/python3.8/site-packages/airflow/example_dags/example_subdag_operator.py for tasks to queue
[2026-03-19T20:59:15.668+0000] {logging_mixin.py:188} INFO - [2026-03-19T20:59:15.668+0000] {dagbag.py:538} INFO - Filling up the DagBag from /home/airflow/.local/lib/python3.8/site-packages/airflow/example_dags/example_subdag_operator.py
[2026-03-19T20:59:15.682+0000] {processor.py:840} INFO - DAG(s) 'example_subdag_operator.section-1', 'example_subdag_operator.section-2', 'example_subdag_operator' retrieved from /home/airflow/.local/lib/python3.8/site-packages/airflow/example_dags/example_subdag_operator.py
[2026-03-19T20:59:15.690+0000] {logging_mixin.py:188} INFO - [2026-03-19T20:59:15.690+0000] {dag.py:3036} INFO - Sync 3 DAGs
[2026-03-19T20:59:15.701+0000] {logging_mixin.py:188} INFO - [2026-03-19T20:59:15.701+0000] {dag.py:3823} INFO - Setting next_dagrun for example_subdag_operator to 2022-01-01 00:00:00+00:00, run_after=2022-01-01 00:00:00+00:00
[2026-03-19T20:59:15.703+0000] {logging_mixin.py:188} INFO - [2026-03-19T20:59:15.703+0000] {dag.py:3823} INFO - Setting next_dagrun for example_subdag_operator.section-1 to None, run_after=None
[2026-03-19T20:59:15.704+0000] {logging_mixin.py:188} INFO - [2026-03-19T20:59:15.704+0000] {dag.py:3823} INFO - Setting next_dagrun for example_subdag_operator.section-2 to None, run_after=None
[2026-03-19T20:59:15.708+0000] {logging_mixin.py:188} INFO - [2026-03-19T20:59:15.708+0000] {dag.py:3036} INFO - Sync 2 DAGs
[2026-03-19T20:59:15.711+0000] {logging_mixin.py:188} INFO - [2026-03-19T20:59:15.711+0000] {dag.py:3823} INFO - Setting next_dagrun for example_subdag_operator.section-1 to None, run_after=None
[2026-03-19T20:59:15.711+0000] {logging_mixin.py:188} INFO - [2026-03-19T20:59:15.711+0000] {dag.py:3823} INFO - Setting next_dagrun for example_subdag_operator.section-2 to None, run_after=None
[2026-03-19T20:59:15.717+0000] {processor.py:183} INFO - Processing /home/airflow/.local/lib/python3.8/site-packages/airflow/example_dags/example_subdag_operator.py took 0.054 seconds
[2026-03-19T20:59:46.344+0000] {processor.py:161} INFO - Started process (PID=542) to work on /home/airflow/.local/lib/python3.8/site-packages/airflow/example_dags/example_subdag_operator.py
[2026-03-19T20:59:46.344+0000] {processor.py:830} INFO - Processing file /home/airflow/.local/lib/python3.8/site-packages/airflow/example_dags/example_subdag_operator.py for tasks to queue
[2026-03-19T20:59:46.346+0000] {logging_mixin.py:188} INFO - [2026-03-19T20:59:46.345+0000] {dagbag.py:538} INFO - Filling up the DagBag from /home/airflow/.local/lib/python3.8/site-packages/airflow/example_dags/example_subdag_operator.py
[2026-03-19T20:59:46.359+0000] {processor.py:840} INFO - DAG(s) 'example_subdag_operator.section-1', 'example_subdag_operator.section-2', 'example_subdag_operator' retrieved from /home/airflow/.local/lib/python3.8/site-packages/airflow/example_dags/example_subdag_operator.py
[2026-03-19T20:59:46.368+0000] {logging_mixin.py:188} INFO - [2026-03-19T20:59:46.368+0000] {dag.py:3036} INFO - Sync 3 DAGs
[2026-03-19T20:59:46.381+0000] {logging_mixin.py:188} INFO - [2026-03-19T20:59:46.381+0000] {dag.py:3823} INFO - Setting next_dagrun for example_subdag_operator to 2022-01-01 00:00:00+00:00, run_after=2022-01-01 00:00:00+00:00
[2026-03-19T20:59:46.383+0000] {logging_mixin.py:188} INFO - [2026-03-19T20:59:46.383+0000] {dag.py:3823} INFO - Setting next_dagrun for example_subdag_operator.section-1 to None, run_after=None
[2026-03-19T20:59:46.384+0000] {logging_mixin.py:188} INFO - [2026-03-19T20:59:46.384+0000] {dag.py:3823} INFO - Setting next_dagrun for example_subdag_operator.section-2 to None, run_after=None
[2026-03-19T20:59:46.388+0000] {logging_mixin.py:188} INFO - [2026-03-19T20:59:46.388+0000] {dag.py:3036} INFO - Sync 2 DAGs
[2026-03-19T20:59:46.392+0000] {logging_mixin.py:188} INFO - [2026-03-19T20:59:46.392+0000] {dag.py:3823} INFO - Setting next_dagrun for example_subdag_operator.section-1 to None, run_after=None
[2026-03-19T20:59:46.392+0000] {logging_mixin.py:188} INFO - [2026-03-19T20:59:46.392+0000] {dag.py:3823} INFO - Setting next_dagrun for example_subdag_operator.section-2 to None, run_after=None
[2026-03-19T20:59:46.399+0000] {processor.py:183} INFO - Processing /home/airflow/.local/lib/python3.8/site-packages/airflow/example_dags/example_subdag_operator.py took 0.057 seconds
