[2026-03-19T20:55:39.648+0000] {processor.py:161} INFO - Started process (PID=81) to work on /home/airflow/.local/lib/python3.8/site-packages/airflow/example_dags/example_xcomargs.py
[2026-03-19T20:55:39.649+0000] {processor.py:830} INFO - Processing file /home/airflow/.local/lib/python3.8/site-packages/airflow/example_dags/example_xcomargs.py for tasks to queue
[2026-03-19T20:55:39.651+0000] {logging_mixin.py:188} INFO - [2026-03-19T20:55:39.651+0000] {dagbag.py:538} INFO - Filling up the DagBag from /home/airflow/.local/lib/python3.8/site-packages/airflow/example_dags/example_xcomargs.py
[2026-03-19T20:55:39.659+0000] {processor.py:840} INFO - DAG(s) 'example_xcom_args_with_operators', 'example_xcom_args' retrieved from /home/airflow/.local/lib/python3.8/site-packages/airflow/example_dags/example_xcomargs.py
[2026-03-19T20:55:39.668+0000] {logging_mixin.py:188} INFO - [2026-03-19T20:55:39.667+0000] {dag.py:3036} INFO - Sync 2 DAGs
[2026-03-19T20:55:39.676+0000] {logging_mixin.py:188} INFO - [2026-03-19T20:55:39.676+0000] {dag.py:3823} INFO - Setting next_dagrun for example_xcom_args to None, run_after=None
[2026-03-19T20:55:39.679+0000] {logging_mixin.py:188} INFO - [2026-03-19T20:55:39.679+0000] {dag.py:3823} INFO - Setting next_dagrun for example_xcom_args_with_operators to None, run_after=None
[2026-03-19T20:55:39.690+0000] {processor.py:183} INFO - Processing /home/airflow/.local/lib/python3.8/site-packages/airflow/example_dags/example_xcomargs.py took 0.045 seconds
[2026-03-19T20:56:10.511+0000] {processor.py:161} INFO - Started process (PID=136) to work on /home/airflow/.local/lib/python3.8/site-packages/airflow/example_dags/example_xcomargs.py
[2026-03-19T20:56:10.512+0000] {processor.py:830} INFO - Processing file /home/airflow/.local/lib/python3.8/site-packages/airflow/example_dags/example_xcomargs.py for tasks to queue
[2026-03-19T20:56:10.513+0000] {logging_mixin.py:188} INFO - [2026-03-19T20:56:10.513+0000] {dagbag.py:538} INFO - Filling up the DagBag from /home/airflow/.local/lib/python3.8/site-packages/airflow/example_dags/example_xcomargs.py
[2026-03-19T20:56:10.518+0000] {processor.py:840} INFO - DAG(s) 'example_xcom_args', 'example_xcom_args_with_operators' retrieved from /home/airflow/.local/lib/python3.8/site-packages/airflow/example_dags/example_xcomargs.py
[2026-03-19T20:56:10.577+0000] {logging_mixin.py:188} INFO - [2026-03-19T20:56:10.576+0000] {dag.py:3036} INFO - Sync 2 DAGs
[2026-03-19T20:56:10.584+0000] {logging_mixin.py:188} INFO - [2026-03-19T20:56:10.584+0000] {dag.py:3823} INFO - Setting next_dagrun for example_xcom_args to None, run_after=None
[2026-03-19T20:56:10.586+0000] {logging_mixin.py:188} INFO - [2026-03-19T20:56:10.586+0000] {dag.py:3823} INFO - Setting next_dagrun for example_xcom_args_with_operators to None, run_after=None
[2026-03-19T20:56:10.596+0000] {processor.py:183} INFO - Processing /home/airflow/.local/lib/python3.8/site-packages/airflow/example_dags/example_xcomargs.py took 0.087 seconds
[2026-03-19T20:56:40.843+0000] {processor.py:161} INFO - Started process (PID=191) to work on /home/airflow/.local/lib/python3.8/site-packages/airflow/example_dags/example_xcomargs.py
[2026-03-19T20:56:40.844+0000] {processor.py:830} INFO - Processing file /home/airflow/.local/lib/python3.8/site-packages/airflow/example_dags/example_xcomargs.py for tasks to queue
[2026-03-19T20:56:40.845+0000] {logging_mixin.py:188} INFO - [2026-03-19T20:56:40.845+0000] {dagbag.py:538} INFO - Filling up the DagBag from /home/airflow/.local/lib/python3.8/site-packages/airflow/example_dags/example_xcomargs.py
[2026-03-19T20:56:40.852+0000] {processor.py:840} INFO - DAG(s) 'example_xcom_args', 'example_xcom_args_with_operators' retrieved from /home/airflow/.local/lib/python3.8/site-packages/airflow/example_dags/example_xcomargs.py
[2026-03-19T20:56:40.869+0000] {logging_mixin.py:188} INFO - [2026-03-19T20:56:40.869+0000] {dag.py:3036} INFO - Sync 2 DAGs
[2026-03-19T20:56:40.878+0000] {logging_mixin.py:188} INFO - [2026-03-19T20:56:40.878+0000] {dag.py:3823} INFO - Setting next_dagrun for example_xcom_args to None, run_after=None
[2026-03-19T20:56:40.881+0000] {logging_mixin.py:188} INFO - [2026-03-19T20:56:40.881+0000] {dag.py:3823} INFO - Setting next_dagrun for example_xcom_args_with_operators to None, run_after=None
[2026-03-19T20:56:40.893+0000] {processor.py:183} INFO - Processing /home/airflow/.local/lib/python3.8/site-packages/airflow/example_dags/example_xcomargs.py took 0.052 seconds
[2026-03-19T20:57:11.647+0000] {processor.py:161} INFO - Started process (PID=252) to work on /home/airflow/.local/lib/python3.8/site-packages/airflow/example_dags/example_xcomargs.py
[2026-03-19T20:57:11.648+0000] {processor.py:830} INFO - Processing file /home/airflow/.local/lib/python3.8/site-packages/airflow/example_dags/example_xcomargs.py for tasks to queue
[2026-03-19T20:57:11.649+0000] {logging_mixin.py:188} INFO - [2026-03-19T20:57:11.649+0000] {dagbag.py:538} INFO - Filling up the DagBag from /home/airflow/.local/lib/python3.8/site-packages/airflow/example_dags/example_xcomargs.py
[2026-03-19T20:57:11.655+0000] {processor.py:840} INFO - DAG(s) 'example_xcom_args', 'example_xcom_args_with_operators' retrieved from /home/airflow/.local/lib/python3.8/site-packages/airflow/example_dags/example_xcomargs.py
[2026-03-19T20:57:11.670+0000] {logging_mixin.py:188} INFO - [2026-03-19T20:57:11.670+0000] {dag.py:3036} INFO - Sync 2 DAGs
[2026-03-19T20:57:11.678+0000] {logging_mixin.py:188} INFO - [2026-03-19T20:57:11.678+0000] {dag.py:3823} INFO - Setting next_dagrun for example_xcom_args to None, run_after=None
[2026-03-19T20:57:11.681+0000] {logging_mixin.py:188} INFO - [2026-03-19T20:57:11.680+0000] {dag.py:3823} INFO - Setting next_dagrun for example_xcom_args_with_operators to None, run_after=None
[2026-03-19T20:57:11.692+0000] {processor.py:183} INFO - Processing /home/airflow/.local/lib/python3.8/site-packages/airflow/example_dags/example_xcomargs.py took 0.046 seconds
[2026-03-19T20:57:42.483+0000] {processor.py:161} INFO - Started process (PID=307) to work on /home/airflow/.local/lib/python3.8/site-packages/airflow/example_dags/example_xcomargs.py
[2026-03-19T20:57:42.483+0000] {processor.py:830} INFO - Processing file /home/airflow/.local/lib/python3.8/site-packages/airflow/example_dags/example_xcomargs.py for tasks to queue
[2026-03-19T20:57:42.485+0000] {logging_mixin.py:188} INFO - [2026-03-19T20:57:42.484+0000] {dagbag.py:538} INFO - Filling up the DagBag from /home/airflow/.local/lib/python3.8/site-packages/airflow/example_dags/example_xcomargs.py
[2026-03-19T20:57:42.489+0000] {processor.py:840} INFO - DAG(s) 'example_xcom_args', 'example_xcom_args_with_operators' retrieved from /home/airflow/.local/lib/python3.8/site-packages/airflow/example_dags/example_xcomargs.py
[2026-03-19T20:57:42.503+0000] {logging_mixin.py:188} INFO - [2026-03-19T20:57:42.503+0000] {dag.py:3036} INFO - Sync 2 DAGs
[2026-03-19T20:57:42.510+0000] {logging_mixin.py:188} INFO - [2026-03-19T20:57:42.510+0000] {dag.py:3823} INFO - Setting next_dagrun for example_xcom_args to None, run_after=None
[2026-03-19T20:57:42.512+0000] {logging_mixin.py:188} INFO - [2026-03-19T20:57:42.512+0000] {dag.py:3823} INFO - Setting next_dagrun for example_xcom_args_with_operators to None, run_after=None
[2026-03-19T20:57:42.521+0000] {processor.py:183} INFO - Processing /home/airflow/.local/lib/python3.8/site-packages/airflow/example_dags/example_xcomargs.py took 0.041 seconds
[2026-03-19T20:58:13.277+0000] {processor.py:161} INFO - Started process (PID=362) to work on /home/airflow/.local/lib/python3.8/site-packages/airflow/example_dags/example_xcomargs.py
[2026-03-19T20:58:13.279+0000] {processor.py:830} INFO - Processing file /home/airflow/.local/lib/python3.8/site-packages/airflow/example_dags/example_xcomargs.py for tasks to queue
[2026-03-19T20:58:13.281+0000] {logging_mixin.py:188} INFO - [2026-03-19T20:58:13.281+0000] {dagbag.py:538} INFO - Filling up the DagBag from /home/airflow/.local/lib/python3.8/site-packages/airflow/example_dags/example_xcomargs.py
[2026-03-19T20:58:13.288+0000] {processor.py:840} INFO - DAG(s) 'example_xcom_args_with_operators', 'example_xcom_args' retrieved from /home/airflow/.local/lib/python3.8/site-packages/airflow/example_dags/example_xcomargs.py
[2026-03-19T20:58:13.304+0000] {logging_mixin.py:188} INFO - [2026-03-19T20:58:13.304+0000] {dag.py:3036} INFO - Sync 2 DAGs
[2026-03-19T20:58:13.312+0000] {logging_mixin.py:188} INFO - [2026-03-19T20:58:13.312+0000] {dag.py:3823} INFO - Setting next_dagrun for example_xcom_args to None, run_after=None
[2026-03-19T20:58:13.314+0000] {logging_mixin.py:188} INFO - [2026-03-19T20:58:13.314+0000] {dag.py:3823} INFO - Setting next_dagrun for example_xcom_args_with_operators to None, run_after=None
[2026-03-19T20:58:13.324+0000] {processor.py:183} INFO - Processing /home/airflow/.local/lib/python3.8/site-packages/airflow/example_dags/example_xcomargs.py took 0.050 seconds
[2026-03-19T20:58:44.204+0000] {processor.py:161} INFO - Started process (PID=417) to work on /home/airflow/.local/lib/python3.8/site-packages/airflow/example_dags/example_xcomargs.py
[2026-03-19T20:58:44.206+0000] {processor.py:830} INFO - Processing file /home/airflow/.local/lib/python3.8/site-packages/airflow/example_dags/example_xcomargs.py for tasks to queue
[2026-03-19T20:58:44.207+0000] {logging_mixin.py:188} INFO - [2026-03-19T20:58:44.207+0000] {dagbag.py:538} INFO - Filling up the DagBag from /home/airflow/.local/lib/python3.8/site-packages/airflow/example_dags/example_xcomargs.py
[2026-03-19T20:58:44.213+0000] {processor.py:840} INFO - DAG(s) 'example_xcom_args_with_operators', 'example_xcom_args' retrieved from /home/airflow/.local/lib/python3.8/site-packages/airflow/example_dags/example_xcomargs.py
[2026-03-19T20:58:44.228+0000] {logging_mixin.py:188} INFO - [2026-03-19T20:58:44.228+0000] {dag.py:3036} INFO - Sync 2 DAGs
[2026-03-19T20:58:44.236+0000] {logging_mixin.py:188} INFO - [2026-03-19T20:58:44.236+0000] {dag.py:3823} INFO - Setting next_dagrun for example_xcom_args to None, run_after=None
[2026-03-19T20:58:44.239+0000] {logging_mixin.py:188} INFO - [2026-03-19T20:58:44.239+0000] {dag.py:3823} INFO - Setting next_dagrun for example_xcom_args_with_operators to None, run_after=None
[2026-03-19T20:58:44.250+0000] {processor.py:183} INFO - Processing /home/airflow/.local/lib/python3.8/site-packages/airflow/example_dags/example_xcomargs.py took 0.048 seconds
[2026-03-19T20:59:15.152+0000] {processor.py:161} INFO - Started process (PID=473) to work on /home/airflow/.local/lib/python3.8/site-packages/airflow/example_dags/example_xcomargs.py
[2026-03-19T20:59:15.153+0000] {processor.py:830} INFO - Processing file /home/airflow/.local/lib/python3.8/site-packages/airflow/example_dags/example_xcomargs.py for tasks to queue
[2026-03-19T20:59:15.154+0000] {logging_mixin.py:188} INFO - [2026-03-19T20:59:15.154+0000] {dagbag.py:538} INFO - Filling up the DagBag from /home/airflow/.local/lib/python3.8/site-packages/airflow/example_dags/example_xcomargs.py
[2026-03-19T20:59:15.159+0000] {processor.py:840} INFO - DAG(s) 'example_xcom_args', 'example_xcom_args_with_operators' retrieved from /home/airflow/.local/lib/python3.8/site-packages/airflow/example_dags/example_xcomargs.py
[2026-03-19T20:59:15.173+0000] {logging_mixin.py:188} INFO - [2026-03-19T20:59:15.173+0000] {dag.py:3036} INFO - Sync 2 DAGs
[2026-03-19T20:59:15.181+0000] {logging_mixin.py:188} INFO - [2026-03-19T20:59:15.181+0000] {dag.py:3823} INFO - Setting next_dagrun for example_xcom_args to None, run_after=None
[2026-03-19T20:59:15.184+0000] {logging_mixin.py:188} INFO - [2026-03-19T20:59:15.184+0000] {dag.py:3823} INFO - Setting next_dagrun for example_xcom_args_with_operators to None, run_after=None
[2026-03-19T20:59:15.194+0000] {processor.py:183} INFO - Processing /home/airflow/.local/lib/python3.8/site-packages/airflow/example_dags/example_xcomargs.py took 0.044 seconds
[2026-03-19T20:59:45.867+0000] {processor.py:161} INFO - Started process (PID=528) to work on /home/airflow/.local/lib/python3.8/site-packages/airflow/example_dags/example_xcomargs.py
[2026-03-19T20:59:45.868+0000] {processor.py:830} INFO - Processing file /home/airflow/.local/lib/python3.8/site-packages/airflow/example_dags/example_xcomargs.py for tasks to queue
[2026-03-19T20:59:45.869+0000] {logging_mixin.py:188} INFO - [2026-03-19T20:59:45.869+0000] {dagbag.py:538} INFO - Filling up the DagBag from /home/airflow/.local/lib/python3.8/site-packages/airflow/example_dags/example_xcomargs.py
[2026-03-19T20:59:45.874+0000] {processor.py:840} INFO - DAG(s) 'example_xcom_args_with_operators', 'example_xcom_args' retrieved from /home/airflow/.local/lib/python3.8/site-packages/airflow/example_dags/example_xcomargs.py
[2026-03-19T20:59:45.887+0000] {logging_mixin.py:188} INFO - [2026-03-19T20:59:45.887+0000] {dag.py:3036} INFO - Sync 2 DAGs
[2026-03-19T20:59:45.894+0000] {logging_mixin.py:188} INFO - [2026-03-19T20:59:45.894+0000] {dag.py:3823} INFO - Setting next_dagrun for example_xcom_args to None, run_after=None
[2026-03-19T20:59:45.896+0000] {logging_mixin.py:188} INFO - [2026-03-19T20:59:45.896+0000] {dag.py:3823} INFO - Setting next_dagrun for example_xcom_args_with_operators to None, run_after=None
[2026-03-19T20:59:45.905+0000] {processor.py:183} INFO - Processing /home/airflow/.local/lib/python3.8/site-packages/airflow/example_dags/example_xcomargs.py took 0.040 seconds
