[2026-03-19T20:55:39.244+0000] {processor.py:161} INFO - Started process (PID=69) to work on /home/airflow/.local/lib/python3.8/site-packages/airflow/example_dags/example_params_ui_tutorial.py
[2026-03-19T20:55:39.244+0000] {processor.py:830} INFO - Processing file /home/airflow/.local/lib/python3.8/site-packages/airflow/example_dags/example_params_ui_tutorial.py for tasks to queue
[2026-03-19T20:55:39.246+0000] {logging_mixin.py:188} INFO - [2026-03-19T20:55:39.246+0000] {dagbag.py:538} INFO - Filling up the DagBag from /home/airflow/.local/lib/python3.8/site-packages/airflow/example_dags/example_params_ui_tutorial.py
[2026-03-19T20:55:39.259+0000] {processor.py:840} INFO - DAG(s) 'example_params_ui_tutorial' retrieved from /home/airflow/.local/lib/python3.8/site-packages/airflow/example_dags/example_params_ui_tutorial.py
[2026-03-19T20:55:39.267+0000] {logging_mixin.py:188} INFO - [2026-03-19T20:55:39.266+0000] {dag.py:3036} INFO - Sync 1 DAGs
[2026-03-19T20:55:39.277+0000] {logging_mixin.py:188} INFO - [2026-03-19T20:55:39.276+0000] {dag.py:3823} INFO - Setting next_dagrun for example_params_ui_tutorial to None, run_after=None
[2026-03-19T20:55:39.291+0000] {processor.py:183} INFO - Processing /home/airflow/.local/lib/python3.8/site-packages/airflow/example_dags/example_params_ui_tutorial.py took 0.050 seconds
[2026-03-19T20:56:09.880+0000] {processor.py:161} INFO - Started process (PID=124) to work on /home/airflow/.local/lib/python3.8/site-packages/airflow/example_dags/example_params_ui_tutorial.py
[2026-03-19T20:56:09.882+0000] {processor.py:830} INFO - Processing file /home/airflow/.local/lib/python3.8/site-packages/airflow/example_dags/example_params_ui_tutorial.py for tasks to queue
[2026-03-19T20:56:09.884+0000] {logging_mixin.py:188} INFO - [2026-03-19T20:56:09.884+0000] {dagbag.py:538} INFO - Filling up the DagBag from /home/airflow/.local/lib/python3.8/site-packages/airflow/example_dags/example_params_ui_tutorial.py
[2026-03-19T20:56:09.892+0000] {processor.py:840} INFO - DAG(s) 'example_params_ui_tutorial' retrieved from /home/airflow/.local/lib/python3.8/site-packages/airflow/example_dags/example_params_ui_tutorial.py
[2026-03-19T20:56:09.968+0000] {logging_mixin.py:188} INFO - [2026-03-19T20:56:09.968+0000] {dag.py:3036} INFO - Sync 1 DAGs
[2026-03-19T20:56:09.975+0000] {logging_mixin.py:188} INFO - [2026-03-19T20:56:09.975+0000] {dag.py:3823} INFO - Setting next_dagrun for example_params_ui_tutorial to None, run_after=None
[2026-03-19T20:56:09.986+0000] {processor.py:183} INFO - Processing /home/airflow/.local/lib/python3.8/site-packages/airflow/example_dags/example_params_ui_tutorial.py took 0.109 seconds
[2026-03-19T20:56:40.402+0000] {processor.py:161} INFO - Started process (PID=179) to work on /home/airflow/.local/lib/python3.8/site-packages/airflow/example_dags/example_params_ui_tutorial.py
[2026-03-19T20:56:40.403+0000] {processor.py:830} INFO - Processing file /home/airflow/.local/lib/python3.8/site-packages/airflow/example_dags/example_params_ui_tutorial.py for tasks to queue
[2026-03-19T20:56:40.404+0000] {logging_mixin.py:188} INFO - [2026-03-19T20:56:40.404+0000] {dagbag.py:538} INFO - Filling up the DagBag from /home/airflow/.local/lib/python3.8/site-packages/airflow/example_dags/example_params_ui_tutorial.py
[2026-03-19T20:56:40.411+0000] {processor.py:840} INFO - DAG(s) 'example_params_ui_tutorial' retrieved from /home/airflow/.local/lib/python3.8/site-packages/airflow/example_dags/example_params_ui_tutorial.py
[2026-03-19T20:56:40.446+0000] {logging_mixin.py:188} INFO - [2026-03-19T20:56:40.446+0000] {dag.py:3036} INFO - Sync 1 DAGs
[2026-03-19T20:56:40.454+0000] {logging_mixin.py:188} INFO - [2026-03-19T20:56:40.454+0000] {dag.py:3823} INFO - Setting next_dagrun for example_params_ui_tutorial to None, run_after=None
[2026-03-19T20:56:40.465+0000] {processor.py:183} INFO - Processing /home/airflow/.local/lib/python3.8/site-packages/airflow/example_dags/example_params_ui_tutorial.py took 0.065 seconds
[2026-03-19T20:57:11.261+0000] {processor.py:161} INFO - Started process (PID=240) to work on /home/airflow/.local/lib/python3.8/site-packages/airflow/example_dags/example_params_ui_tutorial.py
[2026-03-19T20:57:11.262+0000] {processor.py:830} INFO - Processing file /home/airflow/.local/lib/python3.8/site-packages/airflow/example_dags/example_params_ui_tutorial.py for tasks to queue
[2026-03-19T20:57:11.263+0000] {logging_mixin.py:188} INFO - [2026-03-19T20:57:11.263+0000] {dagbag.py:538} INFO - Filling up the DagBag from /home/airflow/.local/lib/python3.8/site-packages/airflow/example_dags/example_params_ui_tutorial.py
[2026-03-19T20:57:11.270+0000] {processor.py:840} INFO - DAG(s) 'example_params_ui_tutorial' retrieved from /home/airflow/.local/lib/python3.8/site-packages/airflow/example_dags/example_params_ui_tutorial.py
[2026-03-19T20:57:11.302+0000] {logging_mixin.py:188} INFO - [2026-03-19T20:57:11.302+0000] {dag.py:3036} INFO - Sync 1 DAGs
[2026-03-19T20:57:11.309+0000] {logging_mixin.py:188} INFO - [2026-03-19T20:57:11.309+0000] {dag.py:3823} INFO - Setting next_dagrun for example_params_ui_tutorial to None, run_after=None
[2026-03-19T20:57:11.320+0000] {processor.py:183} INFO - Processing /home/airflow/.local/lib/python3.8/site-packages/airflow/example_dags/example_params_ui_tutorial.py took 0.062 seconds
[2026-03-19T20:57:42.081+0000] {processor.py:161} INFO - Started process (PID=295) to work on /home/airflow/.local/lib/python3.8/site-packages/airflow/example_dags/example_params_ui_tutorial.py
[2026-03-19T20:57:42.082+0000] {processor.py:830} INFO - Processing file /home/airflow/.local/lib/python3.8/site-packages/airflow/example_dags/example_params_ui_tutorial.py for tasks to queue
[2026-03-19T20:57:42.083+0000] {logging_mixin.py:188} INFO - [2026-03-19T20:57:42.083+0000] {dagbag.py:538} INFO - Filling up the DagBag from /home/airflow/.local/lib/python3.8/site-packages/airflow/example_dags/example_params_ui_tutorial.py
[2026-03-19T20:57:42.091+0000] {processor.py:840} INFO - DAG(s) 'example_params_ui_tutorial' retrieved from /home/airflow/.local/lib/python3.8/site-packages/airflow/example_dags/example_params_ui_tutorial.py
[2026-03-19T20:57:42.128+0000] {logging_mixin.py:188} INFO - [2026-03-19T20:57:42.128+0000] {dag.py:3036} INFO - Sync 1 DAGs
[2026-03-19T20:57:42.137+0000] {logging_mixin.py:188} INFO - [2026-03-19T20:57:42.137+0000] {dag.py:3823} INFO - Setting next_dagrun for example_params_ui_tutorial to None, run_after=None
[2026-03-19T20:57:42.149+0000] {processor.py:183} INFO - Processing /home/airflow/.local/lib/python3.8/site-packages/airflow/example_dags/example_params_ui_tutorial.py took 0.070 seconds
[2026-03-19T20:58:12.828+0000] {processor.py:161} INFO - Started process (PID=350) to work on /home/airflow/.local/lib/python3.8/site-packages/airflow/example_dags/example_params_ui_tutorial.py
[2026-03-19T20:58:12.829+0000] {processor.py:830} INFO - Processing file /home/airflow/.local/lib/python3.8/site-packages/airflow/example_dags/example_params_ui_tutorial.py for tasks to queue
[2026-03-19T20:58:12.830+0000] {logging_mixin.py:188} INFO - [2026-03-19T20:58:12.830+0000] {dagbag.py:538} INFO - Filling up the DagBag from /home/airflow/.local/lib/python3.8/site-packages/airflow/example_dags/example_params_ui_tutorial.py
[2026-03-19T20:58:12.837+0000] {processor.py:840} INFO - DAG(s) 'example_params_ui_tutorial' retrieved from /home/airflow/.local/lib/python3.8/site-packages/airflow/example_dags/example_params_ui_tutorial.py
[2026-03-19T20:58:12.868+0000] {logging_mixin.py:188} INFO - [2026-03-19T20:58:12.868+0000] {dag.py:3036} INFO - Sync 1 DAGs
[2026-03-19T20:58:12.876+0000] {logging_mixin.py:188} INFO - [2026-03-19T20:58:12.875+0000] {dag.py:3823} INFO - Setting next_dagrun for example_params_ui_tutorial to None, run_after=None
[2026-03-19T20:58:12.886+0000] {processor.py:183} INFO - Processing /home/airflow/.local/lib/python3.8/site-packages/airflow/example_dags/example_params_ui_tutorial.py took 0.060 seconds
[2026-03-19T20:58:43.715+0000] {processor.py:161} INFO - Started process (PID=405) to work on /home/airflow/.local/lib/python3.8/site-packages/airflow/example_dags/example_params_ui_tutorial.py
[2026-03-19T20:58:43.716+0000] {processor.py:830} INFO - Processing file /home/airflow/.local/lib/python3.8/site-packages/airflow/example_dags/example_params_ui_tutorial.py for tasks to queue
[2026-03-19T20:58:43.717+0000] {logging_mixin.py:188} INFO - [2026-03-19T20:58:43.717+0000] {dagbag.py:538} INFO - Filling up the DagBag from /home/airflow/.local/lib/python3.8/site-packages/airflow/example_dags/example_params_ui_tutorial.py
[2026-03-19T20:58:43.725+0000] {processor.py:840} INFO - DAG(s) 'example_params_ui_tutorial' retrieved from /home/airflow/.local/lib/python3.8/site-packages/airflow/example_dags/example_params_ui_tutorial.py
[2026-03-19T20:58:43.761+0000] {logging_mixin.py:188} INFO - [2026-03-19T20:58:43.761+0000] {dag.py:3036} INFO - Sync 1 DAGs
[2026-03-19T20:58:43.769+0000] {logging_mixin.py:188} INFO - [2026-03-19T20:58:43.769+0000] {dag.py:3823} INFO - Setting next_dagrun for example_params_ui_tutorial to None, run_after=None
[2026-03-19T20:58:43.782+0000] {processor.py:183} INFO - Processing /home/airflow/.local/lib/python3.8/site-packages/airflow/example_dags/example_params_ui_tutorial.py took 0.069 seconds
[2026-03-19T20:59:14.732+0000] {processor.py:161} INFO - Started process (PID=461) to work on /home/airflow/.local/lib/python3.8/site-packages/airflow/example_dags/example_params_ui_tutorial.py
[2026-03-19T20:59:14.733+0000] {processor.py:830} INFO - Processing file /home/airflow/.local/lib/python3.8/site-packages/airflow/example_dags/example_params_ui_tutorial.py for tasks to queue
[2026-03-19T20:59:14.734+0000] {logging_mixin.py:188} INFO - [2026-03-19T20:59:14.734+0000] {dagbag.py:538} INFO - Filling up the DagBag from /home/airflow/.local/lib/python3.8/site-packages/airflow/example_dags/example_params_ui_tutorial.py
[2026-03-19T20:59:14.741+0000] {processor.py:840} INFO - DAG(s) 'example_params_ui_tutorial' retrieved from /home/airflow/.local/lib/python3.8/site-packages/airflow/example_dags/example_params_ui_tutorial.py
[2026-03-19T20:59:14.772+0000] {logging_mixin.py:188} INFO - [2026-03-19T20:59:14.772+0000] {dag.py:3036} INFO - Sync 1 DAGs
[2026-03-19T20:59:14.779+0000] {logging_mixin.py:188} INFO - [2026-03-19T20:59:14.779+0000] {dag.py:3823} INFO - Setting next_dagrun for example_params_ui_tutorial to None, run_after=None
[2026-03-19T20:59:14.789+0000] {processor.py:183} INFO - Processing /home/airflow/.local/lib/python3.8/site-packages/airflow/example_dags/example_params_ui_tutorial.py took 0.059 seconds
[2026-03-19T20:59:45.496+0000] {processor.py:161} INFO - Started process (PID=516) to work on /home/airflow/.local/lib/python3.8/site-packages/airflow/example_dags/example_params_ui_tutorial.py
[2026-03-19T20:59:45.496+0000] {processor.py:830} INFO - Processing file /home/airflow/.local/lib/python3.8/site-packages/airflow/example_dags/example_params_ui_tutorial.py for tasks to queue
[2026-03-19T20:59:45.498+0000] {logging_mixin.py:188} INFO - [2026-03-19T20:59:45.497+0000] {dagbag.py:538} INFO - Filling up the DagBag from /home/airflow/.local/lib/python3.8/site-packages/airflow/example_dags/example_params_ui_tutorial.py
[2026-03-19T20:59:45.505+0000] {processor.py:840} INFO - DAG(s) 'example_params_ui_tutorial' retrieved from /home/airflow/.local/lib/python3.8/site-packages/airflow/example_dags/example_params_ui_tutorial.py
[2026-03-19T20:59:45.539+0000] {logging_mixin.py:188} INFO - [2026-03-19T20:59:45.539+0000] {dag.py:3036} INFO - Sync 1 DAGs
[2026-03-19T20:59:45.547+0000] {logging_mixin.py:188} INFO - [2026-03-19T20:59:45.547+0000] {dag.py:3823} INFO - Setting next_dagrun for example_params_ui_tutorial to None, run_after=None
[2026-03-19T20:59:45.559+0000] {processor.py:183} INFO - Processing /home/airflow/.local/lib/python3.8/site-packages/airflow/example_dags/example_params_ui_tutorial.py took 0.065 seconds
