[2026-03-19T20:55:40.336+0000] {processor.py:161} INFO - Started process (PID=98) to work on /home/airflow/.local/lib/python3.8/site-packages/airflow/example_dags/example_branch_operator.py
[2026-03-19T20:55:40.337+0000] {processor.py:830} INFO - Processing file /home/airflow/.local/lib/python3.8/site-packages/airflow/example_dags/example_branch_operator.py for tasks to queue
[2026-03-19T20:55:40.339+0000] {logging_mixin.py:188} INFO - [2026-03-19T20:55:40.338+0000] {dagbag.py:538} INFO - Filling up the DagBag from /home/airflow/.local/lib/python3.8/site-packages/airflow/example_dags/example_branch_operator.py
[2026-03-19T20:55:40.351+0000] {processor.py:840} INFO - DAG(s) 'example_branch_operator' retrieved from /home/airflow/.local/lib/python3.8/site-packages/airflow/example_dags/example_branch_operator.py
[2026-03-19T20:55:40.359+0000] {logging_mixin.py:188} INFO - [2026-03-19T20:55:40.359+0000] {dag.py:3036} INFO - Sync 1 DAGs
[2026-03-19T20:55:40.376+0000] {logging_mixin.py:188} INFO - [2026-03-19T20:55:40.375+0000] {dag.py:3823} INFO - Setting next_dagrun for example_branch_operator to 2026-03-18 00:00:00+00:00, run_after=2026-03-19 00:00:00+00:00
[2026-03-19T20:55:40.386+0000] {processor.py:183} INFO - Processing /home/airflow/.local/lib/python3.8/site-packages/airflow/example_dags/example_branch_operator.py took 0.053 seconds
[2026-03-19T20:56:11.478+0000] {processor.py:161} INFO - Started process (PID=159) to work on /home/airflow/.local/lib/python3.8/site-packages/airflow/example_dags/example_branch_operator.py
[2026-03-19T20:56:11.479+0000] {processor.py:830} INFO - Processing file /home/airflow/.local/lib/python3.8/site-packages/airflow/example_dags/example_branch_operator.py for tasks to queue
[2026-03-19T20:56:11.481+0000] {logging_mixin.py:188} INFO - [2026-03-19T20:56:11.480+0000] {dagbag.py:538} INFO - Filling up the DagBag from /home/airflow/.local/lib/python3.8/site-packages/airflow/example_dags/example_branch_operator.py
[2026-03-19T20:56:11.492+0000] {processor.py:840} INFO - DAG(s) 'example_branch_operator' retrieved from /home/airflow/.local/lib/python3.8/site-packages/airflow/example_dags/example_branch_operator.py
[2026-03-19T20:56:11.548+0000] {logging_mixin.py:188} INFO - [2026-03-19T20:56:11.547+0000] {dag.py:3036} INFO - Sync 1 DAGs
[2026-03-19T20:56:11.561+0000] {logging_mixin.py:188} INFO - [2026-03-19T20:56:11.561+0000] {dag.py:3823} INFO - Setting next_dagrun for example_branch_operator to 2026-03-18 00:00:00+00:00, run_after=2026-03-19 00:00:00+00:00
[2026-03-19T20:56:11.574+0000] {processor.py:183} INFO - Processing /home/airflow/.local/lib/python3.8/site-packages/airflow/example_dags/example_branch_operator.py took 0.099 seconds
[2026-03-19T20:56:42.551+0000] {processor.py:161} INFO - Started process (PID=214) to work on /home/airflow/.local/lib/python3.8/site-packages/airflow/example_dags/example_branch_operator.py
[2026-03-19T20:56:42.552+0000] {processor.py:830} INFO - Processing file /home/airflow/.local/lib/python3.8/site-packages/airflow/example_dags/example_branch_operator.py for tasks to queue
[2026-03-19T20:56:42.553+0000] {logging_mixin.py:188} INFO - [2026-03-19T20:56:42.553+0000] {dagbag.py:538} INFO - Filling up the DagBag from /home/airflow/.local/lib/python3.8/site-packages/airflow/example_dags/example_branch_operator.py
[2026-03-19T20:56:42.563+0000] {processor.py:840} INFO - DAG(s) 'example_branch_operator' retrieved from /home/airflow/.local/lib/python3.8/site-packages/airflow/example_dags/example_branch_operator.py
[2026-03-19T20:56:42.579+0000] {logging_mixin.py:188} INFO - [2026-03-19T20:56:42.579+0000] {dag.py:3036} INFO - Sync 1 DAGs
[2026-03-19T20:56:42.592+0000] {logging_mixin.py:188} INFO - [2026-03-19T20:56:42.592+0000] {dag.py:3823} INFO - Setting next_dagrun for example_branch_operator to 2026-03-18 00:00:00+00:00, run_after=2026-03-19 00:00:00+00:00
[2026-03-19T20:56:42.604+0000] {processor.py:183} INFO - Processing /home/airflow/.local/lib/python3.8/site-packages/airflow/example_dags/example_branch_operator.py took 0.056 seconds
[2026-03-19T20:57:13.280+0000] {processor.py:161} INFO - Started process (PID=269) to work on /home/airflow/.local/lib/python3.8/site-packages/airflow/example_dags/example_branch_operator.py
[2026-03-19T20:57:13.281+0000] {processor.py:830} INFO - Processing file /home/airflow/.local/lib/python3.8/site-packages/airflow/example_dags/example_branch_operator.py for tasks to queue
[2026-03-19T20:57:13.282+0000] {logging_mixin.py:188} INFO - [2026-03-19T20:57:13.282+0000] {dagbag.py:538} INFO - Filling up the DagBag from /home/airflow/.local/lib/python3.8/site-packages/airflow/example_dags/example_branch_operator.py
[2026-03-19T20:57:13.294+0000] {processor.py:840} INFO - DAG(s) 'example_branch_operator' retrieved from /home/airflow/.local/lib/python3.8/site-packages/airflow/example_dags/example_branch_operator.py
[2026-03-19T20:57:13.314+0000] {logging_mixin.py:188} INFO - [2026-03-19T20:57:13.314+0000] {dag.py:3036} INFO - Sync 1 DAGs
[2026-03-19T20:57:13.331+0000] {logging_mixin.py:188} INFO - [2026-03-19T20:57:13.330+0000] {dag.py:3823} INFO - Setting next_dagrun for example_branch_operator to 2026-03-18 00:00:00+00:00, run_after=2026-03-19 00:00:00+00:00
[2026-03-19T20:57:13.351+0000] {processor.py:183} INFO - Processing /home/airflow/.local/lib/python3.8/site-packages/airflow/example_dags/example_branch_operator.py took 0.074 seconds
[2026-03-19T20:57:44.100+0000] {processor.py:161} INFO - Started process (PID=324) to work on /home/airflow/.local/lib/python3.8/site-packages/airflow/example_dags/example_branch_operator.py
[2026-03-19T20:57:44.101+0000] {processor.py:830} INFO - Processing file /home/airflow/.local/lib/python3.8/site-packages/airflow/example_dags/example_branch_operator.py for tasks to queue
[2026-03-19T20:57:44.102+0000] {logging_mixin.py:188} INFO - [2026-03-19T20:57:44.102+0000] {dagbag.py:538} INFO - Filling up the DagBag from /home/airflow/.local/lib/python3.8/site-packages/airflow/example_dags/example_branch_operator.py
[2026-03-19T20:57:44.112+0000] {processor.py:840} INFO - DAG(s) 'example_branch_operator' retrieved from /home/airflow/.local/lib/python3.8/site-packages/airflow/example_dags/example_branch_operator.py
[2026-03-19T20:57:44.127+0000] {logging_mixin.py:188} INFO - [2026-03-19T20:57:44.127+0000] {dag.py:3036} INFO - Sync 1 DAGs
[2026-03-19T20:57:44.139+0000] {logging_mixin.py:188} INFO - [2026-03-19T20:57:44.139+0000] {dag.py:3823} INFO - Setting next_dagrun for example_branch_operator to 2026-03-18 00:00:00+00:00, run_after=2026-03-19 00:00:00+00:00
[2026-03-19T20:57:44.149+0000] {processor.py:183} INFO - Processing /home/airflow/.local/lib/python3.8/site-packages/airflow/example_dags/example_branch_operator.py took 0.051 seconds
[2026-03-19T20:58:14.937+0000] {processor.py:161} INFO - Started process (PID=379) to work on /home/airflow/.local/lib/python3.8/site-packages/airflow/example_dags/example_branch_operator.py
[2026-03-19T20:58:14.938+0000] {processor.py:830} INFO - Processing file /home/airflow/.local/lib/python3.8/site-packages/airflow/example_dags/example_branch_operator.py for tasks to queue
[2026-03-19T20:58:14.939+0000] {logging_mixin.py:188} INFO - [2026-03-19T20:58:14.939+0000] {dagbag.py:538} INFO - Filling up the DagBag from /home/airflow/.local/lib/python3.8/site-packages/airflow/example_dags/example_branch_operator.py
[2026-03-19T20:58:14.950+0000] {processor.py:840} INFO - DAG(s) 'example_branch_operator' retrieved from /home/airflow/.local/lib/python3.8/site-packages/airflow/example_dags/example_branch_operator.py
[2026-03-19T20:58:14.968+0000] {logging_mixin.py:188} INFO - [2026-03-19T20:58:14.968+0000] {dag.py:3036} INFO - Sync 1 DAGs
[2026-03-19T20:58:14.981+0000] {logging_mixin.py:188} INFO - [2026-03-19T20:58:14.981+0000] {dag.py:3823} INFO - Setting next_dagrun for example_branch_operator to 2026-03-18 00:00:00+00:00, run_after=2026-03-19 00:00:00+00:00
[2026-03-19T20:58:14.993+0000] {processor.py:183} INFO - Processing /home/airflow/.local/lib/python3.8/site-packages/airflow/example_dags/example_branch_operator.py took 0.059 seconds
[2026-03-19T20:58:45.023+0000] {processor.py:161} INFO - Started process (PID=434) to work on /home/airflow/.local/lib/python3.8/site-packages/airflow/example_dags/example_branch_operator.py
[2026-03-19T20:58:45.024+0000] {processor.py:830} INFO - Processing file /home/airflow/.local/lib/python3.8/site-packages/airflow/example_dags/example_branch_operator.py for tasks to queue
[2026-03-19T20:58:45.026+0000] {logging_mixin.py:188} INFO - [2026-03-19T20:58:45.026+0000] {dagbag.py:538} INFO - Filling up the DagBag from /home/airflow/.local/lib/python3.8/site-packages/airflow/example_dags/example_branch_operator.py
[2026-03-19T20:58:45.039+0000] {processor.py:840} INFO - DAG(s) 'example_branch_operator' retrieved from /home/airflow/.local/lib/python3.8/site-packages/airflow/example_dags/example_branch_operator.py
[2026-03-19T20:58:45.058+0000] {logging_mixin.py:188} INFO - [2026-03-19T20:58:45.058+0000] {dag.py:3036} INFO - Sync 1 DAGs
[2026-03-19T20:58:45.074+0000] {logging_mixin.py:188} INFO - [2026-03-19T20:58:45.074+0000] {dag.py:3823} INFO - Setting next_dagrun for example_branch_operator to 2026-03-18 00:00:00+00:00, run_after=2026-03-19 00:00:00+00:00
[2026-03-19T20:58:45.088+0000] {processor.py:183} INFO - Processing /home/airflow/.local/lib/python3.8/site-packages/airflow/example_dags/example_branch_operator.py took 0.067 seconds
[2026-03-19T20:59:15.772+0000] {processor.py:161} INFO - Started process (PID=490) to work on /home/airflow/.local/lib/python3.8/site-packages/airflow/example_dags/example_branch_operator.py
[2026-03-19T20:59:15.773+0000] {processor.py:830} INFO - Processing file /home/airflow/.local/lib/python3.8/site-packages/airflow/example_dags/example_branch_operator.py for tasks to queue
[2026-03-19T20:59:15.774+0000] {logging_mixin.py:188} INFO - [2026-03-19T20:59:15.774+0000] {dagbag.py:538} INFO - Filling up the DagBag from /home/airflow/.local/lib/python3.8/site-packages/airflow/example_dags/example_branch_operator.py
[2026-03-19T20:59:15.784+0000] {processor.py:840} INFO - DAG(s) 'example_branch_operator' retrieved from /home/airflow/.local/lib/python3.8/site-packages/airflow/example_dags/example_branch_operator.py
[2026-03-19T20:59:15.799+0000] {logging_mixin.py:188} INFO - [2026-03-19T20:59:15.799+0000] {dag.py:3036} INFO - Sync 1 DAGs
[2026-03-19T20:59:15.811+0000] {logging_mixin.py:188} INFO - [2026-03-19T20:59:15.811+0000] {dag.py:3823} INFO - Setting next_dagrun for example_branch_operator to 2026-03-18 00:00:00+00:00, run_after=2026-03-19 00:00:00+00:00
[2026-03-19T20:59:15.820+0000] {processor.py:183} INFO - Processing /home/airflow/.local/lib/python3.8/site-packages/airflow/example_dags/example_branch_operator.py took 0.050 seconds
[2026-03-19T20:59:46.419+0000] {processor.py:161} INFO - Started process (PID=545) to work on /home/airflow/.local/lib/python3.8/site-packages/airflow/example_dags/example_branch_operator.py
[2026-03-19T20:59:46.420+0000] {processor.py:830} INFO - Processing file /home/airflow/.local/lib/python3.8/site-packages/airflow/example_dags/example_branch_operator.py for tasks to queue
[2026-03-19T20:59:46.421+0000] {logging_mixin.py:188} INFO - [2026-03-19T20:59:46.421+0000] {dagbag.py:538} INFO - Filling up the DagBag from /home/airflow/.local/lib/python3.8/site-packages/airflow/example_dags/example_branch_operator.py
[2026-03-19T20:59:46.431+0000] {processor.py:840} INFO - DAG(s) 'example_branch_operator' retrieved from /home/airflow/.local/lib/python3.8/site-packages/airflow/example_dags/example_branch_operator.py
[2026-03-19T20:59:46.449+0000] {logging_mixin.py:188} INFO - [2026-03-19T20:59:46.449+0000] {dag.py:3036} INFO - Sync 1 DAGs
[2026-03-19T20:59:46.461+0000] {logging_mixin.py:188} INFO - [2026-03-19T20:59:46.461+0000] {dag.py:3823} INFO - Setting next_dagrun for example_branch_operator to 2026-03-18 00:00:00+00:00, run_after=2026-03-19 00:00:00+00:00
[2026-03-19T20:59:46.473+0000] {processor.py:183} INFO - Processing /home/airflow/.local/lib/python3.8/site-packages/airflow/example_dags/example_branch_operator.py took 0.056 seconds
