[2026-03-19T20:55:39.776+0000] {processor.py:161} INFO - Started process (PID=85) to work on /home/airflow/.local/lib/python3.8/site-packages/airflow/example_dags/example_dag_decorator.py
[2026-03-19T20:55:39.777+0000] {processor.py:830} INFO - Processing file /home/airflow/.local/lib/python3.8/site-packages/airflow/example_dags/example_dag_decorator.py for tasks to queue
[2026-03-19T20:55:39.778+0000] {logging_mixin.py:188} INFO - [2026-03-19T20:55:39.778+0000] {dagbag.py:538} INFO - Filling up the DagBag from /home/airflow/.local/lib/python3.8/site-packages/airflow/example_dags/example_dag_decorator.py
[2026-03-19T20:55:39.896+0000] {processor.py:840} INFO - DAG(s) 'example_dag_decorator' retrieved from /home/airflow/.local/lib/python3.8/site-packages/airflow/example_dags/example_dag_decorator.py
[2026-03-19T20:55:39.903+0000] {logging_mixin.py:188} INFO - [2026-03-19T20:55:39.903+0000] {dag.py:3036} INFO - Sync 1 DAGs
[2026-03-19T20:55:39.911+0000] {logging_mixin.py:188} INFO - [2026-03-19T20:55:39.911+0000] {dag.py:3823} INFO - Setting next_dagrun for example_dag_decorator to None, run_after=None
[2026-03-19T20:55:39.922+0000] {processor.py:183} INFO - Processing /home/airflow/.local/lib/python3.8/site-packages/airflow/example_dags/example_dag_decorator.py took 0.150 seconds
[2026-03-19T20:56:10.714+0000] {processor.py:161} INFO - Started process (PID=140) to work on /home/airflow/.local/lib/python3.8/site-packages/airflow/example_dags/example_dag_decorator.py
[2026-03-19T20:56:10.715+0000] {processor.py:830} INFO - Processing file /home/airflow/.local/lib/python3.8/site-packages/airflow/example_dags/example_dag_decorator.py for tasks to queue
[2026-03-19T20:56:10.716+0000] {logging_mixin.py:188} INFO - [2026-03-19T20:56:10.716+0000] {dagbag.py:538} INFO - Filling up the DagBag from /home/airflow/.local/lib/python3.8/site-packages/airflow/example_dags/example_dag_decorator.py
[2026-03-19T20:56:10.766+0000] {processor.py:840} INFO - DAG(s) 'example_dag_decorator' retrieved from /home/airflow/.local/lib/python3.8/site-packages/airflow/example_dags/example_dag_decorator.py
[2026-03-19T20:56:10.820+0000] {logging_mixin.py:188} INFO - [2026-03-19T20:56:10.819+0000] {dag.py:3036} INFO - Sync 1 DAGs
[2026-03-19T20:56:10.825+0000] {logging_mixin.py:188} INFO - [2026-03-19T20:56:10.825+0000] {dag.py:3823} INFO - Setting next_dagrun for example_dag_decorator to None, run_after=None
[2026-03-19T20:56:10.837+0000] {processor.py:183} INFO - Processing /home/airflow/.local/lib/python3.8/site-packages/airflow/example_dags/example_dag_decorator.py took 0.124 seconds
[2026-03-19T20:56:40.987+0000] {processor.py:161} INFO - Started process (PID=195) to work on /home/airflow/.local/lib/python3.8/site-packages/airflow/example_dags/example_dag_decorator.py
[2026-03-19T20:56:40.988+0000] {processor.py:830} INFO - Processing file /home/airflow/.local/lib/python3.8/site-packages/airflow/example_dags/example_dag_decorator.py for tasks to queue
[2026-03-19T20:56:40.989+0000] {logging_mixin.py:188} INFO - [2026-03-19T20:56:40.989+0000] {dagbag.py:538} INFO - Filling up the DagBag from /home/airflow/.local/lib/python3.8/site-packages/airflow/example_dags/example_dag_decorator.py
[2026-03-19T20:56:41.049+0000] {processor.py:840} INFO - DAG(s) 'example_dag_decorator' retrieved from /home/airflow/.local/lib/python3.8/site-packages/airflow/example_dags/example_dag_decorator.py
[2026-03-19T20:56:41.112+0000] {logging_mixin.py:188} INFO - [2026-03-19T20:56:41.112+0000] {dag.py:3036} INFO - Sync 1 DAGs
[2026-03-19T20:56:41.120+0000] {logging_mixin.py:188} INFO - [2026-03-19T20:56:41.119+0000] {dag.py:3823} INFO - Setting next_dagrun for example_dag_decorator to None, run_after=None
[2026-03-19T20:56:41.137+0000] {processor.py:183} INFO - Processing /home/airflow/.local/lib/python3.8/site-packages/airflow/example_dags/example_dag_decorator.py took 0.152 seconds
[2026-03-19T20:57:11.783+0000] {processor.py:161} INFO - Started process (PID=256) to work on /home/airflow/.local/lib/python3.8/site-packages/airflow/example_dags/example_dag_decorator.py
[2026-03-19T20:57:11.784+0000] {processor.py:830} INFO - Processing file /home/airflow/.local/lib/python3.8/site-packages/airflow/example_dags/example_dag_decorator.py for tasks to queue
[2026-03-19T20:57:11.785+0000] {logging_mixin.py:188} INFO - [2026-03-19T20:57:11.785+0000] {dagbag.py:538} INFO - Filling up the DagBag from /home/airflow/.local/lib/python3.8/site-packages/airflow/example_dags/example_dag_decorator.py
[2026-03-19T20:57:11.839+0000] {processor.py:840} INFO - DAG(s) 'example_dag_decorator' retrieved from /home/airflow/.local/lib/python3.8/site-packages/airflow/example_dags/example_dag_decorator.py
[2026-03-19T20:57:11.893+0000] {logging_mixin.py:188} INFO - [2026-03-19T20:57:11.892+0000] {dag.py:3036} INFO - Sync 1 DAGs
[2026-03-19T20:57:11.898+0000] {logging_mixin.py:188} INFO - [2026-03-19T20:57:11.898+0000] {dag.py:3823} INFO - Setting next_dagrun for example_dag_decorator to None, run_after=None
[2026-03-19T20:57:11.910+0000] {processor.py:183} INFO - Processing /home/airflow/.local/lib/python3.8/site-packages/airflow/example_dags/example_dag_decorator.py took 0.129 seconds
[2026-03-19T20:57:42.601+0000] {processor.py:161} INFO - Started process (PID=311) to work on /home/airflow/.local/lib/python3.8/site-packages/airflow/example_dags/example_dag_decorator.py
[2026-03-19T20:57:42.602+0000] {processor.py:830} INFO - Processing file /home/airflow/.local/lib/python3.8/site-packages/airflow/example_dags/example_dag_decorator.py for tasks to queue
[2026-03-19T20:57:42.603+0000] {logging_mixin.py:188} INFO - [2026-03-19T20:57:42.603+0000] {dagbag.py:538} INFO - Filling up the DagBag from /home/airflow/.local/lib/python3.8/site-packages/airflow/example_dags/example_dag_decorator.py
[2026-03-19T20:57:42.658+0000] {processor.py:840} INFO - DAG(s) 'example_dag_decorator' retrieved from /home/airflow/.local/lib/python3.8/site-packages/airflow/example_dags/example_dag_decorator.py
[2026-03-19T20:57:42.712+0000] {logging_mixin.py:188} INFO - [2026-03-19T20:57:42.712+0000] {dag.py:3036} INFO - Sync 1 DAGs
[2026-03-19T20:57:42.718+0000] {logging_mixin.py:188} INFO - [2026-03-19T20:57:42.718+0000] {dag.py:3823} INFO - Setting next_dagrun for example_dag_decorator to None, run_after=None
[2026-03-19T20:57:42.729+0000] {processor.py:183} INFO - Processing /home/airflow/.local/lib/python3.8/site-packages/airflow/example_dags/example_dag_decorator.py took 0.130 seconds
[2026-03-19T20:58:13.431+0000] {processor.py:161} INFO - Started process (PID=366) to work on /home/airflow/.local/lib/python3.8/site-packages/airflow/example_dags/example_dag_decorator.py
[2026-03-19T20:58:13.432+0000] {processor.py:830} INFO - Processing file /home/airflow/.local/lib/python3.8/site-packages/airflow/example_dags/example_dag_decorator.py for tasks to queue
[2026-03-19T20:58:13.433+0000] {logging_mixin.py:188} INFO - [2026-03-19T20:58:13.433+0000] {dagbag.py:538} INFO - Filling up the DagBag from /home/airflow/.local/lib/python3.8/site-packages/airflow/example_dags/example_dag_decorator.py
[2026-03-19T20:58:13.491+0000] {processor.py:840} INFO - DAG(s) 'example_dag_decorator' retrieved from /home/airflow/.local/lib/python3.8/site-packages/airflow/example_dags/example_dag_decorator.py
[2026-03-19T20:58:13.549+0000] {logging_mixin.py:188} INFO - [2026-03-19T20:58:13.549+0000] {dag.py:3036} INFO - Sync 1 DAGs
[2026-03-19T20:58:13.555+0000] {logging_mixin.py:188} INFO - [2026-03-19T20:58:13.555+0000] {dag.py:3823} INFO - Setting next_dagrun for example_dag_decorator to None, run_after=None
[2026-03-19T20:58:13.565+0000] {processor.py:183} INFO - Processing /home/airflow/.local/lib/python3.8/site-packages/airflow/example_dags/example_dag_decorator.py took 0.136 seconds
[2026-03-19T20:58:44.344+0000] {processor.py:161} INFO - Started process (PID=421) to work on /home/airflow/.local/lib/python3.8/site-packages/airflow/example_dags/example_dag_decorator.py
[2026-03-19T20:58:44.345+0000] {processor.py:830} INFO - Processing file /home/airflow/.local/lib/python3.8/site-packages/airflow/example_dags/example_dag_decorator.py for tasks to queue
[2026-03-19T20:58:44.347+0000] {logging_mixin.py:188} INFO - [2026-03-19T20:58:44.347+0000] {dagbag.py:538} INFO - Filling up the DagBag from /home/airflow/.local/lib/python3.8/site-packages/airflow/example_dags/example_dag_decorator.py
[2026-03-19T20:58:44.406+0000] {processor.py:840} INFO - DAG(s) 'example_dag_decorator' retrieved from /home/airflow/.local/lib/python3.8/site-packages/airflow/example_dags/example_dag_decorator.py
[2026-03-19T20:58:44.480+0000] {logging_mixin.py:188} INFO - [2026-03-19T20:58:44.480+0000] {dag.py:3036} INFO - Sync 1 DAGs
[2026-03-19T20:58:44.488+0000] {logging_mixin.py:188} INFO - [2026-03-19T20:58:44.488+0000] {dag.py:3823} INFO - Setting next_dagrun for example_dag_decorator to None, run_after=None
[2026-03-19T20:58:44.502+0000] {processor.py:183} INFO - Processing /home/airflow/.local/lib/python3.8/site-packages/airflow/example_dags/example_dag_decorator.py took 0.160 seconds
[2026-03-19T20:59:15.294+0000] {processor.py:161} INFO - Started process (PID=477) to work on /home/airflow/.local/lib/python3.8/site-packages/airflow/example_dags/example_dag_decorator.py
[2026-03-19T20:59:15.296+0000] {processor.py:830} INFO - Processing file /home/airflow/.local/lib/python3.8/site-packages/airflow/example_dags/example_dag_decorator.py for tasks to queue
[2026-03-19T20:59:15.297+0000] {logging_mixin.py:188} INFO - [2026-03-19T20:59:15.297+0000] {dagbag.py:538} INFO - Filling up the DagBag from /home/airflow/.local/lib/python3.8/site-packages/airflow/example_dags/example_dag_decorator.py
[2026-03-19T20:59:15.358+0000] {processor.py:840} INFO - DAG(s) 'example_dag_decorator' retrieved from /home/airflow/.local/lib/python3.8/site-packages/airflow/example_dags/example_dag_decorator.py
[2026-03-19T20:59:15.373+0000] {logging_mixin.py:188} INFO - [2026-03-19T20:59:15.373+0000] {dag.py:3036} INFO - Sync 1 DAGs
[2026-03-19T20:59:15.383+0000] {logging_mixin.py:188} INFO - [2026-03-19T20:59:15.382+0000] {dag.py:3823} INFO - Setting next_dagrun for example_dag_decorator to None, run_after=None
[2026-03-19T20:59:15.394+0000] {processor.py:183} INFO - Processing /home/airflow/.local/lib/python3.8/site-packages/airflow/example_dags/example_dag_decorator.py took 0.102 seconds
[2026-03-19T20:59:45.985+0000] {processor.py:161} INFO - Started process (PID=532) to work on /home/airflow/.local/lib/python3.8/site-packages/airflow/example_dags/example_dag_decorator.py
[2026-03-19T20:59:45.985+0000] {processor.py:830} INFO - Processing file /home/airflow/.local/lib/python3.8/site-packages/airflow/example_dags/example_dag_decorator.py for tasks to queue
[2026-03-19T20:59:45.987+0000] {logging_mixin.py:188} INFO - [2026-03-19T20:59:45.986+0000] {dagbag.py:538} INFO - Filling up the DagBag from /home/airflow/.local/lib/python3.8/site-packages/airflow/example_dags/example_dag_decorator.py
[2026-03-19T20:59:46.037+0000] {processor.py:840} INFO - DAG(s) 'example_dag_decorator' retrieved from /home/airflow/.local/lib/python3.8/site-packages/airflow/example_dags/example_dag_decorator.py
[2026-03-19T20:59:46.091+0000] {logging_mixin.py:188} INFO - [2026-03-19T20:59:46.091+0000] {dag.py:3036} INFO - Sync 1 DAGs
[2026-03-19T20:59:46.098+0000] {logging_mixin.py:188} INFO - [2026-03-19T20:59:46.097+0000] {dag.py:3823} INFO - Setting next_dagrun for example_dag_decorator to None, run_after=None
[2026-03-19T20:59:46.108+0000] {processor.py:183} INFO - Processing /home/airflow/.local/lib/python3.8/site-packages/airflow/example_dags/example_dag_decorator.py took 0.125 seconds
