[2026-03-19T20:55:39.381+0000] {processor.py:161} INFO - Started process (PID=73) to work on /home/airflow/.local/lib/python3.8/site-packages/airflow/example_dags/example_skip_dag.py
[2026-03-19T20:55:39.383+0000] {processor.py:830} INFO - Processing file /home/airflow/.local/lib/python3.8/site-packages/airflow/example_dags/example_skip_dag.py for tasks to queue
[2026-03-19T20:55:39.384+0000] {logging_mixin.py:188} INFO - [2026-03-19T20:55:39.384+0000] {dagbag.py:538} INFO - Filling up the DagBag from /home/airflow/.local/lib/python3.8/site-packages/airflow/example_dags/example_skip_dag.py
[2026-03-19T20:55:39.391+0000] {processor.py:840} INFO - DAG(s) 'example_skip_dag' retrieved from /home/airflow/.local/lib/python3.8/site-packages/airflow/example_dags/example_skip_dag.py
[2026-03-19T20:55:39.400+0000] {logging_mixin.py:188} INFO - [2026-03-19T20:55:39.400+0000] {dag.py:3036} INFO - Sync 1 DAGs
[2026-03-19T20:55:39.414+0000] {logging_mixin.py:188} INFO - [2026-03-19T20:55:39.414+0000] {dag.py:3823} INFO - Setting next_dagrun for example_skip_dag to 2026-03-18 00:00:00+00:00, run_after=2026-03-19 00:00:00+00:00
[2026-03-19T20:55:39.427+0000] {processor.py:183} INFO - Processing /home/airflow/.local/lib/python3.8/site-packages/airflow/example_dags/example_skip_dag.py took 0.047 seconds
[2026-03-19T20:56:10.109+0000] {processor.py:161} INFO - Started process (PID=128) to work on /home/airflow/.local/lib/python3.8/site-packages/airflow/example_dags/example_skip_dag.py
[2026-03-19T20:56:10.110+0000] {processor.py:830} INFO - Processing file /home/airflow/.local/lib/python3.8/site-packages/airflow/example_dags/example_skip_dag.py for tasks to queue
[2026-03-19T20:56:10.112+0000] {logging_mixin.py:188} INFO - [2026-03-19T20:56:10.112+0000] {dagbag.py:538} INFO - Filling up the DagBag from /home/airflow/.local/lib/python3.8/site-packages/airflow/example_dags/example_skip_dag.py
[2026-03-19T20:56:10.116+0000] {processor.py:840} INFO - DAG(s) 'example_skip_dag' retrieved from /home/airflow/.local/lib/python3.8/site-packages/airflow/example_dags/example_skip_dag.py
[2026-03-19T20:56:10.172+0000] {logging_mixin.py:188} INFO - [2026-03-19T20:56:10.171+0000] {dag.py:3036} INFO - Sync 1 DAGs
[2026-03-19T20:56:10.182+0000] {logging_mixin.py:188} INFO - [2026-03-19T20:56:10.182+0000] {dag.py:3823} INFO - Setting next_dagrun for example_skip_dag to 2026-03-18 00:00:00+00:00, run_after=2026-03-19 00:00:00+00:00
[2026-03-19T20:56:10.192+0000] {processor.py:183} INFO - Processing /home/airflow/.local/lib/python3.8/site-packages/airflow/example_dags/example_skip_dag.py took 0.085 seconds
[2026-03-19T20:56:40.557+0000] {processor.py:161} INFO - Started process (PID=183) to work on /home/airflow/.local/lib/python3.8/site-packages/airflow/example_dags/example_skip_dag.py
[2026-03-19T20:56:40.557+0000] {processor.py:830} INFO - Processing file /home/airflow/.local/lib/python3.8/site-packages/airflow/example_dags/example_skip_dag.py for tasks to queue
[2026-03-19T20:56:40.559+0000] {logging_mixin.py:188} INFO - [2026-03-19T20:56:40.559+0000] {dagbag.py:538} INFO - Filling up the DagBag from /home/airflow/.local/lib/python3.8/site-packages/airflow/example_dags/example_skip_dag.py
[2026-03-19T20:56:40.564+0000] {processor.py:840} INFO - DAG(s) 'example_skip_dag' retrieved from /home/airflow/.local/lib/python3.8/site-packages/airflow/example_dags/example_skip_dag.py
[2026-03-19T20:56:40.578+0000] {logging_mixin.py:188} INFO - [2026-03-19T20:56:40.578+0000] {dag.py:3036} INFO - Sync 1 DAGs
[2026-03-19T20:56:40.593+0000] {logging_mixin.py:188} INFO - [2026-03-19T20:56:40.592+0000] {dag.py:3823} INFO - Setting next_dagrun for example_skip_dag to 2026-03-18 00:00:00+00:00, run_after=2026-03-19 00:00:00+00:00
[2026-03-19T20:56:40.605+0000] {processor.py:183} INFO - Processing /home/airflow/.local/lib/python3.8/site-packages/airflow/example_dags/example_skip_dag.py took 0.051 seconds
[2026-03-19T20:57:11.377+0000] {processor.py:161} INFO - Started process (PID=244) to work on /home/airflow/.local/lib/python3.8/site-packages/airflow/example_dags/example_skip_dag.py
[2026-03-19T20:57:11.378+0000] {processor.py:830} INFO - Processing file /home/airflow/.local/lib/python3.8/site-packages/airflow/example_dags/example_skip_dag.py for tasks to queue
[2026-03-19T20:57:11.379+0000] {logging_mixin.py:188} INFO - [2026-03-19T20:57:11.379+0000] {dagbag.py:538} INFO - Filling up the DagBag from /home/airflow/.local/lib/python3.8/site-packages/airflow/example_dags/example_skip_dag.py
[2026-03-19T20:57:11.384+0000] {processor.py:840} INFO - DAG(s) 'example_skip_dag' retrieved from /home/airflow/.local/lib/python3.8/site-packages/airflow/example_dags/example_skip_dag.py
[2026-03-19T20:57:11.396+0000] {logging_mixin.py:188} INFO - [2026-03-19T20:57:11.396+0000] {dag.py:3036} INFO - Sync 1 DAGs
[2026-03-19T20:57:11.410+0000] {logging_mixin.py:188} INFO - [2026-03-19T20:57:11.410+0000] {dag.py:3823} INFO - Setting next_dagrun for example_skip_dag to 2026-03-18 00:00:00+00:00, run_after=2026-03-19 00:00:00+00:00
[2026-03-19T20:57:11.421+0000] {processor.py:183} INFO - Processing /home/airflow/.local/lib/python3.8/site-packages/airflow/example_dags/example_skip_dag.py took 0.045 seconds
[2026-03-19T20:57:42.219+0000] {processor.py:161} INFO - Started process (PID=299) to work on /home/airflow/.local/lib/python3.8/site-packages/airflow/example_dags/example_skip_dag.py
[2026-03-19T20:57:42.220+0000] {processor.py:830} INFO - Processing file /home/airflow/.local/lib/python3.8/site-packages/airflow/example_dags/example_skip_dag.py for tasks to queue
[2026-03-19T20:57:42.221+0000] {logging_mixin.py:188} INFO - [2026-03-19T20:57:42.221+0000] {dagbag.py:538} INFO - Filling up the DagBag from /home/airflow/.local/lib/python3.8/site-packages/airflow/example_dags/example_skip_dag.py
[2026-03-19T20:57:42.225+0000] {processor.py:840} INFO - DAG(s) 'example_skip_dag' retrieved from /home/airflow/.local/lib/python3.8/site-packages/airflow/example_dags/example_skip_dag.py
[2026-03-19T20:57:42.239+0000] {logging_mixin.py:188} INFO - [2026-03-19T20:57:42.238+0000] {dag.py:3036} INFO - Sync 1 DAGs
[2026-03-19T20:57:42.251+0000] {logging_mixin.py:188} INFO - [2026-03-19T20:57:42.251+0000] {dag.py:3823} INFO - Setting next_dagrun for example_skip_dag to 2026-03-18 00:00:00+00:00, run_after=2026-03-19 00:00:00+00:00
[2026-03-19T20:57:42.263+0000] {processor.py:183} INFO - Processing /home/airflow/.local/lib/python3.8/site-packages/airflow/example_dags/example_skip_dag.py took 0.047 seconds
[2026-03-19T20:58:12.959+0000] {processor.py:161} INFO - Started process (PID=354) to work on /home/airflow/.local/lib/python3.8/site-packages/airflow/example_dags/example_skip_dag.py
[2026-03-19T20:58:12.959+0000] {processor.py:830} INFO - Processing file /home/airflow/.local/lib/python3.8/site-packages/airflow/example_dags/example_skip_dag.py for tasks to queue
[2026-03-19T20:58:12.961+0000] {logging_mixin.py:188} INFO - [2026-03-19T20:58:12.961+0000] {dagbag.py:538} INFO - Filling up the DagBag from /home/airflow/.local/lib/python3.8/site-packages/airflow/example_dags/example_skip_dag.py
[2026-03-19T20:58:12.965+0000] {processor.py:840} INFO - DAG(s) 'example_skip_dag' retrieved from /home/airflow/.local/lib/python3.8/site-packages/airflow/example_dags/example_skip_dag.py
[2026-03-19T20:58:12.979+0000] {logging_mixin.py:188} INFO - [2026-03-19T20:58:12.979+0000] {dag.py:3036} INFO - Sync 1 DAGs
[2026-03-19T20:58:12.992+0000] {logging_mixin.py:188} INFO - [2026-03-19T20:58:12.991+0000] {dag.py:3823} INFO - Setting next_dagrun for example_skip_dag to 2026-03-18 00:00:00+00:00, run_after=2026-03-19 00:00:00+00:00
[2026-03-19T20:58:13.001+0000] {processor.py:183} INFO - Processing /home/airflow/.local/lib/python3.8/site-packages/airflow/example_dags/example_skip_dag.py took 0.045 seconds
[2026-03-19T20:58:43.953+0000] {processor.py:161} INFO - Started process (PID=409) to work on /home/airflow/.local/lib/python3.8/site-packages/airflow/example_dags/example_skip_dag.py
[2026-03-19T20:58:43.954+0000] {processor.py:830} INFO - Processing file /home/airflow/.local/lib/python3.8/site-packages/airflow/example_dags/example_skip_dag.py for tasks to queue
[2026-03-19T20:58:43.955+0000] {logging_mixin.py:188} INFO - [2026-03-19T20:58:43.955+0000] {dagbag.py:538} INFO - Filling up the DagBag from /home/airflow/.local/lib/python3.8/site-packages/airflow/example_dags/example_skip_dag.py
[2026-03-19T20:58:43.959+0000] {processor.py:840} INFO - DAG(s) 'example_skip_dag' retrieved from /home/airflow/.local/lib/python3.8/site-packages/airflow/example_dags/example_skip_dag.py
[2026-03-19T20:58:43.971+0000] {logging_mixin.py:188} INFO - [2026-03-19T20:58:43.971+0000] {dag.py:3036} INFO - Sync 1 DAGs
[2026-03-19T20:58:43.983+0000] {logging_mixin.py:188} INFO - [2026-03-19T20:58:43.982+0000] {dag.py:3823} INFO - Setting next_dagrun for example_skip_dag to 2026-03-18 00:00:00+00:00, run_after=2026-03-19 00:00:00+00:00
[2026-03-19T20:58:43.994+0000] {processor.py:183} INFO - Processing /home/airflow/.local/lib/python3.8/site-packages/airflow/example_dags/example_skip_dag.py took 0.043 seconds
[2026-03-19T20:59:14.861+0000] {processor.py:161} INFO - Started process (PID=465) to work on /home/airflow/.local/lib/python3.8/site-packages/airflow/example_dags/example_skip_dag.py
[2026-03-19T20:59:14.863+0000] {processor.py:830} INFO - Processing file /home/airflow/.local/lib/python3.8/site-packages/airflow/example_dags/example_skip_dag.py for tasks to queue
[2026-03-19T20:59:14.864+0000] {logging_mixin.py:188} INFO - [2026-03-19T20:59:14.864+0000] {dagbag.py:538} INFO - Filling up the DagBag from /home/airflow/.local/lib/python3.8/site-packages/airflow/example_dags/example_skip_dag.py
[2026-03-19T20:59:14.870+0000] {processor.py:840} INFO - DAG(s) 'example_skip_dag' retrieved from /home/airflow/.local/lib/python3.8/site-packages/airflow/example_dags/example_skip_dag.py
[2026-03-19T20:59:14.882+0000] {logging_mixin.py:188} INFO - [2026-03-19T20:59:14.882+0000] {dag.py:3036} INFO - Sync 1 DAGs
[2026-03-19T20:59:14.894+0000] {logging_mixin.py:188} INFO - [2026-03-19T20:59:14.894+0000] {dag.py:3823} INFO - Setting next_dagrun for example_skip_dag to 2026-03-18 00:00:00+00:00, run_after=2026-03-19 00:00:00+00:00
[2026-03-19T20:59:14.904+0000] {processor.py:183} INFO - Processing /home/airflow/.local/lib/python3.8/site-packages/airflow/example_dags/example_skip_dag.py took 0.044 seconds
[2026-03-19T20:59:45.615+0000] {processor.py:161} INFO - Started process (PID=520) to work on /home/airflow/.local/lib/python3.8/site-packages/airflow/example_dags/example_skip_dag.py
[2026-03-19T20:59:45.615+0000] {processor.py:830} INFO - Processing file /home/airflow/.local/lib/python3.8/site-packages/airflow/example_dags/example_skip_dag.py for tasks to queue
[2026-03-19T20:59:45.617+0000] {logging_mixin.py:188} INFO - [2026-03-19T20:59:45.617+0000] {dagbag.py:538} INFO - Filling up the DagBag from /home/airflow/.local/lib/python3.8/site-packages/airflow/example_dags/example_skip_dag.py
[2026-03-19T20:59:45.621+0000] {processor.py:840} INFO - DAG(s) 'example_skip_dag' retrieved from /home/airflow/.local/lib/python3.8/site-packages/airflow/example_dags/example_skip_dag.py
[2026-03-19T20:59:45.635+0000] {logging_mixin.py:188} INFO - [2026-03-19T20:59:45.634+0000] {dag.py:3036} INFO - Sync 1 DAGs
[2026-03-19T20:59:45.648+0000] {logging_mixin.py:188} INFO - [2026-03-19T20:59:45.648+0000] {dag.py:3823} INFO - Setting next_dagrun for example_skip_dag to 2026-03-18 00:00:00+00:00, run_after=2026-03-19 00:00:00+00:00
[2026-03-19T20:59:45.659+0000] {processor.py:183} INFO - Processing /home/airflow/.local/lib/python3.8/site-packages/airflow/example_dags/example_skip_dag.py took 0.047 seconds
