[2026-03-19T20:55:40.567+0000] {processor.py:161} INFO - Started process (PID=105) to work on /home/airflow/.local/lib/python3.8/site-packages/airflow/example_dags/example_external_task_marker_dag.py
[2026-03-19T20:55:40.568+0000] {processor.py:830} INFO - Processing file /home/airflow/.local/lib/python3.8/site-packages/airflow/example_dags/example_external_task_marker_dag.py for tasks to queue
[2026-03-19T20:55:40.570+0000] {logging_mixin.py:188} INFO - [2026-03-19T20:55:40.569+0000] {dagbag.py:538} INFO - Filling up the DagBag from /home/airflow/.local/lib/python3.8/site-packages/airflow/example_dags/example_external_task_marker_dag.py
[2026-03-19T20:55:40.575+0000] {processor.py:840} INFO - DAG(s) 'example_external_task_marker_parent', 'example_external_task_marker_child' retrieved from /home/airflow/.local/lib/python3.8/site-packages/airflow/example_dags/example_external_task_marker_dag.py
[2026-03-19T20:55:40.584+0000] {logging_mixin.py:188} INFO - [2026-03-19T20:55:40.584+0000] {dag.py:3036} INFO - Sync 2 DAGs
[2026-03-19T20:55:40.593+0000] {logging_mixin.py:188} INFO - [2026-03-19T20:55:40.592+0000] {dag.py:3823} INFO - Setting next_dagrun for example_external_task_marker_child to None, run_after=None
[2026-03-19T20:55:40.595+0000] {logging_mixin.py:188} INFO - [2026-03-19T20:55:40.595+0000] {dag.py:3823} INFO - Setting next_dagrun for example_external_task_marker_parent to None, run_after=None
[2026-03-19T20:55:40.606+0000] {processor.py:183} INFO - Processing /home/airflow/.local/lib/python3.8/site-packages/airflow/example_dags/example_external_task_marker_dag.py took 0.042 seconds
[2026-03-19T20:56:11.883+0000] {processor.py:161} INFO - Started process (PID=166) to work on /home/airflow/.local/lib/python3.8/site-packages/airflow/example_dags/example_external_task_marker_dag.py
[2026-03-19T20:56:11.884+0000] {processor.py:830} INFO - Processing file /home/airflow/.local/lib/python3.8/site-packages/airflow/example_dags/example_external_task_marker_dag.py for tasks to queue
[2026-03-19T20:56:11.885+0000] {logging_mixin.py:188} INFO - [2026-03-19T20:56:11.885+0000] {dagbag.py:538} INFO - Filling up the DagBag from /home/airflow/.local/lib/python3.8/site-packages/airflow/example_dags/example_external_task_marker_dag.py
[2026-03-19T20:56:11.889+0000] {processor.py:840} INFO - DAG(s) 'example_external_task_marker_parent', 'example_external_task_marker_child' retrieved from /home/airflow/.local/lib/python3.8/site-packages/airflow/example_dags/example_external_task_marker_dag.py
[2026-03-19T20:56:11.948+0000] {logging_mixin.py:188} INFO - [2026-03-19T20:56:11.948+0000] {dag.py:3036} INFO - Sync 2 DAGs
[2026-03-19T20:56:11.954+0000] {logging_mixin.py:188} INFO - [2026-03-19T20:56:11.954+0000] {dag.py:3823} INFO - Setting next_dagrun for example_external_task_marker_child to None, run_after=None
[2026-03-19T20:56:11.956+0000] {logging_mixin.py:188} INFO - [2026-03-19T20:56:11.956+0000] {dag.py:3823} INFO - Setting next_dagrun for example_external_task_marker_parent to None, run_after=None
[2026-03-19T20:56:11.967+0000] {processor.py:183} INFO - Processing /home/airflow/.local/lib/python3.8/site-packages/airflow/example_dags/example_external_task_marker_dag.py took 0.086 seconds
[2026-03-19T20:56:42.761+0000] {processor.py:161} INFO - Started process (PID=221) to work on /home/airflow/.local/lib/python3.8/site-packages/airflow/example_dags/example_external_task_marker_dag.py
[2026-03-19T20:56:42.765+0000] {processor.py:830} INFO - Processing file /home/airflow/.local/lib/python3.8/site-packages/airflow/example_dags/example_external_task_marker_dag.py for tasks to queue
[2026-03-19T20:56:42.767+0000] {logging_mixin.py:188} INFO - [2026-03-19T20:56:42.767+0000] {dagbag.py:538} INFO - Filling up the DagBag from /home/airflow/.local/lib/python3.8/site-packages/airflow/example_dags/example_external_task_marker_dag.py
[2026-03-19T20:56:42.771+0000] {processor.py:840} INFO - DAG(s) 'example_external_task_marker_child', 'example_external_task_marker_parent' retrieved from /home/airflow/.local/lib/python3.8/site-packages/airflow/example_dags/example_external_task_marker_dag.py
[2026-03-19T20:56:42.787+0000] {logging_mixin.py:188} INFO - [2026-03-19T20:56:42.786+0000] {dag.py:3036} INFO - Sync 2 DAGs
[2026-03-19T20:56:42.794+0000] {logging_mixin.py:188} INFO - [2026-03-19T20:56:42.794+0000] {dag.py:3823} INFO - Setting next_dagrun for example_external_task_marker_child to None, run_after=None
[2026-03-19T20:56:42.796+0000] {logging_mixin.py:188} INFO - [2026-03-19T20:56:42.796+0000] {dag.py:3823} INFO - Setting next_dagrun for example_external_task_marker_parent to None, run_after=None
[2026-03-19T20:56:42.805+0000] {processor.py:183} INFO - Processing /home/airflow/.local/lib/python3.8/site-packages/airflow/example_dags/example_external_task_marker_dag.py took 0.045 seconds
[2026-03-19T20:57:13.520+0000] {processor.py:161} INFO - Started process (PID=276) to work on /home/airflow/.local/lib/python3.8/site-packages/airflow/example_dags/example_external_task_marker_dag.py
[2026-03-19T20:57:13.521+0000] {processor.py:830} INFO - Processing file /home/airflow/.local/lib/python3.8/site-packages/airflow/example_dags/example_external_task_marker_dag.py for tasks to queue
[2026-03-19T20:57:13.523+0000] {logging_mixin.py:188} INFO - [2026-03-19T20:57:13.522+0000] {dagbag.py:538} INFO - Filling up the DagBag from /home/airflow/.local/lib/python3.8/site-packages/airflow/example_dags/example_external_task_marker_dag.py
[2026-03-19T20:57:13.528+0000] {processor.py:840} INFO - DAG(s) 'example_external_task_marker_child', 'example_external_task_marker_parent' retrieved from /home/airflow/.local/lib/python3.8/site-packages/airflow/example_dags/example_external_task_marker_dag.py
[2026-03-19T20:57:13.544+0000] {logging_mixin.py:188} INFO - [2026-03-19T20:57:13.544+0000] {dag.py:3036} INFO - Sync 2 DAGs
[2026-03-19T20:57:13.553+0000] {logging_mixin.py:188} INFO - [2026-03-19T20:57:13.553+0000] {dag.py:3823} INFO - Setting next_dagrun for example_external_task_marker_child to None, run_after=None
[2026-03-19T20:57:13.556+0000] {logging_mixin.py:188} INFO - [2026-03-19T20:57:13.556+0000] {dag.py:3823} INFO - Setting next_dagrun for example_external_task_marker_parent to None, run_after=None
[2026-03-19T20:57:13.567+0000] {processor.py:183} INFO - Processing /home/airflow/.local/lib/python3.8/site-packages/airflow/example_dags/example_external_task_marker_dag.py took 0.050 seconds
[2026-03-19T20:57:44.297+0000] {processor.py:161} INFO - Started process (PID=331) to work on /home/airflow/.local/lib/python3.8/site-packages/airflow/example_dags/example_external_task_marker_dag.py
[2026-03-19T20:57:44.298+0000] {processor.py:830} INFO - Processing file /home/airflow/.local/lib/python3.8/site-packages/airflow/example_dags/example_external_task_marker_dag.py for tasks to queue
[2026-03-19T20:57:44.299+0000] {logging_mixin.py:188} INFO - [2026-03-19T20:57:44.299+0000] {dagbag.py:538} INFO - Filling up the DagBag from /home/airflow/.local/lib/python3.8/site-packages/airflow/example_dags/example_external_task_marker_dag.py
[2026-03-19T20:57:44.303+0000] {processor.py:840} INFO - DAG(s) 'example_external_task_marker_child', 'example_external_task_marker_parent' retrieved from /home/airflow/.local/lib/python3.8/site-packages/airflow/example_dags/example_external_task_marker_dag.py
[2026-03-19T20:57:44.315+0000] {logging_mixin.py:188} INFO - [2026-03-19T20:57:44.315+0000] {dag.py:3036} INFO - Sync 2 DAGs
[2026-03-19T20:57:44.322+0000] {logging_mixin.py:188} INFO - [2026-03-19T20:57:44.322+0000] {dag.py:3823} INFO - Setting next_dagrun for example_external_task_marker_child to None, run_after=None
[2026-03-19T20:57:44.324+0000] {logging_mixin.py:188} INFO - [2026-03-19T20:57:44.324+0000] {dag.py:3823} INFO - Setting next_dagrun for example_external_task_marker_parent to None, run_after=None
[2026-03-19T20:57:44.332+0000] {processor.py:183} INFO - Processing /home/airflow/.local/lib/python3.8/site-packages/airflow/example_dags/example_external_task_marker_dag.py took 0.037 seconds
[2026-03-19T20:58:15.197+0000] {processor.py:161} INFO - Started process (PID=386) to work on /home/airflow/.local/lib/python3.8/site-packages/airflow/example_dags/example_external_task_marker_dag.py
[2026-03-19T20:58:15.198+0000] {processor.py:830} INFO - Processing file /home/airflow/.local/lib/python3.8/site-packages/airflow/example_dags/example_external_task_marker_dag.py for tasks to queue
[2026-03-19T20:58:15.200+0000] {logging_mixin.py:188} INFO - [2026-03-19T20:58:15.200+0000] {dagbag.py:538} INFO - Filling up the DagBag from /home/airflow/.local/lib/python3.8/site-packages/airflow/example_dags/example_external_task_marker_dag.py
[2026-03-19T20:58:15.204+0000] {processor.py:840} INFO - DAG(s) 'example_external_task_marker_child', 'example_external_task_marker_parent' retrieved from /home/airflow/.local/lib/python3.8/site-packages/airflow/example_dags/example_external_task_marker_dag.py
[2026-03-19T20:58:15.217+0000] {logging_mixin.py:188} INFO - [2026-03-19T20:58:15.217+0000] {dag.py:3036} INFO - Sync 2 DAGs
[2026-03-19T20:58:15.224+0000] {logging_mixin.py:188} INFO - [2026-03-19T20:58:15.224+0000] {dag.py:3823} INFO - Setting next_dagrun for example_external_task_marker_child to None, run_after=None
[2026-03-19T20:58:15.226+0000] {logging_mixin.py:188} INFO - [2026-03-19T20:58:15.226+0000] {dag.py:3823} INFO - Setting next_dagrun for example_external_task_marker_parent to None, run_after=None
[2026-03-19T20:58:15.235+0000] {processor.py:183} INFO - Processing /home/airflow/.local/lib/python3.8/site-packages/airflow/example_dags/example_external_task_marker_dag.py took 0.040 seconds
[2026-03-19T20:58:45.277+0000] {processor.py:161} INFO - Started process (PID=441) to work on /home/airflow/.local/lib/python3.8/site-packages/airflow/example_dags/example_external_task_marker_dag.py
[2026-03-19T20:58:45.278+0000] {processor.py:830} INFO - Processing file /home/airflow/.local/lib/python3.8/site-packages/airflow/example_dags/example_external_task_marker_dag.py for tasks to queue
[2026-03-19T20:58:45.279+0000] {logging_mixin.py:188} INFO - [2026-03-19T20:58:45.279+0000] {dagbag.py:538} INFO - Filling up the DagBag from /home/airflow/.local/lib/python3.8/site-packages/airflow/example_dags/example_external_task_marker_dag.py
[2026-03-19T20:58:45.283+0000] {processor.py:840} INFO - DAG(s) 'example_external_task_marker_parent', 'example_external_task_marker_child' retrieved from /home/airflow/.local/lib/python3.8/site-packages/airflow/example_dags/example_external_task_marker_dag.py
[2026-03-19T20:58:45.302+0000] {logging_mixin.py:188} INFO - [2026-03-19T20:58:45.302+0000] {dag.py:3036} INFO - Sync 2 DAGs
[2026-03-19T20:58:45.311+0000] {logging_mixin.py:188} INFO - [2026-03-19T20:58:45.310+0000] {dag.py:3823} INFO - Setting next_dagrun for example_external_task_marker_child to None, run_after=None
[2026-03-19T20:58:45.313+0000] {logging_mixin.py:188} INFO - [2026-03-19T20:58:45.313+0000] {dag.py:3823} INFO - Setting next_dagrun for example_external_task_marker_parent to None, run_after=None
[2026-03-19T20:58:45.326+0000] {processor.py:183} INFO - Processing /home/airflow/.local/lib/python3.8/site-packages/airflow/example_dags/example_external_task_marker_dag.py took 0.052 seconds
[2026-03-19T20:59:16.019+0000] {processor.py:161} INFO - Started process (PID=497) to work on /home/airflow/.local/lib/python3.8/site-packages/airflow/example_dags/example_external_task_marker_dag.py
[2026-03-19T20:59:16.019+0000] {processor.py:830} INFO - Processing file /home/airflow/.local/lib/python3.8/site-packages/airflow/example_dags/example_external_task_marker_dag.py for tasks to queue
[2026-03-19T20:59:16.021+0000] {logging_mixin.py:188} INFO - [2026-03-19T20:59:16.020+0000] {dagbag.py:538} INFO - Filling up the DagBag from /home/airflow/.local/lib/python3.8/site-packages/airflow/example_dags/example_external_task_marker_dag.py
[2026-03-19T20:59:16.024+0000] {processor.py:840} INFO - DAG(s) 'example_external_task_marker_parent', 'example_external_task_marker_child' retrieved from /home/airflow/.local/lib/python3.8/site-packages/airflow/example_dags/example_external_task_marker_dag.py
[2026-03-19T20:59:16.038+0000] {logging_mixin.py:188} INFO - [2026-03-19T20:59:16.038+0000] {dag.py:3036} INFO - Sync 2 DAGs
[2026-03-19T20:59:16.045+0000] {logging_mixin.py:188} INFO - [2026-03-19T20:59:16.045+0000] {dag.py:3823} INFO - Setting next_dagrun for example_external_task_marker_child to None, run_after=None
[2026-03-19T20:59:16.047+0000] {logging_mixin.py:188} INFO - [2026-03-19T20:59:16.046+0000] {dag.py:3823} INFO - Setting next_dagrun for example_external_task_marker_parent to None, run_after=None
[2026-03-19T20:59:16.055+0000] {processor.py:183} INFO - Processing /home/airflow/.local/lib/python3.8/site-packages/airflow/example_dags/example_external_task_marker_dag.py took 0.039 seconds
[2026-03-19T20:59:46.642+0000] {processor.py:161} INFO - Started process (PID=552) to work on /home/airflow/.local/lib/python3.8/site-packages/airflow/example_dags/example_external_task_marker_dag.py
[2026-03-19T20:59:46.643+0000] {processor.py:830} INFO - Processing file /home/airflow/.local/lib/python3.8/site-packages/airflow/example_dags/example_external_task_marker_dag.py for tasks to queue
[2026-03-19T20:59:46.644+0000] {logging_mixin.py:188} INFO - [2026-03-19T20:59:46.644+0000] {dagbag.py:538} INFO - Filling up the DagBag from /home/airflow/.local/lib/python3.8/site-packages/airflow/example_dags/example_external_task_marker_dag.py
[2026-03-19T20:59:46.648+0000] {processor.py:840} INFO - DAG(s) 'example_external_task_marker_parent', 'example_external_task_marker_child' retrieved from /home/airflow/.local/lib/python3.8/site-packages/airflow/example_dags/example_external_task_marker_dag.py
[2026-03-19T20:59:46.663+0000] {logging_mixin.py:188} INFO - [2026-03-19T20:59:46.663+0000] {dag.py:3036} INFO - Sync 2 DAGs
[2026-03-19T20:59:46.671+0000] {logging_mixin.py:188} INFO - [2026-03-19T20:59:46.671+0000] {dag.py:3823} INFO - Setting next_dagrun for example_external_task_marker_child to None, run_after=None
[2026-03-19T20:59:46.674+0000] {logging_mixin.py:188} INFO - [2026-03-19T20:59:46.673+0000] {dag.py:3823} INFO - Setting next_dagrun for example_external_task_marker_parent to None, run_after=None
[2026-03-19T20:59:46.683+0000] {processor.py:183} INFO - Processing /home/airflow/.local/lib/python3.8/site-packages/airflow/example_dags/example_external_task_marker_dag.py took 0.043 seconds
