[2026-03-19T20:55:40.530+0000] {processor.py:161} INFO - Started process (PID=104) to work on /home/airflow/.local/lib/python3.8/site-packages/airflow/example_dags/example_sla_dag.py
[2026-03-19T20:55:40.531+0000] {processor.py:830} INFO - Processing file /home/airflow/.local/lib/python3.8/site-packages/airflow/example_dags/example_sla_dag.py for tasks to queue
[2026-03-19T20:55:40.533+0000] {logging_mixin.py:188} INFO - [2026-03-19T20:55:40.532+0000] {dagbag.py:538} INFO - Filling up the DagBag from /home/airflow/.local/lib/python3.8/site-packages/airflow/example_dags/example_sla_dag.py
[2026-03-19T20:55:40.540+0000] {processor.py:840} INFO - DAG(s) 'example_sla_dag' retrieved from /home/airflow/.local/lib/python3.8/site-packages/airflow/example_dags/example_sla_dag.py
[2026-03-19T20:55:40.548+0000] {logging_mixin.py:188} INFO - [2026-03-19T20:55:40.548+0000] {dag.py:3036} INFO - Sync 1 DAGs
[2026-03-19T20:55:40.563+0000] {logging_mixin.py:188} INFO - [2026-03-19T20:55:40.563+0000] {dag.py:3823} INFO - Setting next_dagrun for example_sla_dag to 2026-03-19 20:52:00+00:00, run_after=2026-03-19 20:54:00+00:00
[2026-03-19T20:55:40.575+0000] {processor.py:183} INFO - Processing /home/airflow/.local/lib/python3.8/site-packages/airflow/example_dags/example_sla_dag.py took 0.048 seconds
[2026-03-19T20:56:11.782+0000] {processor.py:161} INFO - Started process (PID=165) to work on /home/airflow/.local/lib/python3.8/site-packages/airflow/example_dags/example_sla_dag.py
[2026-03-19T20:56:11.782+0000] {processor.py:830} INFO - Processing file /home/airflow/.local/lib/python3.8/site-packages/airflow/example_dags/example_sla_dag.py for tasks to queue
[2026-03-19T20:56:11.783+0000] {logging_mixin.py:188} INFO - [2026-03-19T20:56:11.783+0000] {dagbag.py:538} INFO - Filling up the DagBag from /home/airflow/.local/lib/python3.8/site-packages/airflow/example_dags/example_sla_dag.py
[2026-03-19T20:56:11.788+0000] {processor.py:840} INFO - DAG(s) 'example_sla_dag' retrieved from /home/airflow/.local/lib/python3.8/site-packages/airflow/example_dags/example_sla_dag.py
[2026-03-19T20:56:11.839+0000] {logging_mixin.py:188} INFO - [2026-03-19T20:56:11.839+0000] {dag.py:3036} INFO - Sync 1 DAGs
[2026-03-19T20:56:11.852+0000] {logging_mixin.py:188} INFO - [2026-03-19T20:56:11.852+0000] {dag.py:3823} INFO - Setting next_dagrun for example_sla_dag to 2026-03-19 20:54:00+00:00, run_after=2026-03-19 20:56:00+00:00
[2026-03-19T20:56:11.863+0000] {processor.py:183} INFO - Processing /home/airflow/.local/lib/python3.8/site-packages/airflow/example_dags/example_sla_dag.py took 0.084 seconds
[2026-03-19T20:56:42.737+0000] {processor.py:161} INFO - Started process (PID=220) to work on /home/airflow/.local/lib/python3.8/site-packages/airflow/example_dags/example_sla_dag.py
[2026-03-19T20:56:42.738+0000] {processor.py:830} INFO - Processing file /home/airflow/.local/lib/python3.8/site-packages/airflow/example_dags/example_sla_dag.py for tasks to queue
[2026-03-19T20:56:42.739+0000] {logging_mixin.py:188} INFO - [2026-03-19T20:56:42.739+0000] {dagbag.py:538} INFO - Filling up the DagBag from /home/airflow/.local/lib/python3.8/site-packages/airflow/example_dags/example_sla_dag.py
[2026-03-19T20:56:42.745+0000] {processor.py:840} INFO - DAG(s) 'example_sla_dag' retrieved from /home/airflow/.local/lib/python3.8/site-packages/airflow/example_dags/example_sla_dag.py
[2026-03-19T20:56:42.758+0000] {logging_mixin.py:188} INFO - [2026-03-19T20:56:42.757+0000] {dag.py:3036} INFO - Sync 1 DAGs
[2026-03-19T20:56:42.772+0000] {logging_mixin.py:188} INFO - [2026-03-19T20:56:42.772+0000] {dag.py:3823} INFO - Setting next_dagrun for example_sla_dag to 2026-03-19 20:54:00+00:00, run_after=2026-03-19 20:56:00+00:00
[2026-03-19T20:56:42.783+0000] {processor.py:183} INFO - Processing /home/airflow/.local/lib/python3.8/site-packages/airflow/example_dags/example_sla_dag.py took 0.048 seconds
[2026-03-19T20:57:13.508+0000] {processor.py:161} INFO - Started process (PID=275) to work on /home/airflow/.local/lib/python3.8/site-packages/airflow/example_dags/example_sla_dag.py
[2026-03-19T20:57:13.508+0000] {processor.py:830} INFO - Processing file /home/airflow/.local/lib/python3.8/site-packages/airflow/example_dags/example_sla_dag.py for tasks to queue
[2026-03-19T20:57:13.510+0000] {logging_mixin.py:188} INFO - [2026-03-19T20:57:13.509+0000] {dagbag.py:538} INFO - Filling up the DagBag from /home/airflow/.local/lib/python3.8/site-packages/airflow/example_dags/example_sla_dag.py
[2026-03-19T20:57:13.515+0000] {processor.py:840} INFO - DAG(s) 'example_sla_dag' retrieved from /home/airflow/.local/lib/python3.8/site-packages/airflow/example_dags/example_sla_dag.py
[2026-03-19T20:57:13.527+0000] {logging_mixin.py:188} INFO - [2026-03-19T20:57:13.527+0000] {dag.py:3036} INFO - Sync 1 DAGs
[2026-03-19T20:57:13.542+0000] {logging_mixin.py:188} INFO - [2026-03-19T20:57:13.542+0000] {dag.py:3823} INFO - Setting next_dagrun for example_sla_dag to 2026-03-19 20:54:00+00:00, run_after=2026-03-19 20:56:00+00:00
[2026-03-19T20:57:13.553+0000] {processor.py:183} INFO - Processing /home/airflow/.local/lib/python3.8/site-packages/airflow/example_dags/example_sla_dag.py took 0.047 seconds
[2026-03-19T20:57:44.287+0000] {processor.py:161} INFO - Started process (PID=330) to work on /home/airflow/.local/lib/python3.8/site-packages/airflow/example_dags/example_sla_dag.py
[2026-03-19T20:57:44.289+0000] {processor.py:830} INFO - Processing file /home/airflow/.local/lib/python3.8/site-packages/airflow/example_dags/example_sla_dag.py for tasks to queue
[2026-03-19T20:57:44.291+0000] {logging_mixin.py:188} INFO - [2026-03-19T20:57:44.290+0000] {dagbag.py:538} INFO - Filling up the DagBag from /home/airflow/.local/lib/python3.8/site-packages/airflow/example_dags/example_sla_dag.py
[2026-03-19T20:57:44.296+0000] {processor.py:840} INFO - DAG(s) 'example_sla_dag' retrieved from /home/airflow/.local/lib/python3.8/site-packages/airflow/example_dags/example_sla_dag.py
[2026-03-19T20:57:44.307+0000] {logging_mixin.py:188} INFO - [2026-03-19T20:57:44.306+0000] {dag.py:3036} INFO - Sync 1 DAGs
[2026-03-19T20:57:44.320+0000] {logging_mixin.py:188} INFO - [2026-03-19T20:57:44.320+0000] {dag.py:3823} INFO - Setting next_dagrun for example_sla_dag to 2026-03-19 20:54:00+00:00, run_after=2026-03-19 20:56:00+00:00
[2026-03-19T20:57:44.329+0000] {processor.py:183} INFO - Processing /home/airflow/.local/lib/python3.8/site-packages/airflow/example_dags/example_sla_dag.py took 0.044 seconds
[2026-03-19T20:58:15.130+0000] {processor.py:161} INFO - Started process (PID=385) to work on /home/airflow/.local/lib/python3.8/site-packages/airflow/example_dags/example_sla_dag.py
[2026-03-19T20:58:15.131+0000] {processor.py:830} INFO - Processing file /home/airflow/.local/lib/python3.8/site-packages/airflow/example_dags/example_sla_dag.py for tasks to queue
[2026-03-19T20:58:15.132+0000] {logging_mixin.py:188} INFO - [2026-03-19T20:58:15.132+0000] {dagbag.py:538} INFO - Filling up the DagBag from /home/airflow/.local/lib/python3.8/site-packages/airflow/example_dags/example_sla_dag.py
[2026-03-19T20:58:15.138+0000] {processor.py:840} INFO - DAG(s) 'example_sla_dag' retrieved from /home/airflow/.local/lib/python3.8/site-packages/airflow/example_dags/example_sla_dag.py
[2026-03-19T20:58:15.149+0000] {logging_mixin.py:188} INFO - [2026-03-19T20:58:15.149+0000] {dag.py:3036} INFO - Sync 1 DAGs
[2026-03-19T20:58:15.162+0000] {logging_mixin.py:188} INFO - [2026-03-19T20:58:15.162+0000] {dag.py:3823} INFO - Setting next_dagrun for example_sla_dag to 2026-03-19 20:56:00+00:00, run_after=2026-03-19 20:58:00+00:00
[2026-03-19T20:58:15.172+0000] {processor.py:183} INFO - Processing /home/airflow/.local/lib/python3.8/site-packages/airflow/example_dags/example_sla_dag.py took 0.044 seconds
[2026-03-19T20:58:45.243+0000] {processor.py:161} INFO - Started process (PID=440) to work on /home/airflow/.local/lib/python3.8/site-packages/airflow/example_dags/example_sla_dag.py
[2026-03-19T20:58:45.244+0000] {processor.py:830} INFO - Processing file /home/airflow/.local/lib/python3.8/site-packages/airflow/example_dags/example_sla_dag.py for tasks to queue
[2026-03-19T20:58:45.245+0000] {logging_mixin.py:188} INFO - [2026-03-19T20:58:45.245+0000] {dagbag.py:538} INFO - Filling up the DagBag from /home/airflow/.local/lib/python3.8/site-packages/airflow/example_dags/example_sla_dag.py
[2026-03-19T20:58:45.252+0000] {processor.py:840} INFO - DAG(s) 'example_sla_dag' retrieved from /home/airflow/.local/lib/python3.8/site-packages/airflow/example_dags/example_sla_dag.py
[2026-03-19T20:58:45.267+0000] {logging_mixin.py:188} INFO - [2026-03-19T20:58:45.267+0000] {dag.py:3036} INFO - Sync 1 DAGs
[2026-03-19T20:58:45.283+0000] {logging_mixin.py:188} INFO - [2026-03-19T20:58:45.282+0000] {dag.py:3823} INFO - Setting next_dagrun for example_sla_dag to 2026-03-19 20:56:00+00:00, run_after=2026-03-19 20:58:00+00:00
[2026-03-19T20:58:45.296+0000] {processor.py:183} INFO - Processing /home/airflow/.local/lib/python3.8/site-packages/airflow/example_dags/example_sla_dag.py took 0.055 seconds
[2026-03-19T20:59:16.019+0000] {processor.py:161} INFO - Started process (PID=496) to work on /home/airflow/.local/lib/python3.8/site-packages/airflow/example_dags/example_sla_dag.py
[2026-03-19T20:59:16.019+0000] {processor.py:830} INFO - Processing file /home/airflow/.local/lib/python3.8/site-packages/airflow/example_dags/example_sla_dag.py for tasks to queue
[2026-03-19T20:59:16.021+0000] {logging_mixin.py:188} INFO - [2026-03-19T20:59:16.020+0000] {dagbag.py:538} INFO - Filling up the DagBag from /home/airflow/.local/lib/python3.8/site-packages/airflow/example_dags/example_sla_dag.py
[2026-03-19T20:59:16.025+0000] {processor.py:840} INFO - DAG(s) 'example_sla_dag' retrieved from /home/airflow/.local/lib/python3.8/site-packages/airflow/example_dags/example_sla_dag.py
[2026-03-19T20:59:16.036+0000] {logging_mixin.py:188} INFO - [2026-03-19T20:59:16.036+0000] {dag.py:3036} INFO - Sync 1 DAGs
[2026-03-19T20:59:16.049+0000] {logging_mixin.py:188} INFO - [2026-03-19T20:59:16.048+0000] {dag.py:3823} INFO - Setting next_dagrun for example_sla_dag to 2026-03-19 20:56:00+00:00, run_after=2026-03-19 20:58:00+00:00
[2026-03-19T20:59:16.058+0000] {processor.py:183} INFO - Processing /home/airflow/.local/lib/python3.8/site-packages/airflow/example_dags/example_sla_dag.py took 0.041 seconds
[2026-03-19T20:59:46.607+0000] {processor.py:161} INFO - Started process (PID=551) to work on /home/airflow/.local/lib/python3.8/site-packages/airflow/example_dags/example_sla_dag.py
[2026-03-19T20:59:46.608+0000] {processor.py:830} INFO - Processing file /home/airflow/.local/lib/python3.8/site-packages/airflow/example_dags/example_sla_dag.py for tasks to queue
[2026-03-19T20:59:46.610+0000] {logging_mixin.py:188} INFO - [2026-03-19T20:59:46.610+0000] {dagbag.py:538} INFO - Filling up the DagBag from /home/airflow/.local/lib/python3.8/site-packages/airflow/example_dags/example_sla_dag.py
[2026-03-19T20:59:46.616+0000] {processor.py:840} INFO - DAG(s) 'example_sla_dag' retrieved from /home/airflow/.local/lib/python3.8/site-packages/airflow/example_dags/example_sla_dag.py
[2026-03-19T20:59:46.628+0000] {logging_mixin.py:188} INFO - [2026-03-19T20:59:46.628+0000] {dag.py:3036} INFO - Sync 1 DAGs
[2026-03-19T20:59:46.643+0000] {logging_mixin.py:188} INFO - [2026-03-19T20:59:46.643+0000] {dag.py:3823} INFO - Setting next_dagrun for example_sla_dag to 2026-03-19 20:56:00+00:00, run_after=2026-03-19 20:58:00+00:00
[2026-03-19T20:59:46.654+0000] {processor.py:183} INFO - Processing /home/airflow/.local/lib/python3.8/site-packages/airflow/example_dags/example_sla_dag.py took 0.049 seconds
