[2026-03-19T20:55:39.587+0000] {processor.py:161} INFO - Started process (PID=79) to work on /home/airflow/.local/lib/python3.8/site-packages/airflow/example_dags/example_python_decorator.py
[2026-03-19T20:55:39.588+0000] {processor.py:830} INFO - Processing file /home/airflow/.local/lib/python3.8/site-packages/airflow/example_dags/example_python_decorator.py for tasks to queue
[2026-03-19T20:55:39.589+0000] {logging_mixin.py:188} INFO - [2026-03-19T20:55:39.589+0000] {dagbag.py:538} INFO - Filling up the DagBag from /home/airflow/.local/lib/python3.8/site-packages/airflow/example_dags/example_python_decorator.py
[2026-03-19T20:55:39.602+0000] {processor.py:840} INFO - DAG(s) 'example_python_decorator' retrieved from /home/airflow/.local/lib/python3.8/site-packages/airflow/example_dags/example_python_decorator.py
[2026-03-19T20:55:39.609+0000] {logging_mixin.py:188} INFO - [2026-03-19T20:55:39.609+0000] {dag.py:3036} INFO - Sync 1 DAGs
[2026-03-19T20:55:39.617+0000] {logging_mixin.py:188} INFO - [2026-03-19T20:55:39.617+0000] {dag.py:3823} INFO - Setting next_dagrun for example_python_decorator to None, run_after=None
[2026-03-19T20:55:39.628+0000] {processor.py:183} INFO - Processing /home/airflow/.local/lib/python3.8/site-packages/airflow/example_dags/example_python_decorator.py took 0.044 seconds
[2026-03-19T20:56:10.415+0000] {processor.py:161} INFO - Started process (PID=134) to work on /home/airflow/.local/lib/python3.8/site-packages/airflow/example_dags/example_python_decorator.py
[2026-03-19T20:56:10.415+0000] {processor.py:830} INFO - Processing file /home/airflow/.local/lib/python3.8/site-packages/airflow/example_dags/example_python_decorator.py for tasks to queue
[2026-03-19T20:56:10.417+0000] {logging_mixin.py:188} INFO - [2026-03-19T20:56:10.416+0000] {dagbag.py:538} INFO - Filling up the DagBag from /home/airflow/.local/lib/python3.8/site-packages/airflow/example_dags/example_python_decorator.py
[2026-03-19T20:56:10.424+0000] {processor.py:840} INFO - DAG(s) 'example_python_decorator' retrieved from /home/airflow/.local/lib/python3.8/site-packages/airflow/example_dags/example_python_decorator.py
[2026-03-19T20:56:10.477+0000] {logging_mixin.py:188} INFO - [2026-03-19T20:56:10.476+0000] {dag.py:3036} INFO - Sync 1 DAGs
[2026-03-19T20:56:10.482+0000] {logging_mixin.py:188} INFO - [2026-03-19T20:56:10.482+0000] {dag.py:3823} INFO - Setting next_dagrun for example_python_decorator to None, run_after=None
[2026-03-19T20:56:10.493+0000] {processor.py:183} INFO - Processing /home/airflow/.local/lib/python3.8/site-packages/airflow/example_dags/example_python_decorator.py took 0.080 seconds
[2026-03-19T20:56:40.774+0000] {processor.py:161} INFO - Started process (PID=189) to work on /home/airflow/.local/lib/python3.8/site-packages/airflow/example_dags/example_python_decorator.py
[2026-03-19T20:56:40.775+0000] {processor.py:830} INFO - Processing file /home/airflow/.local/lib/python3.8/site-packages/airflow/example_dags/example_python_decorator.py for tasks to queue
[2026-03-19T20:56:40.777+0000] {logging_mixin.py:188} INFO - [2026-03-19T20:56:40.777+0000] {dagbag.py:538} INFO - Filling up the DagBag from /home/airflow/.local/lib/python3.8/site-packages/airflow/example_dags/example_python_decorator.py
[2026-03-19T20:56:40.786+0000] {processor.py:840} INFO - DAG(s) 'example_python_decorator' retrieved from /home/airflow/.local/lib/python3.8/site-packages/airflow/example_dags/example_python_decorator.py
[2026-03-19T20:56:40.801+0000] {logging_mixin.py:188} INFO - [2026-03-19T20:56:40.801+0000] {dag.py:3036} INFO - Sync 1 DAGs
[2026-03-19T20:56:40.809+0000] {logging_mixin.py:188} INFO - [2026-03-19T20:56:40.808+0000] {dag.py:3823} INFO - Setting next_dagrun for example_python_decorator to None, run_after=None
[2026-03-19T20:56:40.821+0000] {processor.py:183} INFO - Processing /home/airflow/.local/lib/python3.8/site-packages/airflow/example_dags/example_python_decorator.py took 0.049 seconds
[2026-03-19T20:57:11.584+0000] {processor.py:161} INFO - Started process (PID=250) to work on /home/airflow/.local/lib/python3.8/site-packages/airflow/example_dags/example_python_decorator.py
[2026-03-19T20:57:11.585+0000] {processor.py:830} INFO - Processing file /home/airflow/.local/lib/python3.8/site-packages/airflow/example_dags/example_python_decorator.py for tasks to queue
[2026-03-19T20:57:11.587+0000] {logging_mixin.py:188} INFO - [2026-03-19T20:57:11.586+0000] {dagbag.py:538} INFO - Filling up the DagBag from /home/airflow/.local/lib/python3.8/site-packages/airflow/example_dags/example_python_decorator.py
[2026-03-19T20:57:11.595+0000] {processor.py:840} INFO - DAG(s) 'example_python_decorator' retrieved from /home/airflow/.local/lib/python3.8/site-packages/airflow/example_dags/example_python_decorator.py
[2026-03-19T20:57:11.608+0000] {logging_mixin.py:188} INFO - [2026-03-19T20:57:11.608+0000] {dag.py:3036} INFO - Sync 1 DAGs
[2026-03-19T20:57:11.616+0000] {logging_mixin.py:188} INFO - [2026-03-19T20:57:11.615+0000] {dag.py:3823} INFO - Setting next_dagrun for example_python_decorator to None, run_after=None
[2026-03-19T20:57:11.628+0000] {processor.py:183} INFO - Processing /home/airflow/.local/lib/python3.8/site-packages/airflow/example_dags/example_python_decorator.py took 0.047 seconds
[2026-03-19T20:57:42.419+0000] {processor.py:161} INFO - Started process (PID=305) to work on /home/airflow/.local/lib/python3.8/site-packages/airflow/example_dags/example_python_decorator.py
[2026-03-19T20:57:42.420+0000] {processor.py:830} INFO - Processing file /home/airflow/.local/lib/python3.8/site-packages/airflow/example_dags/example_python_decorator.py for tasks to queue
[2026-03-19T20:57:42.421+0000] {logging_mixin.py:188} INFO - [2026-03-19T20:57:42.421+0000] {dagbag.py:538} INFO - Filling up the DagBag from /home/airflow/.local/lib/python3.8/site-packages/airflow/example_dags/example_python_decorator.py
[2026-03-19T20:57:42.430+0000] {processor.py:840} INFO - DAG(s) 'example_python_decorator' retrieved from /home/airflow/.local/lib/python3.8/site-packages/airflow/example_dags/example_python_decorator.py
[2026-03-19T20:57:42.446+0000] {logging_mixin.py:188} INFO - [2026-03-19T20:57:42.446+0000] {dag.py:3036} INFO - Sync 1 DAGs
[2026-03-19T20:57:42.454+0000] {logging_mixin.py:188} INFO - [2026-03-19T20:57:42.453+0000] {dag.py:3823} INFO - Setting next_dagrun for example_python_decorator to None, run_after=None
[2026-03-19T20:57:42.465+0000] {processor.py:183} INFO - Processing /home/airflow/.local/lib/python3.8/site-packages/airflow/example_dags/example_python_decorator.py took 0.047 seconds
[2026-03-19T20:58:13.214+0000] {processor.py:161} INFO - Started process (PID=360) to work on /home/airflow/.local/lib/python3.8/site-packages/airflow/example_dags/example_python_decorator.py
[2026-03-19T20:58:13.215+0000] {processor.py:830} INFO - Processing file /home/airflow/.local/lib/python3.8/site-packages/airflow/example_dags/example_python_decorator.py for tasks to queue
[2026-03-19T20:58:13.216+0000] {logging_mixin.py:188} INFO - [2026-03-19T20:58:13.216+0000] {dagbag.py:538} INFO - Filling up the DagBag from /home/airflow/.local/lib/python3.8/site-packages/airflow/example_dags/example_python_decorator.py
[2026-03-19T20:58:13.224+0000] {processor.py:840} INFO - DAG(s) 'example_python_decorator' retrieved from /home/airflow/.local/lib/python3.8/site-packages/airflow/example_dags/example_python_decorator.py
[2026-03-19T20:58:13.236+0000] {logging_mixin.py:188} INFO - [2026-03-19T20:58:13.236+0000] {dag.py:3036} INFO - Sync 1 DAGs
[2026-03-19T20:58:13.243+0000] {logging_mixin.py:188} INFO - [2026-03-19T20:58:13.243+0000] {dag.py:3823} INFO - Setting next_dagrun for example_python_decorator to None, run_after=None
[2026-03-19T20:58:13.254+0000] {processor.py:183} INFO - Processing /home/airflow/.local/lib/python3.8/site-packages/airflow/example_dags/example_python_decorator.py took 0.041 seconds
[2026-03-19T20:58:44.143+0000] {processor.py:161} INFO - Started process (PID=415) to work on /home/airflow/.local/lib/python3.8/site-packages/airflow/example_dags/example_python_decorator.py
[2026-03-19T20:58:44.144+0000] {processor.py:830} INFO - Processing file /home/airflow/.local/lib/python3.8/site-packages/airflow/example_dags/example_python_decorator.py for tasks to queue
[2026-03-19T20:58:44.145+0000] {logging_mixin.py:188} INFO - [2026-03-19T20:58:44.145+0000] {dagbag.py:538} INFO - Filling up the DagBag from /home/airflow/.local/lib/python3.8/site-packages/airflow/example_dags/example_python_decorator.py
[2026-03-19T20:58:44.153+0000] {processor.py:840} INFO - DAG(s) 'example_python_decorator' retrieved from /home/airflow/.local/lib/python3.8/site-packages/airflow/example_dags/example_python_decorator.py
[2026-03-19T20:58:44.167+0000] {logging_mixin.py:188} INFO - [2026-03-19T20:58:44.166+0000] {dag.py:3036} INFO - Sync 1 DAGs
[2026-03-19T20:58:44.175+0000] {logging_mixin.py:188} INFO - [2026-03-19T20:58:44.174+0000] {dag.py:3823} INFO - Setting next_dagrun for example_python_decorator to None, run_after=None
[2026-03-19T20:58:44.186+0000] {processor.py:183} INFO - Processing /home/airflow/.local/lib/python3.8/site-packages/airflow/example_dags/example_python_decorator.py took 0.045 seconds
[2026-03-19T20:59:15.089+0000] {processor.py:161} INFO - Started process (PID=471) to work on /home/airflow/.local/lib/python3.8/site-packages/airflow/example_dags/example_python_decorator.py
[2026-03-19T20:59:15.090+0000] {processor.py:830} INFO - Processing file /home/airflow/.local/lib/python3.8/site-packages/airflow/example_dags/example_python_decorator.py for tasks to queue
[2026-03-19T20:59:15.092+0000] {logging_mixin.py:188} INFO - [2026-03-19T20:59:15.092+0000] {dagbag.py:538} INFO - Filling up the DagBag from /home/airflow/.local/lib/python3.8/site-packages/airflow/example_dags/example_python_decorator.py
[2026-03-19T20:59:15.102+0000] {processor.py:840} INFO - DAG(s) 'example_python_decorator' retrieved from /home/airflow/.local/lib/python3.8/site-packages/airflow/example_dags/example_python_decorator.py
[2026-03-19T20:59:15.115+0000] {logging_mixin.py:188} INFO - [2026-03-19T20:59:15.115+0000] {dag.py:3036} INFO - Sync 1 DAGs
[2026-03-19T20:59:15.122+0000] {logging_mixin.py:188} INFO - [2026-03-19T20:59:15.122+0000] {dag.py:3823} INFO - Setting next_dagrun for example_python_decorator to None, run_after=None
[2026-03-19T20:59:15.134+0000] {processor.py:183} INFO - Processing /home/airflow/.local/lib/python3.8/site-packages/airflow/example_dags/example_python_decorator.py took 0.048 seconds
[2026-03-19T20:59:45.811+0000] {processor.py:161} INFO - Started process (PID=526) to work on /home/airflow/.local/lib/python3.8/site-packages/airflow/example_dags/example_python_decorator.py
[2026-03-19T20:59:45.813+0000] {processor.py:830} INFO - Processing file /home/airflow/.local/lib/python3.8/site-packages/airflow/example_dags/example_python_decorator.py for tasks to queue
[2026-03-19T20:59:45.815+0000] {logging_mixin.py:188} INFO - [2026-03-19T20:59:45.815+0000] {dagbag.py:538} INFO - Filling up the DagBag from /home/airflow/.local/lib/python3.8/site-packages/airflow/example_dags/example_python_decorator.py
[2026-03-19T20:59:45.823+0000] {processor.py:840} INFO - DAG(s) 'example_python_decorator' retrieved from /home/airflow/.local/lib/python3.8/site-packages/airflow/example_dags/example_python_decorator.py
[2026-03-19T20:59:45.835+0000] {logging_mixin.py:188} INFO - [2026-03-19T20:59:45.834+0000] {dag.py:3036} INFO - Sync 1 DAGs
[2026-03-19T20:59:45.841+0000] {logging_mixin.py:188} INFO - [2026-03-19T20:59:45.841+0000] {dag.py:3823} INFO - Setting next_dagrun for example_python_decorator to None, run_after=None
[2026-03-19T20:59:45.851+0000] {processor.py:183} INFO - Processing /home/airflow/.local/lib/python3.8/site-packages/airflow/example_dags/example_python_decorator.py took 0.043 seconds
