[2026-03-19T20:55:39.053+0000] {processor.py:161} INFO - Started process (PID=64) to work on /home/airflow/.local/lib/python3.8/site-packages/airflow/example_dags/example_task_group.py
[2026-03-19T20:55:39.054+0000] {processor.py:830} INFO - Processing file /home/airflow/.local/lib/python3.8/site-packages/airflow/example_dags/example_task_group.py for tasks to queue
[2026-03-19T20:55:39.056+0000] {logging_mixin.py:188} INFO - [2026-03-19T20:55:39.056+0000] {dagbag.py:538} INFO - Filling up the DagBag from /home/airflow/.local/lib/python3.8/site-packages/airflow/example_dags/example_task_group.py
[2026-03-19T20:55:39.068+0000] {processor.py:840} INFO - DAG(s) 'example_task_group' retrieved from /home/airflow/.local/lib/python3.8/site-packages/airflow/example_dags/example_task_group.py
[2026-03-19T20:55:39.085+0000] {logging_mixin.py:188} INFO - [2026-03-19T20:55:39.085+0000] {dag.py:3036} INFO - Sync 1 DAGs
[2026-03-19T20:55:39.103+0000] {logging_mixin.py:188} INFO - [2026-03-19T20:55:39.103+0000] {dag.py:3823} INFO - Setting next_dagrun for example_task_group to 2026-03-18 00:00:00+00:00, run_after=2026-03-19 00:00:00+00:00
[2026-03-19T20:55:39.116+0000] {processor.py:183} INFO - Processing /home/airflow/.local/lib/python3.8/site-packages/airflow/example_dags/example_task_group.py took 0.065 seconds
[2026-03-19T20:56:09.500+0000] {processor.py:161} INFO - Started process (PID=119) to work on /home/airflow/.local/lib/python3.8/site-packages/airflow/example_dags/example_task_group.py
[2026-03-19T20:56:09.501+0000] {processor.py:830} INFO - Processing file /home/airflow/.local/lib/python3.8/site-packages/airflow/example_dags/example_task_group.py for tasks to queue
[2026-03-19T20:56:09.503+0000] {logging_mixin.py:188} INFO - [2026-03-19T20:56:09.502+0000] {dagbag.py:538} INFO - Filling up the DagBag from /home/airflow/.local/lib/python3.8/site-packages/airflow/example_dags/example_task_group.py
[2026-03-19T20:56:09.507+0000] {processor.py:840} INFO - DAG(s) 'example_task_group' retrieved from /home/airflow/.local/lib/python3.8/site-packages/airflow/example_dags/example_task_group.py
[2026-03-19T20:56:09.599+0000] {logging_mixin.py:188} INFO - [2026-03-19T20:56:09.599+0000] {dag.py:3036} INFO - Sync 1 DAGs
[2026-03-19T20:56:09.610+0000] {logging_mixin.py:188} INFO - [2026-03-19T20:56:09.609+0000] {dag.py:3823} INFO - Setting next_dagrun for example_task_group to 2026-03-18 00:00:00+00:00, run_after=2026-03-19 00:00:00+00:00
[2026-03-19T20:56:09.622+0000] {processor.py:183} INFO - Processing /home/airflow/.local/lib/python3.8/site-packages/airflow/example_dags/example_task_group.py took 0.124 seconds
[2026-03-19T20:56:40.258+0000] {processor.py:161} INFO - Started process (PID=174) to work on /home/airflow/.local/lib/python3.8/site-packages/airflow/example_dags/example_task_group.py
[2026-03-19T20:56:40.259+0000] {processor.py:830} INFO - Processing file /home/airflow/.local/lib/python3.8/site-packages/airflow/example_dags/example_task_group.py for tasks to queue
[2026-03-19T20:56:40.260+0000] {logging_mixin.py:188} INFO - [2026-03-19T20:56:40.260+0000] {dagbag.py:538} INFO - Filling up the DagBag from /home/airflow/.local/lib/python3.8/site-packages/airflow/example_dags/example_task_group.py
[2026-03-19T20:56:40.266+0000] {processor.py:840} INFO - DAG(s) 'example_task_group' retrieved from /home/airflow/.local/lib/python3.8/site-packages/airflow/example_dags/example_task_group.py
[2026-03-19T20:56:40.282+0000] {logging_mixin.py:188} INFO - [2026-03-19T20:56:40.282+0000] {dag.py:3036} INFO - Sync 1 DAGs
[2026-03-19T20:56:40.300+0000] {logging_mixin.py:188} INFO - [2026-03-19T20:56:40.300+0000] {dag.py:3823} INFO - Setting next_dagrun for example_task_group to 2026-03-18 00:00:00+00:00, run_after=2026-03-19 00:00:00+00:00
[2026-03-19T20:56:40.313+0000] {processor.py:183} INFO - Processing /home/airflow/.local/lib/python3.8/site-packages/airflow/example_dags/example_task_group.py took 0.059 seconds
[2026-03-19T20:57:11.064+0000] {processor.py:161} INFO - Started process (PID=229) to work on /home/airflow/.local/lib/python3.8/site-packages/airflow/example_dags/example_task_group.py
[2026-03-19T20:57:11.065+0000] {processor.py:830} INFO - Processing file /home/airflow/.local/lib/python3.8/site-packages/airflow/example_dags/example_task_group.py for tasks to queue
[2026-03-19T20:57:11.066+0000] {logging_mixin.py:188} INFO - [2026-03-19T20:57:11.066+0000] {dagbag.py:538} INFO - Filling up the DagBag from /home/airflow/.local/lib/python3.8/site-packages/airflow/example_dags/example_task_group.py
[2026-03-19T20:57:11.072+0000] {processor.py:840} INFO - DAG(s) 'example_task_group' retrieved from /home/airflow/.local/lib/python3.8/site-packages/airflow/example_dags/example_task_group.py
[2026-03-19T20:57:11.086+0000] {logging_mixin.py:188} INFO - [2026-03-19T20:57:11.086+0000] {dag.py:3036} INFO - Sync 1 DAGs
[2026-03-19T20:57:11.099+0000] {logging_mixin.py:188} INFO - [2026-03-19T20:57:11.099+0000] {dag.py:3823} INFO - Setting next_dagrun for example_task_group to 2026-03-18 00:00:00+00:00, run_after=2026-03-19 00:00:00+00:00
[2026-03-19T20:57:11.110+0000] {processor.py:183} INFO - Processing /home/airflow/.local/lib/python3.8/site-packages/airflow/example_dags/example_task_group.py took 0.049 seconds
[2026-03-19T20:57:41.871+0000] {processor.py:161} INFO - Started process (PID=290) to work on /home/airflow/.local/lib/python3.8/site-packages/airflow/example_dags/example_task_group.py
[2026-03-19T20:57:41.872+0000] {processor.py:830} INFO - Processing file /home/airflow/.local/lib/python3.8/site-packages/airflow/example_dags/example_task_group.py for tasks to queue
[2026-03-19T20:57:41.873+0000] {logging_mixin.py:188} INFO - [2026-03-19T20:57:41.873+0000] {dagbag.py:538} INFO - Filling up the DagBag from /home/airflow/.local/lib/python3.8/site-packages/airflow/example_dags/example_task_group.py
[2026-03-19T20:57:41.877+0000] {processor.py:840} INFO - DAG(s) 'example_task_group' retrieved from /home/airflow/.local/lib/python3.8/site-packages/airflow/example_dags/example_task_group.py
[2026-03-19T20:57:41.890+0000] {logging_mixin.py:188} INFO - [2026-03-19T20:57:41.889+0000] {dag.py:3036} INFO - Sync 1 DAGs
[2026-03-19T20:57:41.903+0000] {logging_mixin.py:188} INFO - [2026-03-19T20:57:41.903+0000] {dag.py:3823} INFO - Setting next_dagrun for example_task_group to 2026-03-18 00:00:00+00:00, run_after=2026-03-19 00:00:00+00:00
[2026-03-19T20:57:41.916+0000] {processor.py:183} INFO - Processing /home/airflow/.local/lib/python3.8/site-packages/airflow/example_dags/example_task_group.py took 0.047 seconds
[2026-03-19T20:58:12.687+0000] {processor.py:161} INFO - Started process (PID=345) to work on /home/airflow/.local/lib/python3.8/site-packages/airflow/example_dags/example_task_group.py
[2026-03-19T20:58:12.688+0000] {processor.py:830} INFO - Processing file /home/airflow/.local/lib/python3.8/site-packages/airflow/example_dags/example_task_group.py for tasks to queue
[2026-03-19T20:58:12.690+0000] {logging_mixin.py:188} INFO - [2026-03-19T20:58:12.690+0000] {dagbag.py:538} INFO - Filling up the DagBag from /home/airflow/.local/lib/python3.8/site-packages/airflow/example_dags/example_task_group.py
[2026-03-19T20:58:12.695+0000] {processor.py:840} INFO - DAG(s) 'example_task_group' retrieved from /home/airflow/.local/lib/python3.8/site-packages/airflow/example_dags/example_task_group.py
[2026-03-19T20:58:12.710+0000] {logging_mixin.py:188} INFO - [2026-03-19T20:58:12.710+0000] {dag.py:3036} INFO - Sync 1 DAGs
[2026-03-19T20:58:12.724+0000] {logging_mixin.py:188} INFO - [2026-03-19T20:58:12.724+0000] {dag.py:3823} INFO - Setting next_dagrun for example_task_group to 2026-03-18 00:00:00+00:00, run_after=2026-03-19 00:00:00+00:00
[2026-03-19T20:58:12.735+0000] {processor.py:183} INFO - Processing /home/airflow/.local/lib/python3.8/site-packages/airflow/example_dags/example_task_group.py took 0.051 seconds
[2026-03-19T20:58:43.503+0000] {processor.py:161} INFO - Started process (PID=400) to work on /home/airflow/.local/lib/python3.8/site-packages/airflow/example_dags/example_task_group.py
[2026-03-19T20:58:43.504+0000] {processor.py:830} INFO - Processing file /home/airflow/.local/lib/python3.8/site-packages/airflow/example_dags/example_task_group.py for tasks to queue
[2026-03-19T20:58:43.506+0000] {logging_mixin.py:188} INFO - [2026-03-19T20:58:43.505+0000] {dagbag.py:538} INFO - Filling up the DagBag from /home/airflow/.local/lib/python3.8/site-packages/airflow/example_dags/example_task_group.py
[2026-03-19T20:58:43.510+0000] {processor.py:840} INFO - DAG(s) 'example_task_group' retrieved from /home/airflow/.local/lib/python3.8/site-packages/airflow/example_dags/example_task_group.py
[2026-03-19T20:58:43.524+0000] {logging_mixin.py:188} INFO - [2026-03-19T20:58:43.524+0000] {dag.py:3036} INFO - Sync 1 DAGs
[2026-03-19T20:58:43.538+0000] {logging_mixin.py:188} INFO - [2026-03-19T20:58:43.538+0000] {dag.py:3823} INFO - Setting next_dagrun for example_task_group to 2026-03-18 00:00:00+00:00, run_after=2026-03-19 00:00:00+00:00
[2026-03-19T20:58:43.551+0000] {processor.py:183} INFO - Processing /home/airflow/.local/lib/python3.8/site-packages/airflow/example_dags/example_task_group.py took 0.050 seconds
[2026-03-19T20:59:13.592+0000] {processor.py:161} INFO - Started process (PID=456) to work on /home/airflow/.local/lib/python3.8/site-packages/airflow/example_dags/example_task_group.py
[2026-03-19T20:59:13.593+0000] {processor.py:830} INFO - Processing file /home/airflow/.local/lib/python3.8/site-packages/airflow/example_dags/example_task_group.py for tasks to queue
[2026-03-19T20:59:13.594+0000] {logging_mixin.py:188} INFO - [2026-03-19T20:59:13.594+0000] {dagbag.py:538} INFO - Filling up the DagBag from /home/airflow/.local/lib/python3.8/site-packages/airflow/example_dags/example_task_group.py
[2026-03-19T20:59:13.599+0000] {processor.py:840} INFO - DAG(s) 'example_task_group' retrieved from /home/airflow/.local/lib/python3.8/site-packages/airflow/example_dags/example_task_group.py
[2026-03-19T20:59:13.614+0000] {logging_mixin.py:188} INFO - [2026-03-19T20:59:13.614+0000] {dag.py:3036} INFO - Sync 1 DAGs
[2026-03-19T20:59:13.627+0000] {logging_mixin.py:188} INFO - [2026-03-19T20:59:13.626+0000] {dag.py:3823} INFO - Setting next_dagrun for example_task_group to 2026-03-18 00:00:00+00:00, run_after=2026-03-19 00:00:00+00:00
[2026-03-19T20:59:13.647+0000] {processor.py:183} INFO - Processing /home/airflow/.local/lib/python3.8/site-packages/airflow/example_dags/example_task_group.py took 0.057 seconds
[2026-03-19T20:59:44.331+0000] {processor.py:161} INFO - Started process (PID=511) to work on /home/airflow/.local/lib/python3.8/site-packages/airflow/example_dags/example_task_group.py
[2026-03-19T20:59:44.332+0000] {processor.py:830} INFO - Processing file /home/airflow/.local/lib/python3.8/site-packages/airflow/example_dags/example_task_group.py for tasks to queue
[2026-03-19T20:59:44.334+0000] {logging_mixin.py:188} INFO - [2026-03-19T20:59:44.334+0000] {dagbag.py:538} INFO - Filling up the DagBag from /home/airflow/.local/lib/python3.8/site-packages/airflow/example_dags/example_task_group.py
[2026-03-19T20:59:44.338+0000] {processor.py:840} INFO - DAG(s) 'example_task_group' retrieved from /home/airflow/.local/lib/python3.8/site-packages/airflow/example_dags/example_task_group.py
[2026-03-19T20:59:44.352+0000] {logging_mixin.py:188} INFO - [2026-03-19T20:59:44.352+0000] {dag.py:3036} INFO - Sync 1 DAGs
[2026-03-19T20:59:44.364+0000] {logging_mixin.py:188} INFO - [2026-03-19T20:59:44.364+0000] {dag.py:3823} INFO - Setting next_dagrun for example_task_group to 2026-03-18 00:00:00+00:00, run_after=2026-03-19 00:00:00+00:00
[2026-03-19T20:59:44.375+0000] {processor.py:183} INFO - Processing /home/airflow/.local/lib/python3.8/site-packages/airflow/example_dags/example_task_group.py took 0.046 seconds
[2026-03-19T21:00:14.933+0000] {processor.py:161} INFO - Started process (PID=566) to work on /home/airflow/.local/lib/python3.8/site-packages/airflow/example_dags/example_task_group.py
[2026-03-19T21:00:14.934+0000] {processor.py:830} INFO - Processing file /home/airflow/.local/lib/python3.8/site-packages/airflow/example_dags/example_task_group.py for tasks to queue
[2026-03-19T21:00:14.935+0000] {logging_mixin.py:188} INFO - [2026-03-19T21:00:14.935+0000] {dagbag.py:538} INFO - Filling up the DagBag from /home/airflow/.local/lib/python3.8/site-packages/airflow/example_dags/example_task_group.py
[2026-03-19T21:00:14.940+0000] {processor.py:840} INFO - DAG(s) 'example_task_group' retrieved from /home/airflow/.local/lib/python3.8/site-packages/airflow/example_dags/example_task_group.py
[2026-03-19T21:00:14.954+0000] {logging_mixin.py:188} INFO - [2026-03-19T21:00:14.954+0000] {dag.py:3036} INFO - Sync 1 DAGs
[2026-03-19T21:00:14.968+0000] {logging_mixin.py:188} INFO - [2026-03-19T21:00:14.968+0000] {dag.py:3823} INFO - Setting next_dagrun for example_task_group to 2026-03-18 00:00:00+00:00, run_after=2026-03-19 00:00:00+00:00
[2026-03-19T21:00:14.981+0000] {processor.py:183} INFO - Processing /home/airflow/.local/lib/python3.8/site-packages/airflow/example_dags/example_task_group.py took 0.051 seconds
