[2026-03-19T20:55:40.393+0000] {processor.py:161} INFO - Started process (PID=99) to work on /home/airflow/.local/lib/python3.8/site-packages/airflow/example_dags/example_trigger_target_dag.py
[2026-03-19T20:55:40.394+0000] {processor.py:830} INFO - Processing file /home/airflow/.local/lib/python3.8/site-packages/airflow/example_dags/example_trigger_target_dag.py for tasks to queue
[2026-03-19T20:55:40.395+0000] {logging_mixin.py:188} INFO - [2026-03-19T20:55:40.395+0000] {dagbag.py:538} INFO - Filling up the DagBag from /home/airflow/.local/lib/python3.8/site-packages/airflow/example_dags/example_trigger_target_dag.py
[2026-03-19T20:55:40.399+0000] {processor.py:840} INFO - DAG(s) 'example_trigger_target_dag' retrieved from /home/airflow/.local/lib/python3.8/site-packages/airflow/example_dags/example_trigger_target_dag.py
[2026-03-19T20:55:40.406+0000] {logging_mixin.py:188} INFO - [2026-03-19T20:55:40.406+0000] {dag.py:3036} INFO - Sync 1 DAGs
[2026-03-19T20:55:40.414+0000] {logging_mixin.py:188} INFO - [2026-03-19T20:55:40.413+0000] {dag.py:3823} INFO - Setting next_dagrun for example_trigger_target_dag to None, run_after=None
[2026-03-19T20:55:40.425+0000] {processor.py:183} INFO - Processing /home/airflow/.local/lib/python3.8/site-packages/airflow/example_dags/example_trigger_target_dag.py took 0.034 seconds
[2026-03-19T20:56:11.480+0000] {processor.py:161} INFO - Started process (PID=160) to work on /home/airflow/.local/lib/python3.8/site-packages/airflow/example_dags/example_trigger_target_dag.py
[2026-03-19T20:56:11.482+0000] {processor.py:830} INFO - Processing file /home/airflow/.local/lib/python3.8/site-packages/airflow/example_dags/example_trigger_target_dag.py for tasks to queue
[2026-03-19T20:56:11.483+0000] {logging_mixin.py:188} INFO - [2026-03-19T20:56:11.483+0000] {dagbag.py:538} INFO - Filling up the DagBag from /home/airflow/.local/lib/python3.8/site-packages/airflow/example_dags/example_trigger_target_dag.py
[2026-03-19T20:56:11.487+0000] {processor.py:840} INFO - DAG(s) 'example_trigger_target_dag' retrieved from /home/airflow/.local/lib/python3.8/site-packages/airflow/example_dags/example_trigger_target_dag.py
[2026-03-19T20:56:11.540+0000] {logging_mixin.py:188} INFO - [2026-03-19T20:56:11.540+0000] {dag.py:3036} INFO - Sync 1 DAGs
[2026-03-19T20:56:11.546+0000] {logging_mixin.py:188} INFO - [2026-03-19T20:56:11.545+0000] {dag.py:3823} INFO - Setting next_dagrun for example_trigger_target_dag to None, run_after=None
[2026-03-19T20:56:11.558+0000] {processor.py:183} INFO - Processing /home/airflow/.local/lib/python3.8/site-packages/airflow/example_dags/example_trigger_target_dag.py took 0.080 seconds
[2026-03-19T20:56:42.552+0000] {processor.py:161} INFO - Started process (PID=215) to work on /home/airflow/.local/lib/python3.8/site-packages/airflow/example_dags/example_trigger_target_dag.py
[2026-03-19T20:56:42.553+0000] {processor.py:830} INFO - Processing file /home/airflow/.local/lib/python3.8/site-packages/airflow/example_dags/example_trigger_target_dag.py for tasks to queue
[2026-03-19T20:56:42.554+0000] {logging_mixin.py:188} INFO - [2026-03-19T20:56:42.554+0000] {dagbag.py:538} INFO - Filling up the DagBag from /home/airflow/.local/lib/python3.8/site-packages/airflow/example_dags/example_trigger_target_dag.py
[2026-03-19T20:56:42.557+0000] {processor.py:840} INFO - DAG(s) 'example_trigger_target_dag' retrieved from /home/airflow/.local/lib/python3.8/site-packages/airflow/example_dags/example_trigger_target_dag.py
[2026-03-19T20:56:42.569+0000] {logging_mixin.py:188} INFO - [2026-03-19T20:56:42.569+0000] {dag.py:3036} INFO - Sync 1 DAGs
[2026-03-19T20:56:42.576+0000] {logging_mixin.py:188} INFO - [2026-03-19T20:56:42.576+0000] {dag.py:3823} INFO - Setting next_dagrun for example_trigger_target_dag to None, run_after=None
[2026-03-19T20:56:42.588+0000] {processor.py:183} INFO - Processing /home/airflow/.local/lib/python3.8/site-packages/airflow/example_dags/example_trigger_target_dag.py took 0.038 seconds
[2026-03-19T20:57:13.280+0000] {processor.py:161} INFO - Started process (PID=270) to work on /home/airflow/.local/lib/python3.8/site-packages/airflow/example_dags/example_trigger_target_dag.py
[2026-03-19T20:57:13.281+0000] {processor.py:830} INFO - Processing file /home/airflow/.local/lib/python3.8/site-packages/airflow/example_dags/example_trigger_target_dag.py for tasks to queue
[2026-03-19T20:57:13.282+0000] {logging_mixin.py:188} INFO - [2026-03-19T20:57:13.282+0000] {dagbag.py:538} INFO - Filling up the DagBag from /home/airflow/.local/lib/python3.8/site-packages/airflow/example_dags/example_trigger_target_dag.py
[2026-03-19T20:57:13.286+0000] {processor.py:840} INFO - DAG(s) 'example_trigger_target_dag' retrieved from /home/airflow/.local/lib/python3.8/site-packages/airflow/example_dags/example_trigger_target_dag.py
[2026-03-19T20:57:13.301+0000] {logging_mixin.py:188} INFO - [2026-03-19T20:57:13.301+0000] {dag.py:3036} INFO - Sync 1 DAGs
[2026-03-19T20:57:13.312+0000] {logging_mixin.py:188} INFO - [2026-03-19T20:57:13.311+0000] {dag.py:3823} INFO - Setting next_dagrun for example_trigger_target_dag to None, run_after=None
[2026-03-19T20:57:13.327+0000] {processor.py:183} INFO - Processing /home/airflow/.local/lib/python3.8/site-packages/airflow/example_dags/example_trigger_target_dag.py took 0.050 seconds
[2026-03-19T20:57:44.101+0000] {processor.py:161} INFO - Started process (PID=325) to work on /home/airflow/.local/lib/python3.8/site-packages/airflow/example_dags/example_trigger_target_dag.py
[2026-03-19T20:57:44.101+0000] {processor.py:830} INFO - Processing file /home/airflow/.local/lib/python3.8/site-packages/airflow/example_dags/example_trigger_target_dag.py for tasks to queue
[2026-03-19T20:57:44.102+0000] {logging_mixin.py:188} INFO - [2026-03-19T20:57:44.102+0000] {dagbag.py:538} INFO - Filling up the DagBag from /home/airflow/.local/lib/python3.8/site-packages/airflow/example_dags/example_trigger_target_dag.py
[2026-03-19T20:57:44.106+0000] {processor.py:840} INFO - DAG(s) 'example_trigger_target_dag' retrieved from /home/airflow/.local/lib/python3.8/site-packages/airflow/example_dags/example_trigger_target_dag.py
[2026-03-19T20:57:44.117+0000] {logging_mixin.py:188} INFO - [2026-03-19T20:57:44.117+0000] {dag.py:3036} INFO - Sync 1 DAGs
[2026-03-19T20:57:44.124+0000] {logging_mixin.py:188} INFO - [2026-03-19T20:57:44.123+0000] {dag.py:3823} INFO - Setting next_dagrun for example_trigger_target_dag to None, run_after=None
[2026-03-19T20:57:44.133+0000] {processor.py:183} INFO - Processing /home/airflow/.local/lib/python3.8/site-packages/airflow/example_dags/example_trigger_target_dag.py took 0.035 seconds
[2026-03-19T20:58:14.939+0000] {processor.py:161} INFO - Started process (PID=380) to work on /home/airflow/.local/lib/python3.8/site-packages/airflow/example_dags/example_trigger_target_dag.py
[2026-03-19T20:58:14.940+0000] {processor.py:830} INFO - Processing file /home/airflow/.local/lib/python3.8/site-packages/airflow/example_dags/example_trigger_target_dag.py for tasks to queue
[2026-03-19T20:58:14.941+0000] {logging_mixin.py:188} INFO - [2026-03-19T20:58:14.941+0000] {dagbag.py:538} INFO - Filling up the DagBag from /home/airflow/.local/lib/python3.8/site-packages/airflow/example_dags/example_trigger_target_dag.py
[2026-03-19T20:58:14.945+0000] {processor.py:840} INFO - DAG(s) 'example_trigger_target_dag' retrieved from /home/airflow/.local/lib/python3.8/site-packages/airflow/example_dags/example_trigger_target_dag.py
[2026-03-19T20:58:14.958+0000] {logging_mixin.py:188} INFO - [2026-03-19T20:58:14.957+0000] {dag.py:3036} INFO - Sync 1 DAGs
[2026-03-19T20:58:14.966+0000] {logging_mixin.py:188} INFO - [2026-03-19T20:58:14.965+0000] {dag.py:3823} INFO - Setting next_dagrun for example_trigger_target_dag to None, run_after=None
[2026-03-19T20:58:14.978+0000] {processor.py:183} INFO - Processing /home/airflow/.local/lib/python3.8/site-packages/airflow/example_dags/example_trigger_target_dag.py took 0.041 seconds
[2026-03-19T20:58:45.074+0000] {processor.py:161} INFO - Started process (PID=435) to work on /home/airflow/.local/lib/python3.8/site-packages/airflow/example_dags/example_trigger_target_dag.py
[2026-03-19T20:58:45.075+0000] {processor.py:830} INFO - Processing file /home/airflow/.local/lib/python3.8/site-packages/airflow/example_dags/example_trigger_target_dag.py for tasks to queue
[2026-03-19T20:58:45.076+0000] {logging_mixin.py:188} INFO - [2026-03-19T20:58:45.076+0000] {dagbag.py:538} INFO - Filling up the DagBag from /home/airflow/.local/lib/python3.8/site-packages/airflow/example_dags/example_trigger_target_dag.py
[2026-03-19T20:58:45.081+0000] {processor.py:840} INFO - DAG(s) 'example_trigger_target_dag' retrieved from /home/airflow/.local/lib/python3.8/site-packages/airflow/example_dags/example_trigger_target_dag.py
[2026-03-19T20:58:45.096+0000] {logging_mixin.py:188} INFO - [2026-03-19T20:58:45.096+0000] {dag.py:3036} INFO - Sync 1 DAGs
[2026-03-19T20:58:45.105+0000] {logging_mixin.py:188} INFO - [2026-03-19T20:58:45.105+0000] {dag.py:3823} INFO - Setting next_dagrun for example_trigger_target_dag to None, run_after=None
[2026-03-19T20:58:45.120+0000] {processor.py:183} INFO - Processing /home/airflow/.local/lib/python3.8/site-packages/airflow/example_dags/example_trigger_target_dag.py took 0.049 seconds
[2026-03-19T20:59:15.785+0000] {processor.py:161} INFO - Started process (PID=491) to work on /home/airflow/.local/lib/python3.8/site-packages/airflow/example_dags/example_trigger_target_dag.py
[2026-03-19T20:59:15.786+0000] {processor.py:830} INFO - Processing file /home/airflow/.local/lib/python3.8/site-packages/airflow/example_dags/example_trigger_target_dag.py for tasks to queue
[2026-03-19T20:59:15.787+0000] {logging_mixin.py:188} INFO - [2026-03-19T20:59:15.787+0000] {dagbag.py:538} INFO - Filling up the DagBag from /home/airflow/.local/lib/python3.8/site-packages/airflow/example_dags/example_trigger_target_dag.py
[2026-03-19T20:59:15.790+0000] {processor.py:840} INFO - DAG(s) 'example_trigger_target_dag' retrieved from /home/airflow/.local/lib/python3.8/site-packages/airflow/example_dags/example_trigger_target_dag.py
[2026-03-19T20:59:15.801+0000] {logging_mixin.py:188} INFO - [2026-03-19T20:59:15.801+0000] {dag.py:3036} INFO - Sync 1 DAGs
[2026-03-19T20:59:15.807+0000] {logging_mixin.py:188} INFO - [2026-03-19T20:59:15.807+0000] {dag.py:3823} INFO - Setting next_dagrun for example_trigger_target_dag to None, run_after=None
[2026-03-19T20:59:15.817+0000] {processor.py:183} INFO - Processing /home/airflow/.local/lib/python3.8/site-packages/airflow/example_dags/example_trigger_target_dag.py took 0.034 seconds
[2026-03-19T20:59:46.475+0000] {processor.py:161} INFO - Started process (PID=546) to work on /home/airflow/.local/lib/python3.8/site-packages/airflow/example_dags/example_trigger_target_dag.py
[2026-03-19T20:59:46.476+0000] {processor.py:830} INFO - Processing file /home/airflow/.local/lib/python3.8/site-packages/airflow/example_dags/example_trigger_target_dag.py for tasks to queue
[2026-03-19T20:59:46.478+0000] {logging_mixin.py:188} INFO - [2026-03-19T20:59:46.478+0000] {dagbag.py:538} INFO - Filling up the DagBag from /home/airflow/.local/lib/python3.8/site-packages/airflow/example_dags/example_trigger_target_dag.py
[2026-03-19T20:59:46.483+0000] {processor.py:840} INFO - DAG(s) 'example_trigger_target_dag' retrieved from /home/airflow/.local/lib/python3.8/site-packages/airflow/example_dags/example_trigger_target_dag.py
[2026-03-19T20:59:46.495+0000] {logging_mixin.py:188} INFO - [2026-03-19T20:59:46.494+0000] {dag.py:3036} INFO - Sync 1 DAGs
[2026-03-19T20:59:46.501+0000] {logging_mixin.py:188} INFO - [2026-03-19T20:59:46.501+0000] {dag.py:3823} INFO - Setting next_dagrun for example_trigger_target_dag to None, run_after=None
[2026-03-19T20:59:46.511+0000] {processor.py:183} INFO - Processing /home/airflow/.local/lib/python3.8/site-packages/airflow/example_dags/example_trigger_target_dag.py took 0.038 seconds
