[2026-03-19T20:55:39.710+0000] {processor.py:161} INFO - Started process (PID=83) to work on /home/airflow/.local/lib/python3.8/site-packages/airflow/example_dags/example_task_group_decorator.py
[2026-03-19T20:55:39.711+0000] {processor.py:830} INFO - Processing file /home/airflow/.local/lib/python3.8/site-packages/airflow/example_dags/example_task_group_decorator.py for tasks to queue
[2026-03-19T20:55:39.712+0000] {logging_mixin.py:188} INFO - [2026-03-19T20:55:39.712+0000] {dagbag.py:538} INFO - Filling up the DagBag from /home/airflow/.local/lib/python3.8/site-packages/airflow/example_dags/example_task_group_decorator.py
[2026-03-19T20:55:39.722+0000] {processor.py:840} INFO - DAG(s) 'example_task_group_decorator' retrieved from /home/airflow/.local/lib/python3.8/site-packages/airflow/example_dags/example_task_group_decorator.py
[2026-03-19T20:55:39.730+0000] {logging_mixin.py:188} INFO - [2026-03-19T20:55:39.730+0000] {dag.py:3036} INFO - Sync 1 DAGs
[2026-03-19T20:55:39.743+0000] {logging_mixin.py:188} INFO - [2026-03-19T20:55:39.743+0000] {dag.py:3823} INFO - Setting next_dagrun for example_task_group_decorator to 2026-03-18 00:00:00+00:00, run_after=2026-03-19 00:00:00+00:00
[2026-03-19T20:55:39.755+0000] {processor.py:183} INFO - Processing /home/airflow/.local/lib/python3.8/site-packages/airflow/example_dags/example_task_group_decorator.py took 0.048 seconds
[2026-03-19T20:56:10.612+0000] {processor.py:161} INFO - Started process (PID=138) to work on /home/airflow/.local/lib/python3.8/site-packages/airflow/example_dags/example_task_group_decorator.py
[2026-03-19T20:56:10.613+0000] {processor.py:830} INFO - Processing file /home/airflow/.local/lib/python3.8/site-packages/airflow/example_dags/example_task_group_decorator.py for tasks to queue
[2026-03-19T20:56:10.615+0000] {logging_mixin.py:188} INFO - [2026-03-19T20:56:10.615+0000] {dagbag.py:538} INFO - Filling up the DagBag from /home/airflow/.local/lib/python3.8/site-packages/airflow/example_dags/example_task_group_decorator.py
[2026-03-19T20:56:10.623+0000] {processor.py:840} INFO - DAG(s) 'example_task_group_decorator' retrieved from /home/airflow/.local/lib/python3.8/site-packages/airflow/example_dags/example_task_group_decorator.py
[2026-03-19T20:56:10.677+0000] {logging_mixin.py:188} INFO - [2026-03-19T20:56:10.676+0000] {dag.py:3036} INFO - Sync 1 DAGs
[2026-03-19T20:56:10.686+0000] {logging_mixin.py:188} INFO - [2026-03-19T20:56:10.686+0000] {dag.py:3823} INFO - Setting next_dagrun for example_task_group_decorator to 2026-03-18 00:00:00+00:00, run_after=2026-03-19 00:00:00+00:00
[2026-03-19T20:56:10.697+0000] {processor.py:183} INFO - Processing /home/airflow/.local/lib/python3.8/site-packages/airflow/example_dags/example_task_group_decorator.py took 0.086 seconds
[2026-03-19T20:56:40.915+0000] {processor.py:161} INFO - Started process (PID=193) to work on /home/airflow/.local/lib/python3.8/site-packages/airflow/example_dags/example_task_group_decorator.py
[2026-03-19T20:56:40.916+0000] {processor.py:830} INFO - Processing file /home/airflow/.local/lib/python3.8/site-packages/airflow/example_dags/example_task_group_decorator.py for tasks to queue
[2026-03-19T20:56:40.918+0000] {logging_mixin.py:188} INFO - [2026-03-19T20:56:40.917+0000] {dagbag.py:538} INFO - Filling up the DagBag from /home/airflow/.local/lib/python3.8/site-packages/airflow/example_dags/example_task_group_decorator.py
[2026-03-19T20:56:40.926+0000] {processor.py:840} INFO - DAG(s) 'example_task_group_decorator' retrieved from /home/airflow/.local/lib/python3.8/site-packages/airflow/example_dags/example_task_group_decorator.py
[2026-03-19T20:56:40.942+0000] {logging_mixin.py:188} INFO - [2026-03-19T20:56:40.942+0000] {dag.py:3036} INFO - Sync 1 DAGs
[2026-03-19T20:56:40.955+0000] {logging_mixin.py:188} INFO - [2026-03-19T20:56:40.955+0000] {dag.py:3823} INFO - Setting next_dagrun for example_task_group_decorator to 2026-03-18 00:00:00+00:00, run_after=2026-03-19 00:00:00+00:00
[2026-03-19T20:56:40.967+0000] {processor.py:183} INFO - Processing /home/airflow/.local/lib/python3.8/site-packages/airflow/example_dags/example_task_group_decorator.py took 0.054 seconds
[2026-03-19T20:57:11.714+0000] {processor.py:161} INFO - Started process (PID=254) to work on /home/airflow/.local/lib/python3.8/site-packages/airflow/example_dags/example_task_group_decorator.py
[2026-03-19T20:57:11.715+0000] {processor.py:830} INFO - Processing file /home/airflow/.local/lib/python3.8/site-packages/airflow/example_dags/example_task_group_decorator.py for tasks to queue
[2026-03-19T20:57:11.717+0000] {logging_mixin.py:188} INFO - [2026-03-19T20:57:11.716+0000] {dagbag.py:538} INFO - Filling up the DagBag from /home/airflow/.local/lib/python3.8/site-packages/airflow/example_dags/example_task_group_decorator.py
[2026-03-19T20:57:11.725+0000] {processor.py:840} INFO - DAG(s) 'example_task_group_decorator' retrieved from /home/airflow/.local/lib/python3.8/site-packages/airflow/example_dags/example_task_group_decorator.py
[2026-03-19T20:57:11.741+0000] {logging_mixin.py:188} INFO - [2026-03-19T20:57:11.741+0000] {dag.py:3036} INFO - Sync 1 DAGs
[2026-03-19T20:57:11.754+0000] {logging_mixin.py:188} INFO - [2026-03-19T20:57:11.754+0000] {dag.py:3823} INFO - Setting next_dagrun for example_task_group_decorator to 2026-03-18 00:00:00+00:00, run_after=2026-03-19 00:00:00+00:00
[2026-03-19T20:57:11.765+0000] {processor.py:183} INFO - Processing /home/airflow/.local/lib/python3.8/site-packages/airflow/example_dags/example_task_group_decorator.py took 0.053 seconds
[2026-03-19T20:57:42.540+0000] {processor.py:161} INFO - Started process (PID=309) to work on /home/airflow/.local/lib/python3.8/site-packages/airflow/example_dags/example_task_group_decorator.py
[2026-03-19T20:57:42.541+0000] {processor.py:830} INFO - Processing file /home/airflow/.local/lib/python3.8/site-packages/airflow/example_dags/example_task_group_decorator.py for tasks to queue
[2026-03-19T20:57:42.542+0000] {logging_mixin.py:188} INFO - [2026-03-19T20:57:42.542+0000] {dagbag.py:538} INFO - Filling up the DagBag from /home/airflow/.local/lib/python3.8/site-packages/airflow/example_dags/example_task_group_decorator.py
[2026-03-19T20:57:42.550+0000] {processor.py:840} INFO - DAG(s) 'example_task_group_decorator' retrieved from /home/airflow/.local/lib/python3.8/site-packages/airflow/example_dags/example_task_group_decorator.py
[2026-03-19T20:57:42.564+0000] {logging_mixin.py:188} INFO - [2026-03-19T20:57:42.564+0000] {dag.py:3036} INFO - Sync 1 DAGs
[2026-03-19T20:57:42.575+0000] {logging_mixin.py:188} INFO - [2026-03-19T20:57:42.575+0000] {dag.py:3823} INFO - Setting next_dagrun for example_task_group_decorator to 2026-03-18 00:00:00+00:00, run_after=2026-03-19 00:00:00+00:00
[2026-03-19T20:57:42.586+0000] {processor.py:183} INFO - Processing /home/airflow/.local/lib/python3.8/site-packages/airflow/example_dags/example_task_group_decorator.py took 0.048 seconds
[2026-03-19T20:58:13.352+0000] {processor.py:161} INFO - Started process (PID=364) to work on /home/airflow/.local/lib/python3.8/site-packages/airflow/example_dags/example_task_group_decorator.py
[2026-03-19T20:58:13.353+0000] {processor.py:830} INFO - Processing file /home/airflow/.local/lib/python3.8/site-packages/airflow/example_dags/example_task_group_decorator.py for tasks to queue
[2026-03-19T20:58:13.354+0000] {logging_mixin.py:188} INFO - [2026-03-19T20:58:13.354+0000] {dagbag.py:538} INFO - Filling up the DagBag from /home/airflow/.local/lib/python3.8/site-packages/airflow/example_dags/example_task_group_decorator.py
[2026-03-19T20:58:13.363+0000] {processor.py:840} INFO - DAG(s) 'example_task_group_decorator' retrieved from /home/airflow/.local/lib/python3.8/site-packages/airflow/example_dags/example_task_group_decorator.py
[2026-03-19T20:58:13.380+0000] {logging_mixin.py:188} INFO - [2026-03-19T20:58:13.380+0000] {dag.py:3036} INFO - Sync 1 DAGs
[2026-03-19T20:58:13.394+0000] {logging_mixin.py:188} INFO - [2026-03-19T20:58:13.394+0000] {dag.py:3823} INFO - Setting next_dagrun for example_task_group_decorator to 2026-03-18 00:00:00+00:00, run_after=2026-03-19 00:00:00+00:00
[2026-03-19T20:58:13.408+0000] {processor.py:183} INFO - Processing /home/airflow/.local/lib/python3.8/site-packages/airflow/example_dags/example_task_group_decorator.py took 0.058 seconds
[2026-03-19T20:58:44.272+0000] {processor.py:161} INFO - Started process (PID=419) to work on /home/airflow/.local/lib/python3.8/site-packages/airflow/example_dags/example_task_group_decorator.py
[2026-03-19T20:58:44.273+0000] {processor.py:830} INFO - Processing file /home/airflow/.local/lib/python3.8/site-packages/airflow/example_dags/example_task_group_decorator.py for tasks to queue
[2026-03-19T20:58:44.274+0000] {logging_mixin.py:188} INFO - [2026-03-19T20:58:44.274+0000] {dagbag.py:538} INFO - Filling up the DagBag from /home/airflow/.local/lib/python3.8/site-packages/airflow/example_dags/example_task_group_decorator.py
[2026-03-19T20:58:44.283+0000] {processor.py:840} INFO - DAG(s) 'example_task_group_decorator' retrieved from /home/airflow/.local/lib/python3.8/site-packages/airflow/example_dags/example_task_group_decorator.py
[2026-03-19T20:58:44.298+0000] {logging_mixin.py:188} INFO - [2026-03-19T20:58:44.298+0000] {dag.py:3036} INFO - Sync 1 DAGs
[2026-03-19T20:58:44.311+0000] {logging_mixin.py:188} INFO - [2026-03-19T20:58:44.311+0000] {dag.py:3823} INFO - Setting next_dagrun for example_task_group_decorator to 2026-03-18 00:00:00+00:00, run_after=2026-03-19 00:00:00+00:00
[2026-03-19T20:58:44.324+0000] {processor.py:183} INFO - Processing /home/airflow/.local/lib/python3.8/site-packages/airflow/example_dags/example_task_group_decorator.py took 0.054 seconds
[2026-03-19T20:59:15.225+0000] {processor.py:161} INFO - Started process (PID=475) to work on /home/airflow/.local/lib/python3.8/site-packages/airflow/example_dags/example_task_group_decorator.py
[2026-03-19T20:59:15.226+0000] {processor.py:830} INFO - Processing file /home/airflow/.local/lib/python3.8/site-packages/airflow/example_dags/example_task_group_decorator.py for tasks to queue
[2026-03-19T20:59:15.228+0000] {logging_mixin.py:188} INFO - [2026-03-19T20:59:15.228+0000] {dagbag.py:538} INFO - Filling up the DagBag from /home/airflow/.local/lib/python3.8/site-packages/airflow/example_dags/example_task_group_decorator.py
[2026-03-19T20:59:15.236+0000] {processor.py:840} INFO - DAG(s) 'example_task_group_decorator' retrieved from /home/airflow/.local/lib/python3.8/site-packages/airflow/example_dags/example_task_group_decorator.py
[2026-03-19T20:59:15.251+0000] {logging_mixin.py:188} INFO - [2026-03-19T20:59:15.251+0000] {dag.py:3036} INFO - Sync 1 DAGs
[2026-03-19T20:59:15.264+0000] {logging_mixin.py:188} INFO - [2026-03-19T20:59:15.264+0000] {dag.py:3823} INFO - Setting next_dagrun for example_task_group_decorator to 2026-03-18 00:00:00+00:00, run_after=2026-03-19 00:00:00+00:00
[2026-03-19T20:59:15.275+0000] {processor.py:183} INFO - Processing /home/airflow/.local/lib/python3.8/site-packages/airflow/example_dags/example_task_group_decorator.py took 0.052 seconds
[2026-03-19T20:59:45.925+0000] {processor.py:161} INFO - Started process (PID=530) to work on /home/airflow/.local/lib/python3.8/site-packages/airflow/example_dags/example_task_group_decorator.py
[2026-03-19T20:59:45.926+0000] {processor.py:830} INFO - Processing file /home/airflow/.local/lib/python3.8/site-packages/airflow/example_dags/example_task_group_decorator.py for tasks to queue
[2026-03-19T20:59:45.927+0000] {logging_mixin.py:188} INFO - [2026-03-19T20:59:45.927+0000] {dagbag.py:538} INFO - Filling up the DagBag from /home/airflow/.local/lib/python3.8/site-packages/airflow/example_dags/example_task_group_decorator.py
[2026-03-19T20:59:45.934+0000] {processor.py:840} INFO - DAG(s) 'example_task_group_decorator' retrieved from /home/airflow/.local/lib/python3.8/site-packages/airflow/example_dags/example_task_group_decorator.py
[2026-03-19T20:59:45.947+0000] {logging_mixin.py:188} INFO - [2026-03-19T20:59:45.947+0000] {dag.py:3036} INFO - Sync 1 DAGs
[2026-03-19T20:59:45.959+0000] {logging_mixin.py:188} INFO - [2026-03-19T20:59:45.959+0000] {dag.py:3823} INFO - Setting next_dagrun for example_task_group_decorator to 2026-03-18 00:00:00+00:00, run_after=2026-03-19 00:00:00+00:00
[2026-03-19T20:59:45.969+0000] {processor.py:183} INFO - Processing /home/airflow/.local/lib/python3.8/site-packages/airflow/example_dags/example_task_group_decorator.py took 0.046 seconds
