[2026-03-19T20:55:39.145+0000] {processor.py:161} INFO - Started process (PID=66) to work on /home/airflow/.local/lib/python3.8/site-packages/airflow/example_dags/example_branch_day_of_week_operator.py
[2026-03-19T20:55:39.146+0000] {processor.py:830} INFO - Processing file /home/airflow/.local/lib/python3.8/site-packages/airflow/example_dags/example_branch_day_of_week_operator.py for tasks to queue
[2026-03-19T20:55:39.147+0000] {logging_mixin.py:188} INFO - [2026-03-19T20:55:39.147+0000] {dagbag.py:538} INFO - Filling up the DagBag from /home/airflow/.local/lib/python3.8/site-packages/airflow/example_dags/example_branch_day_of_week_operator.py
[2026-03-19T20:55:39.154+0000] {processor.py:840} INFO - DAG(s) 'example_weekday_branch_operator' retrieved from /home/airflow/.local/lib/python3.8/site-packages/airflow/example_dags/example_branch_day_of_week_operator.py
[2026-03-19T20:55:39.163+0000] {logging_mixin.py:188} INFO - [2026-03-19T20:55:39.163+0000] {dag.py:3036} INFO - Sync 1 DAGs
[2026-03-19T20:55:39.181+0000] {logging_mixin.py:188} INFO - [2026-03-19T20:55:39.181+0000] {dag.py:3823} INFO - Setting next_dagrun for example_weekday_branch_operator to 2026-03-18 00:00:00+00:00, run_after=2026-03-19 00:00:00+00:00
[2026-03-19T20:55:39.197+0000] {processor.py:183} INFO - Processing /home/airflow/.local/lib/python3.8/site-packages/airflow/example_dags/example_branch_day_of_week_operator.py took 0.054 seconds
[2026-03-19T20:56:09.639+0000] {processor.py:161} INFO - Started process (PID=121) to work on /home/airflow/.local/lib/python3.8/site-packages/airflow/example_dags/example_branch_day_of_week_operator.py
[2026-03-19T20:56:09.639+0000] {processor.py:830} INFO - Processing file /home/airflow/.local/lib/python3.8/site-packages/airflow/example_dags/example_branch_day_of_week_operator.py for tasks to queue
[2026-03-19T20:56:09.640+0000] {logging_mixin.py:188} INFO - [2026-03-19T20:56:09.640+0000] {dagbag.py:538} INFO - Filling up the DagBag from /home/airflow/.local/lib/python3.8/site-packages/airflow/example_dags/example_branch_day_of_week_operator.py
[2026-03-19T20:56:09.645+0000] {processor.py:840} INFO - DAG(s) 'example_weekday_branch_operator' retrieved from /home/airflow/.local/lib/python3.8/site-packages/airflow/example_dags/example_branch_day_of_week_operator.py
[2026-03-19T20:56:09.708+0000] {logging_mixin.py:188} INFO - [2026-03-19T20:56:09.707+0000] {dag.py:3036} INFO - Sync 1 DAGs
[2026-03-19T20:56:09.719+0000] {logging_mixin.py:188} INFO - [2026-03-19T20:56:09.719+0000] {dag.py:3823} INFO - Setting next_dagrun for example_weekday_branch_operator to 2026-03-18 00:00:00+00:00, run_after=2026-03-19 00:00:00+00:00
[2026-03-19T20:56:09.730+0000] {processor.py:183} INFO - Processing /home/airflow/.local/lib/python3.8/site-packages/airflow/example_dags/example_branch_day_of_week_operator.py took 0.093 seconds
[2026-03-19T20:56:40.334+0000] {processor.py:161} INFO - Started process (PID=176) to work on /home/airflow/.local/lib/python3.8/site-packages/airflow/example_dags/example_branch_day_of_week_operator.py
[2026-03-19T20:56:40.335+0000] {processor.py:830} INFO - Processing file /home/airflow/.local/lib/python3.8/site-packages/airflow/example_dags/example_branch_day_of_week_operator.py for tasks to queue
[2026-03-19T20:56:40.336+0000] {logging_mixin.py:188} INFO - [2026-03-19T20:56:40.336+0000] {dagbag.py:538} INFO - Filling up the DagBag from /home/airflow/.local/lib/python3.8/site-packages/airflow/example_dags/example_branch_day_of_week_operator.py
[2026-03-19T20:56:40.341+0000] {processor.py:840} INFO - DAG(s) 'example_weekday_branch_operator' retrieved from /home/airflow/.local/lib/python3.8/site-packages/airflow/example_dags/example_branch_day_of_week_operator.py
[2026-03-19T20:56:40.354+0000] {logging_mixin.py:188} INFO - [2026-03-19T20:56:40.354+0000] {dag.py:3036} INFO - Sync 1 DAGs
[2026-03-19T20:56:40.367+0000] {logging_mixin.py:188} INFO - [2026-03-19T20:56:40.367+0000] {dag.py:3823} INFO - Setting next_dagrun for example_weekday_branch_operator to 2026-03-18 00:00:00+00:00, run_after=2026-03-19 00:00:00+00:00
[2026-03-19T20:56:40.379+0000] {processor.py:183} INFO - Processing /home/airflow/.local/lib/python3.8/site-packages/airflow/example_dags/example_branch_day_of_week_operator.py took 0.047 seconds
[2026-03-19T20:57:11.127+0000] {processor.py:161} INFO - Started process (PID=231) to work on /home/airflow/.local/lib/python3.8/site-packages/airflow/example_dags/example_branch_day_of_week_operator.py
[2026-03-19T20:57:11.128+0000] {processor.py:830} INFO - Processing file /home/airflow/.local/lib/python3.8/site-packages/airflow/example_dags/example_branch_day_of_week_operator.py for tasks to queue
[2026-03-19T20:57:11.129+0000] {logging_mixin.py:188} INFO - [2026-03-19T20:57:11.128+0000] {dagbag.py:538} INFO - Filling up the DagBag from /home/airflow/.local/lib/python3.8/site-packages/airflow/example_dags/example_branch_day_of_week_operator.py
[2026-03-19T20:57:11.133+0000] {processor.py:840} INFO - DAG(s) 'example_weekday_branch_operator' retrieved from /home/airflow/.local/lib/python3.8/site-packages/airflow/example_dags/example_branch_day_of_week_operator.py
[2026-03-19T20:57:11.146+0000] {logging_mixin.py:188} INFO - [2026-03-19T20:57:11.146+0000] {dag.py:3036} INFO - Sync 1 DAGs
[2026-03-19T20:57:11.162+0000] {logging_mixin.py:188} INFO - [2026-03-19T20:57:11.161+0000] {dag.py:3823} INFO - Setting next_dagrun for example_weekday_branch_operator to 2026-03-18 00:00:00+00:00, run_after=2026-03-19 00:00:00+00:00
[2026-03-19T20:57:11.174+0000] {processor.py:183} INFO - Processing /home/airflow/.local/lib/python3.8/site-packages/airflow/example_dags/example_branch_day_of_week_operator.py took 0.050 seconds
[2026-03-19T20:57:41.936+0000] {processor.py:161} INFO - Started process (PID=292) to work on /home/airflow/.local/lib/python3.8/site-packages/airflow/example_dags/example_branch_day_of_week_operator.py
[2026-03-19T20:57:41.937+0000] {processor.py:830} INFO - Processing file /home/airflow/.local/lib/python3.8/site-packages/airflow/example_dags/example_branch_day_of_week_operator.py for tasks to queue
[2026-03-19T20:57:41.938+0000] {logging_mixin.py:188} INFO - [2026-03-19T20:57:41.938+0000] {dagbag.py:538} INFO - Filling up the DagBag from /home/airflow/.local/lib/python3.8/site-packages/airflow/example_dags/example_branch_day_of_week_operator.py
[2026-03-19T20:57:41.943+0000] {processor.py:840} INFO - DAG(s) 'example_weekday_branch_operator' retrieved from /home/airflow/.local/lib/python3.8/site-packages/airflow/example_dags/example_branch_day_of_week_operator.py
[2026-03-19T20:57:41.956+0000] {logging_mixin.py:188} INFO - [2026-03-19T20:57:41.956+0000] {dag.py:3036} INFO - Sync 1 DAGs
[2026-03-19T20:57:41.970+0000] {logging_mixin.py:188} INFO - [2026-03-19T20:57:41.970+0000] {dag.py:3823} INFO - Setting next_dagrun for example_weekday_branch_operator to 2026-03-18 00:00:00+00:00, run_after=2026-03-19 00:00:00+00:00
[2026-03-19T20:57:41.984+0000] {processor.py:183} INFO - Processing /home/airflow/.local/lib/python3.8/site-packages/airflow/example_dags/example_branch_day_of_week_operator.py took 0.049 seconds
[2026-03-19T20:58:12.769+0000] {processor.py:161} INFO - Started process (PID=347) to work on /home/airflow/.local/lib/python3.8/site-packages/airflow/example_dags/example_branch_day_of_week_operator.py
[2026-03-19T20:58:12.770+0000] {processor.py:830} INFO - Processing file /home/airflow/.local/lib/python3.8/site-packages/airflow/example_dags/example_branch_day_of_week_operator.py for tasks to queue
[2026-03-19T20:58:12.771+0000] {logging_mixin.py:188} INFO - [2026-03-19T20:58:12.771+0000] {dagbag.py:538} INFO - Filling up the DagBag from /home/airflow/.local/lib/python3.8/site-packages/airflow/example_dags/example_branch_day_of_week_operator.py
[2026-03-19T20:58:12.776+0000] {processor.py:840} INFO - DAG(s) 'example_weekday_branch_operator' retrieved from /home/airflow/.local/lib/python3.8/site-packages/airflow/example_dags/example_branch_day_of_week_operator.py
[2026-03-19T20:58:12.788+0000] {logging_mixin.py:188} INFO - [2026-03-19T20:58:12.788+0000] {dag.py:3036} INFO - Sync 1 DAGs
[2026-03-19T20:58:12.800+0000] {logging_mixin.py:188} INFO - [2026-03-19T20:58:12.800+0000] {dag.py:3823} INFO - Setting next_dagrun for example_weekday_branch_operator to 2026-03-18 00:00:00+00:00, run_after=2026-03-19 00:00:00+00:00
[2026-03-19T20:58:12.810+0000] {processor.py:183} INFO - Processing /home/airflow/.local/lib/python3.8/site-packages/airflow/example_dags/example_branch_day_of_week_operator.py took 0.043 seconds
[2026-03-19T20:58:43.576+0000] {processor.py:161} INFO - Started process (PID=402) to work on /home/airflow/.local/lib/python3.8/site-packages/airflow/example_dags/example_branch_day_of_week_operator.py
[2026-03-19T20:58:43.577+0000] {processor.py:830} INFO - Processing file /home/airflow/.local/lib/python3.8/site-packages/airflow/example_dags/example_branch_day_of_week_operator.py for tasks to queue
[2026-03-19T20:58:43.578+0000] {logging_mixin.py:188} INFO - [2026-03-19T20:58:43.578+0000] {dagbag.py:538} INFO - Filling up the DagBag from /home/airflow/.local/lib/python3.8/site-packages/airflow/example_dags/example_branch_day_of_week_operator.py
[2026-03-19T20:58:43.584+0000] {processor.py:840} INFO - DAG(s) 'example_weekday_branch_operator' retrieved from /home/airflow/.local/lib/python3.8/site-packages/airflow/example_dags/example_branch_day_of_week_operator.py
[2026-03-19T20:58:43.598+0000] {logging_mixin.py:188} INFO - [2026-03-19T20:58:43.598+0000] {dag.py:3036} INFO - Sync 1 DAGs
[2026-03-19T20:58:43.612+0000] {logging_mixin.py:188} INFO - [2026-03-19T20:58:43.612+0000] {dag.py:3823} INFO - Setting next_dagrun for example_weekday_branch_operator to 2026-03-18 00:00:00+00:00, run_after=2026-03-19 00:00:00+00:00
[2026-03-19T20:58:43.626+0000] {processor.py:183} INFO - Processing /home/airflow/.local/lib/python3.8/site-packages/airflow/example_dags/example_branch_day_of_week_operator.py took 0.052 seconds
[2026-03-19T20:59:13.662+0000] {processor.py:161} INFO - Started process (PID=458) to work on /home/airflow/.local/lib/python3.8/site-packages/airflow/example_dags/example_branch_day_of_week_operator.py
[2026-03-19T20:59:13.663+0000] {processor.py:830} INFO - Processing file /home/airflow/.local/lib/python3.8/site-packages/airflow/example_dags/example_branch_day_of_week_operator.py for tasks to queue
[2026-03-19T20:59:13.664+0000] {logging_mixin.py:188} INFO - [2026-03-19T20:59:13.664+0000] {dagbag.py:538} INFO - Filling up the DagBag from /home/airflow/.local/lib/python3.8/site-packages/airflow/example_dags/example_branch_day_of_week_operator.py
[2026-03-19T20:59:13.669+0000] {processor.py:840} INFO - DAG(s) 'example_weekday_branch_operator' retrieved from /home/airflow/.local/lib/python3.8/site-packages/airflow/example_dags/example_branch_day_of_week_operator.py
[2026-03-19T20:59:13.681+0000] {logging_mixin.py:188} INFO - [2026-03-19T20:59:13.681+0000] {dag.py:3036} INFO - Sync 1 DAGs
[2026-03-19T20:59:13.693+0000] {logging_mixin.py:188} INFO - [2026-03-19T20:59:13.693+0000] {dag.py:3823} INFO - Setting next_dagrun for example_weekday_branch_operator to 2026-03-18 00:00:00+00:00, run_after=2026-03-19 00:00:00+00:00
[2026-03-19T20:59:13.702+0000] {processor.py:183} INFO - Processing /home/airflow/.local/lib/python3.8/site-packages/airflow/example_dags/example_branch_day_of_week_operator.py took 0.042 seconds
[2026-03-19T20:59:44.409+0000] {processor.py:161} INFO - Started process (PID=513) to work on /home/airflow/.local/lib/python3.8/site-packages/airflow/example_dags/example_branch_day_of_week_operator.py
[2026-03-19T20:59:44.410+0000] {processor.py:830} INFO - Processing file /home/airflow/.local/lib/python3.8/site-packages/airflow/example_dags/example_branch_day_of_week_operator.py for tasks to queue
[2026-03-19T20:59:44.411+0000] {logging_mixin.py:188} INFO - [2026-03-19T20:59:44.411+0000] {dagbag.py:538} INFO - Filling up the DagBag from /home/airflow/.local/lib/python3.8/site-packages/airflow/example_dags/example_branch_day_of_week_operator.py
[2026-03-19T20:59:44.417+0000] {processor.py:840} INFO - DAG(s) 'example_weekday_branch_operator' retrieved from /home/airflow/.local/lib/python3.8/site-packages/airflow/example_dags/example_branch_day_of_week_operator.py
[2026-03-19T20:59:44.431+0000] {logging_mixin.py:188} INFO - [2026-03-19T20:59:44.431+0000] {dag.py:3036} INFO - Sync 1 DAGs
[2026-03-19T20:59:44.446+0000] {logging_mixin.py:188} INFO - [2026-03-19T20:59:44.446+0000] {dag.py:3823} INFO - Setting next_dagrun for example_weekday_branch_operator to 2026-03-18 00:00:00+00:00, run_after=2026-03-19 00:00:00+00:00
[2026-03-19T20:59:44.458+0000] {processor.py:183} INFO - Processing /home/airflow/.local/lib/python3.8/site-packages/airflow/example_dags/example_branch_day_of_week_operator.py took 0.052 seconds
[2026-03-19T21:00:15.005+0000] {processor.py:161} INFO - Started process (PID=568) to work on /home/airflow/.local/lib/python3.8/site-packages/airflow/example_dags/example_branch_day_of_week_operator.py
[2026-03-19T21:00:15.006+0000] {processor.py:830} INFO - Processing file /home/airflow/.local/lib/python3.8/site-packages/airflow/example_dags/example_branch_day_of_week_operator.py for tasks to queue
[2026-03-19T21:00:15.008+0000] {logging_mixin.py:188} INFO - [2026-03-19T21:00:15.007+0000] {dagbag.py:538} INFO - Filling up the DagBag from /home/airflow/.local/lib/python3.8/site-packages/airflow/example_dags/example_branch_day_of_week_operator.py
[2026-03-19T21:00:15.013+0000] {processor.py:840} INFO - DAG(s) 'example_weekday_branch_operator' retrieved from /home/airflow/.local/lib/python3.8/site-packages/airflow/example_dags/example_branch_day_of_week_operator.py
[2026-03-19T21:00:15.029+0000] {logging_mixin.py:188} INFO - [2026-03-19T21:00:15.029+0000] {dag.py:3036} INFO - Sync 1 DAGs
[2026-03-19T21:00:15.045+0000] {logging_mixin.py:188} INFO - [2026-03-19T21:00:15.044+0000] {dag.py:3823} INFO - Setting next_dagrun for example_weekday_branch_operator to 2026-03-18 00:00:00+00:00, run_after=2026-03-19 00:00:00+00:00
[2026-03-19T21:00:15.058+0000] {processor.py:183} INFO - Processing /home/airflow/.local/lib/python3.8/site-packages/airflow/example_dags/example_branch_day_of_week_operator.py took 0.055 seconds
