[2026-03-19T20:55:39.551+0000] {processor.py:161} INFO - Started process (PID=78) to work on /home/airflow/.local/lib/python3.8/site-packages/airflow/example_dags/example_branch_python_dop_operator_3.py
[2026-03-19T20:55:39.552+0000] {processor.py:830} INFO - Processing file /home/airflow/.local/lib/python3.8/site-packages/airflow/example_dags/example_branch_python_dop_operator_3.py for tasks to queue
[2026-03-19T20:55:39.554+0000] {logging_mixin.py:188} INFO - [2026-03-19T20:55:39.554+0000] {dagbag.py:538} INFO - Filling up the DagBag from /home/airflow/.local/lib/python3.8/site-packages/airflow/example_dags/example_branch_python_dop_operator_3.py
[2026-03-19T20:55:39.563+0000] {processor.py:840} INFO - DAG(s) 'example_branch_dop_operator_v3' retrieved from /home/airflow/.local/lib/python3.8/site-packages/airflow/example_dags/example_branch_python_dop_operator_3.py
[2026-03-19T20:55:39.572+0000] {logging_mixin.py:188} INFO - [2026-03-19T20:55:39.571+0000] {dag.py:3036} INFO - Sync 1 DAGs
[2026-03-19T20:55:39.588+0000] {logging_mixin.py:188} INFO - [2026-03-19T20:55:39.588+0000] {dag.py:3823} INFO - Setting next_dagrun for example_branch_dop_operator_v3 to 2026-03-19 20:54:00+00:00, run_after=2026-03-19 20:55:00+00:00
[2026-03-19T20:55:39.601+0000] {processor.py:183} INFO - Processing /home/airflow/.local/lib/python3.8/site-packages/airflow/example_dags/example_branch_python_dop_operator_3.py took 0.053 seconds
[2026-03-19T20:56:10.344+0000] {processor.py:161} INFO - Started process (PID=133) to work on /home/airflow/.local/lib/python3.8/site-packages/airflow/example_dags/example_branch_python_dop_operator_3.py
[2026-03-19T20:56:10.345+0000] {processor.py:830} INFO - Processing file /home/airflow/.local/lib/python3.8/site-packages/airflow/example_dags/example_branch_python_dop_operator_3.py for tasks to queue
[2026-03-19T20:56:10.346+0000] {logging_mixin.py:188} INFO - [2026-03-19T20:56:10.346+0000] {dagbag.py:538} INFO - Filling up the DagBag from /home/airflow/.local/lib/python3.8/site-packages/airflow/example_dags/example_branch_python_dop_operator_3.py
[2026-03-19T20:56:10.352+0000] {processor.py:840} INFO - DAG(s) 'example_branch_dop_operator_v3' retrieved from /home/airflow/.local/lib/python3.8/site-packages/airflow/example_dags/example_branch_python_dop_operator_3.py
[2026-03-19T20:56:10.404+0000] {logging_mixin.py:188} INFO - [2026-03-19T20:56:10.404+0000] {dag.py:3036} INFO - Sync 1 DAGs
[2026-03-19T20:56:10.416+0000] {logging_mixin.py:188} INFO - [2026-03-19T20:56:10.416+0000] {dag.py:3823} INFO - Setting next_dagrun for example_branch_dop_operator_v3 to 2026-03-19 20:55:00+00:00, run_after=2026-03-19 20:56:00+00:00
[2026-03-19T20:56:10.426+0000] {processor.py:183} INFO - Processing /home/airflow/.local/lib/python3.8/site-packages/airflow/example_dags/example_branch_python_dop_operator_3.py took 0.084 seconds
[2026-03-19T20:56:40.753+0000] {processor.py:161} INFO - Started process (PID=188) to work on /home/airflow/.local/lib/python3.8/site-packages/airflow/example_dags/example_branch_python_dop_operator_3.py
[2026-03-19T20:56:40.754+0000] {processor.py:830} INFO - Processing file /home/airflow/.local/lib/python3.8/site-packages/airflow/example_dags/example_branch_python_dop_operator_3.py for tasks to queue
[2026-03-19T20:56:40.756+0000] {logging_mixin.py:188} INFO - [2026-03-19T20:56:40.755+0000] {dagbag.py:538} INFO - Filling up the DagBag from /home/airflow/.local/lib/python3.8/site-packages/airflow/example_dags/example_branch_python_dop_operator_3.py
[2026-03-19T20:56:40.763+0000] {processor.py:840} INFO - DAG(s) 'example_branch_dop_operator_v3' retrieved from /home/airflow/.local/lib/python3.8/site-packages/airflow/example_dags/example_branch_python_dop_operator_3.py
[2026-03-19T20:56:40.777+0000] {logging_mixin.py:188} INFO - [2026-03-19T20:56:40.777+0000] {dag.py:3036} INFO - Sync 1 DAGs
[2026-03-19T20:56:40.795+0000] {logging_mixin.py:188} INFO - [2026-03-19T20:56:40.795+0000] {dag.py:3823} INFO - Setting next_dagrun for example_branch_dop_operator_v3 to 2026-03-19 20:55:00+00:00, run_after=2026-03-19 20:56:00+00:00
[2026-03-19T20:56:40.808+0000] {processor.py:183} INFO - Processing /home/airflow/.local/lib/python3.8/site-packages/airflow/example_dags/example_branch_python_dop_operator_3.py took 0.057 seconds
[2026-03-19T20:57:11.550+0000] {processor.py:161} INFO - Started process (PID=249) to work on /home/airflow/.local/lib/python3.8/site-packages/airflow/example_dags/example_branch_python_dop_operator_3.py
[2026-03-19T20:57:11.551+0000] {processor.py:830} INFO - Processing file /home/airflow/.local/lib/python3.8/site-packages/airflow/example_dags/example_branch_python_dop_operator_3.py for tasks to queue
[2026-03-19T20:57:11.552+0000] {logging_mixin.py:188} INFO - [2026-03-19T20:57:11.552+0000] {dagbag.py:538} INFO - Filling up the DagBag from /home/airflow/.local/lib/python3.8/site-packages/airflow/example_dags/example_branch_python_dop_operator_3.py
[2026-03-19T20:57:11.559+0000] {processor.py:840} INFO - DAG(s) 'example_branch_dop_operator_v3' retrieved from /home/airflow/.local/lib/python3.8/site-packages/airflow/example_dags/example_branch_python_dop_operator_3.py
[2026-03-19T20:57:11.573+0000] {logging_mixin.py:188} INFO - [2026-03-19T20:57:11.572+0000] {dag.py:3036} INFO - Sync 1 DAGs
[2026-03-19T20:57:11.589+0000] {logging_mixin.py:188} INFO - [2026-03-19T20:57:11.588+0000] {dag.py:3823} INFO - Setting next_dagrun for example_branch_dop_operator_v3 to 2026-03-19 20:56:00+00:00, run_after=2026-03-19 20:57:00+00:00
[2026-03-19T20:57:11.600+0000] {processor.py:183} INFO - Processing /home/airflow/.local/lib/python3.8/site-packages/airflow/example_dags/example_branch_python_dop_operator_3.py took 0.052 seconds
[2026-03-19T20:57:42.386+0000] {processor.py:161} INFO - Started process (PID=304) to work on /home/airflow/.local/lib/python3.8/site-packages/airflow/example_dags/example_branch_python_dop_operator_3.py
[2026-03-19T20:57:42.387+0000] {processor.py:830} INFO - Processing file /home/airflow/.local/lib/python3.8/site-packages/airflow/example_dags/example_branch_python_dop_operator_3.py for tasks to queue
[2026-03-19T20:57:42.388+0000] {logging_mixin.py:188} INFO - [2026-03-19T20:57:42.388+0000] {dagbag.py:538} INFO - Filling up the DagBag from /home/airflow/.local/lib/python3.8/site-packages/airflow/example_dags/example_branch_python_dop_operator_3.py
[2026-03-19T20:57:42.394+0000] {processor.py:840} INFO - DAG(s) 'example_branch_dop_operator_v3' retrieved from /home/airflow/.local/lib/python3.8/site-packages/airflow/example_dags/example_branch_python_dop_operator_3.py
[2026-03-19T20:57:42.406+0000] {logging_mixin.py:188} INFO - [2026-03-19T20:57:42.406+0000] {dag.py:3036} INFO - Sync 1 DAGs
[2026-03-19T20:57:42.422+0000] {logging_mixin.py:188} INFO - [2026-03-19T20:57:42.422+0000] {dag.py:3823} INFO - Setting next_dagrun for example_branch_dop_operator_v3 to 2026-03-19 20:56:00+00:00, run_after=2026-03-19 20:57:00+00:00
[2026-03-19T20:57:42.434+0000] {processor.py:183} INFO - Processing /home/airflow/.local/lib/python3.8/site-packages/airflow/example_dags/example_branch_python_dop_operator_3.py took 0.051 seconds
[2026-03-19T20:58:13.138+0000] {processor.py:161} INFO - Started process (PID=359) to work on /home/airflow/.local/lib/python3.8/site-packages/airflow/example_dags/example_branch_python_dop_operator_3.py
[2026-03-19T20:58:13.139+0000] {processor.py:830} INFO - Processing file /home/airflow/.local/lib/python3.8/site-packages/airflow/example_dags/example_branch_python_dop_operator_3.py for tasks to queue
[2026-03-19T20:58:13.140+0000] {logging_mixin.py:188} INFO - [2026-03-19T20:58:13.140+0000] {dagbag.py:538} INFO - Filling up the DagBag from /home/airflow/.local/lib/python3.8/site-packages/airflow/example_dags/example_branch_python_dop_operator_3.py
[2026-03-19T20:58:13.145+0000] {processor.py:840} INFO - DAG(s) 'example_branch_dop_operator_v3' retrieved from /home/airflow/.local/lib/python3.8/site-packages/airflow/example_dags/example_branch_python_dop_operator_3.py
[2026-03-19T20:58:13.158+0000] {logging_mixin.py:188} INFO - [2026-03-19T20:58:13.157+0000] {dag.py:3036} INFO - Sync 1 DAGs
[2026-03-19T20:58:13.172+0000] {logging_mixin.py:188} INFO - [2026-03-19T20:58:13.172+0000] {dag.py:3823} INFO - Setting next_dagrun for example_branch_dop_operator_v3 to 2026-03-19 20:57:00+00:00, run_after=2026-03-19 20:58:00+00:00
[2026-03-19T20:58:13.182+0000] {processor.py:183} INFO - Processing /home/airflow/.local/lib/python3.8/site-packages/airflow/example_dags/example_branch_python_dop_operator_3.py took 0.046 seconds
[2026-03-19T20:58:44.079+0000] {processor.py:161} INFO - Started process (PID=414) to work on /home/airflow/.local/lib/python3.8/site-packages/airflow/example_dags/example_branch_python_dop_operator_3.py
[2026-03-19T20:58:44.081+0000] {processor.py:830} INFO - Processing file /home/airflow/.local/lib/python3.8/site-packages/airflow/example_dags/example_branch_python_dop_operator_3.py for tasks to queue
[2026-03-19T20:58:44.082+0000] {logging_mixin.py:188} INFO - [2026-03-19T20:58:44.082+0000] {dagbag.py:538} INFO - Filling up the DagBag from /home/airflow/.local/lib/python3.8/site-packages/airflow/example_dags/example_branch_python_dop_operator_3.py
[2026-03-19T20:58:44.088+0000] {processor.py:840} INFO - DAG(s) 'example_branch_dop_operator_v3' retrieved from /home/airflow/.local/lib/python3.8/site-packages/airflow/example_dags/example_branch_python_dop_operator_3.py
[2026-03-19T20:58:44.101+0000] {logging_mixin.py:188} INFO - [2026-03-19T20:58:44.100+0000] {dag.py:3036} INFO - Sync 1 DAGs
[2026-03-19T20:58:44.114+0000] {logging_mixin.py:188} INFO - [2026-03-19T20:58:44.114+0000] {dag.py:3823} INFO - Setting next_dagrun for example_branch_dop_operator_v3 to 2026-03-19 20:57:00+00:00, run_after=2026-03-19 20:58:00+00:00
[2026-03-19T20:58:44.127+0000] {processor.py:183} INFO - Processing /home/airflow/.local/lib/python3.8/site-packages/airflow/example_dags/example_branch_python_dop_operator_3.py took 0.050 seconds
[2026-03-19T20:59:15.042+0000] {processor.py:161} INFO - Started process (PID=470) to work on /home/airflow/.local/lib/python3.8/site-packages/airflow/example_dags/example_branch_python_dop_operator_3.py
[2026-03-19T20:59:15.043+0000] {processor.py:830} INFO - Processing file /home/airflow/.local/lib/python3.8/site-packages/airflow/example_dags/example_branch_python_dop_operator_3.py for tasks to queue
[2026-03-19T20:59:15.045+0000] {logging_mixin.py:188} INFO - [2026-03-19T20:59:15.044+0000] {dagbag.py:538} INFO - Filling up the DagBag from /home/airflow/.local/lib/python3.8/site-packages/airflow/example_dags/example_branch_python_dop_operator_3.py
[2026-03-19T20:59:15.050+0000] {processor.py:840} INFO - DAG(s) 'example_branch_dop_operator_v3' retrieved from /home/airflow/.local/lib/python3.8/site-packages/airflow/example_dags/example_branch_python_dop_operator_3.py
[2026-03-19T20:59:15.063+0000] {logging_mixin.py:188} INFO - [2026-03-19T20:59:15.063+0000] {dag.py:3036} INFO - Sync 1 DAGs
[2026-03-19T20:59:15.078+0000] {logging_mixin.py:188} INFO - [2026-03-19T20:59:15.078+0000] {dag.py:3823} INFO - Setting next_dagrun for example_branch_dop_operator_v3 to 2026-03-19 20:58:00+00:00, run_after=2026-03-19 20:59:00+00:00
[2026-03-19T20:59:15.091+0000] {processor.py:183} INFO - Processing /home/airflow/.local/lib/python3.8/site-packages/airflow/example_dags/example_branch_python_dop_operator_3.py took 0.050 seconds
[2026-03-19T20:59:45.766+0000] {processor.py:161} INFO - Started process (PID=525) to work on /home/airflow/.local/lib/python3.8/site-packages/airflow/example_dags/example_branch_python_dop_operator_3.py
[2026-03-19T20:59:45.767+0000] {processor.py:830} INFO - Processing file /home/airflow/.local/lib/python3.8/site-packages/airflow/example_dags/example_branch_python_dop_operator_3.py for tasks to queue
[2026-03-19T20:59:45.768+0000] {logging_mixin.py:188} INFO - [2026-03-19T20:59:45.768+0000] {dagbag.py:538} INFO - Filling up the DagBag from /home/airflow/.local/lib/python3.8/site-packages/airflow/example_dags/example_branch_python_dop_operator_3.py
[2026-03-19T20:59:45.773+0000] {processor.py:840} INFO - DAG(s) 'example_branch_dop_operator_v3' retrieved from /home/airflow/.local/lib/python3.8/site-packages/airflow/example_dags/example_branch_python_dop_operator_3.py
[2026-03-19T20:59:45.785+0000] {logging_mixin.py:188} INFO - [2026-03-19T20:59:45.785+0000] {dag.py:3036} INFO - Sync 1 DAGs
[2026-03-19T20:59:45.799+0000] {logging_mixin.py:188} INFO - [2026-03-19T20:59:45.799+0000] {dag.py:3823} INFO - Setting next_dagrun for example_branch_dop_operator_v3 to 2026-03-19 20:58:00+00:00, run_after=2026-03-19 20:59:00+00:00
[2026-03-19T20:59:45.809+0000] {processor.py:183} INFO - Processing /home/airflow/.local/lib/python3.8/site-packages/airflow/example_dags/example_branch_python_dop_operator_3.py took 0.045 seconds
