[2026-03-19T20:55:39.528+0000] {processor.py:161} INFO - Started process (PID=77) to work on /home/airflow/.local/lib/python3.8/site-packages/airflow/example_dags/example_time_delta_sensor_async.py
[2026-03-19T20:55:39.529+0000] {processor.py:830} INFO - Processing file /home/airflow/.local/lib/python3.8/site-packages/airflow/example_dags/example_time_delta_sensor_async.py for tasks to queue
[2026-03-19T20:55:39.531+0000] {logging_mixin.py:188} INFO - [2026-03-19T20:55:39.531+0000] {dagbag.py:538} INFO - Filling up the DagBag from /home/airflow/.local/lib/python3.8/site-packages/airflow/example_dags/example_time_delta_sensor_async.py
[2026-03-19T20:55:39.536+0000] {processor.py:840} INFO - DAG(s) 'example_time_delta_sensor_async' retrieved from /home/airflow/.local/lib/python3.8/site-packages/airflow/example_dags/example_time_delta_sensor_async.py
[2026-03-19T20:55:39.544+0000] {logging_mixin.py:188} INFO - [2026-03-19T20:55:39.544+0000] {dag.py:3036} INFO - Sync 1 DAGs
[2026-03-19T20:55:39.555+0000] {logging_mixin.py:188} INFO - [2026-03-19T20:55:39.555+0000] {dag.py:3823} INFO - Setting next_dagrun for example_time_delta_sensor_async to None, run_after=None
[2026-03-19T20:55:39.567+0000] {processor.py:183} INFO - Processing /home/airflow/.local/lib/python3.8/site-packages/airflow/example_dags/example_time_delta_sensor_async.py took 0.042 seconds
[2026-03-19T20:56:10.326+0000] {processor.py:161} INFO - Started process (PID=132) to work on /home/airflow/.local/lib/python3.8/site-packages/airflow/example_dags/example_time_delta_sensor_async.py
[2026-03-19T20:56:10.327+0000] {processor.py:830} INFO - Processing file /home/airflow/.local/lib/python3.8/site-packages/airflow/example_dags/example_time_delta_sensor_async.py for tasks to queue
[2026-03-19T20:56:10.328+0000] {logging_mixin.py:188} INFO - [2026-03-19T20:56:10.328+0000] {dagbag.py:538} INFO - Filling up the DagBag from /home/airflow/.local/lib/python3.8/site-packages/airflow/example_dags/example_time_delta_sensor_async.py
[2026-03-19T20:56:10.331+0000] {processor.py:840} INFO - DAG(s) 'example_time_delta_sensor_async' retrieved from /home/airflow/.local/lib/python3.8/site-packages/airflow/example_dags/example_time_delta_sensor_async.py
[2026-03-19T20:56:10.383+0000] {logging_mixin.py:188} INFO - [2026-03-19T20:56:10.383+0000] {dag.py:3036} INFO - Sync 1 DAGs
[2026-03-19T20:56:10.389+0000] {logging_mixin.py:188} INFO - [2026-03-19T20:56:10.389+0000] {dag.py:3823} INFO - Setting next_dagrun for example_time_delta_sensor_async to None, run_after=None
[2026-03-19T20:56:10.399+0000] {processor.py:183} INFO - Processing /home/airflow/.local/lib/python3.8/site-packages/airflow/example_dags/example_time_delta_sensor_async.py took 0.076 seconds
[2026-03-19T20:56:40.712+0000] {processor.py:161} INFO - Started process (PID=187) to work on /home/airflow/.local/lib/python3.8/site-packages/airflow/example_dags/example_time_delta_sensor_async.py
[2026-03-19T20:56:40.712+0000] {processor.py:830} INFO - Processing file /home/airflow/.local/lib/python3.8/site-packages/airflow/example_dags/example_time_delta_sensor_async.py for tasks to queue
[2026-03-19T20:56:40.714+0000] {logging_mixin.py:188} INFO - [2026-03-19T20:56:40.713+0000] {dagbag.py:538} INFO - Filling up the DagBag from /home/airflow/.local/lib/python3.8/site-packages/airflow/example_dags/example_time_delta_sensor_async.py
[2026-03-19T20:56:40.717+0000] {processor.py:840} INFO - DAG(s) 'example_time_delta_sensor_async' retrieved from /home/airflow/.local/lib/python3.8/site-packages/airflow/example_dags/example_time_delta_sensor_async.py
[2026-03-19T20:56:40.731+0000] {logging_mixin.py:188} INFO - [2026-03-19T20:56:40.731+0000] {dag.py:3036} INFO - Sync 1 DAGs
[2026-03-19T20:56:40.739+0000] {logging_mixin.py:188} INFO - [2026-03-19T20:56:40.739+0000] {dag.py:3823} INFO - Setting next_dagrun for example_time_delta_sensor_async to None, run_after=None
[2026-03-19T20:56:40.752+0000] {processor.py:183} INFO - Processing /home/airflow/.local/lib/python3.8/site-packages/airflow/example_dags/example_time_delta_sensor_async.py took 0.042 seconds
[2026-03-19T20:57:11.522+0000] {processor.py:161} INFO - Started process (PID=248) to work on /home/airflow/.local/lib/python3.8/site-packages/airflow/example_dags/example_time_delta_sensor_async.py
[2026-03-19T20:57:11.523+0000] {processor.py:830} INFO - Processing file /home/airflow/.local/lib/python3.8/site-packages/airflow/example_dags/example_time_delta_sensor_async.py for tasks to queue
[2026-03-19T20:57:11.524+0000] {logging_mixin.py:188} INFO - [2026-03-19T20:57:11.524+0000] {dagbag.py:538} INFO - Filling up the DagBag from /home/airflow/.local/lib/python3.8/site-packages/airflow/example_dags/example_time_delta_sensor_async.py
[2026-03-19T20:57:11.527+0000] {processor.py:840} INFO - DAG(s) 'example_time_delta_sensor_async' retrieved from /home/airflow/.local/lib/python3.8/site-packages/airflow/example_dags/example_time_delta_sensor_async.py
[2026-03-19T20:57:11.542+0000] {logging_mixin.py:188} INFO - [2026-03-19T20:57:11.541+0000] {dag.py:3036} INFO - Sync 1 DAGs
[2026-03-19T20:57:11.549+0000] {logging_mixin.py:188} INFO - [2026-03-19T20:57:11.549+0000] {dag.py:3823} INFO - Setting next_dagrun for example_time_delta_sensor_async to None, run_after=None
[2026-03-19T20:57:11.562+0000] {processor.py:183} INFO - Processing /home/airflow/.local/lib/python3.8/site-packages/airflow/example_dags/example_time_delta_sensor_async.py took 0.043 seconds
[2026-03-19T20:57:42.359+0000] {processor.py:161} INFO - Started process (PID=303) to work on /home/airflow/.local/lib/python3.8/site-packages/airflow/example_dags/example_time_delta_sensor_async.py
[2026-03-19T20:57:42.360+0000] {processor.py:830} INFO - Processing file /home/airflow/.local/lib/python3.8/site-packages/airflow/example_dags/example_time_delta_sensor_async.py for tasks to queue
[2026-03-19T20:57:42.361+0000] {logging_mixin.py:188} INFO - [2026-03-19T20:57:42.361+0000] {dagbag.py:538} INFO - Filling up the DagBag from /home/airflow/.local/lib/python3.8/site-packages/airflow/example_dags/example_time_delta_sensor_async.py
[2026-03-19T20:57:42.364+0000] {processor.py:840} INFO - DAG(s) 'example_time_delta_sensor_async' retrieved from /home/airflow/.local/lib/python3.8/site-packages/airflow/example_dags/example_time_delta_sensor_async.py
[2026-03-19T20:57:42.377+0000] {logging_mixin.py:188} INFO - [2026-03-19T20:57:42.377+0000] {dag.py:3036} INFO - Sync 1 DAGs
[2026-03-19T20:57:42.384+0000] {logging_mixin.py:188} INFO - [2026-03-19T20:57:42.384+0000] {dag.py:3823} INFO - Setting next_dagrun for example_time_delta_sensor_async to None, run_after=None
[2026-03-19T20:57:42.395+0000] {processor.py:183} INFO - Processing /home/airflow/.local/lib/python3.8/site-packages/airflow/example_dags/example_time_delta_sensor_async.py took 0.038 seconds
[2026-03-19T20:58:13.090+0000] {processor.py:161} INFO - Started process (PID=358) to work on /home/airflow/.local/lib/python3.8/site-packages/airflow/example_dags/example_time_delta_sensor_async.py
[2026-03-19T20:58:13.090+0000] {processor.py:830} INFO - Processing file /home/airflow/.local/lib/python3.8/site-packages/airflow/example_dags/example_time_delta_sensor_async.py for tasks to queue
[2026-03-19T20:58:13.092+0000] {logging_mixin.py:188} INFO - [2026-03-19T20:58:13.092+0000] {dagbag.py:538} INFO - Filling up the DagBag from /home/airflow/.local/lib/python3.8/site-packages/airflow/example_dags/example_time_delta_sensor_async.py
[2026-03-19T20:58:13.095+0000] {processor.py:840} INFO - DAG(s) 'example_time_delta_sensor_async' retrieved from /home/airflow/.local/lib/python3.8/site-packages/airflow/example_dags/example_time_delta_sensor_async.py
[2026-03-19T20:58:13.106+0000] {logging_mixin.py:188} INFO - [2026-03-19T20:58:13.106+0000] {dag.py:3036} INFO - Sync 1 DAGs
[2026-03-19T20:58:13.112+0000] {logging_mixin.py:188} INFO - [2026-03-19T20:58:13.112+0000] {dag.py:3823} INFO - Setting next_dagrun for example_time_delta_sensor_async to None, run_after=None
[2026-03-19T20:58:13.122+0000] {processor.py:183} INFO - Processing /home/airflow/.local/lib/python3.8/site-packages/airflow/example_dags/example_time_delta_sensor_async.py took 0.035 seconds
[2026-03-19T20:58:44.072+0000] {processor.py:161} INFO - Started process (PID=413) to work on /home/airflow/.local/lib/python3.8/site-packages/airflow/example_dags/example_time_delta_sensor_async.py
[2026-03-19T20:58:44.073+0000] {processor.py:830} INFO - Processing file /home/airflow/.local/lib/python3.8/site-packages/airflow/example_dags/example_time_delta_sensor_async.py for tasks to queue
[2026-03-19T20:58:44.074+0000] {logging_mixin.py:188} INFO - [2026-03-19T20:58:44.074+0000] {dagbag.py:538} INFO - Filling up the DagBag from /home/airflow/.local/lib/python3.8/site-packages/airflow/example_dags/example_time_delta_sensor_async.py
[2026-03-19T20:58:44.077+0000] {processor.py:840} INFO - DAG(s) 'example_time_delta_sensor_async' retrieved from /home/airflow/.local/lib/python3.8/site-packages/airflow/example_dags/example_time_delta_sensor_async.py
[2026-03-19T20:58:44.089+0000] {logging_mixin.py:188} INFO - [2026-03-19T20:58:44.089+0000] {dag.py:3036} INFO - Sync 1 DAGs
[2026-03-19T20:58:44.096+0000] {logging_mixin.py:188} INFO - [2026-03-19T20:58:44.096+0000] {dag.py:3823} INFO - Setting next_dagrun for example_time_delta_sensor_async to None, run_after=None
[2026-03-19T20:58:44.107+0000] {processor.py:183} INFO - Processing /home/airflow/.local/lib/python3.8/site-packages/airflow/example_dags/example_time_delta_sensor_async.py took 0.037 seconds
[2026-03-19T20:59:15.029+0000] {processor.py:161} INFO - Started process (PID=469) to work on /home/airflow/.local/lib/python3.8/site-packages/airflow/example_dags/example_time_delta_sensor_async.py
[2026-03-19T20:59:15.029+0000] {processor.py:830} INFO - Processing file /home/airflow/.local/lib/python3.8/site-packages/airflow/example_dags/example_time_delta_sensor_async.py for tasks to queue
[2026-03-19T20:59:15.030+0000] {logging_mixin.py:188} INFO - [2026-03-19T20:59:15.030+0000] {dagbag.py:538} INFO - Filling up the DagBag from /home/airflow/.local/lib/python3.8/site-packages/airflow/example_dags/example_time_delta_sensor_async.py
[2026-03-19T20:59:15.033+0000] {processor.py:840} INFO - DAG(s) 'example_time_delta_sensor_async' retrieved from /home/airflow/.local/lib/python3.8/site-packages/airflow/example_dags/example_time_delta_sensor_async.py
[2026-03-19T20:59:15.046+0000] {logging_mixin.py:188} INFO - [2026-03-19T20:59:15.045+0000] {dag.py:3036} INFO - Sync 1 DAGs
[2026-03-19T20:59:15.053+0000] {logging_mixin.py:188} INFO - [2026-03-19T20:59:15.053+0000] {dag.py:3823} INFO - Setting next_dagrun for example_time_delta_sensor_async to None, run_after=None
[2026-03-19T20:59:15.064+0000] {processor.py:183} INFO - Processing /home/airflow/.local/lib/python3.8/site-packages/airflow/example_dags/example_time_delta_sensor_async.py took 0.038 seconds
[2026-03-19T20:59:45.751+0000] {processor.py:161} INFO - Started process (PID=524) to work on /home/airflow/.local/lib/python3.8/site-packages/airflow/example_dags/example_time_delta_sensor_async.py
[2026-03-19T20:59:45.751+0000] {processor.py:830} INFO - Processing file /home/airflow/.local/lib/python3.8/site-packages/airflow/example_dags/example_time_delta_sensor_async.py for tasks to queue
[2026-03-19T20:59:45.752+0000] {logging_mixin.py:188} INFO - [2026-03-19T20:59:45.752+0000] {dagbag.py:538} INFO - Filling up the DagBag from /home/airflow/.local/lib/python3.8/site-packages/airflow/example_dags/example_time_delta_sensor_async.py
[2026-03-19T20:59:45.755+0000] {processor.py:840} INFO - DAG(s) 'example_time_delta_sensor_async' retrieved from /home/airflow/.local/lib/python3.8/site-packages/airflow/example_dags/example_time_delta_sensor_async.py
[2026-03-19T20:59:45.767+0000] {logging_mixin.py:188} INFO - [2026-03-19T20:59:45.766+0000] {dag.py:3036} INFO - Sync 1 DAGs
[2026-03-19T20:59:45.773+0000] {logging_mixin.py:188} INFO - [2026-03-19T20:59:45.773+0000] {dag.py:3823} INFO - Setting next_dagrun for example_time_delta_sensor_async to None, run_after=None
[2026-03-19T20:59:45.784+0000] {processor.py:183} INFO - Processing /home/airflow/.local/lib/python3.8/site-packages/airflow/example_dags/example_time_delta_sensor_async.py took 0.035 seconds
