[2026-03-19T20:55:39.678+0000] {processor.py:161} INFO - Started process (PID=82) to work on /home/airflow/.local/lib/python3.8/site-packages/airflow/example_dags/example_sensor_decorator.py
[2026-03-19T20:55:39.679+0000] {processor.py:830} INFO - Processing file /home/airflow/.local/lib/python3.8/site-packages/airflow/example_dags/example_sensor_decorator.py for tasks to queue
[2026-03-19T20:55:39.680+0000] {logging_mixin.py:188} INFO - [2026-03-19T20:55:39.680+0000] {dagbag.py:538} INFO - Filling up the DagBag from /home/airflow/.local/lib/python3.8/site-packages/airflow/example_dags/example_sensor_decorator.py
[2026-03-19T20:55:39.687+0000] {processor.py:840} INFO - DAG(s) 'example_sensor_decorator' retrieved from /home/airflow/.local/lib/python3.8/site-packages/airflow/example_dags/example_sensor_decorator.py
[2026-03-19T20:55:39.696+0000] {logging_mixin.py:188} INFO - [2026-03-19T20:55:39.695+0000] {dag.py:3036} INFO - Sync 1 DAGs
[2026-03-19T20:55:39.703+0000] {logging_mixin.py:188} INFO - [2026-03-19T20:55:39.703+0000] {dag.py:3823} INFO - Setting next_dagrun for example_sensor_decorator to None, run_after=None
[2026-03-19T20:55:39.715+0000] {processor.py:183} INFO - Processing /home/airflow/.local/lib/python3.8/site-packages/airflow/example_dags/example_sensor_decorator.py took 0.040 seconds
[2026-03-19T20:56:10.537+0000] {processor.py:161} INFO - Started process (PID=137) to work on /home/airflow/.local/lib/python3.8/site-packages/airflow/example_dags/example_sensor_decorator.py
[2026-03-19T20:56:10.537+0000] {processor.py:830} INFO - Processing file /home/airflow/.local/lib/python3.8/site-packages/airflow/example_dags/example_sensor_decorator.py for tasks to queue
[2026-03-19T20:56:10.538+0000] {logging_mixin.py:188} INFO - [2026-03-19T20:56:10.538+0000] {dagbag.py:538} INFO - Filling up the DagBag from /home/airflow/.local/lib/python3.8/site-packages/airflow/example_dags/example_sensor_decorator.py
[2026-03-19T20:56:10.542+0000] {processor.py:840} INFO - DAG(s) 'example_sensor_decorator' retrieved from /home/airflow/.local/lib/python3.8/site-packages/airflow/example_dags/example_sensor_decorator.py
[2026-03-19T20:56:10.592+0000] {logging_mixin.py:188} INFO - [2026-03-19T20:56:10.592+0000] {dag.py:3036} INFO - Sync 1 DAGs
[2026-03-19T20:56:10.597+0000] {logging_mixin.py:188} INFO - [2026-03-19T20:56:10.597+0000] {dag.py:3823} INFO - Setting next_dagrun for example_sensor_decorator to None, run_after=None
[2026-03-19T20:56:10.608+0000] {processor.py:183} INFO - Processing /home/airflow/.local/lib/python3.8/site-packages/airflow/example_dags/example_sensor_decorator.py took 0.073 seconds
[2026-03-19T20:56:40.903+0000] {processor.py:161} INFO - Started process (PID=192) to work on /home/airflow/.local/lib/python3.8/site-packages/airflow/example_dags/example_sensor_decorator.py
[2026-03-19T20:56:40.904+0000] {processor.py:830} INFO - Processing file /home/airflow/.local/lib/python3.8/site-packages/airflow/example_dags/example_sensor_decorator.py for tasks to queue
[2026-03-19T20:56:40.905+0000] {logging_mixin.py:188} INFO - [2026-03-19T20:56:40.905+0000] {dagbag.py:538} INFO - Filling up the DagBag from /home/airflow/.local/lib/python3.8/site-packages/airflow/example_dags/example_sensor_decorator.py
[2026-03-19T20:56:40.909+0000] {processor.py:840} INFO - DAG(s) 'example_sensor_decorator' retrieved from /home/airflow/.local/lib/python3.8/site-packages/airflow/example_dags/example_sensor_decorator.py
[2026-03-19T20:56:40.922+0000] {logging_mixin.py:188} INFO - [2026-03-19T20:56:40.922+0000] {dag.py:3036} INFO - Sync 1 DAGs
[2026-03-19T20:56:40.930+0000] {logging_mixin.py:188} INFO - [2026-03-19T20:56:40.930+0000] {dag.py:3823} INFO - Setting next_dagrun for example_sensor_decorator to None, run_after=None
[2026-03-19T20:56:40.943+0000] {processor.py:183} INFO - Processing /home/airflow/.local/lib/python3.8/site-packages/airflow/example_dags/example_sensor_decorator.py took 0.042 seconds
[2026-03-19T20:57:11.684+0000] {processor.py:161} INFO - Started process (PID=253) to work on /home/airflow/.local/lib/python3.8/site-packages/airflow/example_dags/example_sensor_decorator.py
[2026-03-19T20:57:11.685+0000] {processor.py:830} INFO - Processing file /home/airflow/.local/lib/python3.8/site-packages/airflow/example_dags/example_sensor_decorator.py for tasks to queue
[2026-03-19T20:57:11.686+0000] {logging_mixin.py:188} INFO - [2026-03-19T20:57:11.686+0000] {dagbag.py:538} INFO - Filling up the DagBag from /home/airflow/.local/lib/python3.8/site-packages/airflow/example_dags/example_sensor_decorator.py
[2026-03-19T20:57:11.691+0000] {processor.py:840} INFO - DAG(s) 'example_sensor_decorator' retrieved from /home/airflow/.local/lib/python3.8/site-packages/airflow/example_dags/example_sensor_decorator.py
[2026-03-19T20:57:11.705+0000] {logging_mixin.py:188} INFO - [2026-03-19T20:57:11.705+0000] {dag.py:3036} INFO - Sync 1 DAGs
[2026-03-19T20:57:11.715+0000] {logging_mixin.py:188} INFO - [2026-03-19T20:57:11.715+0000] {dag.py:3823} INFO - Setting next_dagrun for example_sensor_decorator to None, run_after=None
[2026-03-19T20:57:11.727+0000] {processor.py:183} INFO - Processing /home/airflow/.local/lib/python3.8/site-packages/airflow/example_dags/example_sensor_decorator.py took 0.045 seconds
[2026-03-19T20:57:42.515+0000] {processor.py:161} INFO - Started process (PID=308) to work on /home/airflow/.local/lib/python3.8/site-packages/airflow/example_dags/example_sensor_decorator.py
[2026-03-19T20:57:42.515+0000] {processor.py:830} INFO - Processing file /home/airflow/.local/lib/python3.8/site-packages/airflow/example_dags/example_sensor_decorator.py for tasks to queue
[2026-03-19T20:57:42.517+0000] {logging_mixin.py:188} INFO - [2026-03-19T20:57:42.517+0000] {dagbag.py:538} INFO - Filling up the DagBag from /home/airflow/.local/lib/python3.8/site-packages/airflow/example_dags/example_sensor_decorator.py
[2026-03-19T20:57:42.521+0000] {processor.py:840} INFO - DAG(s) 'example_sensor_decorator' retrieved from /home/airflow/.local/lib/python3.8/site-packages/airflow/example_dags/example_sensor_decorator.py
[2026-03-19T20:57:42.533+0000] {logging_mixin.py:188} INFO - [2026-03-19T20:57:42.533+0000] {dag.py:3036} INFO - Sync 1 DAGs
[2026-03-19T20:57:42.540+0000] {logging_mixin.py:188} INFO - [2026-03-19T20:57:42.540+0000] {dag.py:3823} INFO - Setting next_dagrun for example_sensor_decorator to None, run_after=None
[2026-03-19T20:57:42.550+0000] {processor.py:183} INFO - Processing /home/airflow/.local/lib/python3.8/site-packages/airflow/example_dags/example_sensor_decorator.py took 0.037 seconds
[2026-03-19T20:58:13.351+0000] {processor.py:161} INFO - Started process (PID=363) to work on /home/airflow/.local/lib/python3.8/site-packages/airflow/example_dags/example_sensor_decorator.py
[2026-03-19T20:58:13.352+0000] {processor.py:830} INFO - Processing file /home/airflow/.local/lib/python3.8/site-packages/airflow/example_dags/example_sensor_decorator.py for tasks to queue
[2026-03-19T20:58:13.354+0000] {logging_mixin.py:188} INFO - [2026-03-19T20:58:13.354+0000] {dagbag.py:538} INFO - Filling up the DagBag from /home/airflow/.local/lib/python3.8/site-packages/airflow/example_dags/example_sensor_decorator.py
[2026-03-19T20:58:13.358+0000] {processor.py:840} INFO - DAG(s) 'example_sensor_decorator' retrieved from /home/airflow/.local/lib/python3.8/site-packages/airflow/example_dags/example_sensor_decorator.py
[2026-03-19T20:58:13.371+0000] {logging_mixin.py:188} INFO - [2026-03-19T20:58:13.371+0000] {dag.py:3036} INFO - Sync 1 DAGs
[2026-03-19T20:58:13.380+0000] {logging_mixin.py:188} INFO - [2026-03-19T20:58:13.380+0000] {dag.py:3823} INFO - Setting next_dagrun for example_sensor_decorator to None, run_after=None
[2026-03-19T20:58:13.393+0000] {processor.py:183} INFO - Processing /home/airflow/.local/lib/python3.8/site-packages/airflow/example_dags/example_sensor_decorator.py took 0.044 seconds
[2026-03-19T20:58:44.234+0000] {processor.py:161} INFO - Started process (PID=418) to work on /home/airflow/.local/lib/python3.8/site-packages/airflow/example_dags/example_sensor_decorator.py
[2026-03-19T20:58:44.235+0000] {processor.py:830} INFO - Processing file /home/airflow/.local/lib/python3.8/site-packages/airflow/example_dags/example_sensor_decorator.py for tasks to queue
[2026-03-19T20:58:44.236+0000] {logging_mixin.py:188} INFO - [2026-03-19T20:58:44.236+0000] {dagbag.py:538} INFO - Filling up the DagBag from /home/airflow/.local/lib/python3.8/site-packages/airflow/example_dags/example_sensor_decorator.py
[2026-03-19T20:58:44.240+0000] {processor.py:840} INFO - DAG(s) 'example_sensor_decorator' retrieved from /home/airflow/.local/lib/python3.8/site-packages/airflow/example_dags/example_sensor_decorator.py
[2026-03-19T20:58:44.253+0000] {logging_mixin.py:188} INFO - [2026-03-19T20:58:44.253+0000] {dag.py:3036} INFO - Sync 1 DAGs
[2026-03-19T20:58:44.261+0000] {logging_mixin.py:188} INFO - [2026-03-19T20:58:44.261+0000] {dag.py:3823} INFO - Setting next_dagrun for example_sensor_decorator to None, run_after=None
[2026-03-19T20:58:44.272+0000] {processor.py:183} INFO - Processing /home/airflow/.local/lib/python3.8/site-packages/airflow/example_dags/example_sensor_decorator.py took 0.041 seconds
[2026-03-19T20:59:15.177+0000] {processor.py:161} INFO - Started process (PID=474) to work on /home/airflow/.local/lib/python3.8/site-packages/airflow/example_dags/example_sensor_decorator.py
[2026-03-19T20:59:15.177+0000] {processor.py:830} INFO - Processing file /home/airflow/.local/lib/python3.8/site-packages/airflow/example_dags/example_sensor_decorator.py for tasks to queue
[2026-03-19T20:59:15.179+0000] {logging_mixin.py:188} INFO - [2026-03-19T20:59:15.178+0000] {dagbag.py:538} INFO - Filling up the DagBag from /home/airflow/.local/lib/python3.8/site-packages/airflow/example_dags/example_sensor_decorator.py
[2026-03-19T20:59:15.183+0000] {processor.py:840} INFO - DAG(s) 'example_sensor_decorator' retrieved from /home/airflow/.local/lib/python3.8/site-packages/airflow/example_dags/example_sensor_decorator.py
[2026-03-19T20:59:15.195+0000] {logging_mixin.py:188} INFO - [2026-03-19T20:59:15.195+0000] {dag.py:3036} INFO - Sync 1 DAGs
[2026-03-19T20:59:15.202+0000] {logging_mixin.py:188} INFO - [2026-03-19T20:59:15.202+0000] {dag.py:3823} INFO - Setting next_dagrun for example_sensor_decorator to None, run_after=None
[2026-03-19T20:59:15.214+0000] {processor.py:183} INFO - Processing /home/airflow/.local/lib/python3.8/site-packages/airflow/example_dags/example_sensor_decorator.py took 0.040 seconds
[2026-03-19T20:59:45.883+0000] {processor.py:161} INFO - Started process (PID=529) to work on /home/airflow/.local/lib/python3.8/site-packages/airflow/example_dags/example_sensor_decorator.py
[2026-03-19T20:59:45.883+0000] {processor.py:830} INFO - Processing file /home/airflow/.local/lib/python3.8/site-packages/airflow/example_dags/example_sensor_decorator.py for tasks to queue
[2026-03-19T20:59:45.884+0000] {logging_mixin.py:188} INFO - [2026-03-19T20:59:45.884+0000] {dagbag.py:538} INFO - Filling up the DagBag from /home/airflow/.local/lib/python3.8/site-packages/airflow/example_dags/example_sensor_decorator.py
[2026-03-19T20:59:45.888+0000] {processor.py:840} INFO - DAG(s) 'example_sensor_decorator' retrieved from /home/airflow/.local/lib/python3.8/site-packages/airflow/example_dags/example_sensor_decorator.py
[2026-03-19T20:59:45.899+0000] {logging_mixin.py:188} INFO - [2026-03-19T20:59:45.899+0000] {dag.py:3036} INFO - Sync 1 DAGs
[2026-03-19T20:59:45.906+0000] {logging_mixin.py:188} INFO - [2026-03-19T20:59:45.906+0000] {dag.py:3823} INFO - Setting next_dagrun for example_sensor_decorator to None, run_after=None
[2026-03-19T20:59:45.917+0000] {processor.py:183} INFO - Processing /home/airflow/.local/lib/python3.8/site-packages/airflow/example_dags/example_sensor_decorator.py took 0.036 seconds
