[2026-03-19T20:55:39.162+0000] {processor.py:161} INFO - Started process (PID=67) to work on /home/airflow/.local/lib/python3.8/site-packages/airflow/example_dags/example_nested_branch_dag.py
[2026-03-19T20:55:39.163+0000] {processor.py:830} INFO - Processing file /home/airflow/.local/lib/python3.8/site-packages/airflow/example_dags/example_nested_branch_dag.py for tasks to queue
[2026-03-19T20:55:39.164+0000] {logging_mixin.py:188} INFO - [2026-03-19T20:55:39.164+0000] {dagbag.py:538} INFO - Filling up the DagBag from /home/airflow/.local/lib/python3.8/site-packages/airflow/example_dags/example_nested_branch_dag.py
[2026-03-19T20:55:39.177+0000] {processor.py:840} INFO - DAG(s) 'example_nested_branch_dag' retrieved from /home/airflow/.local/lib/python3.8/site-packages/airflow/example_dags/example_nested_branch_dag.py
[2026-03-19T20:55:39.187+0000] {logging_mixin.py:188} INFO - [2026-03-19T20:55:39.187+0000] {dag.py:3036} INFO - Sync 1 DAGs
[2026-03-19T20:55:39.206+0000] {logging_mixin.py:188} INFO - [2026-03-19T20:55:39.206+0000] {dag.py:3823} INFO - Setting next_dagrun for example_nested_branch_dag to 2026-03-18 00:00:00+00:00, run_after=2026-03-19 00:00:00+00:00
[2026-03-19T20:55:39.220+0000] {processor.py:183} INFO - Processing /home/airflow/.local/lib/python3.8/site-packages/airflow/example_dags/example_nested_branch_dag.py took 0.060 seconds
[2026-03-19T20:56:09.639+0000] {processor.py:161} INFO - Started process (PID=122) to work on /home/airflow/.local/lib/python3.8/site-packages/airflow/example_dags/example_nested_branch_dag.py
[2026-03-19T20:56:09.640+0000] {processor.py:830} INFO - Processing file /home/airflow/.local/lib/python3.8/site-packages/airflow/example_dags/example_nested_branch_dag.py for tasks to queue
[2026-03-19T20:56:09.641+0000] {logging_mixin.py:188} INFO - [2026-03-19T20:56:09.640+0000] {dagbag.py:538} INFO - Filling up the DagBag from /home/airflow/.local/lib/python3.8/site-packages/airflow/example_dags/example_nested_branch_dag.py
[2026-03-19T20:56:09.646+0000] {processor.py:840} INFO - DAG(s) 'example_nested_branch_dag' retrieved from /home/airflow/.local/lib/python3.8/site-packages/airflow/example_dags/example_nested_branch_dag.py
[2026-03-19T20:56:09.707+0000] {logging_mixin.py:188} INFO - [2026-03-19T20:56:09.707+0000] {dag.py:3036} INFO - Sync 1 DAGs
[2026-03-19T20:56:09.719+0000] {logging_mixin.py:188} INFO - [2026-03-19T20:56:09.719+0000] {dag.py:3823} INFO - Setting next_dagrun for example_nested_branch_dag to 2026-03-18 00:00:00+00:00, run_after=2026-03-19 00:00:00+00:00
[2026-03-19T20:56:09.730+0000] {processor.py:183} INFO - Processing /home/airflow/.local/lib/python3.8/site-packages/airflow/example_dags/example_nested_branch_dag.py took 0.093 seconds
[2026-03-19T20:56:40.334+0000] {processor.py:161} INFO - Started process (PID=177) to work on /home/airflow/.local/lib/python3.8/site-packages/airflow/example_dags/example_nested_branch_dag.py
[2026-03-19T20:56:40.335+0000] {processor.py:830} INFO - Processing file /home/airflow/.local/lib/python3.8/site-packages/airflow/example_dags/example_nested_branch_dag.py for tasks to queue
[2026-03-19T20:56:40.336+0000] {logging_mixin.py:188} INFO - [2026-03-19T20:56:40.336+0000] {dagbag.py:538} INFO - Filling up the DagBag from /home/airflow/.local/lib/python3.8/site-packages/airflow/example_dags/example_nested_branch_dag.py
[2026-03-19T20:56:40.342+0000] {processor.py:840} INFO - DAG(s) 'example_nested_branch_dag' retrieved from /home/airflow/.local/lib/python3.8/site-packages/airflow/example_dags/example_nested_branch_dag.py
[2026-03-19T20:56:40.354+0000] {logging_mixin.py:188} INFO - [2026-03-19T20:56:40.354+0000] {dag.py:3036} INFO - Sync 1 DAGs
[2026-03-19T20:56:40.368+0000] {logging_mixin.py:188} INFO - [2026-03-19T20:56:40.368+0000] {dag.py:3823} INFO - Setting next_dagrun for example_nested_branch_dag to 2026-03-18 00:00:00+00:00, run_after=2026-03-19 00:00:00+00:00
[2026-03-19T20:56:40.379+0000] {processor.py:183} INFO - Processing /home/airflow/.local/lib/python3.8/site-packages/airflow/example_dags/example_nested_branch_dag.py took 0.047 seconds
[2026-03-19T20:57:11.128+0000] {processor.py:161} INFO - Started process (PID=232) to work on /home/airflow/.local/lib/python3.8/site-packages/airflow/example_dags/example_nested_branch_dag.py
[2026-03-19T20:57:11.128+0000] {processor.py:830} INFO - Processing file /home/airflow/.local/lib/python3.8/site-packages/airflow/example_dags/example_nested_branch_dag.py for tasks to queue
[2026-03-19T20:57:11.129+0000] {logging_mixin.py:188} INFO - [2026-03-19T20:57:11.129+0000] {dagbag.py:538} INFO - Filling up the DagBag from /home/airflow/.local/lib/python3.8/site-packages/airflow/example_dags/example_nested_branch_dag.py
[2026-03-19T20:57:11.135+0000] {processor.py:840} INFO - DAG(s) 'example_nested_branch_dag' retrieved from /home/airflow/.local/lib/python3.8/site-packages/airflow/example_dags/example_nested_branch_dag.py
[2026-03-19T20:57:11.147+0000] {logging_mixin.py:188} INFO - [2026-03-19T20:57:11.147+0000] {dag.py:3036} INFO - Sync 1 DAGs
[2026-03-19T20:57:11.162+0000] {logging_mixin.py:188} INFO - [2026-03-19T20:57:11.161+0000] {dag.py:3823} INFO - Setting next_dagrun for example_nested_branch_dag to 2026-03-18 00:00:00+00:00, run_after=2026-03-19 00:00:00+00:00
[2026-03-19T20:57:11.175+0000] {processor.py:183} INFO - Processing /home/airflow/.local/lib/python3.8/site-packages/airflow/example_dags/example_nested_branch_dag.py took 0.050 seconds
[2026-03-19T20:57:41.937+0000] {processor.py:161} INFO - Started process (PID=293) to work on /home/airflow/.local/lib/python3.8/site-packages/airflow/example_dags/example_nested_branch_dag.py
[2026-03-19T20:57:41.938+0000] {processor.py:830} INFO - Processing file /home/airflow/.local/lib/python3.8/site-packages/airflow/example_dags/example_nested_branch_dag.py for tasks to queue
[2026-03-19T20:57:41.939+0000] {logging_mixin.py:188} INFO - [2026-03-19T20:57:41.939+0000] {dagbag.py:538} INFO - Filling up the DagBag from /home/airflow/.local/lib/python3.8/site-packages/airflow/example_dags/example_nested_branch_dag.py
[2026-03-19T20:57:41.945+0000] {processor.py:840} INFO - DAG(s) 'example_nested_branch_dag' retrieved from /home/airflow/.local/lib/python3.8/site-packages/airflow/example_dags/example_nested_branch_dag.py
[2026-03-19T20:57:41.958+0000] {logging_mixin.py:188} INFO - [2026-03-19T20:57:41.958+0000] {dag.py:3036} INFO - Sync 1 DAGs
[2026-03-19T20:57:41.972+0000] {logging_mixin.py:188} INFO - [2026-03-19T20:57:41.972+0000] {dag.py:3823} INFO - Setting next_dagrun for example_nested_branch_dag to 2026-03-18 00:00:00+00:00, run_after=2026-03-19 00:00:00+00:00
[2026-03-19T20:57:41.984+0000] {processor.py:183} INFO - Processing /home/airflow/.local/lib/python3.8/site-packages/airflow/example_dags/example_nested_branch_dag.py took 0.049 seconds
[2026-03-19T20:58:12.770+0000] {processor.py:161} INFO - Started process (PID=348) to work on /home/airflow/.local/lib/python3.8/site-packages/airflow/example_dags/example_nested_branch_dag.py
[2026-03-19T20:58:12.770+0000] {processor.py:830} INFO - Processing file /home/airflow/.local/lib/python3.8/site-packages/airflow/example_dags/example_nested_branch_dag.py for tasks to queue
[2026-03-19T20:58:12.771+0000] {logging_mixin.py:188} INFO - [2026-03-19T20:58:12.771+0000] {dagbag.py:538} INFO - Filling up the DagBag from /home/airflow/.local/lib/python3.8/site-packages/airflow/example_dags/example_nested_branch_dag.py
[2026-03-19T20:58:12.777+0000] {processor.py:840} INFO - DAG(s) 'example_nested_branch_dag' retrieved from /home/airflow/.local/lib/python3.8/site-packages/airflow/example_dags/example_nested_branch_dag.py
[2026-03-19T20:58:12.788+0000] {logging_mixin.py:188} INFO - [2026-03-19T20:58:12.788+0000] {dag.py:3036} INFO - Sync 1 DAGs
[2026-03-19T20:58:12.800+0000] {logging_mixin.py:188} INFO - [2026-03-19T20:58:12.800+0000] {dag.py:3823} INFO - Setting next_dagrun for example_nested_branch_dag to 2026-03-18 00:00:00+00:00, run_after=2026-03-19 00:00:00+00:00
[2026-03-19T20:58:12.810+0000] {processor.py:183} INFO - Processing /home/airflow/.local/lib/python3.8/site-packages/airflow/example_dags/example_nested_branch_dag.py took 0.042 seconds
[2026-03-19T20:58:43.649+0000] {processor.py:161} INFO - Started process (PID=403) to work on /home/airflow/.local/lib/python3.8/site-packages/airflow/example_dags/example_nested_branch_dag.py
[2026-03-19T20:58:43.650+0000] {processor.py:830} INFO - Processing file /home/airflow/.local/lib/python3.8/site-packages/airflow/example_dags/example_nested_branch_dag.py for tasks to queue
[2026-03-19T20:58:43.651+0000] {logging_mixin.py:188} INFO - [2026-03-19T20:58:43.651+0000] {dagbag.py:538} INFO - Filling up the DagBag from /home/airflow/.local/lib/python3.8/site-packages/airflow/example_dags/example_nested_branch_dag.py
[2026-03-19T20:58:43.657+0000] {processor.py:840} INFO - DAG(s) 'example_nested_branch_dag' retrieved from /home/airflow/.local/lib/python3.8/site-packages/airflow/example_dags/example_nested_branch_dag.py
[2026-03-19T20:58:43.669+0000] {logging_mixin.py:188} INFO - [2026-03-19T20:58:43.669+0000] {dag.py:3036} INFO - Sync 1 DAGs
[2026-03-19T20:58:43.681+0000] {logging_mixin.py:188} INFO - [2026-03-19T20:58:43.681+0000] {dag.py:3823} INFO - Setting next_dagrun for example_nested_branch_dag to 2026-03-18 00:00:00+00:00, run_after=2026-03-19 00:00:00+00:00
[2026-03-19T20:58:43.692+0000] {processor.py:183} INFO - Processing /home/airflow/.local/lib/python3.8/site-packages/airflow/example_dags/example_nested_branch_dag.py took 0.044 seconds
[2026-03-19T20:59:13.720+0000] {processor.py:161} INFO - Started process (PID=459) to work on /home/airflow/.local/lib/python3.8/site-packages/airflow/example_dags/example_nested_branch_dag.py
[2026-03-19T20:59:13.720+0000] {processor.py:830} INFO - Processing file /home/airflow/.local/lib/python3.8/site-packages/airflow/example_dags/example_nested_branch_dag.py for tasks to queue
[2026-03-19T20:59:13.722+0000] {logging_mixin.py:188} INFO - [2026-03-19T20:59:13.721+0000] {dagbag.py:538} INFO - Filling up the DagBag from /home/airflow/.local/lib/python3.8/site-packages/airflow/example_dags/example_nested_branch_dag.py
[2026-03-19T20:59:13.727+0000] {processor.py:840} INFO - DAG(s) 'example_nested_branch_dag' retrieved from /home/airflow/.local/lib/python3.8/site-packages/airflow/example_dags/example_nested_branch_dag.py
[2026-03-19T20:59:13.739+0000] {logging_mixin.py:188} INFO - [2026-03-19T20:59:13.739+0000] {dag.py:3036} INFO - Sync 1 DAGs
[2026-03-19T20:59:13.753+0000] {logging_mixin.py:188} INFO - [2026-03-19T20:59:13.753+0000] {dag.py:3823} INFO - Setting next_dagrun for example_nested_branch_dag to 2026-03-18 00:00:00+00:00, run_after=2026-03-19 00:00:00+00:00
[2026-03-19T20:59:13.763+0000] {processor.py:183} INFO - Processing /home/airflow/.local/lib/python3.8/site-packages/airflow/example_dags/example_nested_branch_dag.py took 0.046 seconds
[2026-03-19T20:59:44.483+0000] {processor.py:161} INFO - Started process (PID=514) to work on /home/airflow/.local/lib/python3.8/site-packages/airflow/example_dags/example_nested_branch_dag.py
[2026-03-19T20:59:44.484+0000] {processor.py:830} INFO - Processing file /home/airflow/.local/lib/python3.8/site-packages/airflow/example_dags/example_nested_branch_dag.py for tasks to queue
[2026-03-19T20:59:44.485+0000] {logging_mixin.py:188} INFO - [2026-03-19T20:59:44.485+0000] {dagbag.py:538} INFO - Filling up the DagBag from /home/airflow/.local/lib/python3.8/site-packages/airflow/example_dags/example_nested_branch_dag.py
[2026-03-19T20:59:44.491+0000] {processor.py:840} INFO - DAG(s) 'example_nested_branch_dag' retrieved from /home/airflow/.local/lib/python3.8/site-packages/airflow/example_dags/example_nested_branch_dag.py
[2026-03-19T20:59:44.505+0000] {logging_mixin.py:188} INFO - [2026-03-19T20:59:44.505+0000] {dag.py:3036} INFO - Sync 1 DAGs
[2026-03-19T20:59:44.520+0000] {logging_mixin.py:188} INFO - [2026-03-19T20:59:44.520+0000] {dag.py:3823} INFO - Setting next_dagrun for example_nested_branch_dag to 2026-03-18 00:00:00+00:00, run_after=2026-03-19 00:00:00+00:00
[2026-03-19T20:59:44.532+0000] {processor.py:183} INFO - Processing /home/airflow/.local/lib/python3.8/site-packages/airflow/example_dags/example_nested_branch_dag.py took 0.052 seconds
[2026-03-19T21:00:15.082+0000] {processor.py:161} INFO - Started process (PID=569) to work on /home/airflow/.local/lib/python3.8/site-packages/airflow/example_dags/example_nested_branch_dag.py
[2026-03-19T21:00:15.083+0000] {processor.py:830} INFO - Processing file /home/airflow/.local/lib/python3.8/site-packages/airflow/example_dags/example_nested_branch_dag.py for tasks to queue
[2026-03-19T21:00:15.085+0000] {logging_mixin.py:188} INFO - [2026-03-19T21:00:15.085+0000] {dagbag.py:538} INFO - Filling up the DagBag from /home/airflow/.local/lib/python3.8/site-packages/airflow/example_dags/example_nested_branch_dag.py
[2026-03-19T21:00:15.091+0000] {processor.py:840} INFO - DAG(s) 'example_nested_branch_dag' retrieved from /home/airflow/.local/lib/python3.8/site-packages/airflow/example_dags/example_nested_branch_dag.py
[2026-03-19T21:00:15.104+0000] {logging_mixin.py:188} INFO - [2026-03-19T21:00:15.104+0000] {dag.py:3036} INFO - Sync 1 DAGs
[2026-03-19T21:00:15.118+0000] {logging_mixin.py:188} INFO - [2026-03-19T21:00:15.118+0000] {dag.py:3823} INFO - Setting next_dagrun for example_nested_branch_dag to 2026-03-18 00:00:00+00:00, run_after=2026-03-19 00:00:00+00:00
[2026-03-19T21:00:15.130+0000] {processor.py:183} INFO - Processing /home/airflow/.local/lib/python3.8/site-packages/airflow/example_dags/example_nested_branch_dag.py took 0.050 seconds
