[2026-03-19T20:55:40.601+0000] {processor.py:161} INFO - Started process (PID=106) to work on /home/airflow/.local/lib/python3.8/site-packages/airflow/example_dags/example_python_operator.py
[2026-03-19T20:55:40.602+0000] {processor.py:830} INFO - Processing file /home/airflow/.local/lib/python3.8/site-packages/airflow/example_dags/example_python_operator.py for tasks to queue
[2026-03-19T20:55:40.604+0000] {logging_mixin.py:188} INFO - [2026-03-19T20:55:40.603+0000] {dagbag.py:538} INFO - Filling up the DagBag from /home/airflow/.local/lib/python3.8/site-packages/airflow/example_dags/example_python_operator.py
[2026-03-19T20:55:40.611+0000] {processor.py:840} INFO - DAG(s) 'example_python_operator' retrieved from /home/airflow/.local/lib/python3.8/site-packages/airflow/example_dags/example_python_operator.py
[2026-03-19T20:55:40.618+0000] {logging_mixin.py:188} INFO - [2026-03-19T20:55:40.617+0000] {dag.py:3036} INFO - Sync 1 DAGs
[2026-03-19T20:55:40.625+0000] {logging_mixin.py:188} INFO - [2026-03-19T20:55:40.625+0000] {dag.py:3823} INFO - Setting next_dagrun for example_python_operator to None, run_after=None
[2026-03-19T20:55:40.640+0000] {processor.py:183} INFO - Processing /home/airflow/.local/lib/python3.8/site-packages/airflow/example_dags/example_python_operator.py took 0.040 seconds
[2026-03-19T20:56:11.990+0000] {processor.py:161} INFO - Started process (PID=167) to work on /home/airflow/.local/lib/python3.8/site-packages/airflow/example_dags/example_python_operator.py
[2026-03-19T20:56:11.991+0000] {processor.py:830} INFO - Processing file /home/airflow/.local/lib/python3.8/site-packages/airflow/example_dags/example_python_operator.py for tasks to queue
[2026-03-19T20:56:11.992+0000] {logging_mixin.py:188} INFO - [2026-03-19T20:56:11.992+0000] {dagbag.py:538} INFO - Filling up the DagBag from /home/airflow/.local/lib/python3.8/site-packages/airflow/example_dags/example_python_operator.py
[2026-03-19T20:56:11.998+0000] {processor.py:840} INFO - DAG(s) 'example_python_operator' retrieved from /home/airflow/.local/lib/python3.8/site-packages/airflow/example_dags/example_python_operator.py
[2026-03-19T20:56:12.049+0000] {logging_mixin.py:188} INFO - [2026-03-19T20:56:12.049+0000] {dag.py:3036} INFO - Sync 1 DAGs
[2026-03-19T20:56:12.055+0000] {logging_mixin.py:188} INFO - [2026-03-19T20:56:12.055+0000] {dag.py:3823} INFO - Setting next_dagrun for example_python_operator to None, run_after=None
[2026-03-19T20:56:12.067+0000] {processor.py:183} INFO - Processing /home/airflow/.local/lib/python3.8/site-packages/airflow/example_dags/example_python_operator.py took 0.079 seconds
[2026-03-19T20:56:42.799+0000] {processor.py:161} INFO - Started process (PID=222) to work on /home/airflow/.local/lib/python3.8/site-packages/airflow/example_dags/example_python_operator.py
[2026-03-19T20:56:42.800+0000] {processor.py:830} INFO - Processing file /home/airflow/.local/lib/python3.8/site-packages/airflow/example_dags/example_python_operator.py for tasks to queue
[2026-03-19T20:56:42.801+0000] {logging_mixin.py:188} INFO - [2026-03-19T20:56:42.801+0000] {dagbag.py:538} INFO - Filling up the DagBag from /home/airflow/.local/lib/python3.8/site-packages/airflow/example_dags/example_python_operator.py
[2026-03-19T20:56:42.807+0000] {processor.py:840} INFO - DAG(s) 'example_python_operator' retrieved from /home/airflow/.local/lib/python3.8/site-packages/airflow/example_dags/example_python_operator.py
[2026-03-19T20:56:42.819+0000] {logging_mixin.py:188} INFO - [2026-03-19T20:56:42.819+0000] {dag.py:3036} INFO - Sync 1 DAGs
[2026-03-19T20:56:42.826+0000] {logging_mixin.py:188} INFO - [2026-03-19T20:56:42.826+0000] {dag.py:3823} INFO - Setting next_dagrun for example_python_operator to None, run_after=None
[2026-03-19T20:56:42.836+0000] {processor.py:183} INFO - Processing /home/airflow/.local/lib/python3.8/site-packages/airflow/example_dags/example_python_operator.py took 0.039 seconds
[2026-03-19T20:57:13.573+0000] {processor.py:161} INFO - Started process (PID=277) to work on /home/airflow/.local/lib/python3.8/site-packages/airflow/example_dags/example_python_operator.py
[2026-03-19T20:57:13.574+0000] {processor.py:830} INFO - Processing file /home/airflow/.local/lib/python3.8/site-packages/airflow/example_dags/example_python_operator.py for tasks to queue
[2026-03-19T20:57:13.575+0000] {logging_mixin.py:188} INFO - [2026-03-19T20:57:13.575+0000] {dagbag.py:538} INFO - Filling up the DagBag from /home/airflow/.local/lib/python3.8/site-packages/airflow/example_dags/example_python_operator.py
[2026-03-19T20:57:13.581+0000] {processor.py:840} INFO - DAG(s) 'example_python_operator' retrieved from /home/airflow/.local/lib/python3.8/site-packages/airflow/example_dags/example_python_operator.py
[2026-03-19T20:57:13.595+0000] {logging_mixin.py:188} INFO - [2026-03-19T20:57:13.595+0000] {dag.py:3036} INFO - Sync 1 DAGs
[2026-03-19T20:57:13.602+0000] {logging_mixin.py:188} INFO - [2026-03-19T20:57:13.602+0000] {dag.py:3823} INFO - Setting next_dagrun for example_python_operator to None, run_after=None
[2026-03-19T20:57:13.614+0000] {processor.py:183} INFO - Processing /home/airflow/.local/lib/python3.8/site-packages/airflow/example_dags/example_python_operator.py took 0.043 seconds
[2026-03-19T20:57:44.348+0000] {processor.py:161} INFO - Started process (PID=332) to work on /home/airflow/.local/lib/python3.8/site-packages/airflow/example_dags/example_python_operator.py
[2026-03-19T20:57:44.348+0000] {processor.py:830} INFO - Processing file /home/airflow/.local/lib/python3.8/site-packages/airflow/example_dags/example_python_operator.py for tasks to queue
[2026-03-19T20:57:44.350+0000] {logging_mixin.py:188} INFO - [2026-03-19T20:57:44.349+0000] {dagbag.py:538} INFO - Filling up the DagBag from /home/airflow/.local/lib/python3.8/site-packages/airflow/example_dags/example_python_operator.py
[2026-03-19T20:57:44.356+0000] {processor.py:840} INFO - DAG(s) 'example_python_operator' retrieved from /home/airflow/.local/lib/python3.8/site-packages/airflow/example_dags/example_python_operator.py
[2026-03-19T20:57:44.369+0000] {logging_mixin.py:188} INFO - [2026-03-19T20:57:44.368+0000] {dag.py:3036} INFO - Sync 1 DAGs
[2026-03-19T20:57:44.375+0000] {logging_mixin.py:188} INFO - [2026-03-19T20:57:44.375+0000] {dag.py:3823} INFO - Setting next_dagrun for example_python_operator to None, run_after=None
[2026-03-19T20:57:44.386+0000] {processor.py:183} INFO - Processing /home/airflow/.local/lib/python3.8/site-packages/airflow/example_dags/example_python_operator.py took 0.041 seconds
[2026-03-19T20:58:15.199+0000] {processor.py:161} INFO - Started process (PID=387) to work on /home/airflow/.local/lib/python3.8/site-packages/airflow/example_dags/example_python_operator.py
[2026-03-19T20:58:15.200+0000] {processor.py:830} INFO - Processing file /home/airflow/.local/lib/python3.8/site-packages/airflow/example_dags/example_python_operator.py for tasks to queue
[2026-03-19T20:58:15.202+0000] {logging_mixin.py:188} INFO - [2026-03-19T20:58:15.201+0000] {dagbag.py:538} INFO - Filling up the DagBag from /home/airflow/.local/lib/python3.8/site-packages/airflow/example_dags/example_python_operator.py
[2026-03-19T20:58:15.208+0000] {processor.py:840} INFO - DAG(s) 'example_python_operator' retrieved from /home/airflow/.local/lib/python3.8/site-packages/airflow/example_dags/example_python_operator.py
[2026-03-19T20:58:15.219+0000] {logging_mixin.py:188} INFO - [2026-03-19T20:58:15.219+0000] {dag.py:3036} INFO - Sync 1 DAGs
[2026-03-19T20:58:15.226+0000] {logging_mixin.py:188} INFO - [2026-03-19T20:58:15.226+0000] {dag.py:3823} INFO - Setting next_dagrun for example_python_operator to None, run_after=None
[2026-03-19T20:58:15.236+0000] {processor.py:183} INFO - Processing /home/airflow/.local/lib/python3.8/site-packages/airflow/example_dags/example_python_operator.py took 0.039 seconds
[2026-03-19T20:58:45.316+0000] {processor.py:161} INFO - Started process (PID=442) to work on /home/airflow/.local/lib/python3.8/site-packages/airflow/example_dags/example_python_operator.py
[2026-03-19T20:58:45.317+0000] {processor.py:830} INFO - Processing file /home/airflow/.local/lib/python3.8/site-packages/airflow/example_dags/example_python_operator.py for tasks to queue
[2026-03-19T20:58:45.319+0000] {logging_mixin.py:188} INFO - [2026-03-19T20:58:45.319+0000] {dagbag.py:538} INFO - Filling up the DagBag from /home/airflow/.local/lib/python3.8/site-packages/airflow/example_dags/example_python_operator.py
[2026-03-19T20:58:45.328+0000] {processor.py:840} INFO - DAG(s) 'example_python_operator' retrieved from /home/airflow/.local/lib/python3.8/site-packages/airflow/example_dags/example_python_operator.py
[2026-03-19T20:58:45.344+0000] {logging_mixin.py:188} INFO - [2026-03-19T20:58:45.344+0000] {dag.py:3036} INFO - Sync 1 DAGs
[2026-03-19T20:58:45.352+0000] {logging_mixin.py:188} INFO - [2026-03-19T20:58:45.351+0000] {dag.py:3823} INFO - Setting next_dagrun for example_python_operator to None, run_after=None
[2026-03-19T20:58:45.366+0000] {processor.py:183} INFO - Processing /home/airflow/.local/lib/python3.8/site-packages/airflow/example_dags/example_python_operator.py took 0.053 seconds
[2026-03-19T20:59:16.083+0000] {processor.py:161} INFO - Started process (PID=498) to work on /home/airflow/.local/lib/python3.8/site-packages/airflow/example_dags/example_python_operator.py
[2026-03-19T20:59:16.083+0000] {processor.py:830} INFO - Processing file /home/airflow/.local/lib/python3.8/site-packages/airflow/example_dags/example_python_operator.py for tasks to queue
[2026-03-19T20:59:16.085+0000] {logging_mixin.py:188} INFO - [2026-03-19T20:59:16.084+0000] {dagbag.py:538} INFO - Filling up the DagBag from /home/airflow/.local/lib/python3.8/site-packages/airflow/example_dags/example_python_operator.py
[2026-03-19T20:59:16.092+0000] {processor.py:840} INFO - DAG(s) 'example_python_operator' retrieved from /home/airflow/.local/lib/python3.8/site-packages/airflow/example_dags/example_python_operator.py
[2026-03-19T20:59:16.105+0000] {logging_mixin.py:188} INFO - [2026-03-19T20:59:16.105+0000] {dag.py:3036} INFO - Sync 1 DAGs
[2026-03-19T20:59:16.112+0000] {logging_mixin.py:188} INFO - [2026-03-19T20:59:16.112+0000] {dag.py:3823} INFO - Setting next_dagrun for example_python_operator to None, run_after=None
[2026-03-19T20:59:16.124+0000] {processor.py:183} INFO - Processing /home/airflow/.local/lib/python3.8/site-packages/airflow/example_dags/example_python_operator.py took 0.043 seconds
[2026-03-19T20:59:46.671+0000] {processor.py:161} INFO - Started process (PID=553) to work on /home/airflow/.local/lib/python3.8/site-packages/airflow/example_dags/example_python_operator.py
[2026-03-19T20:59:46.672+0000] {processor.py:830} INFO - Processing file /home/airflow/.local/lib/python3.8/site-packages/airflow/example_dags/example_python_operator.py for tasks to queue
[2026-03-19T20:59:46.673+0000] {logging_mixin.py:188} INFO - [2026-03-19T20:59:46.673+0000] {dagbag.py:538} INFO - Filling up the DagBag from /home/airflow/.local/lib/python3.8/site-packages/airflow/example_dags/example_python_operator.py
[2026-03-19T20:59:46.679+0000] {processor.py:840} INFO - DAG(s) 'example_python_operator' retrieved from /home/airflow/.local/lib/python3.8/site-packages/airflow/example_dags/example_python_operator.py
[2026-03-19T20:59:46.693+0000] {logging_mixin.py:188} INFO - [2026-03-19T20:59:46.693+0000] {dag.py:3036} INFO - Sync 1 DAGs
[2026-03-19T20:59:46.701+0000] {logging_mixin.py:188} INFO - [2026-03-19T20:59:46.701+0000] {dag.py:3823} INFO - Setting next_dagrun for example_python_operator to None, run_after=None
[2026-03-19T20:59:46.712+0000] {processor.py:183} INFO - Processing /home/airflow/.local/lib/python3.8/site-packages/airflow/example_dags/example_python_operator.py took 0.043 seconds
