[2026-03-19T20:55:39.875+0000] {processor.py:161} INFO - Started process (PID=87) to work on /home/airflow/.local/lib/python3.8/site-packages/airflow/example_dags/example_short_circuit_operator.py
[2026-03-19T20:55:39.877+0000] {processor.py:830} INFO - Processing file /home/airflow/.local/lib/python3.8/site-packages/airflow/example_dags/example_short_circuit_operator.py for tasks to queue
[2026-03-19T20:55:39.879+0000] {logging_mixin.py:188} INFO - [2026-03-19T20:55:39.879+0000] {dagbag.py:538} INFO - Filling up the DagBag from /home/airflow/.local/lib/python3.8/site-packages/airflow/example_dags/example_short_circuit_operator.py
[2026-03-19T20:55:39.887+0000] {processor.py:840} INFO - DAG(s) 'example_short_circuit_operator' retrieved from /home/airflow/.local/lib/python3.8/site-packages/airflow/example_dags/example_short_circuit_operator.py
[2026-03-19T20:55:39.896+0000] {logging_mixin.py:188} INFO - [2026-03-19T20:55:39.896+0000] {dag.py:3036} INFO - Sync 1 DAGs
[2026-03-19T20:55:39.911+0000] {logging_mixin.py:188} INFO - [2026-03-19T20:55:39.911+0000] {dag.py:3823} INFO - Setting next_dagrun for example_short_circuit_operator to 2026-03-18 00:00:00+00:00, run_after=2026-03-19 00:00:00+00:00
[2026-03-19T20:55:39.924+0000] {processor.py:183} INFO - Processing /home/airflow/.local/lib/python3.8/site-packages/airflow/example_dags/example_short_circuit_operator.py took 0.051 seconds
[2026-03-19T20:56:10.826+0000] {processor.py:161} INFO - Started process (PID=142) to work on /home/airflow/.local/lib/python3.8/site-packages/airflow/example_dags/example_short_circuit_operator.py
[2026-03-19T20:56:10.827+0000] {processor.py:830} INFO - Processing file /home/airflow/.local/lib/python3.8/site-packages/airflow/example_dags/example_short_circuit_operator.py for tasks to queue
[2026-03-19T20:56:10.828+0000] {logging_mixin.py:188} INFO - [2026-03-19T20:56:10.828+0000] {dagbag.py:538} INFO - Filling up the DagBag from /home/airflow/.local/lib/python3.8/site-packages/airflow/example_dags/example_short_circuit_operator.py
[2026-03-19T20:56:10.832+0000] {processor.py:840} INFO - DAG(s) 'example_short_circuit_operator' retrieved from /home/airflow/.local/lib/python3.8/site-packages/airflow/example_dags/example_short_circuit_operator.py
[2026-03-19T20:56:10.889+0000] {logging_mixin.py:188} INFO - [2026-03-19T20:56:10.889+0000] {dag.py:3036} INFO - Sync 1 DAGs
[2026-03-19T20:56:10.901+0000] {logging_mixin.py:188} INFO - [2026-03-19T20:56:10.900+0000] {dag.py:3823} INFO - Setting next_dagrun for example_short_circuit_operator to 2026-03-18 00:00:00+00:00, run_after=2026-03-19 00:00:00+00:00
[2026-03-19T20:56:10.912+0000] {processor.py:183} INFO - Processing /home/airflow/.local/lib/python3.8/site-packages/airflow/example_dags/example_short_circuit_operator.py took 0.088 seconds
[2026-03-19T20:56:41.114+0000] {processor.py:161} INFO - Started process (PID=197) to work on /home/airflow/.local/lib/python3.8/site-packages/airflow/example_dags/example_short_circuit_operator.py
[2026-03-19T20:56:41.115+0000] {processor.py:830} INFO - Processing file /home/airflow/.local/lib/python3.8/site-packages/airflow/example_dags/example_short_circuit_operator.py for tasks to queue
[2026-03-19T20:56:41.117+0000] {logging_mixin.py:188} INFO - [2026-03-19T20:56:41.116+0000] {dagbag.py:538} INFO - Filling up the DagBag from /home/airflow/.local/lib/python3.8/site-packages/airflow/example_dags/example_short_circuit_operator.py
[2026-03-19T20:56:41.123+0000] {processor.py:840} INFO - DAG(s) 'example_short_circuit_operator' retrieved from /home/airflow/.local/lib/python3.8/site-packages/airflow/example_dags/example_short_circuit_operator.py
[2026-03-19T20:56:41.141+0000] {logging_mixin.py:188} INFO - [2026-03-19T20:56:41.140+0000] {dag.py:3036} INFO - Sync 1 DAGs
[2026-03-19T20:56:41.157+0000] {logging_mixin.py:188} INFO - [2026-03-19T20:56:41.157+0000] {dag.py:3823} INFO - Setting next_dagrun for example_short_circuit_operator to 2026-03-18 00:00:00+00:00, run_after=2026-03-19 00:00:00+00:00
[2026-03-19T20:56:41.170+0000] {processor.py:183} INFO - Processing /home/airflow/.local/lib/python3.8/site-packages/airflow/example_dags/example_short_circuit_operator.py took 0.058 seconds
[2026-03-19T20:57:11.870+0000] {processor.py:161} INFO - Started process (PID=258) to work on /home/airflow/.local/lib/python3.8/site-packages/airflow/example_dags/example_short_circuit_operator.py
[2026-03-19T20:57:11.871+0000] {processor.py:830} INFO - Processing file /home/airflow/.local/lib/python3.8/site-packages/airflow/example_dags/example_short_circuit_operator.py for tasks to queue
[2026-03-19T20:57:11.872+0000] {logging_mixin.py:188} INFO - [2026-03-19T20:57:11.872+0000] {dagbag.py:538} INFO - Filling up the DagBag from /home/airflow/.local/lib/python3.8/site-packages/airflow/example_dags/example_short_circuit_operator.py
[2026-03-19T20:57:11.877+0000] {processor.py:840} INFO - DAG(s) 'example_short_circuit_operator' retrieved from /home/airflow/.local/lib/python3.8/site-packages/airflow/example_dags/example_short_circuit_operator.py
[2026-03-19T20:57:11.890+0000] {logging_mixin.py:188} INFO - [2026-03-19T20:57:11.890+0000] {dag.py:3036} INFO - Sync 1 DAGs
[2026-03-19T20:57:11.902+0000] {logging_mixin.py:188} INFO - [2026-03-19T20:57:11.902+0000] {dag.py:3823} INFO - Setting next_dagrun for example_short_circuit_operator to 2026-03-18 00:00:00+00:00, run_after=2026-03-19 00:00:00+00:00
[2026-03-19T20:57:11.914+0000] {processor.py:183} INFO - Processing /home/airflow/.local/lib/python3.8/site-packages/airflow/example_dags/example_short_circuit_operator.py took 0.046 seconds
[2026-03-19T20:57:42.693+0000] {processor.py:161} INFO - Started process (PID=313) to work on /home/airflow/.local/lib/python3.8/site-packages/airflow/example_dags/example_short_circuit_operator.py
[2026-03-19T20:57:42.693+0000] {processor.py:830} INFO - Processing file /home/airflow/.local/lib/python3.8/site-packages/airflow/example_dags/example_short_circuit_operator.py for tasks to queue
[2026-03-19T20:57:42.694+0000] {logging_mixin.py:188} INFO - [2026-03-19T20:57:42.694+0000] {dagbag.py:538} INFO - Filling up the DagBag from /home/airflow/.local/lib/python3.8/site-packages/airflow/example_dags/example_short_circuit_operator.py
[2026-03-19T20:57:42.699+0000] {processor.py:840} INFO - DAG(s) 'example_short_circuit_operator' retrieved from /home/airflow/.local/lib/python3.8/site-packages/airflow/example_dags/example_short_circuit_operator.py
[2026-03-19T20:57:42.713+0000] {logging_mixin.py:188} INFO - [2026-03-19T20:57:42.713+0000] {dag.py:3036} INFO - Sync 1 DAGs
[2026-03-19T20:57:42.726+0000] {logging_mixin.py:188} INFO - [2026-03-19T20:57:42.725+0000] {dag.py:3823} INFO - Setting next_dagrun for example_short_circuit_operator to 2026-03-18 00:00:00+00:00, run_after=2026-03-19 00:00:00+00:00
[2026-03-19T20:57:42.737+0000] {processor.py:183} INFO - Processing /home/airflow/.local/lib/python3.8/site-packages/airflow/example_dags/example_short_circuit_operator.py took 0.046 seconds
[2026-03-19T20:58:13.553+0000] {processor.py:161} INFO - Started process (PID=368) to work on /home/airflow/.local/lib/python3.8/site-packages/airflow/example_dags/example_short_circuit_operator.py
[2026-03-19T20:58:13.553+0000] {processor.py:830} INFO - Processing file /home/airflow/.local/lib/python3.8/site-packages/airflow/example_dags/example_short_circuit_operator.py for tasks to queue
[2026-03-19T20:58:13.554+0000] {logging_mixin.py:188} INFO - [2026-03-19T20:58:13.554+0000] {dagbag.py:538} INFO - Filling up the DagBag from /home/airflow/.local/lib/python3.8/site-packages/airflow/example_dags/example_short_circuit_operator.py
[2026-03-19T20:58:13.559+0000] {processor.py:840} INFO - DAG(s) 'example_short_circuit_operator' retrieved from /home/airflow/.local/lib/python3.8/site-packages/airflow/example_dags/example_short_circuit_operator.py
[2026-03-19T20:58:13.572+0000] {logging_mixin.py:188} INFO - [2026-03-19T20:58:13.572+0000] {dag.py:3036} INFO - Sync 1 DAGs
[2026-03-19T20:58:13.584+0000] {logging_mixin.py:188} INFO - [2026-03-19T20:58:13.584+0000] {dag.py:3823} INFO - Setting next_dagrun for example_short_circuit_operator to 2026-03-18 00:00:00+00:00, run_after=2026-03-19 00:00:00+00:00
[2026-03-19T20:58:13.594+0000] {processor.py:183} INFO - Processing /home/airflow/.local/lib/python3.8/site-packages/airflow/example_dags/example_short_circuit_operator.py took 0.043 seconds
[2026-03-19T20:58:44.446+0000] {processor.py:161} INFO - Started process (PID=423) to work on /home/airflow/.local/lib/python3.8/site-packages/airflow/example_dags/example_short_circuit_operator.py
[2026-03-19T20:58:44.447+0000] {processor.py:830} INFO - Processing file /home/airflow/.local/lib/python3.8/site-packages/airflow/example_dags/example_short_circuit_operator.py for tasks to queue
[2026-03-19T20:58:44.448+0000] {logging_mixin.py:188} INFO - [2026-03-19T20:58:44.448+0000] {dagbag.py:538} INFO - Filling up the DagBag from /home/airflow/.local/lib/python3.8/site-packages/airflow/example_dags/example_short_circuit_operator.py
[2026-03-19T20:58:44.455+0000] {processor.py:840} INFO - DAG(s) 'example_short_circuit_operator' retrieved from /home/airflow/.local/lib/python3.8/site-packages/airflow/example_dags/example_short_circuit_operator.py
[2026-03-19T20:58:44.473+0000] {logging_mixin.py:188} INFO - [2026-03-19T20:58:44.473+0000] {dag.py:3036} INFO - Sync 1 DAGs
[2026-03-19T20:58:44.491+0000] {logging_mixin.py:188} INFO - [2026-03-19T20:58:44.490+0000] {dag.py:3823} INFO - Setting next_dagrun for example_short_circuit_operator to 2026-03-18 00:00:00+00:00, run_after=2026-03-19 00:00:00+00:00
[2026-03-19T20:58:44.503+0000] {processor.py:183} INFO - Processing /home/airflow/.local/lib/python3.8/site-packages/airflow/example_dags/example_short_circuit_operator.py took 0.060 seconds
[2026-03-19T20:59:15.383+0000] {processor.py:161} INFO - Started process (PID=479) to work on /home/airflow/.local/lib/python3.8/site-packages/airflow/example_dags/example_short_circuit_operator.py
[2026-03-19T20:59:15.383+0000] {processor.py:830} INFO - Processing file /home/airflow/.local/lib/python3.8/site-packages/airflow/example_dags/example_short_circuit_operator.py for tasks to queue
[2026-03-19T20:59:15.385+0000] {logging_mixin.py:188} INFO - [2026-03-19T20:59:15.385+0000] {dagbag.py:538} INFO - Filling up the DagBag from /home/airflow/.local/lib/python3.8/site-packages/airflow/example_dags/example_short_circuit_operator.py
[2026-03-19T20:59:15.390+0000] {processor.py:840} INFO - DAG(s) 'example_short_circuit_operator' retrieved from /home/airflow/.local/lib/python3.8/site-packages/airflow/example_dags/example_short_circuit_operator.py
[2026-03-19T20:59:15.404+0000] {logging_mixin.py:188} INFO - [2026-03-19T20:59:15.403+0000] {dag.py:3036} INFO - Sync 1 DAGs
[2026-03-19T20:59:15.415+0000] {logging_mixin.py:188} INFO - [2026-03-19T20:59:15.415+0000] {dag.py:3823} INFO - Setting next_dagrun for example_short_circuit_operator to 2026-03-18 00:00:00+00:00, run_after=2026-03-19 00:00:00+00:00
[2026-03-19T20:59:15.425+0000] {processor.py:183} INFO - Processing /home/airflow/.local/lib/python3.8/site-packages/airflow/example_dags/example_short_circuit_operator.py took 0.045 seconds
[2026-03-19T20:59:46.052+0000] {processor.py:161} INFO - Started process (PID=534) to work on /home/airflow/.local/lib/python3.8/site-packages/airflow/example_dags/example_short_circuit_operator.py
[2026-03-19T20:59:46.053+0000] {processor.py:830} INFO - Processing file /home/airflow/.local/lib/python3.8/site-packages/airflow/example_dags/example_short_circuit_operator.py for tasks to queue
[2026-03-19T20:59:46.054+0000] {logging_mixin.py:188} INFO - [2026-03-19T20:59:46.054+0000] {dagbag.py:538} INFO - Filling up the DagBag from /home/airflow/.local/lib/python3.8/site-packages/airflow/example_dags/example_short_circuit_operator.py
[2026-03-19T20:59:46.059+0000] {processor.py:840} INFO - DAG(s) 'example_short_circuit_operator' retrieved from /home/airflow/.local/lib/python3.8/site-packages/airflow/example_dags/example_short_circuit_operator.py
[2026-03-19T20:59:46.073+0000] {logging_mixin.py:188} INFO - [2026-03-19T20:59:46.073+0000] {dag.py:3036} INFO - Sync 1 DAGs
[2026-03-19T20:59:46.085+0000] {logging_mixin.py:188} INFO - [2026-03-19T20:59:46.085+0000] {dag.py:3823} INFO - Setting next_dagrun for example_short_circuit_operator to 2026-03-18 00:00:00+00:00, run_after=2026-03-19 00:00:00+00:00
[2026-03-19T20:59:46.095+0000] {processor.py:183} INFO - Processing /home/airflow/.local/lib/python3.8/site-packages/airflow/example_dags/example_short_circuit_operator.py took 0.045 seconds
