[2026-03-19T20:55:39.802+0000] {processor.py:161} INFO - Started process (PID=86) to work on /home/airflow/.local/lib/python3.8/site-packages/airflow/example_dags/example_latest_only_with_trigger.py
[2026-03-19T20:55:39.804+0000] {processor.py:830} INFO - Processing file /home/airflow/.local/lib/python3.8/site-packages/airflow/example_dags/example_latest_only_with_trigger.py for tasks to queue
[2026-03-19T20:55:39.806+0000] {logging_mixin.py:188} INFO - [2026-03-19T20:55:39.805+0000] {dagbag.py:538} INFO - Filling up the DagBag from /home/airflow/.local/lib/python3.8/site-packages/airflow/example_dags/example_latest_only_with_trigger.py
[2026-03-19T20:55:39.813+0000] {processor.py:840} INFO - DAG(s) 'latest_only_with_trigger' retrieved from /home/airflow/.local/lib/python3.8/site-packages/airflow/example_dags/example_latest_only_with_trigger.py
[2026-03-19T20:55:39.824+0000] {logging_mixin.py:188} INFO - [2026-03-19T20:55:39.823+0000] {dag.py:3036} INFO - Sync 1 DAGs
[2026-03-19T20:55:39.842+0000] {logging_mixin.py:188} INFO - [2026-03-19T20:55:39.842+0000] {dag.py:3823} INFO - Setting next_dagrun for latest_only_with_trigger to 2026-03-19 16:00:00+00:00, run_after=2026-03-19 20:00:00+00:00
[2026-03-19T20:55:39.855+0000] {processor.py:183} INFO - Processing /home/airflow/.local/lib/python3.8/site-packages/airflow/example_dags/example_latest_only_with_trigger.py took 0.056 seconds
[2026-03-19T20:56:10.732+0000] {processor.py:161} INFO - Started process (PID=141) to work on /home/airflow/.local/lib/python3.8/site-packages/airflow/example_dags/example_latest_only_with_trigger.py
[2026-03-19T20:56:10.733+0000] {processor.py:830} INFO - Processing file /home/airflow/.local/lib/python3.8/site-packages/airflow/example_dags/example_latest_only_with_trigger.py for tasks to queue
[2026-03-19T20:56:10.734+0000] {logging_mixin.py:188} INFO - [2026-03-19T20:56:10.734+0000] {dagbag.py:538} INFO - Filling up the DagBag from /home/airflow/.local/lib/python3.8/site-packages/airflow/example_dags/example_latest_only_with_trigger.py
[2026-03-19T20:56:10.737+0000] {processor.py:840} INFO - DAG(s) 'latest_only_with_trigger' retrieved from /home/airflow/.local/lib/python3.8/site-packages/airflow/example_dags/example_latest_only_with_trigger.py
[2026-03-19T20:56:10.790+0000] {logging_mixin.py:188} INFO - [2026-03-19T20:56:10.790+0000] {dag.py:3036} INFO - Sync 1 DAGs
[2026-03-19T20:56:10.800+0000] {logging_mixin.py:188} INFO - [2026-03-19T20:56:10.800+0000] {dag.py:3823} INFO - Setting next_dagrun for latest_only_with_trigger to 2026-03-19 16:00:00+00:00, run_after=2026-03-19 20:00:00+00:00
[2026-03-19T20:56:10.811+0000] {processor.py:183} INFO - Processing /home/airflow/.local/lib/python3.8/site-packages/airflow/example_dags/example_latest_only_with_trigger.py took 0.080 seconds
[2026-03-19T20:56:41.040+0000] {processor.py:161} INFO - Started process (PID=196) to work on /home/airflow/.local/lib/python3.8/site-packages/airflow/example_dags/example_latest_only_with_trigger.py
[2026-03-19T20:56:41.041+0000] {processor.py:830} INFO - Processing file /home/airflow/.local/lib/python3.8/site-packages/airflow/example_dags/example_latest_only_with_trigger.py for tasks to queue
[2026-03-19T20:56:41.042+0000] {logging_mixin.py:188} INFO - [2026-03-19T20:56:41.042+0000] {dagbag.py:538} INFO - Filling up the DagBag from /home/airflow/.local/lib/python3.8/site-packages/airflow/example_dags/example_latest_only_with_trigger.py
[2026-03-19T20:56:41.046+0000] {processor.py:840} INFO - DAG(s) 'latest_only_with_trigger' retrieved from /home/airflow/.local/lib/python3.8/site-packages/airflow/example_dags/example_latest_only_with_trigger.py
[2026-03-19T20:56:41.061+0000] {logging_mixin.py:188} INFO - [2026-03-19T20:56:41.061+0000] {dag.py:3036} INFO - Sync 1 DAGs
[2026-03-19T20:56:41.075+0000] {logging_mixin.py:188} INFO - [2026-03-19T20:56:41.075+0000] {dag.py:3823} INFO - Setting next_dagrun for latest_only_with_trigger to 2026-03-19 16:00:00+00:00, run_after=2026-03-19 20:00:00+00:00
[2026-03-19T20:56:41.091+0000] {processor.py:183} INFO - Processing /home/airflow/.local/lib/python3.8/site-packages/airflow/example_dags/example_latest_only_with_trigger.py took 0.053 seconds
[2026-03-19T20:57:11.813+0000] {processor.py:161} INFO - Started process (PID=257) to work on /home/airflow/.local/lib/python3.8/site-packages/airflow/example_dags/example_latest_only_with_trigger.py
[2026-03-19T20:57:11.814+0000] {processor.py:830} INFO - Processing file /home/airflow/.local/lib/python3.8/site-packages/airflow/example_dags/example_latest_only_with_trigger.py for tasks to queue
[2026-03-19T20:57:11.815+0000] {logging_mixin.py:188} INFO - [2026-03-19T20:57:11.815+0000] {dagbag.py:538} INFO - Filling up the DagBag from /home/airflow/.local/lib/python3.8/site-packages/airflow/example_dags/example_latest_only_with_trigger.py
[2026-03-19T20:57:11.819+0000] {processor.py:840} INFO - DAG(s) 'latest_only_with_trigger' retrieved from /home/airflow/.local/lib/python3.8/site-packages/airflow/example_dags/example_latest_only_with_trigger.py
[2026-03-19T20:57:11.832+0000] {logging_mixin.py:188} INFO - [2026-03-19T20:57:11.832+0000] {dag.py:3036} INFO - Sync 1 DAGs
[2026-03-19T20:57:11.844+0000] {logging_mixin.py:188} INFO - [2026-03-19T20:57:11.843+0000] {dag.py:3823} INFO - Setting next_dagrun for latest_only_with_trigger to 2026-03-19 16:00:00+00:00, run_after=2026-03-19 20:00:00+00:00
[2026-03-19T20:57:11.853+0000] {processor.py:183} INFO - Processing /home/airflow/.local/lib/python3.8/site-packages/airflow/example_dags/example_latest_only_with_trigger.py took 0.042 seconds
[2026-03-19T20:57:42.635+0000] {processor.py:161} INFO - Started process (PID=312) to work on /home/airflow/.local/lib/python3.8/site-packages/airflow/example_dags/example_latest_only_with_trigger.py
[2026-03-19T20:57:42.636+0000] {processor.py:830} INFO - Processing file /home/airflow/.local/lib/python3.8/site-packages/airflow/example_dags/example_latest_only_with_trigger.py for tasks to queue
[2026-03-19T20:57:42.637+0000] {logging_mixin.py:188} INFO - [2026-03-19T20:57:42.637+0000] {dagbag.py:538} INFO - Filling up the DagBag from /home/airflow/.local/lib/python3.8/site-packages/airflow/example_dags/example_latest_only_with_trigger.py
[2026-03-19T20:57:42.640+0000] {processor.py:840} INFO - DAG(s) 'latest_only_with_trigger' retrieved from /home/airflow/.local/lib/python3.8/site-packages/airflow/example_dags/example_latest_only_with_trigger.py
[2026-03-19T20:57:42.653+0000] {logging_mixin.py:188} INFO - [2026-03-19T20:57:42.653+0000] {dag.py:3036} INFO - Sync 1 DAGs
[2026-03-19T20:57:42.666+0000] {logging_mixin.py:188} INFO - [2026-03-19T20:57:42.666+0000] {dag.py:3823} INFO - Setting next_dagrun for latest_only_with_trigger to 2026-03-19 16:00:00+00:00, run_after=2026-03-19 20:00:00+00:00
[2026-03-19T20:57:42.677+0000] {processor.py:183} INFO - Processing /home/airflow/.local/lib/python3.8/site-packages/airflow/example_dags/example_latest_only_with_trigger.py took 0.044 seconds
[2026-03-19T20:58:13.495+0000] {processor.py:161} INFO - Started process (PID=367) to work on /home/airflow/.local/lib/python3.8/site-packages/airflow/example_dags/example_latest_only_with_trigger.py
[2026-03-19T20:58:13.496+0000] {processor.py:830} INFO - Processing file /home/airflow/.local/lib/python3.8/site-packages/airflow/example_dags/example_latest_only_with_trigger.py for tasks to queue
[2026-03-19T20:58:13.497+0000] {logging_mixin.py:188} INFO - [2026-03-19T20:58:13.497+0000] {dagbag.py:538} INFO - Filling up the DagBag from /home/airflow/.local/lib/python3.8/site-packages/airflow/example_dags/example_latest_only_with_trigger.py
[2026-03-19T20:58:13.501+0000] {processor.py:840} INFO - DAG(s) 'latest_only_with_trigger' retrieved from /home/airflow/.local/lib/python3.8/site-packages/airflow/example_dags/example_latest_only_with_trigger.py
[2026-03-19T20:58:13.513+0000] {logging_mixin.py:188} INFO - [2026-03-19T20:58:13.513+0000] {dag.py:3036} INFO - Sync 1 DAGs
[2026-03-19T20:58:13.527+0000] {logging_mixin.py:188} INFO - [2026-03-19T20:58:13.527+0000] {dag.py:3823} INFO - Setting next_dagrun for latest_only_with_trigger to 2026-03-19 16:00:00+00:00, run_after=2026-03-19 20:00:00+00:00
[2026-03-19T20:58:13.537+0000] {processor.py:183} INFO - Processing /home/airflow/.local/lib/python3.8/site-packages/airflow/example_dags/example_latest_only_with_trigger.py took 0.044 seconds
[2026-03-19T20:58:44.370+0000] {processor.py:161} INFO - Started process (PID=422) to work on /home/airflow/.local/lib/python3.8/site-packages/airflow/example_dags/example_latest_only_with_trigger.py
[2026-03-19T20:58:44.371+0000] {processor.py:830} INFO - Processing file /home/airflow/.local/lib/python3.8/site-packages/airflow/example_dags/example_latest_only_with_trigger.py for tasks to queue
[2026-03-19T20:58:44.372+0000] {logging_mixin.py:188} INFO - [2026-03-19T20:58:44.372+0000] {dagbag.py:538} INFO - Filling up the DagBag from /home/airflow/.local/lib/python3.8/site-packages/airflow/example_dags/example_latest_only_with_trigger.py
[2026-03-19T20:58:44.376+0000] {processor.py:840} INFO - DAG(s) 'latest_only_with_trigger' retrieved from /home/airflow/.local/lib/python3.8/site-packages/airflow/example_dags/example_latest_only_with_trigger.py
[2026-03-19T20:58:44.391+0000] {logging_mixin.py:188} INFO - [2026-03-19T20:58:44.391+0000] {dag.py:3036} INFO - Sync 1 DAGs
[2026-03-19T20:58:44.406+0000] {logging_mixin.py:188} INFO - [2026-03-19T20:58:44.406+0000] {dag.py:3823} INFO - Setting next_dagrun for latest_only_with_trigger to 2026-03-19 16:00:00+00:00, run_after=2026-03-19 20:00:00+00:00
[2026-03-19T20:58:44.422+0000] {processor.py:183} INFO - Processing /home/airflow/.local/lib/python3.8/site-packages/airflow/example_dags/example_latest_only_with_trigger.py took 0.054 seconds
[2026-03-19T20:59:15.323+0000] {processor.py:161} INFO - Started process (PID=478) to work on /home/airflow/.local/lib/python3.8/site-packages/airflow/example_dags/example_latest_only_with_trigger.py
[2026-03-19T20:59:15.324+0000] {processor.py:830} INFO - Processing file /home/airflow/.local/lib/python3.8/site-packages/airflow/example_dags/example_latest_only_with_trigger.py for tasks to queue
[2026-03-19T20:59:15.325+0000] {logging_mixin.py:188} INFO - [2026-03-19T20:59:15.325+0000] {dagbag.py:538} INFO - Filling up the DagBag from /home/airflow/.local/lib/python3.8/site-packages/airflow/example_dags/example_latest_only_with_trigger.py
[2026-03-19T20:59:15.329+0000] {processor.py:840} INFO - DAG(s) 'latest_only_with_trigger' retrieved from /home/airflow/.local/lib/python3.8/site-packages/airflow/example_dags/example_latest_only_with_trigger.py
[2026-03-19T20:59:15.342+0000] {logging_mixin.py:188} INFO - [2026-03-19T20:59:15.342+0000] {dag.py:3036} INFO - Sync 1 DAGs
[2026-03-19T20:59:15.356+0000] {logging_mixin.py:188} INFO - [2026-03-19T20:59:15.356+0000] {dag.py:3823} INFO - Setting next_dagrun for latest_only_with_trigger to 2026-03-19 16:00:00+00:00, run_after=2026-03-19 20:00:00+00:00
[2026-03-19T20:59:15.367+0000] {processor.py:183} INFO - Processing /home/airflow/.local/lib/python3.8/site-packages/airflow/example_dags/example_latest_only_with_trigger.py took 0.046 seconds
[2026-03-19T20:59:45.999+0000] {processor.py:161} INFO - Started process (PID=533) to work on /home/airflow/.local/lib/python3.8/site-packages/airflow/example_dags/example_latest_only_with_trigger.py
[2026-03-19T20:59:45.999+0000] {processor.py:830} INFO - Processing file /home/airflow/.local/lib/python3.8/site-packages/airflow/example_dags/example_latest_only_with_trigger.py for tasks to queue
[2026-03-19T20:59:46.001+0000] {logging_mixin.py:188} INFO - [2026-03-19T20:59:46.000+0000] {dagbag.py:538} INFO - Filling up the DagBag from /home/airflow/.local/lib/python3.8/site-packages/airflow/example_dags/example_latest_only_with_trigger.py
[2026-03-19T20:59:46.004+0000] {processor.py:840} INFO - DAG(s) 'latest_only_with_trigger' retrieved from /home/airflow/.local/lib/python3.8/site-packages/airflow/example_dags/example_latest_only_with_trigger.py
[2026-03-19T20:59:46.015+0000] {logging_mixin.py:188} INFO - [2026-03-19T20:59:46.015+0000] {dag.py:3036} INFO - Sync 1 DAGs
[2026-03-19T20:59:46.027+0000] {logging_mixin.py:188} INFO - [2026-03-19T20:59:46.027+0000] {dag.py:3823} INFO - Setting next_dagrun for latest_only_with_trigger to 2026-03-19 16:00:00+00:00, run_after=2026-03-19 20:00:00+00:00
[2026-03-19T20:59:46.038+0000] {processor.py:183} INFO - Processing /home/airflow/.local/lib/python3.8/site-packages/airflow/example_dags/example_latest_only_with_trigger.py took 0.041 seconds
