[2026-03-19T20:55:39.620+0000] {processor.py:161} INFO - Started process (PID=80) to work on /home/airflow/.local/lib/python3.8/site-packages/airflow/example_dags/example_complex.py
[2026-03-19T20:55:39.621+0000] {processor.py:830} INFO - Processing file /home/airflow/.local/lib/python3.8/site-packages/airflow/example_dags/example_complex.py for tasks to queue
[2026-03-19T20:55:39.622+0000] {logging_mixin.py:188} INFO - [2026-03-19T20:55:39.622+0000] {dagbag.py:538} INFO - Filling up the DagBag from /home/airflow/.local/lib/python3.8/site-packages/airflow/example_dags/example_complex.py
[2026-03-19T20:55:39.631+0000] {processor.py:840} INFO - DAG(s) 'example_complex' retrieved from /home/airflow/.local/lib/python3.8/site-packages/airflow/example_dags/example_complex.py
[2026-03-19T20:55:39.638+0000] {logging_mixin.py:188} INFO - [2026-03-19T20:55:39.637+0000] {dag.py:3036} INFO - Sync 1 DAGs
[2026-03-19T20:55:39.647+0000] {logging_mixin.py:188} INFO - [2026-03-19T20:55:39.647+0000] {dag.py:3823} INFO - Setting next_dagrun for example_complex to None, run_after=None
[2026-03-19T20:55:39.659+0000] {processor.py:183} INFO - Processing /home/airflow/.local/lib/python3.8/site-packages/airflow/example_dags/example_complex.py took 0.041 seconds
[2026-03-19T20:56:10.441+0000] {processor.py:161} INFO - Started process (PID=135) to work on /home/airflow/.local/lib/python3.8/site-packages/airflow/example_dags/example_complex.py
[2026-03-19T20:56:10.442+0000] {processor.py:830} INFO - Processing file /home/airflow/.local/lib/python3.8/site-packages/airflow/example_dags/example_complex.py for tasks to queue
[2026-03-19T20:56:10.443+0000] {logging_mixin.py:188} INFO - [2026-03-19T20:56:10.443+0000] {dagbag.py:538} INFO - Filling up the DagBag from /home/airflow/.local/lib/python3.8/site-packages/airflow/example_dags/example_complex.py
[2026-03-19T20:56:10.449+0000] {processor.py:840} INFO - DAG(s) 'example_complex' retrieved from /home/airflow/.local/lib/python3.8/site-packages/airflow/example_dags/example_complex.py
[2026-03-19T20:56:10.505+0000] {logging_mixin.py:188} INFO - [2026-03-19T20:56:10.504+0000] {dag.py:3036} INFO - Sync 1 DAGs
[2026-03-19T20:56:10.510+0000] {logging_mixin.py:188} INFO - [2026-03-19T20:56:10.510+0000] {dag.py:3823} INFO - Setting next_dagrun for example_complex to None, run_after=None
[2026-03-19T20:56:10.522+0000] {processor.py:183} INFO - Processing /home/airflow/.local/lib/python3.8/site-packages/airflow/example_dags/example_complex.py took 0.083 seconds
[2026-03-19T20:56:40.829+0000] {processor.py:161} INFO - Started process (PID=190) to work on /home/airflow/.local/lib/python3.8/site-packages/airflow/example_dags/example_complex.py
[2026-03-19T20:56:40.830+0000] {processor.py:830} INFO - Processing file /home/airflow/.local/lib/python3.8/site-packages/airflow/example_dags/example_complex.py for tasks to queue
[2026-03-19T20:56:40.831+0000] {logging_mixin.py:188} INFO - [2026-03-19T20:56:40.831+0000] {dagbag.py:538} INFO - Filling up the DagBag from /home/airflow/.local/lib/python3.8/site-packages/airflow/example_dags/example_complex.py
[2026-03-19T20:56:40.838+0000] {processor.py:840} INFO - DAG(s) 'example_complex' retrieved from /home/airflow/.local/lib/python3.8/site-packages/airflow/example_dags/example_complex.py
[2026-03-19T20:56:40.858+0000] {logging_mixin.py:188} INFO - [2026-03-19T20:56:40.857+0000] {dag.py:3036} INFO - Sync 1 DAGs
[2026-03-19T20:56:40.865+0000] {logging_mixin.py:188} INFO - [2026-03-19T20:56:40.865+0000] {dag.py:3823} INFO - Setting next_dagrun for example_complex to None, run_after=None
[2026-03-19T20:56:40.878+0000] {processor.py:183} INFO - Processing /home/airflow/.local/lib/python3.8/site-packages/airflow/example_dags/example_complex.py took 0.051 seconds
[2026-03-19T20:57:11.619+0000] {processor.py:161} INFO - Started process (PID=251) to work on /home/airflow/.local/lib/python3.8/site-packages/airflow/example_dags/example_complex.py
[2026-03-19T20:57:11.620+0000] {processor.py:830} INFO - Processing file /home/airflow/.local/lib/python3.8/site-packages/airflow/example_dags/example_complex.py for tasks to queue
[2026-03-19T20:57:11.621+0000] {logging_mixin.py:188} INFO - [2026-03-19T20:57:11.621+0000] {dagbag.py:538} INFO - Filling up the DagBag from /home/airflow/.local/lib/python3.8/site-packages/airflow/example_dags/example_complex.py
[2026-03-19T20:57:11.628+0000] {processor.py:840} INFO - DAG(s) 'example_complex' retrieved from /home/airflow/.local/lib/python3.8/site-packages/airflow/example_dags/example_complex.py
[2026-03-19T20:57:11.647+0000] {logging_mixin.py:188} INFO - [2026-03-19T20:57:11.647+0000] {dag.py:3036} INFO - Sync 1 DAGs
[2026-03-19T20:57:11.655+0000] {logging_mixin.py:188} INFO - [2026-03-19T20:57:11.655+0000] {dag.py:3823} INFO - Setting next_dagrun for example_complex to None, run_after=None
[2026-03-19T20:57:11.667+0000] {processor.py:183} INFO - Processing /home/airflow/.local/lib/python3.8/site-packages/airflow/example_dags/example_complex.py took 0.050 seconds
[2026-03-19T20:57:42.453+0000] {processor.py:161} INFO - Started process (PID=306) to work on /home/airflow/.local/lib/python3.8/site-packages/airflow/example_dags/example_complex.py
[2026-03-19T20:57:42.454+0000] {processor.py:830} INFO - Processing file /home/airflow/.local/lib/python3.8/site-packages/airflow/example_dags/example_complex.py for tasks to queue
[2026-03-19T20:57:42.455+0000] {logging_mixin.py:188} INFO - [2026-03-19T20:57:42.455+0000] {dagbag.py:538} INFO - Filling up the DagBag from /home/airflow/.local/lib/python3.8/site-packages/airflow/example_dags/example_complex.py
[2026-03-19T20:57:42.462+0000] {processor.py:840} INFO - DAG(s) 'example_complex' retrieved from /home/airflow/.local/lib/python3.8/site-packages/airflow/example_dags/example_complex.py
[2026-03-19T20:57:42.480+0000] {logging_mixin.py:188} INFO - [2026-03-19T20:57:42.480+0000] {dag.py:3036} INFO - Sync 1 DAGs
[2026-03-19T20:57:42.487+0000] {logging_mixin.py:188} INFO - [2026-03-19T20:57:42.487+0000] {dag.py:3823} INFO - Setting next_dagrun for example_complex to None, run_after=None
[2026-03-19T20:57:42.497+0000] {processor.py:183} INFO - Processing /home/airflow/.local/lib/python3.8/site-packages/airflow/example_dags/example_complex.py took 0.046 seconds
[2026-03-19T20:58:13.213+0000] {processor.py:161} INFO - Started process (PID=361) to work on /home/airflow/.local/lib/python3.8/site-packages/airflow/example_dags/example_complex.py
[2026-03-19T20:58:13.214+0000] {processor.py:830} INFO - Processing file /home/airflow/.local/lib/python3.8/site-packages/airflow/example_dags/example_complex.py for tasks to queue
[2026-03-19T20:58:13.216+0000] {logging_mixin.py:188} INFO - [2026-03-19T20:58:13.216+0000] {dagbag.py:538} INFO - Filling up the DagBag from /home/airflow/.local/lib/python3.8/site-packages/airflow/example_dags/example_complex.py
[2026-03-19T20:58:13.222+0000] {processor.py:840} INFO - DAG(s) 'example_complex' retrieved from /home/airflow/.local/lib/python3.8/site-packages/airflow/example_dags/example_complex.py
[2026-03-19T20:58:13.241+0000] {logging_mixin.py:188} INFO - [2026-03-19T20:58:13.241+0000] {dag.py:3036} INFO - Sync 1 DAGs
[2026-03-19T20:58:13.248+0000] {logging_mixin.py:188} INFO - [2026-03-19T20:58:13.248+0000] {dag.py:3823} INFO - Setting next_dagrun for example_complex to None, run_after=None
[2026-03-19T20:58:13.260+0000] {processor.py:183} INFO - Processing /home/airflow/.local/lib/python3.8/site-packages/airflow/example_dags/example_complex.py took 0.048 seconds
[2026-03-19T20:58:44.148+0000] {processor.py:161} INFO - Started process (PID=416) to work on /home/airflow/.local/lib/python3.8/site-packages/airflow/example_dags/example_complex.py
[2026-03-19T20:58:44.149+0000] {processor.py:830} INFO - Processing file /home/airflow/.local/lib/python3.8/site-packages/airflow/example_dags/example_complex.py for tasks to queue
[2026-03-19T20:58:44.150+0000] {logging_mixin.py:188} INFO - [2026-03-19T20:58:44.150+0000] {dagbag.py:538} INFO - Filling up the DagBag from /home/airflow/.local/lib/python3.8/site-packages/airflow/example_dags/example_complex.py
[2026-03-19T20:58:44.157+0000] {processor.py:840} INFO - DAG(s) 'example_complex' retrieved from /home/airflow/.local/lib/python3.8/site-packages/airflow/example_dags/example_complex.py
[2026-03-19T20:58:44.176+0000] {logging_mixin.py:188} INFO - [2026-03-19T20:58:44.176+0000] {dag.py:3036} INFO - Sync 1 DAGs
[2026-03-19T20:58:44.184+0000] {logging_mixin.py:188} INFO - [2026-03-19T20:58:44.184+0000] {dag.py:3823} INFO - Setting next_dagrun for example_complex to None, run_after=None
[2026-03-19T20:58:44.196+0000] {processor.py:183} INFO - Processing /home/airflow/.local/lib/python3.8/site-packages/airflow/example_dags/example_complex.py took 0.051 seconds
[2026-03-19T20:59:15.112+0000] {processor.py:161} INFO - Started process (PID=472) to work on /home/airflow/.local/lib/python3.8/site-packages/airflow/example_dags/example_complex.py
[2026-03-19T20:59:15.113+0000] {processor.py:830} INFO - Processing file /home/airflow/.local/lib/python3.8/site-packages/airflow/example_dags/example_complex.py for tasks to queue
[2026-03-19T20:59:15.114+0000] {logging_mixin.py:188} INFO - [2026-03-19T20:59:15.114+0000] {dagbag.py:538} INFO - Filling up the DagBag from /home/airflow/.local/lib/python3.8/site-packages/airflow/example_dags/example_complex.py
[2026-03-19T20:59:15.121+0000] {processor.py:840} INFO - DAG(s) 'example_complex' retrieved from /home/airflow/.local/lib/python3.8/site-packages/airflow/example_dags/example_complex.py
[2026-03-19T20:59:15.140+0000] {logging_mixin.py:188} INFO - [2026-03-19T20:59:15.140+0000] {dag.py:3036} INFO - Sync 1 DAGs
[2026-03-19T20:59:15.148+0000] {logging_mixin.py:188} INFO - [2026-03-19T20:59:15.148+0000] {dag.py:3823} INFO - Setting next_dagrun for example_complex to None, run_after=None
[2026-03-19T20:59:15.159+0000] {processor.py:183} INFO - Processing /home/airflow/.local/lib/python3.8/site-packages/airflow/example_dags/example_complex.py took 0.049 seconds
[2026-03-19T20:59:45.827+0000] {processor.py:161} INFO - Started process (PID=527) to work on /home/airflow/.local/lib/python3.8/site-packages/airflow/example_dags/example_complex.py
[2026-03-19T20:59:45.827+0000] {processor.py:830} INFO - Processing file /home/airflow/.local/lib/python3.8/site-packages/airflow/example_dags/example_complex.py for tasks to queue
[2026-03-19T20:59:45.828+0000] {logging_mixin.py:188} INFO - [2026-03-19T20:59:45.828+0000] {dagbag.py:538} INFO - Filling up the DagBag from /home/airflow/.local/lib/python3.8/site-packages/airflow/example_dags/example_complex.py
[2026-03-19T20:59:45.834+0000] {processor.py:840} INFO - DAG(s) 'example_complex' retrieved from /home/airflow/.local/lib/python3.8/site-packages/airflow/example_dags/example_complex.py
[2026-03-19T20:59:45.851+0000] {logging_mixin.py:188} INFO - [2026-03-19T20:59:45.851+0000] {dag.py:3036} INFO - Sync 1 DAGs
[2026-03-19T20:59:45.858+0000] {logging_mixin.py:188} INFO - [2026-03-19T20:59:45.858+0000] {dag.py:3823} INFO - Setting next_dagrun for example_complex to None, run_after=None
[2026-03-19T20:59:45.868+0000] {processor.py:183} INFO - Processing /home/airflow/.local/lib/python3.8/site-packages/airflow/example_dags/example_complex.py took 0.044 seconds
