[2026-03-19T20:55:40.624+0000] {processor.py:161} INFO - Started process (PID=107) to work on /home/airflow/.local/lib/python3.8/site-packages/airflow/example_dags/example_datasets.py
[2026-03-19T20:55:40.625+0000] {processor.py:830} INFO - Processing file /home/airflow/.local/lib/python3.8/site-packages/airflow/example_dags/example_datasets.py for tasks to queue
[2026-03-19T20:55:40.626+0000] {logging_mixin.py:188} INFO - [2026-03-19T20:55:40.626+0000] {dagbag.py:538} INFO - Filling up the DagBag from /home/airflow/.local/lib/python3.8/site-packages/airflow/example_dags/example_datasets.py
[2026-03-19T20:55:40.634+0000] {processor.py:840} INFO - DAG(s) 'dataset_produces_1', 'dataset_consumes_1_never_scheduled', 'dataset_consumes_unknown_never_scheduled', 'dataset_consumes_1', 'dataset_produces_2', 'dataset_consumes_1_and_2' retrieved from /home/airflow/.local/lib/python3.8/site-packages/airflow/example_dags/example_datasets.py
[2026-03-19T20:55:40.645+0000] {logging_mixin.py:188} INFO - [2026-03-19T20:55:40.645+0000] {dag.py:3036} INFO - Sync 6 DAGs
[2026-03-19T20:55:40.661+0000] {logging_mixin.py:188} INFO - [2026-03-19T20:55:40.661+0000] {dag.py:3823} INFO - Setting next_dagrun for dataset_consumes_1 to None, run_after=None
[2026-03-19T20:55:40.664+0000] {logging_mixin.py:188} INFO - [2026-03-19T20:55:40.664+0000] {dag.py:3823} INFO - Setting next_dagrun for dataset_consumes_1_and_2 to None, run_after=None
[2026-03-19T20:55:40.665+0000] {logging_mixin.py:188} INFO - [2026-03-19T20:55:40.665+0000] {dag.py:3823} INFO - Setting next_dagrun for dataset_consumes_1_never_scheduled to None, run_after=None
[2026-03-19T20:55:40.666+0000] {logging_mixin.py:188} INFO - [2026-03-19T20:55:40.666+0000] {dag.py:3823} INFO - Setting next_dagrun for dataset_consumes_unknown_never_scheduled to None, run_after=None
[2026-03-19T20:55:40.667+0000] {logging_mixin.py:188} INFO - [2026-03-19T20:55:40.667+0000] {dag.py:3823} INFO - Setting next_dagrun for dataset_produces_1 to 2026-03-18 00:00:00+00:00, run_after=2026-03-19 00:00:00+00:00
[2026-03-19T20:55:40.668+0000] {logging_mixin.py:188} INFO - [2026-03-19T20:55:40.668+0000] {dag.py:3823} INFO - Setting next_dagrun for dataset_produces_2 to None, run_after=None
[2026-03-19T20:55:40.688+0000] {processor.py:183} INFO - Processing /home/airflow/.local/lib/python3.8/site-packages/airflow/example_dags/example_datasets.py took 0.066 seconds
[2026-03-19T20:56:11.990+0000] {processor.py:161} INFO - Started process (PID=168) to work on /home/airflow/.local/lib/python3.8/site-packages/airflow/example_dags/example_datasets.py
[2026-03-19T20:56:11.991+0000] {processor.py:830} INFO - Processing file /home/airflow/.local/lib/python3.8/site-packages/airflow/example_dags/example_datasets.py for tasks to queue
[2026-03-19T20:56:11.992+0000] {logging_mixin.py:188} INFO - [2026-03-19T20:56:11.992+0000] {dagbag.py:538} INFO - Filling up the DagBag from /home/airflow/.local/lib/python3.8/site-packages/airflow/example_dags/example_datasets.py
[2026-03-19T20:56:11.997+0000] {processor.py:840} INFO - DAG(s) 'dataset_consumes_1', 'dataset_consumes_1_and_2', 'dataset_produces_1', 'dataset_consumes_1_never_scheduled', 'dataset_produces_2', 'dataset_consumes_unknown_never_scheduled' retrieved from /home/airflow/.local/lib/python3.8/site-packages/airflow/example_dags/example_datasets.py
[2026-03-19T20:56:12.079+0000] {logging_mixin.py:188} INFO - [2026-03-19T20:56:12.078+0000] {dag.py:3036} INFO - Sync 6 DAGs
[2026-03-19T20:56:12.090+0000] {logging_mixin.py:188} INFO - [2026-03-19T20:56:12.090+0000] {dag.py:3823} INFO - Setting next_dagrun for dataset_consumes_1 to None, run_after=None
[2026-03-19T20:56:12.092+0000] {logging_mixin.py:188} INFO - [2026-03-19T20:56:12.092+0000] {dag.py:3823} INFO - Setting next_dagrun for dataset_consumes_1_and_2 to None, run_after=None
[2026-03-19T20:56:12.093+0000] {logging_mixin.py:188} INFO - [2026-03-19T20:56:12.093+0000] {dag.py:3823} INFO - Setting next_dagrun for dataset_consumes_1_never_scheduled to None, run_after=None
[2026-03-19T20:56:12.094+0000] {logging_mixin.py:188} INFO - [2026-03-19T20:56:12.094+0000] {dag.py:3823} INFO - Setting next_dagrun for dataset_consumes_unknown_never_scheduled to None, run_after=None
[2026-03-19T20:56:12.096+0000] {logging_mixin.py:188} INFO - [2026-03-19T20:56:12.096+0000] {dag.py:3823} INFO - Setting next_dagrun for dataset_produces_1 to 2026-03-18 00:00:00+00:00, run_after=2026-03-19 00:00:00+00:00
[2026-03-19T20:56:12.097+0000] {logging_mixin.py:188} INFO - [2026-03-19T20:56:12.097+0000] {dag.py:3823} INFO - Setting next_dagrun for dataset_produces_2 to None, run_after=None
[2026-03-19T20:56:12.116+0000] {processor.py:183} INFO - Processing /home/airflow/.local/lib/python3.8/site-packages/airflow/example_dags/example_datasets.py took 0.128 seconds
[2026-03-19T20:56:42.819+0000] {processor.py:161} INFO - Started process (PID=223) to work on /home/airflow/.local/lib/python3.8/site-packages/airflow/example_dags/example_datasets.py
[2026-03-19T20:56:42.820+0000] {processor.py:830} INFO - Processing file /home/airflow/.local/lib/python3.8/site-packages/airflow/example_dags/example_datasets.py for tasks to queue
[2026-03-19T20:56:42.821+0000] {logging_mixin.py:188} INFO - [2026-03-19T20:56:42.821+0000] {dagbag.py:538} INFO - Filling up the DagBag from /home/airflow/.local/lib/python3.8/site-packages/airflow/example_dags/example_datasets.py
[2026-03-19T20:56:42.827+0000] {processor.py:840} INFO - DAG(s) 'dataset_consumes_1', 'dataset_consumes_1_and_2', 'dataset_produces_1', 'dataset_consumes_1_never_scheduled', 'dataset_produces_2', 'dataset_consumes_unknown_never_scheduled' retrieved from /home/airflow/.local/lib/python3.8/site-packages/airflow/example_dags/example_datasets.py
[2026-03-19T20:56:42.846+0000] {logging_mixin.py:188} INFO - [2026-03-19T20:56:42.845+0000] {dag.py:3036} INFO - Sync 6 DAGs
[2026-03-19T20:56:42.857+0000] {logging_mixin.py:188} INFO - [2026-03-19T20:56:42.857+0000] {dag.py:3823} INFO - Setting next_dagrun for dataset_consumes_1 to None, run_after=None
[2026-03-19T20:56:42.859+0000] {logging_mixin.py:188} INFO - [2026-03-19T20:56:42.859+0000] {dag.py:3823} INFO - Setting next_dagrun for dataset_consumes_1_and_2 to None, run_after=None
[2026-03-19T20:56:42.861+0000] {logging_mixin.py:188} INFO - [2026-03-19T20:56:42.861+0000] {dag.py:3823} INFO - Setting next_dagrun for dataset_consumes_1_never_scheduled to None, run_after=None
[2026-03-19T20:56:42.861+0000] {logging_mixin.py:188} INFO - [2026-03-19T20:56:42.861+0000] {dag.py:3823} INFO - Setting next_dagrun for dataset_consumes_unknown_never_scheduled to None, run_after=None
[2026-03-19T20:56:42.863+0000] {logging_mixin.py:188} INFO - [2026-03-19T20:56:42.863+0000] {dag.py:3823} INFO - Setting next_dagrun for dataset_produces_1 to 2026-03-18 00:00:00+00:00, run_after=2026-03-19 00:00:00+00:00
[2026-03-19T20:56:42.864+0000] {logging_mixin.py:188} INFO - [2026-03-19T20:56:42.864+0000] {dag.py:3823} INFO - Setting next_dagrun for dataset_produces_2 to None, run_after=None
[2026-03-19T20:56:42.880+0000] {processor.py:183} INFO - Processing /home/airflow/.local/lib/python3.8/site-packages/airflow/example_dags/example_datasets.py took 0.063 seconds
[2026-03-19T20:57:13.585+0000] {processor.py:161} INFO - Started process (PID=278) to work on /home/airflow/.local/lib/python3.8/site-packages/airflow/example_dags/example_datasets.py
[2026-03-19T20:57:13.586+0000] {processor.py:830} INFO - Processing file /home/airflow/.local/lib/python3.8/site-packages/airflow/example_dags/example_datasets.py for tasks to queue
[2026-03-19T20:57:13.587+0000] {logging_mixin.py:188} INFO - [2026-03-19T20:57:13.587+0000] {dagbag.py:538} INFO - Filling up the DagBag from /home/airflow/.local/lib/python3.8/site-packages/airflow/example_dags/example_datasets.py
[2026-03-19T20:57:13.593+0000] {processor.py:840} INFO - DAG(s) 'dataset_consumes_1_and_2', 'dataset_consumes_unknown_never_scheduled', 'dataset_produces_1', 'dataset_consumes_1', 'dataset_produces_2', 'dataset_consumes_1_never_scheduled' retrieved from /home/airflow/.local/lib/python3.8/site-packages/airflow/example_dags/example_datasets.py
[2026-03-19T20:57:13.614+0000] {logging_mixin.py:188} INFO - [2026-03-19T20:57:13.614+0000] {dag.py:3036} INFO - Sync 6 DAGs
[2026-03-19T20:57:13.627+0000] {logging_mixin.py:188} INFO - [2026-03-19T20:57:13.627+0000] {dag.py:3823} INFO - Setting next_dagrun for dataset_consumes_1 to None, run_after=None
[2026-03-19T20:57:13.630+0000] {logging_mixin.py:188} INFO - [2026-03-19T20:57:13.629+0000] {dag.py:3823} INFO - Setting next_dagrun for dataset_consumes_1_and_2 to None, run_after=None
[2026-03-19T20:57:13.631+0000] {logging_mixin.py:188} INFO - [2026-03-19T20:57:13.631+0000] {dag.py:3823} INFO - Setting next_dagrun for dataset_consumes_1_never_scheduled to None, run_after=None
[2026-03-19T20:57:13.632+0000] {logging_mixin.py:188} INFO - [2026-03-19T20:57:13.632+0000] {dag.py:3823} INFO - Setting next_dagrun for dataset_consumes_unknown_never_scheduled to None, run_after=None
[2026-03-19T20:57:13.633+0000] {logging_mixin.py:188} INFO - [2026-03-19T20:57:13.633+0000] {dag.py:3823} INFO - Setting next_dagrun for dataset_produces_1 to 2026-03-18 00:00:00+00:00, run_after=2026-03-19 00:00:00+00:00
[2026-03-19T20:57:13.634+0000] {logging_mixin.py:188} INFO - [2026-03-19T20:57:13.634+0000] {dag.py:3823} INFO - Setting next_dagrun for dataset_produces_2 to None, run_after=None
[2026-03-19T20:57:13.653+0000] {processor.py:183} INFO - Processing /home/airflow/.local/lib/python3.8/site-packages/airflow/example_dags/example_datasets.py took 0.070 seconds
[2026-03-19T20:57:44.428+0000] {processor.py:161} INFO - Started process (PID=333) to work on /home/airflow/.local/lib/python3.8/site-packages/airflow/example_dags/example_datasets.py
[2026-03-19T20:57:44.429+0000] {processor.py:830} INFO - Processing file /home/airflow/.local/lib/python3.8/site-packages/airflow/example_dags/example_datasets.py for tasks to queue
[2026-03-19T20:57:44.430+0000] {logging_mixin.py:188} INFO - [2026-03-19T20:57:44.430+0000] {dagbag.py:538} INFO - Filling up the DagBag from /home/airflow/.local/lib/python3.8/site-packages/airflow/example_dags/example_datasets.py
[2026-03-19T20:57:44.436+0000] {processor.py:840} INFO - DAG(s) 'dataset_produces_1', 'dataset_consumes_1_and_2', 'dataset_consumes_1', 'dataset_consumes_unknown_never_scheduled', 'dataset_produces_2', 'dataset_consumes_1_never_scheduled' retrieved from /home/airflow/.local/lib/python3.8/site-packages/airflow/example_dags/example_datasets.py
[2026-03-19T20:57:44.456+0000] {logging_mixin.py:188} INFO - [2026-03-19T20:57:44.455+0000] {dag.py:3036} INFO - Sync 6 DAGs
[2026-03-19T20:57:44.468+0000] {logging_mixin.py:188} INFO - [2026-03-19T20:57:44.467+0000] {dag.py:3823} INFO - Setting next_dagrun for dataset_consumes_1 to None, run_after=None
[2026-03-19T20:57:44.470+0000] {logging_mixin.py:188} INFO - [2026-03-19T20:57:44.469+0000] {dag.py:3823} INFO - Setting next_dagrun for dataset_consumes_1_and_2 to None, run_after=None
[2026-03-19T20:57:44.472+0000] {logging_mixin.py:188} INFO - [2026-03-19T20:57:44.472+0000] {dag.py:3823} INFO - Setting next_dagrun for dataset_consumes_1_never_scheduled to None, run_after=None
[2026-03-19T20:57:44.474+0000] {logging_mixin.py:188} INFO - [2026-03-19T20:57:44.474+0000] {dag.py:3823} INFO - Setting next_dagrun for dataset_consumes_unknown_never_scheduled to None, run_after=None
[2026-03-19T20:57:44.476+0000] {logging_mixin.py:188} INFO - [2026-03-19T20:57:44.476+0000] {dag.py:3823} INFO - Setting next_dagrun for dataset_produces_1 to 2026-03-18 00:00:00+00:00, run_after=2026-03-19 00:00:00+00:00
[2026-03-19T20:57:44.478+0000] {logging_mixin.py:188} INFO - [2026-03-19T20:57:44.478+0000] {dag.py:3823} INFO - Setting next_dagrun for dataset_produces_2 to None, run_after=None
[2026-03-19T20:57:44.495+0000] {processor.py:183} INFO - Processing /home/airflow/.local/lib/python3.8/site-packages/airflow/example_dags/example_datasets.py took 0.070 seconds
[2026-03-19T20:58:15.253+0000] {processor.py:161} INFO - Started process (PID=388) to work on /home/airflow/.local/lib/python3.8/site-packages/airflow/example_dags/example_datasets.py
[2026-03-19T20:58:15.254+0000] {processor.py:830} INFO - Processing file /home/airflow/.local/lib/python3.8/site-packages/airflow/example_dags/example_datasets.py for tasks to queue
[2026-03-19T20:58:15.255+0000] {logging_mixin.py:188} INFO - [2026-03-19T20:58:15.255+0000] {dagbag.py:538} INFO - Filling up the DagBag from /home/airflow/.local/lib/python3.8/site-packages/airflow/example_dags/example_datasets.py
[2026-03-19T20:58:15.261+0000] {processor.py:840} INFO - DAG(s) 'dataset_consumes_1', 'dataset_produces_2', 'dataset_consumes_1_never_scheduled', 'dataset_produces_1', 'dataset_consumes_1_and_2', 'dataset_consumes_unknown_never_scheduled' retrieved from /home/airflow/.local/lib/python3.8/site-packages/airflow/example_dags/example_datasets.py
[2026-03-19T20:58:15.279+0000] {logging_mixin.py:188} INFO - [2026-03-19T20:58:15.279+0000] {dag.py:3036} INFO - Sync 6 DAGs
[2026-03-19T20:58:15.292+0000] {logging_mixin.py:188} INFO - [2026-03-19T20:58:15.292+0000] {dag.py:3823} INFO - Setting next_dagrun for dataset_consumes_1 to None, run_after=None
[2026-03-19T20:58:15.294+0000] {logging_mixin.py:188} INFO - [2026-03-19T20:58:15.294+0000] {dag.py:3823} INFO - Setting next_dagrun for dataset_consumes_1_and_2 to None, run_after=None
[2026-03-19T20:58:15.295+0000] {logging_mixin.py:188} INFO - [2026-03-19T20:58:15.295+0000] {dag.py:3823} INFO - Setting next_dagrun for dataset_consumes_1_never_scheduled to None, run_after=None
[2026-03-19T20:58:15.296+0000] {logging_mixin.py:188} INFO - [2026-03-19T20:58:15.296+0000] {dag.py:3823} INFO - Setting next_dagrun for dataset_consumes_unknown_never_scheduled to None, run_after=None
[2026-03-19T20:58:15.298+0000] {logging_mixin.py:188} INFO - [2026-03-19T20:58:15.297+0000] {dag.py:3823} INFO - Setting next_dagrun for dataset_produces_1 to 2026-03-18 00:00:00+00:00, run_after=2026-03-19 00:00:00+00:00
[2026-03-19T20:58:15.298+0000] {logging_mixin.py:188} INFO - [2026-03-19T20:58:15.298+0000] {dag.py:3823} INFO - Setting next_dagrun for dataset_produces_2 to None, run_after=None
[2026-03-19T20:58:15.316+0000] {processor.py:183} INFO - Processing /home/airflow/.local/lib/python3.8/site-packages/airflow/example_dags/example_datasets.py took 0.065 seconds
[2026-03-19T20:58:45.346+0000] {processor.py:161} INFO - Started process (PID=443) to work on /home/airflow/.local/lib/python3.8/site-packages/airflow/example_dags/example_datasets.py
[2026-03-19T20:58:45.347+0000] {processor.py:830} INFO - Processing file /home/airflow/.local/lib/python3.8/site-packages/airflow/example_dags/example_datasets.py for tasks to queue
[2026-03-19T20:58:45.348+0000] {logging_mixin.py:188} INFO - [2026-03-19T20:58:45.348+0000] {dagbag.py:538} INFO - Filling up the DagBag from /home/airflow/.local/lib/python3.8/site-packages/airflow/example_dags/example_datasets.py
[2026-03-19T20:58:45.355+0000] {processor.py:840} INFO - DAG(s) 'dataset_consumes_1_never_scheduled', 'dataset_produces_2', 'dataset_consumes_1_and_2', 'dataset_consumes_unknown_never_scheduled', 'dataset_consumes_1', 'dataset_produces_1' retrieved from /home/airflow/.local/lib/python3.8/site-packages/airflow/example_dags/example_datasets.py
[2026-03-19T20:58:45.381+0000] {logging_mixin.py:188} INFO - [2026-03-19T20:58:45.381+0000] {dag.py:3036} INFO - Sync 6 DAGs
[2026-03-19T20:58:45.396+0000] {logging_mixin.py:188} INFO - [2026-03-19T20:58:45.396+0000] {dag.py:3823} INFO - Setting next_dagrun for dataset_consumes_1 to None, run_after=None
[2026-03-19T20:58:45.398+0000] {logging_mixin.py:188} INFO - [2026-03-19T20:58:45.398+0000] {dag.py:3823} INFO - Setting next_dagrun for dataset_consumes_1_and_2 to None, run_after=None
[2026-03-19T20:58:45.399+0000] {logging_mixin.py:188} INFO - [2026-03-19T20:58:45.399+0000] {dag.py:3823} INFO - Setting next_dagrun for dataset_consumes_1_never_scheduled to None, run_after=None
[2026-03-19T20:58:45.401+0000] {logging_mixin.py:188} INFO - [2026-03-19T20:58:45.401+0000] {dag.py:3823} INFO - Setting next_dagrun for dataset_consumes_unknown_never_scheduled to None, run_after=None
[2026-03-19T20:58:45.402+0000] {logging_mixin.py:188} INFO - [2026-03-19T20:58:45.402+0000] {dag.py:3823} INFO - Setting next_dagrun for dataset_produces_1 to 2026-03-18 00:00:00+00:00, run_after=2026-03-19 00:00:00+00:00
[2026-03-19T20:58:45.403+0000] {logging_mixin.py:188} INFO - [2026-03-19T20:58:45.403+0000] {dag.py:3823} INFO - Setting next_dagrun for dataset_produces_2 to None, run_after=None
[2026-03-19T20:58:45.426+0000] {processor.py:183} INFO - Processing /home/airflow/.local/lib/python3.8/site-packages/airflow/example_dags/example_datasets.py took 0.082 seconds
[2026-03-19T20:59:16.144+0000] {processor.py:161} INFO - Started process (PID=499) to work on /home/airflow/.local/lib/python3.8/site-packages/airflow/example_dags/example_datasets.py
[2026-03-19T20:59:16.145+0000] {processor.py:830} INFO - Processing file /home/airflow/.local/lib/python3.8/site-packages/airflow/example_dags/example_datasets.py for tasks to queue
[2026-03-19T20:59:16.146+0000] {logging_mixin.py:188} INFO - [2026-03-19T20:59:16.146+0000] {dagbag.py:538} INFO - Filling up the DagBag from /home/airflow/.local/lib/python3.8/site-packages/airflow/example_dags/example_datasets.py
[2026-03-19T20:59:16.152+0000] {processor.py:840} INFO - DAG(s) 'dataset_consumes_1', 'dataset_consumes_unknown_never_scheduled', 'dataset_produces_1', 'dataset_consumes_1_never_scheduled', 'dataset_produces_2', 'dataset_consumes_1_and_2' retrieved from /home/airflow/.local/lib/python3.8/site-packages/airflow/example_dags/example_datasets.py
[2026-03-19T20:59:16.172+0000] {logging_mixin.py:188} INFO - [2026-03-19T20:59:16.172+0000] {dag.py:3036} INFO - Sync 6 DAGs
[2026-03-19T20:59:16.184+0000] {logging_mixin.py:188} INFO - [2026-03-19T20:59:16.184+0000] {dag.py:3823} INFO - Setting next_dagrun for dataset_consumes_1 to None, run_after=None
[2026-03-19T20:59:16.186+0000] {logging_mixin.py:188} INFO - [2026-03-19T20:59:16.186+0000] {dag.py:3823} INFO - Setting next_dagrun for dataset_consumes_1_and_2 to None, run_after=None
[2026-03-19T20:59:16.187+0000] {logging_mixin.py:188} INFO - [2026-03-19T20:59:16.187+0000] {dag.py:3823} INFO - Setting next_dagrun for dataset_consumes_1_never_scheduled to None, run_after=None
[2026-03-19T20:59:16.189+0000] {logging_mixin.py:188} INFO - [2026-03-19T20:59:16.189+0000] {dag.py:3823} INFO - Setting next_dagrun for dataset_consumes_unknown_never_scheduled to None, run_after=None
[2026-03-19T20:59:16.194+0000] {logging_mixin.py:188} INFO - [2026-03-19T20:59:16.194+0000] {dag.py:3823} INFO - Setting next_dagrun for dataset_produces_1 to 2026-03-18 00:00:00+00:00, run_after=2026-03-19 00:00:00+00:00
[2026-03-19T20:59:16.196+0000] {logging_mixin.py:188} INFO - [2026-03-19T20:59:16.196+0000] {dag.py:3823} INFO - Setting next_dagrun for dataset_produces_2 to None, run_after=None
[2026-03-19T20:59:16.213+0000] {processor.py:183} INFO - Processing /home/airflow/.local/lib/python3.8/site-packages/airflow/example_dags/example_datasets.py took 0.071 seconds
[2026-03-19T20:59:46.702+0000] {processor.py:161} INFO - Started process (PID=554) to work on /home/airflow/.local/lib/python3.8/site-packages/airflow/example_dags/example_datasets.py
[2026-03-19T20:59:46.703+0000] {processor.py:830} INFO - Processing file /home/airflow/.local/lib/python3.8/site-packages/airflow/example_dags/example_datasets.py for tasks to queue
[2026-03-19T20:59:46.704+0000] {logging_mixin.py:188} INFO - [2026-03-19T20:59:46.704+0000] {dagbag.py:538} INFO - Filling up the DagBag from /home/airflow/.local/lib/python3.8/site-packages/airflow/example_dags/example_datasets.py
[2026-03-19T20:59:46.710+0000] {processor.py:840} INFO - DAG(s) 'dataset_produces_1', 'dataset_consumes_1_and_2', 'dataset_consumes_1', 'dataset_consumes_1_never_scheduled', 'dataset_produces_2', 'dataset_consumes_unknown_never_scheduled' retrieved from /home/airflow/.local/lib/python3.8/site-packages/airflow/example_dags/example_datasets.py
[2026-03-19T20:59:46.731+0000] {logging_mixin.py:188} INFO - [2026-03-19T20:59:46.731+0000] {dag.py:3036} INFO - Sync 6 DAGs
[2026-03-19T20:59:46.744+0000] {logging_mixin.py:188} INFO - [2026-03-19T20:59:46.743+0000] {dag.py:3823} INFO - Setting next_dagrun for dataset_consumes_1 to None, run_after=None
[2026-03-19T20:59:46.746+0000] {logging_mixin.py:188} INFO - [2026-03-19T20:59:46.746+0000] {dag.py:3823} INFO - Setting next_dagrun for dataset_consumes_1_and_2 to None, run_after=None
[2026-03-19T20:59:46.747+0000] {logging_mixin.py:188} INFO - [2026-03-19T20:59:46.747+0000] {dag.py:3823} INFO - Setting next_dagrun for dataset_consumes_1_never_scheduled to None, run_after=None
[2026-03-19T20:59:46.748+0000] {logging_mixin.py:188} INFO - [2026-03-19T20:59:46.748+0000] {dag.py:3823} INFO - Setting next_dagrun for dataset_consumes_unknown_never_scheduled to None, run_after=None
[2026-03-19T20:59:46.749+0000] {logging_mixin.py:188} INFO - [2026-03-19T20:59:46.749+0000] {dag.py:3823} INFO - Setting next_dagrun for dataset_produces_1 to 2026-03-18 00:00:00+00:00, run_after=2026-03-19 00:00:00+00:00
[2026-03-19T20:59:46.750+0000] {logging_mixin.py:188} INFO - [2026-03-19T20:59:46.750+0000] {dag.py:3823} INFO - Setting next_dagrun for dataset_produces_2 to None, run_after=None
[2026-03-19T20:59:46.768+0000] {processor.py:183} INFO - Processing /home/airflow/.local/lib/python3.8/site-packages/airflow/example_dags/example_datasets.py took 0.068 seconds
