[2026-03-19T20:55:39.949+0000] {processor.py:161} INFO - Started process (PID=89) to work on /home/airflow/.local/lib/python3.8/site-packages/airflow/example_dags/example_branch_datetime_operator.py
[2026-03-19T20:55:39.949+0000] {processor.py:830} INFO - Processing file /home/airflow/.local/lib/python3.8/site-packages/airflow/example_dags/example_branch_datetime_operator.py for tasks to queue
[2026-03-19T20:55:39.950+0000] {logging_mixin.py:188} INFO - [2026-03-19T20:55:39.950+0000] {dagbag.py:538} INFO - Filling up the DagBag from /home/airflow/.local/lib/python3.8/site-packages/airflow/example_dags/example_branch_datetime_operator.py
[2026-03-19T20:55:39.959+0000] {processor.py:840} INFO - DAG(s) 'example_branch_datetime_operator_3', 'example_branch_datetime_operator', 'example_branch_datetime_operator_2' retrieved from /home/airflow/.local/lib/python3.8/site-packages/airflow/example_dags/example_branch_datetime_operator.py
[2026-03-19T20:55:39.966+0000] {logging_mixin.py:188} INFO - [2026-03-19T20:55:39.966+0000] {dag.py:3036} INFO - Sync 3 DAGs
[2026-03-19T20:55:39.982+0000] {logging_mixin.py:188} INFO - [2026-03-19T20:55:39.982+0000] {dag.py:3823} INFO - Setting next_dagrun for example_branch_datetime_operator to 2026-03-18 00:00:00+00:00, run_after=2026-03-19 00:00:00+00:00
[2026-03-19T20:55:39.985+0000] {logging_mixin.py:188} INFO - [2026-03-19T20:55:39.985+0000] {dag.py:3823} INFO - Setting next_dagrun for example_branch_datetime_operator_2 to 2026-03-18 00:00:00+00:00, run_after=2026-03-19 00:00:00+00:00
[2026-03-19T20:55:39.987+0000] {logging_mixin.py:188} INFO - [2026-03-19T20:55:39.987+0000] {dag.py:3823} INFO - Setting next_dagrun for example_branch_datetime_operator_3 to 2026-03-18 00:00:00+00:00, run_after=2026-03-19 00:00:00+00:00
[2026-03-19T20:55:39.998+0000] {processor.py:183} INFO - Processing /home/airflow/.local/lib/python3.8/site-packages/airflow/example_dags/example_branch_datetime_operator.py took 0.052 seconds
[2026-03-19T20:56:10.928+0000] {processor.py:161} INFO - Started process (PID=144) to work on /home/airflow/.local/lib/python3.8/site-packages/airflow/example_dags/example_branch_datetime_operator.py
[2026-03-19T20:56:10.929+0000] {processor.py:830} INFO - Processing file /home/airflow/.local/lib/python3.8/site-packages/airflow/example_dags/example_branch_datetime_operator.py for tasks to queue
[2026-03-19T20:56:10.930+0000] {logging_mixin.py:188} INFO - [2026-03-19T20:56:10.930+0000] {dagbag.py:538} INFO - Filling up the DagBag from /home/airflow/.local/lib/python3.8/site-packages/airflow/example_dags/example_branch_datetime_operator.py
[2026-03-19T20:56:10.936+0000] {processor.py:840} INFO - DAG(s) 'example_branch_datetime_operator_3', 'example_branch_datetime_operator_2', 'example_branch_datetime_operator' retrieved from /home/airflow/.local/lib/python3.8/site-packages/airflow/example_dags/example_branch_datetime_operator.py
[2026-03-19T20:56:11.005+0000] {logging_mixin.py:188} INFO - [2026-03-19T20:56:11.004+0000] {dag.py:3036} INFO - Sync 3 DAGs
[2026-03-19T20:56:11.016+0000] {logging_mixin.py:188} INFO - [2026-03-19T20:56:11.016+0000] {dag.py:3823} INFO - Setting next_dagrun for example_branch_datetime_operator to 2026-03-18 00:00:00+00:00, run_after=2026-03-19 00:00:00+00:00
[2026-03-19T20:56:11.019+0000] {logging_mixin.py:188} INFO - [2026-03-19T20:56:11.018+0000] {dag.py:3823} INFO - Setting next_dagrun for example_branch_datetime_operator_2 to 2026-03-18 00:00:00+00:00, run_after=2026-03-19 00:00:00+00:00
[2026-03-19T20:56:11.020+0000] {logging_mixin.py:188} INFO - [2026-03-19T20:56:11.020+0000] {dag.py:3823} INFO - Setting next_dagrun for example_branch_datetime_operator_3 to 2026-03-18 00:00:00+00:00, run_after=2026-03-19 00:00:00+00:00
[2026-03-19T20:56:11.031+0000] {processor.py:183} INFO - Processing /home/airflow/.local/lib/python3.8/site-packages/airflow/example_dags/example_branch_datetime_operator.py took 0.105 seconds
[2026-03-19T20:56:41.189+0000] {processor.py:161} INFO - Started process (PID=205) to work on /home/airflow/.local/lib/python3.8/site-packages/airflow/example_dags/example_branch_datetime_operator.py
[2026-03-19T20:56:41.190+0000] {processor.py:830} INFO - Processing file /home/airflow/.local/lib/python3.8/site-packages/airflow/example_dags/example_branch_datetime_operator.py for tasks to queue
[2026-03-19T20:56:41.191+0000] {logging_mixin.py:188} INFO - [2026-03-19T20:56:41.191+0000] {dagbag.py:538} INFO - Filling up the DagBag from /home/airflow/.local/lib/python3.8/site-packages/airflow/example_dags/example_branch_datetime_operator.py
[2026-03-19T20:56:41.198+0000] {processor.py:840} INFO - DAG(s) 'example_branch_datetime_operator_3', 'example_branch_datetime_operator', 'example_branch_datetime_operator_2' retrieved from /home/airflow/.local/lib/python3.8/site-packages/airflow/example_dags/example_branch_datetime_operator.py
[2026-03-19T20:56:41.216+0000] {logging_mixin.py:188} INFO - [2026-03-19T20:56:41.215+0000] {dag.py:3036} INFO - Sync 3 DAGs
[2026-03-19T20:56:41.230+0000] {logging_mixin.py:188} INFO - [2026-03-19T20:56:41.230+0000] {dag.py:3823} INFO - Setting next_dagrun for example_branch_datetime_operator to 2026-03-18 00:00:00+00:00, run_after=2026-03-19 00:00:00+00:00
[2026-03-19T20:56:41.233+0000] {logging_mixin.py:188} INFO - [2026-03-19T20:56:41.233+0000] {dag.py:3823} INFO - Setting next_dagrun for example_branch_datetime_operator_2 to 2026-03-18 00:00:00+00:00, run_after=2026-03-19 00:00:00+00:00
[2026-03-19T20:56:41.235+0000] {logging_mixin.py:188} INFO - [2026-03-19T20:56:41.235+0000] {dag.py:3823} INFO - Setting next_dagrun for example_branch_datetime_operator_3 to 2026-03-18 00:00:00+00:00, run_after=2026-03-19 00:00:00+00:00
[2026-03-19T20:56:41.245+0000] {processor.py:183} INFO - Processing /home/airflow/.local/lib/python3.8/site-packages/airflow/example_dags/example_branch_datetime_operator.py took 0.059 seconds
[2026-03-19T20:57:11.997+0000] {processor.py:161} INFO - Started process (PID=260) to work on /home/airflow/.local/lib/python3.8/site-packages/airflow/example_dags/example_branch_datetime_operator.py
[2026-03-19T20:57:11.997+0000] {processor.py:830} INFO - Processing file /home/airflow/.local/lib/python3.8/site-packages/airflow/example_dags/example_branch_datetime_operator.py for tasks to queue
[2026-03-19T20:57:11.998+0000] {logging_mixin.py:188} INFO - [2026-03-19T20:57:11.998+0000] {dagbag.py:538} INFO - Filling up the DagBag from /home/airflow/.local/lib/python3.8/site-packages/airflow/example_dags/example_branch_datetime_operator.py
[2026-03-19T20:57:12.004+0000] {processor.py:840} INFO - DAG(s) 'example_branch_datetime_operator_2', 'example_branch_datetime_operator', 'example_branch_datetime_operator_3' retrieved from /home/airflow/.local/lib/python3.8/site-packages/airflow/example_dags/example_branch_datetime_operator.py
[2026-03-19T20:57:12.019+0000] {logging_mixin.py:188} INFO - [2026-03-19T20:57:12.019+0000] {dag.py:3036} INFO - Sync 3 DAGs
[2026-03-19T20:57:12.032+0000] {logging_mixin.py:188} INFO - [2026-03-19T20:57:12.032+0000] {dag.py:3823} INFO - Setting next_dagrun for example_branch_datetime_operator to 2026-03-18 00:00:00+00:00, run_after=2026-03-19 00:00:00+00:00
[2026-03-19T20:57:12.036+0000] {logging_mixin.py:188} INFO - [2026-03-19T20:57:12.036+0000] {dag.py:3823} INFO - Setting next_dagrun for example_branch_datetime_operator_2 to 2026-03-18 00:00:00+00:00, run_after=2026-03-19 00:00:00+00:00
[2026-03-19T20:57:12.039+0000] {logging_mixin.py:188} INFO - [2026-03-19T20:57:12.039+0000] {dag.py:3823} INFO - Setting next_dagrun for example_branch_datetime_operator_3 to 2026-03-18 00:00:00+00:00, run_after=2026-03-19 00:00:00+00:00
[2026-03-19T20:57:12.048+0000] {processor.py:183} INFO - Processing /home/airflow/.local/lib/python3.8/site-packages/airflow/example_dags/example_branch_datetime_operator.py took 0.053 seconds
[2026-03-19T20:57:42.755+0000] {processor.py:161} INFO - Started process (PID=315) to work on /home/airflow/.local/lib/python3.8/site-packages/airflow/example_dags/example_branch_datetime_operator.py
[2026-03-19T20:57:42.755+0000] {processor.py:830} INFO - Processing file /home/airflow/.local/lib/python3.8/site-packages/airflow/example_dags/example_branch_datetime_operator.py for tasks to queue
[2026-03-19T20:57:42.757+0000] {logging_mixin.py:188} INFO - [2026-03-19T20:57:42.757+0000] {dagbag.py:538} INFO - Filling up the DagBag from /home/airflow/.local/lib/python3.8/site-packages/airflow/example_dags/example_branch_datetime_operator.py
[2026-03-19T20:57:42.764+0000] {processor.py:840} INFO - DAG(s) 'example_branch_datetime_operator', 'example_branch_datetime_operator_2', 'example_branch_datetime_operator_3' retrieved from /home/airflow/.local/lib/python3.8/site-packages/airflow/example_dags/example_branch_datetime_operator.py
[2026-03-19T20:57:42.782+0000] {logging_mixin.py:188} INFO - [2026-03-19T20:57:42.782+0000] {dag.py:3036} INFO - Sync 3 DAGs
[2026-03-19T20:57:42.797+0000] {logging_mixin.py:188} INFO - [2026-03-19T20:57:42.797+0000] {dag.py:3823} INFO - Setting next_dagrun for example_branch_datetime_operator to 2026-03-18 00:00:00+00:00, run_after=2026-03-19 00:00:00+00:00
[2026-03-19T20:57:42.801+0000] {logging_mixin.py:188} INFO - [2026-03-19T20:57:42.800+0000] {dag.py:3823} INFO - Setting next_dagrun for example_branch_datetime_operator_2 to 2026-03-18 00:00:00+00:00, run_after=2026-03-19 00:00:00+00:00
[2026-03-19T20:57:42.802+0000] {logging_mixin.py:188} INFO - [2026-03-19T20:57:42.802+0000] {dag.py:3823} INFO - Setting next_dagrun for example_branch_datetime_operator_3 to 2026-03-18 00:00:00+00:00, run_after=2026-03-19 00:00:00+00:00
[2026-03-19T20:57:42.814+0000] {processor.py:183} INFO - Processing /home/airflow/.local/lib/python3.8/site-packages/airflow/example_dags/example_branch_datetime_operator.py took 0.062 seconds
[2026-03-19T20:58:13.608+0000] {processor.py:161} INFO - Started process (PID=370) to work on /home/airflow/.local/lib/python3.8/site-packages/airflow/example_dags/example_branch_datetime_operator.py
[2026-03-19T20:58:13.609+0000] {processor.py:830} INFO - Processing file /home/airflow/.local/lib/python3.8/site-packages/airflow/example_dags/example_branch_datetime_operator.py for tasks to queue
[2026-03-19T20:58:13.610+0000] {logging_mixin.py:188} INFO - [2026-03-19T20:58:13.610+0000] {dagbag.py:538} INFO - Filling up the DagBag from /home/airflow/.local/lib/python3.8/site-packages/airflow/example_dags/example_branch_datetime_operator.py
[2026-03-19T20:58:13.616+0000] {processor.py:840} INFO - DAG(s) 'example_branch_datetime_operator', 'example_branch_datetime_operator_2', 'example_branch_datetime_operator_3' retrieved from /home/airflow/.local/lib/python3.8/site-packages/airflow/example_dags/example_branch_datetime_operator.py
[2026-03-19T20:58:13.632+0000] {logging_mixin.py:188} INFO - [2026-03-19T20:58:13.632+0000] {dag.py:3036} INFO - Sync 3 DAGs
[2026-03-19T20:58:13.646+0000] {logging_mixin.py:188} INFO - [2026-03-19T20:58:13.645+0000] {dag.py:3823} INFO - Setting next_dagrun for example_branch_datetime_operator to 2026-03-18 00:00:00+00:00, run_after=2026-03-19 00:00:00+00:00
[2026-03-19T20:58:13.648+0000] {logging_mixin.py:188} INFO - [2026-03-19T20:58:13.648+0000] {dag.py:3823} INFO - Setting next_dagrun for example_branch_datetime_operator_2 to 2026-03-18 00:00:00+00:00, run_after=2026-03-19 00:00:00+00:00
[2026-03-19T20:58:13.650+0000] {logging_mixin.py:188} INFO - [2026-03-19T20:58:13.650+0000] {dag.py:3823} INFO - Setting next_dagrun for example_branch_datetime_operator_3 to 2026-03-18 00:00:00+00:00, run_after=2026-03-19 00:00:00+00:00
[2026-03-19T20:58:13.659+0000] {processor.py:183} INFO - Processing /home/airflow/.local/lib/python3.8/site-packages/airflow/example_dags/example_branch_datetime_operator.py took 0.053 seconds
[2026-03-19T20:58:44.610+0000] {processor.py:161} INFO - Started process (PID=425) to work on /home/airflow/.local/lib/python3.8/site-packages/airflow/example_dags/example_branch_datetime_operator.py
[2026-03-19T20:58:44.611+0000] {processor.py:830} INFO - Processing file /home/airflow/.local/lib/python3.8/site-packages/airflow/example_dags/example_branch_datetime_operator.py for tasks to queue
[2026-03-19T20:58:44.612+0000] {logging_mixin.py:188} INFO - [2026-03-19T20:58:44.612+0000] {dagbag.py:538} INFO - Filling up the DagBag from /home/airflow/.local/lib/python3.8/site-packages/airflow/example_dags/example_branch_datetime_operator.py
[2026-03-19T20:58:44.621+0000] {processor.py:840} INFO - DAG(s) 'example_branch_datetime_operator_3', 'example_branch_datetime_operator', 'example_branch_datetime_operator_2' retrieved from /home/airflow/.local/lib/python3.8/site-packages/airflow/example_dags/example_branch_datetime_operator.py
[2026-03-19T20:58:44.640+0000] {logging_mixin.py:188} INFO - [2026-03-19T20:58:44.640+0000] {dag.py:3036} INFO - Sync 3 DAGs
[2026-03-19T20:58:44.655+0000] {logging_mixin.py:188} INFO - [2026-03-19T20:58:44.655+0000] {dag.py:3823} INFO - Setting next_dagrun for example_branch_datetime_operator to 2026-03-18 00:00:00+00:00, run_after=2026-03-19 00:00:00+00:00
[2026-03-19T20:58:44.658+0000] {logging_mixin.py:188} INFO - [2026-03-19T20:58:44.658+0000] {dag.py:3823} INFO - Setting next_dagrun for example_branch_datetime_operator_2 to 2026-03-18 00:00:00+00:00, run_after=2026-03-19 00:00:00+00:00
[2026-03-19T20:58:44.660+0000] {logging_mixin.py:188} INFO - [2026-03-19T20:58:44.660+0000] {dag.py:3823} INFO - Setting next_dagrun for example_branch_datetime_operator_3 to 2026-03-18 00:00:00+00:00, run_after=2026-03-19 00:00:00+00:00
[2026-03-19T20:58:44.672+0000] {processor.py:183} INFO - Processing /home/airflow/.local/lib/python3.8/site-packages/airflow/example_dags/example_branch_datetime_operator.py took 0.065 seconds
[2026-03-19T20:59:15.442+0000] {processor.py:161} INFO - Started process (PID=481) to work on /home/airflow/.local/lib/python3.8/site-packages/airflow/example_dags/example_branch_datetime_operator.py
[2026-03-19T20:59:15.443+0000] {processor.py:830} INFO - Processing file /home/airflow/.local/lib/python3.8/site-packages/airflow/example_dags/example_branch_datetime_operator.py for tasks to queue
[2026-03-19T20:59:15.444+0000] {logging_mixin.py:188} INFO - [2026-03-19T20:59:15.444+0000] {dagbag.py:538} INFO - Filling up the DagBag from /home/airflow/.local/lib/python3.8/site-packages/airflow/example_dags/example_branch_datetime_operator.py
[2026-03-19T20:59:15.449+0000] {processor.py:840} INFO - DAG(s) 'example_branch_datetime_operator', 'example_branch_datetime_operator_3', 'example_branch_datetime_operator_2' retrieved from /home/airflow/.local/lib/python3.8/site-packages/airflow/example_dags/example_branch_datetime_operator.py
[2026-03-19T20:59:15.468+0000] {logging_mixin.py:188} INFO - [2026-03-19T20:59:15.468+0000] {dag.py:3036} INFO - Sync 3 DAGs
[2026-03-19T20:59:15.484+0000] {logging_mixin.py:188} INFO - [2026-03-19T20:59:15.484+0000] {dag.py:3823} INFO - Setting next_dagrun for example_branch_datetime_operator to 2026-03-18 00:00:00+00:00, run_after=2026-03-19 00:00:00+00:00
[2026-03-19T20:59:15.487+0000] {logging_mixin.py:188} INFO - [2026-03-19T20:59:15.487+0000] {dag.py:3823} INFO - Setting next_dagrun for example_branch_datetime_operator_2 to 2026-03-18 00:00:00+00:00, run_after=2026-03-19 00:00:00+00:00
[2026-03-19T20:59:15.489+0000] {logging_mixin.py:188} INFO - [2026-03-19T20:59:15.489+0000] {dag.py:3823} INFO - Setting next_dagrun for example_branch_datetime_operator_3 to 2026-03-18 00:00:00+00:00, run_after=2026-03-19 00:00:00+00:00
[2026-03-19T20:59:15.498+0000] {processor.py:183} INFO - Processing /home/airflow/.local/lib/python3.8/site-packages/airflow/example_dags/example_branch_datetime_operator.py took 0.058 seconds
[2026-03-19T20:59:46.124+0000] {processor.py:161} INFO - Started process (PID=536) to work on /home/airflow/.local/lib/python3.8/site-packages/airflow/example_dags/example_branch_datetime_operator.py
[2026-03-19T20:59:46.125+0000] {processor.py:830} INFO - Processing file /home/airflow/.local/lib/python3.8/site-packages/airflow/example_dags/example_branch_datetime_operator.py for tasks to queue
[2026-03-19T20:59:46.126+0000] {logging_mixin.py:188} INFO - [2026-03-19T20:59:46.126+0000] {dagbag.py:538} INFO - Filling up the DagBag from /home/airflow/.local/lib/python3.8/site-packages/airflow/example_dags/example_branch_datetime_operator.py
[2026-03-19T20:59:46.132+0000] {processor.py:840} INFO - DAG(s) 'example_branch_datetime_operator', 'example_branch_datetime_operator_3', 'example_branch_datetime_operator_2' retrieved from /home/airflow/.local/lib/python3.8/site-packages/airflow/example_dags/example_branch_datetime_operator.py
[2026-03-19T20:59:46.147+0000] {logging_mixin.py:188} INFO - [2026-03-19T20:59:46.147+0000] {dag.py:3036} INFO - Sync 3 DAGs
[2026-03-19T20:59:46.160+0000] {logging_mixin.py:188} INFO - [2026-03-19T20:59:46.160+0000] {dag.py:3823} INFO - Setting next_dagrun for example_branch_datetime_operator to 2026-03-18 00:00:00+00:00, run_after=2026-03-19 00:00:00+00:00
[2026-03-19T20:59:46.163+0000] {logging_mixin.py:188} INFO - [2026-03-19T20:59:46.163+0000] {dag.py:3823} INFO - Setting next_dagrun for example_branch_datetime_operator_2 to 2026-03-18 00:00:00+00:00, run_after=2026-03-19 00:00:00+00:00
[2026-03-19T20:59:46.166+0000] {logging_mixin.py:188} INFO - [2026-03-19T20:59:46.166+0000] {dag.py:3823} INFO - Setting next_dagrun for example_branch_datetime_operator_3 to 2026-03-18 00:00:00+00:00, run_after=2026-03-19 00:00:00+00:00
[2026-03-19T20:59:46.175+0000] {processor.py:183} INFO - Processing /home/airflow/.local/lib/python3.8/site-packages/airflow/example_dags/example_branch_datetime_operator.py took 0.053 seconds
