[2026-03-19T20:55:39.295+0000] {processor.py:161} INFO - Started process (PID=70) to work on /home/airflow/.local/lib/python3.8/site-packages/airflow/example_dags/example_latest_only.py
[2026-03-19T20:55:39.296+0000] {processor.py:830} INFO - Processing file /home/airflow/.local/lib/python3.8/site-packages/airflow/example_dags/example_latest_only.py for tasks to queue
[2026-03-19T20:55:39.297+0000] {logging_mixin.py:188} INFO - [2026-03-19T20:55:39.297+0000] {dagbag.py:538} INFO - Filling up the DagBag from /home/airflow/.local/lib/python3.8/site-packages/airflow/example_dags/example_latest_only.py
[2026-03-19T20:55:39.303+0000] {processor.py:840} INFO - DAG(s) 'latest_only' retrieved from /home/airflow/.local/lib/python3.8/site-packages/airflow/example_dags/example_latest_only.py
[2026-03-19T20:55:39.311+0000] {logging_mixin.py:188} INFO - [2026-03-19T20:55:39.311+0000] {dag.py:3036} INFO - Sync 1 DAGs
[2026-03-19T20:55:39.327+0000] {logging_mixin.py:188} INFO - [2026-03-19T20:55:39.327+0000] {dag.py:3823} INFO - Setting next_dagrun for latest_only to 2026-03-19 16:00:00+00:00, run_after=2026-03-19 20:00:00+00:00
[2026-03-19T20:55:39.339+0000] {processor.py:183} INFO - Processing /home/airflow/.local/lib/python3.8/site-packages/airflow/example_dags/example_latest_only.py took 0.046 seconds
[2026-03-19T20:56:09.880+0000] {processor.py:161} INFO - Started process (PID=125) to work on /home/airflow/.local/lib/python3.8/site-packages/airflow/example_dags/example_latest_only.py
[2026-03-19T20:56:09.882+0000] {processor.py:830} INFO - Processing file /home/airflow/.local/lib/python3.8/site-packages/airflow/example_dags/example_latest_only.py for tasks to queue
[2026-03-19T20:56:09.884+0000] {logging_mixin.py:188} INFO - [2026-03-19T20:56:09.883+0000] {dagbag.py:538} INFO - Filling up the DagBag from /home/airflow/.local/lib/python3.8/site-packages/airflow/example_dags/example_latest_only.py
[2026-03-19T20:56:09.887+0000] {processor.py:840} INFO - DAG(s) 'latest_only' retrieved from /home/airflow/.local/lib/python3.8/site-packages/airflow/example_dags/example_latest_only.py
[2026-03-19T20:56:09.941+0000] {logging_mixin.py:188} INFO - [2026-03-19T20:56:09.941+0000] {dag.py:3036} INFO - Sync 1 DAGs
[2026-03-19T20:56:09.953+0000] {logging_mixin.py:188} INFO - [2026-03-19T20:56:09.953+0000] {dag.py:3823} INFO - Setting next_dagrun for latest_only to 2026-03-19 16:00:00+00:00, run_after=2026-03-19 20:00:00+00:00
[2026-03-19T20:56:09.964+0000] {processor.py:183} INFO - Processing /home/airflow/.local/lib/python3.8/site-packages/airflow/example_dags/example_latest_only.py took 0.087 seconds
[2026-03-19T20:56:40.470+0000] {processor.py:161} INFO - Started process (PID=180) to work on /home/airflow/.local/lib/python3.8/site-packages/airflow/example_dags/example_latest_only.py
[2026-03-19T20:56:40.471+0000] {processor.py:830} INFO - Processing file /home/airflow/.local/lib/python3.8/site-packages/airflow/example_dags/example_latest_only.py for tasks to queue
[2026-03-19T20:56:40.472+0000] {logging_mixin.py:188} INFO - [2026-03-19T20:56:40.472+0000] {dagbag.py:538} INFO - Filling up the DagBag from /home/airflow/.local/lib/python3.8/site-packages/airflow/example_dags/example_latest_only.py
[2026-03-19T20:56:40.475+0000] {processor.py:840} INFO - DAG(s) 'latest_only' retrieved from /home/airflow/.local/lib/python3.8/site-packages/airflow/example_dags/example_latest_only.py
[2026-03-19T20:56:40.487+0000] {logging_mixin.py:188} INFO - [2026-03-19T20:56:40.487+0000] {dag.py:3036} INFO - Sync 1 DAGs
[2026-03-19T20:56:40.502+0000] {logging_mixin.py:188} INFO - [2026-03-19T20:56:40.501+0000] {dag.py:3823} INFO - Setting next_dagrun for latest_only to 2026-03-19 16:00:00+00:00, run_after=2026-03-19 20:00:00+00:00
[2026-03-19T20:56:40.515+0000] {processor.py:183} INFO - Processing /home/airflow/.local/lib/python3.8/site-packages/airflow/example_dags/example_latest_only.py took 0.047 seconds
[2026-03-19T20:57:11.261+0000] {processor.py:161} INFO - Started process (PID=241) to work on /home/airflow/.local/lib/python3.8/site-packages/airflow/example_dags/example_latest_only.py
[2026-03-19T20:57:11.262+0000] {processor.py:830} INFO - Processing file /home/airflow/.local/lib/python3.8/site-packages/airflow/example_dags/example_latest_only.py for tasks to queue
[2026-03-19T20:57:11.263+0000] {logging_mixin.py:188} INFO - [2026-03-19T20:57:11.263+0000] {dagbag.py:538} INFO - Filling up the DagBag from /home/airflow/.local/lib/python3.8/site-packages/airflow/example_dags/example_latest_only.py
[2026-03-19T20:57:11.266+0000] {processor.py:840} INFO - DAG(s) 'latest_only' retrieved from /home/airflow/.local/lib/python3.8/site-packages/airflow/example_dags/example_latest_only.py
[2026-03-19T20:57:11.278+0000] {logging_mixin.py:188} INFO - [2026-03-19T20:57:11.277+0000] {dag.py:3036} INFO - Sync 1 DAGs
[2026-03-19T20:57:11.290+0000] {logging_mixin.py:188} INFO - [2026-03-19T20:57:11.290+0000] {dag.py:3823} INFO - Setting next_dagrun for latest_only to 2026-03-19 16:00:00+00:00, run_after=2026-03-19 20:00:00+00:00
[2026-03-19T20:57:11.299+0000] {processor.py:183} INFO - Processing /home/airflow/.local/lib/python3.8/site-packages/airflow/example_dags/example_latest_only.py took 0.040 seconds
[2026-03-19T20:57:42.081+0000] {processor.py:161} INFO - Started process (PID=296) to work on /home/airflow/.local/lib/python3.8/site-packages/airflow/example_dags/example_latest_only.py
[2026-03-19T20:57:42.082+0000] {processor.py:830} INFO - Processing file /home/airflow/.local/lib/python3.8/site-packages/airflow/example_dags/example_latest_only.py for tasks to queue
[2026-03-19T20:57:42.083+0000] {logging_mixin.py:188} INFO - [2026-03-19T20:57:42.083+0000] {dagbag.py:538} INFO - Filling up the DagBag from /home/airflow/.local/lib/python3.8/site-packages/airflow/example_dags/example_latest_only.py
[2026-03-19T20:57:42.086+0000] {processor.py:840} INFO - DAG(s) 'latest_only' retrieved from /home/airflow/.local/lib/python3.8/site-packages/airflow/example_dags/example_latest_only.py
[2026-03-19T20:57:42.100+0000] {logging_mixin.py:188} INFO - [2026-03-19T20:57:42.100+0000] {dag.py:3036} INFO - Sync 1 DAGs
[2026-03-19T20:57:42.116+0000] {logging_mixin.py:188} INFO - [2026-03-19T20:57:42.115+0000] {dag.py:3823} INFO - Setting next_dagrun for latest_only to 2026-03-19 16:00:00+00:00, run_after=2026-03-19 20:00:00+00:00
[2026-03-19T20:57:42.130+0000] {processor.py:183} INFO - Processing /home/airflow/.local/lib/python3.8/site-packages/airflow/example_dags/example_latest_only.py took 0.051 seconds
[2026-03-19T20:58:12.888+0000] {processor.py:161} INFO - Started process (PID=351) to work on /home/airflow/.local/lib/python3.8/site-packages/airflow/example_dags/example_latest_only.py
[2026-03-19T20:58:12.889+0000] {processor.py:830} INFO - Processing file /home/airflow/.local/lib/python3.8/site-packages/airflow/example_dags/example_latest_only.py for tasks to queue
[2026-03-19T20:58:12.890+0000] {logging_mixin.py:188} INFO - [2026-03-19T20:58:12.890+0000] {dagbag.py:538} INFO - Filling up the DagBag from /home/airflow/.local/lib/python3.8/site-packages/airflow/example_dags/example_latest_only.py
[2026-03-19T20:58:12.893+0000] {processor.py:840} INFO - DAG(s) 'latest_only' retrieved from /home/airflow/.local/lib/python3.8/site-packages/airflow/example_dags/example_latest_only.py
[2026-03-19T20:58:12.904+0000] {logging_mixin.py:188} INFO - [2026-03-19T20:58:12.904+0000] {dag.py:3036} INFO - Sync 1 DAGs
[2026-03-19T20:58:12.916+0000] {logging_mixin.py:188} INFO - [2026-03-19T20:58:12.915+0000] {dag.py:3823} INFO - Setting next_dagrun for latest_only to 2026-03-19 16:00:00+00:00, run_after=2026-03-19 20:00:00+00:00
[2026-03-19T20:58:12.926+0000] {processor.py:183} INFO - Processing /home/airflow/.local/lib/python3.8/site-packages/airflow/example_dags/example_latest_only.py took 0.040 seconds
[2026-03-19T20:58:43.804+0000] {processor.py:161} INFO - Started process (PID=406) to work on /home/airflow/.local/lib/python3.8/site-packages/airflow/example_dags/example_latest_only.py
[2026-03-19T20:58:43.805+0000] {processor.py:830} INFO - Processing file /home/airflow/.local/lib/python3.8/site-packages/airflow/example_dags/example_latest_only.py for tasks to queue
[2026-03-19T20:58:43.806+0000] {logging_mixin.py:188} INFO - [2026-03-19T20:58:43.806+0000] {dagbag.py:538} INFO - Filling up the DagBag from /home/airflow/.local/lib/python3.8/site-packages/airflow/example_dags/example_latest_only.py
[2026-03-19T20:58:43.809+0000] {processor.py:840} INFO - DAG(s) 'latest_only' retrieved from /home/airflow/.local/lib/python3.8/site-packages/airflow/example_dags/example_latest_only.py
[2026-03-19T20:58:43.823+0000] {logging_mixin.py:188} INFO - [2026-03-19T20:58:43.823+0000] {dag.py:3036} INFO - Sync 1 DAGs
[2026-03-19T20:58:43.836+0000] {logging_mixin.py:188} INFO - [2026-03-19T20:58:43.836+0000] {dag.py:3823} INFO - Setting next_dagrun for latest_only to 2026-03-19 16:00:00+00:00, run_after=2026-03-19 20:00:00+00:00
[2026-03-19T20:58:43.847+0000] {processor.py:183} INFO - Processing /home/airflow/.local/lib/python3.8/site-packages/airflow/example_dags/example_latest_only.py took 0.045 seconds
[2026-03-19T20:59:14.732+0000] {processor.py:161} INFO - Started process (PID=462) to work on /home/airflow/.local/lib/python3.8/site-packages/airflow/example_dags/example_latest_only.py
[2026-03-19T20:59:14.733+0000] {processor.py:830} INFO - Processing file /home/airflow/.local/lib/python3.8/site-packages/airflow/example_dags/example_latest_only.py for tasks to queue
[2026-03-19T20:59:14.734+0000] {logging_mixin.py:188} INFO - [2026-03-19T20:59:14.734+0000] {dagbag.py:538} INFO - Filling up the DagBag from /home/airflow/.local/lib/python3.8/site-packages/airflow/example_dags/example_latest_only.py
[2026-03-19T20:59:14.737+0000] {processor.py:840} INFO - DAG(s) 'latest_only' retrieved from /home/airflow/.local/lib/python3.8/site-packages/airflow/example_dags/example_latest_only.py
[2026-03-19T20:59:14.748+0000] {logging_mixin.py:188} INFO - [2026-03-19T20:59:14.748+0000] {dag.py:3036} INFO - Sync 1 DAGs
[2026-03-19T20:59:14.759+0000] {logging_mixin.py:188} INFO - [2026-03-19T20:59:14.759+0000] {dag.py:3823} INFO - Setting next_dagrun for latest_only to 2026-03-19 16:00:00+00:00, run_after=2026-03-19 20:00:00+00:00
[2026-03-19T20:59:14.777+0000] {processor.py:183} INFO - Processing /home/airflow/.local/lib/python3.8/site-packages/airflow/example_dags/example_latest_only.py took 0.046 seconds
[2026-03-19T20:59:45.495+0000] {processor.py:161} INFO - Started process (PID=517) to work on /home/airflow/.local/lib/python3.8/site-packages/airflow/example_dags/example_latest_only.py
[2026-03-19T20:59:45.496+0000] {processor.py:830} INFO - Processing file /home/airflow/.local/lib/python3.8/site-packages/airflow/example_dags/example_latest_only.py for tasks to queue
[2026-03-19T20:59:45.498+0000] {logging_mixin.py:188} INFO - [2026-03-19T20:59:45.497+0000] {dagbag.py:538} INFO - Filling up the DagBag from /home/airflow/.local/lib/python3.8/site-packages/airflow/example_dags/example_latest_only.py
[2026-03-19T20:59:45.501+0000] {processor.py:840} INFO - DAG(s) 'latest_only' retrieved from /home/airflow/.local/lib/python3.8/site-packages/airflow/example_dags/example_latest_only.py
[2026-03-19T20:59:45.513+0000] {logging_mixin.py:188} INFO - [2026-03-19T20:59:45.513+0000] {dag.py:3036} INFO - Sync 1 DAGs
[2026-03-19T20:59:45.527+0000] {logging_mixin.py:188} INFO - [2026-03-19T20:59:45.527+0000] {dag.py:3823} INFO - Setting next_dagrun for latest_only to 2026-03-19 16:00:00+00:00, run_after=2026-03-19 20:00:00+00:00
[2026-03-19T20:59:45.540+0000] {processor.py:183} INFO - Processing /home/airflow/.local/lib/python3.8/site-packages/airflow/example_dags/example_latest_only.py took 0.047 seconds
