[2026-03-19T20:55:40.190+0000] {processor.py:161} INFO - Started process (PID=94) to work on /home/airflow/.local/lib/python3.8/site-packages/airflow/example_dags/tutorial_objectstorage.py
[2026-03-19T20:55:40.192+0000] {processor.py:830} INFO - Processing file /home/airflow/.local/lib/python3.8/site-packages/airflow/example_dags/tutorial_objectstorage.py for tasks to queue
[2026-03-19T20:55:40.193+0000] {logging_mixin.py:188} INFO - [2026-03-19T20:55:40.193+0000] {dagbag.py:538} INFO - Filling up the DagBag from /home/airflow/.local/lib/python3.8/site-packages/airflow/example_dags/tutorial_objectstorage.py
[2026-03-19T20:55:40.204+0000] {processor.py:840} INFO - DAG(s) 'tutorial_objectstorage' retrieved from /home/airflow/.local/lib/python3.8/site-packages/airflow/example_dags/tutorial_objectstorage.py
[2026-03-19T20:55:40.212+0000] {logging_mixin.py:188} INFO - [2026-03-19T20:55:40.212+0000] {dag.py:3036} INFO - Sync 1 DAGs
[2026-03-19T20:55:40.221+0000] {logging_mixin.py:188} INFO - [2026-03-19T20:55:40.221+0000] {dag.py:3823} INFO - Setting next_dagrun for tutorial_objectstorage to None, run_after=None
[2026-03-19T20:55:40.233+0000] {processor.py:183} INFO - Processing /home/airflow/.local/lib/python3.8/site-packages/airflow/example_dags/tutorial_objectstorage.py took 0.045 seconds
[2026-03-19T20:56:11.269+0000] {processor.py:161} INFO - Started process (PID=155) to work on /home/airflow/.local/lib/python3.8/site-packages/airflow/example_dags/tutorial_objectstorage.py
[2026-03-19T20:56:11.270+0000] {processor.py:830} INFO - Processing file /home/airflow/.local/lib/python3.8/site-packages/airflow/example_dags/tutorial_objectstorage.py for tasks to queue
[2026-03-19T20:56:11.271+0000] {logging_mixin.py:188} INFO - [2026-03-19T20:56:11.271+0000] {dagbag.py:538} INFO - Filling up the DagBag from /home/airflow/.local/lib/python3.8/site-packages/airflow/example_dags/tutorial_objectstorage.py
[2026-03-19T20:56:11.275+0000] {processor.py:840} INFO - DAG(s) 'tutorial_objectstorage' retrieved from /home/airflow/.local/lib/python3.8/site-packages/airflow/example_dags/tutorial_objectstorage.py
[2026-03-19T20:56:11.326+0000] {logging_mixin.py:188} INFO - [2026-03-19T20:56:11.325+0000] {dag.py:3036} INFO - Sync 1 DAGs
[2026-03-19T20:56:11.332+0000] {logging_mixin.py:188} INFO - [2026-03-19T20:56:11.332+0000] {dag.py:3823} INFO - Setting next_dagrun for tutorial_objectstorage to None, run_after=None
[2026-03-19T20:56:11.345+0000] {processor.py:183} INFO - Processing /home/airflow/.local/lib/python3.8/site-packages/airflow/example_dags/tutorial_objectstorage.py took 0.078 seconds
[2026-03-19T20:56:41.420+0000] {processor.py:161} INFO - Started process (PID=210) to work on /home/airflow/.local/lib/python3.8/site-packages/airflow/example_dags/tutorial_objectstorage.py
[2026-03-19T20:56:41.421+0000] {processor.py:830} INFO - Processing file /home/airflow/.local/lib/python3.8/site-packages/airflow/example_dags/tutorial_objectstorage.py for tasks to queue
[2026-03-19T20:56:41.422+0000] {logging_mixin.py:188} INFO - [2026-03-19T20:56:41.422+0000] {dagbag.py:538} INFO - Filling up the DagBag from /home/airflow/.local/lib/python3.8/site-packages/airflow/example_dags/tutorial_objectstorage.py
[2026-03-19T20:56:41.426+0000] {processor.py:840} INFO - DAG(s) 'tutorial_objectstorage' retrieved from /home/airflow/.local/lib/python3.8/site-packages/airflow/example_dags/tutorial_objectstorage.py
[2026-03-19T20:56:41.439+0000] {logging_mixin.py:188} INFO - [2026-03-19T20:56:41.439+0000] {dag.py:3036} INFO - Sync 1 DAGs
[2026-03-19T20:56:41.447+0000] {logging_mixin.py:188} INFO - [2026-03-19T20:56:41.446+0000] {dag.py:3823} INFO - Setting next_dagrun for tutorial_objectstorage to None, run_after=None
[2026-03-19T20:56:41.459+0000] {processor.py:183} INFO - Processing /home/airflow/.local/lib/python3.8/site-packages/airflow/example_dags/tutorial_objectstorage.py took 0.042 seconds
[2026-03-19T20:57:12.125+0000] {processor.py:161} INFO - Started process (PID=265) to work on /home/airflow/.local/lib/python3.8/site-packages/airflow/example_dags/tutorial_objectstorage.py
[2026-03-19T20:57:12.126+0000] {processor.py:830} INFO - Processing file /home/airflow/.local/lib/python3.8/site-packages/airflow/example_dags/tutorial_objectstorage.py for tasks to queue
[2026-03-19T20:57:12.127+0000] {logging_mixin.py:188} INFO - [2026-03-19T20:57:12.127+0000] {dagbag.py:538} INFO - Filling up the DagBag from /home/airflow/.local/lib/python3.8/site-packages/airflow/example_dags/tutorial_objectstorage.py
[2026-03-19T20:57:12.131+0000] {processor.py:840} INFO - DAG(s) 'tutorial_objectstorage' retrieved from /home/airflow/.local/lib/python3.8/site-packages/airflow/example_dags/tutorial_objectstorage.py
[2026-03-19T20:57:12.142+0000] {logging_mixin.py:188} INFO - [2026-03-19T20:57:12.142+0000] {dag.py:3036} INFO - Sync 1 DAGs
[2026-03-19T20:57:12.149+0000] {logging_mixin.py:188} INFO - [2026-03-19T20:57:12.149+0000] {dag.py:3823} INFO - Setting next_dagrun for tutorial_objectstorage to None, run_after=None
[2026-03-19T20:57:12.159+0000] {processor.py:183} INFO - Processing /home/airflow/.local/lib/python3.8/site-packages/airflow/example_dags/tutorial_objectstorage.py took 0.036 seconds
[2026-03-19T20:57:42.955+0000] {processor.py:161} INFO - Started process (PID=320) to work on /home/airflow/.local/lib/python3.8/site-packages/airflow/example_dags/tutorial_objectstorage.py
[2026-03-19T20:57:42.956+0000] {processor.py:830} INFO - Processing file /home/airflow/.local/lib/python3.8/site-packages/airflow/example_dags/tutorial_objectstorage.py for tasks to queue
[2026-03-19T20:57:42.957+0000] {logging_mixin.py:188} INFO - [2026-03-19T20:57:42.957+0000] {dagbag.py:538} INFO - Filling up the DagBag from /home/airflow/.local/lib/python3.8/site-packages/airflow/example_dags/tutorial_objectstorage.py
[2026-03-19T20:57:42.963+0000] {processor.py:840} INFO - DAG(s) 'tutorial_objectstorage' retrieved from /home/airflow/.local/lib/python3.8/site-packages/airflow/example_dags/tutorial_objectstorage.py
[2026-03-19T20:57:42.976+0000] {logging_mixin.py:188} INFO - [2026-03-19T20:57:42.975+0000] {dag.py:3036} INFO - Sync 1 DAGs
[2026-03-19T20:57:42.983+0000] {logging_mixin.py:188} INFO - [2026-03-19T20:57:42.983+0000] {dag.py:3823} INFO - Setting next_dagrun for tutorial_objectstorage to None, run_after=None
[2026-03-19T20:57:42.996+0000] {processor.py:183} INFO - Processing /home/airflow/.local/lib/python3.8/site-packages/airflow/example_dags/tutorial_objectstorage.py took 0.044 seconds
[2026-03-19T20:58:13.771+0000] {processor.py:161} INFO - Started process (PID=375) to work on /home/airflow/.local/lib/python3.8/site-packages/airflow/example_dags/tutorial_objectstorage.py
[2026-03-19T20:58:13.771+0000] {processor.py:830} INFO - Processing file /home/airflow/.local/lib/python3.8/site-packages/airflow/example_dags/tutorial_objectstorage.py for tasks to queue
[2026-03-19T20:58:13.773+0000] {logging_mixin.py:188} INFO - [2026-03-19T20:58:13.772+0000] {dagbag.py:538} INFO - Filling up the DagBag from /home/airflow/.local/lib/python3.8/site-packages/airflow/example_dags/tutorial_objectstorage.py
[2026-03-19T20:58:13.777+0000] {processor.py:840} INFO - DAG(s) 'tutorial_objectstorage' retrieved from /home/airflow/.local/lib/python3.8/site-packages/airflow/example_dags/tutorial_objectstorage.py
[2026-03-19T20:58:13.789+0000] {logging_mixin.py:188} INFO - [2026-03-19T20:58:13.788+0000] {dag.py:3036} INFO - Sync 1 DAGs
[2026-03-19T20:58:13.796+0000] {logging_mixin.py:188} INFO - [2026-03-19T20:58:13.796+0000] {dag.py:3823} INFO - Setting next_dagrun for tutorial_objectstorage to None, run_after=None
[2026-03-19T20:58:13.806+0000] {processor.py:183} INFO - Processing /home/airflow/.local/lib/python3.8/site-packages/airflow/example_dags/tutorial_objectstorage.py took 0.038 seconds
[2026-03-19T20:58:44.863+0000] {processor.py:161} INFO - Started process (PID=430) to work on /home/airflow/.local/lib/python3.8/site-packages/airflow/example_dags/tutorial_objectstorage.py
[2026-03-19T20:58:44.864+0000] {processor.py:830} INFO - Processing file /home/airflow/.local/lib/python3.8/site-packages/airflow/example_dags/tutorial_objectstorage.py for tasks to queue
[2026-03-19T20:58:44.866+0000] {logging_mixin.py:188} INFO - [2026-03-19T20:58:44.866+0000] {dagbag.py:538} INFO - Filling up the DagBag from /home/airflow/.local/lib/python3.8/site-packages/airflow/example_dags/tutorial_objectstorage.py
[2026-03-19T20:58:44.871+0000] {processor.py:840} INFO - DAG(s) 'tutorial_objectstorage' retrieved from /home/airflow/.local/lib/python3.8/site-packages/airflow/example_dags/tutorial_objectstorage.py
[2026-03-19T20:58:44.884+0000] {logging_mixin.py:188} INFO - [2026-03-19T20:58:44.884+0000] {dag.py:3036} INFO - Sync 1 DAGs
[2026-03-19T20:58:44.893+0000] {logging_mixin.py:188} INFO - [2026-03-19T20:58:44.892+0000] {dag.py:3823} INFO - Setting next_dagrun for tutorial_objectstorage to None, run_after=None
[2026-03-19T20:58:44.906+0000] {processor.py:183} INFO - Processing /home/airflow/.local/lib/python3.8/site-packages/airflow/example_dags/tutorial_objectstorage.py took 0.046 seconds
[2026-03-19T20:59:15.666+0000] {processor.py:161} INFO - Started process (PID=486) to work on /home/airflow/.local/lib/python3.8/site-packages/airflow/example_dags/tutorial_objectstorage.py
[2026-03-19T20:59:15.667+0000] {processor.py:830} INFO - Processing file /home/airflow/.local/lib/python3.8/site-packages/airflow/example_dags/tutorial_objectstorage.py for tasks to queue
[2026-03-19T20:59:15.668+0000] {logging_mixin.py:188} INFO - [2026-03-19T20:59:15.668+0000] {dagbag.py:538} INFO - Filling up the DagBag from /home/airflow/.local/lib/python3.8/site-packages/airflow/example_dags/tutorial_objectstorage.py
[2026-03-19T20:59:15.672+0000] {processor.py:840} INFO - DAG(s) 'tutorial_objectstorage' retrieved from /home/airflow/.local/lib/python3.8/site-packages/airflow/example_dags/tutorial_objectstorage.py
[2026-03-19T20:59:15.683+0000] {logging_mixin.py:188} INFO - [2026-03-19T20:59:15.683+0000] {dag.py:3036} INFO - Sync 1 DAGs
[2026-03-19T20:59:15.690+0000] {logging_mixin.py:188} INFO - [2026-03-19T20:59:15.690+0000] {dag.py:3823} INFO - Setting next_dagrun for tutorial_objectstorage to None, run_after=None
[2026-03-19T20:59:15.700+0000] {processor.py:183} INFO - Processing /home/airflow/.local/lib/python3.8/site-packages/airflow/example_dags/tutorial_objectstorage.py took 0.036 seconds
[2026-03-19T20:59:46.302+0000] {processor.py:161} INFO - Started process (PID=541) to work on /home/airflow/.local/lib/python3.8/site-packages/airflow/example_dags/tutorial_objectstorage.py
[2026-03-19T20:59:46.303+0000] {processor.py:830} INFO - Processing file /home/airflow/.local/lib/python3.8/site-packages/airflow/example_dags/tutorial_objectstorage.py for tasks to queue
[2026-03-19T20:59:46.304+0000] {logging_mixin.py:188} INFO - [2026-03-19T20:59:46.304+0000] {dagbag.py:538} INFO - Filling up the DagBag from /home/airflow/.local/lib/python3.8/site-packages/airflow/example_dags/tutorial_objectstorage.py
[2026-03-19T20:59:46.309+0000] {processor.py:840} INFO - DAG(s) 'tutorial_objectstorage' retrieved from /home/airflow/.local/lib/python3.8/site-packages/airflow/example_dags/tutorial_objectstorage.py
[2026-03-19T20:59:46.320+0000] {logging_mixin.py:188} INFO - [2026-03-19T20:59:46.320+0000] {dag.py:3036} INFO - Sync 1 DAGs
[2026-03-19T20:59:46.328+0000] {logging_mixin.py:188} INFO - [2026-03-19T20:59:46.328+0000] {dag.py:3823} INFO - Setting next_dagrun for tutorial_objectstorage to None, run_after=None
[2026-03-19T20:59:46.338+0000] {processor.py:183} INFO - Processing /home/airflow/.local/lib/python3.8/site-packages/airflow/example_dags/tutorial_objectstorage.py took 0.038 seconds
