[2026-03-19T21:33:03.485+0000] {taskinstance.py:1956} INFO - Dependencies all met for dep_context=non-requeueable deps ti=<TaskInstance: daily_equity_ingestion.setup_database manual__2026-03-19T21:33:02.615337+00:00 [queued]>
[2026-03-19T21:33:03.491+0000] {taskinstance.py:1956} INFO - Dependencies all met for dep_context=requeueable deps ti=<TaskInstance: daily_equity_ingestion.setup_database manual__2026-03-19T21:33:02.615337+00:00 [queued]>
[2026-03-19T21:33:03.491+0000] {taskinstance.py:2170} INFO - Starting attempt 1 of 1
[2026-03-19T21:33:03.499+0000] {taskinstance.py:2191} INFO - Executing <Task(_PythonDecoratedOperator): setup_database> on 2026-03-19 21:33:02.615337+00:00
[2026-03-19T21:33:03.504+0000] {standard_task_runner.py:60} INFO - Started process 427 to run task
[2026-03-19T21:33:03.507+0000] {standard_task_runner.py:87} INFO - Running: ['***', 'tasks', 'run', 'daily_equity_ingestion', 'setup_database', 'manual__2026-03-19T21:33:02.615337+00:00', '--job-id', '42', '--raw', '--subdir', 'DAGS_FOLDER/equity_ingestion_dag.py', '--cfg-path', '/tmp/tmp59fw_e8f']
[2026-03-19T21:33:03.508+0000] {standard_task_runner.py:88} INFO - Job 42: Subtask setup_database
[2026-03-19T21:33:03.543+0000] {task_command.py:423} INFO - Running <TaskInstance: daily_equity_ingestion.setup_database manual__2026-03-19T21:33:02.615337+00:00 [running]> on host ac61d61b49d7
[2026-03-19T21:33:03.594+0000] {taskinstance.py:2480} INFO - Exporting env vars: AIRFLOW_CTX_DAG_OWNER='***' AIRFLOW_CTX_DAG_ID='daily_equity_ingestion' AIRFLOW_CTX_TASK_ID='setup_database' AIRFLOW_CTX_EXECUTION_DATE='2026-03-19T21:33:02.615337+00:00' AIRFLOW_CTX_TRY_NUMBER='1' AIRFLOW_CTX_DAG_RUN_ID='manual__2026-03-19T21:33:02.615337+00:00'
[2026-03-19T21:33:03.602+0000] {base.py:83} INFO - Using connection ID 'finance_db_conn' for task execution.
[2026-03-19T21:33:03.604+0000] {sql.py:450} INFO - Running statement: 
            CREATE TABLE IF NOT EXISTS equity_metrics (
                id SERIAL PRIMARY KEY,
                ticker VARCHAR(50) NOT NULL,
                current_price NUMERIC,
                market_cap NUMERIC,
                pe_ratio NUMERIC,
                summary TEXT,
                ingestion_timestamp TIMESTAMP DEFAULT CURRENT_TIMESTAMP
            );
        , parameters: None
[2026-03-19T21:33:03.605+0000] {python.py:201} INFO - Done. Returned value was: None
[2026-03-19T21:33:03.611+0000] {taskinstance.py:1138} INFO - Marking task as SUCCESS. dag_id=daily_equity_ingestion, task_id=setup_database, execution_date=20260319T213302, start_date=20260319T213303, end_date=20260319T213303
[2026-03-19T21:33:03.640+0000] {local_task_job_runner.py:234} INFO - Task exited with return code 0
[2026-03-19T21:33:03.657+0000] {taskinstance.py:3280} INFO - 5 downstream tasks scheduled from follow-on schedule check
