[2026-03-21T19:23:04.587+0000] {taskinstance.py:1956} INFO - Dependencies all met for dep_context=non-requeueable deps ti=<TaskInstance: daily_equity_ingestion.extract_market_data manual__2026-03-21T19:23:02.359396+00:00 map_index=1 [queued]>
[2026-03-21T19:23:04.592+0000] {taskinstance.py:1956} INFO - Dependencies all met for dep_context=requeueable deps ti=<TaskInstance: daily_equity_ingestion.extract_market_data manual__2026-03-21T19:23:02.359396+00:00 map_index=1 [queued]>
[2026-03-21T19:23:04.592+0000] {taskinstance.py:2170} INFO - Starting attempt 1 of 1
[2026-03-21T19:23:04.600+0000] {taskinstance.py:2191} INFO - Executing <Mapped(_PythonDecoratedOperator): extract_market_data> on 2026-03-21 19:23:02.359396+00:00
[2026-03-21T19:23:04.605+0000] {standard_task_runner.py:60} INFO - Started process 259 to run task
[2026-03-21T19:23:04.607+0000] {standard_task_runner.py:87} INFO - Running: ['***', 'tasks', 'run', 'daily_equity_ingestion', 'extract_market_data', 'manual__2026-03-21T19:23:02.359396+00:00', '--job-id', '69', '--raw', '--subdir', 'DAGS_FOLDER/equity_ingestion_dag.py', '--cfg-path', '/tmp/tmpg7zivce5', '--map-index', '1']
[2026-03-21T19:23:04.608+0000] {standard_task_runner.py:88} INFO - Job 69: Subtask extract_market_data
[2026-03-21T19:23:04.638+0000] {task_command.py:423} INFO - Running <TaskInstance: daily_equity_ingestion.extract_market_data manual__2026-03-21T19:23:02.359396+00:00 map_index=1 [running]> on host 4101801a2ad1
[2026-03-21T19:23:04.685+0000] {taskinstance.py:2480} INFO - Exporting env vars: AIRFLOW_CTX_DAG_OWNER='***' AIRFLOW_CTX_DAG_ID='daily_equity_ingestion' AIRFLOW_CTX_TASK_ID='extract_market_data' AIRFLOW_CTX_EXECUTION_DATE='2026-03-21T19:23:02.359396+00:00' AIRFLOW_CTX_TRY_NUMBER='1' AIRFLOW_CTX_DAG_RUN_ID='manual__2026-03-21T19:23:02.359396+00:00'
[2026-03-21T19:23:04.687+0000] {equity_ingestion_dag.py:38} INFO - Fetching data for RELIANCE.NS...
[2026-03-21T19:23:04.688+0000] {taskinstance.py:2698} ERROR - Task failed with exception
Traceback (most recent call last):
  File "/home/airflow/.local/lib/python3.11/site-packages/airflow/models/taskinstance.py", line 433, in _execute_task
    result = execute_callable(context=context, **execute_callable_kwargs)
             ^^^^^^^^^^^^^^^^^^^^^^^^^^^^^^^^^^^^^^^^^^^^^^^^^^^^^^^^^^^^
  File "/home/airflow/.local/lib/python3.11/site-packages/airflow/decorators/base.py", line 241, in execute
    return_value = super().execute(context)
                   ^^^^^^^^^^^^^^^^^^^^^^^^
  File "/home/airflow/.local/lib/python3.11/site-packages/airflow/operators/python.py", line 199, in execute
    return_value = self.execute_callable()
                   ^^^^^^^^^^^^^^^^^^^^^^^
  File "/home/airflow/.local/lib/python3.11/site-packages/airflow/operators/python.py", line 216, in execute_callable
    return self.python_callable(*self.op_args, **self.op_kwargs)
           ^^^^^^^^^^^^^^^^^^^^^^^^^^^^^^^^^^^^^^^^^^^^^^^^^^^^^
  File "/opt/airflow/dags/equity_ingestion_dag.py", line 48, in extract_market_data
    stock = yf.Ticker(ticker, session=session)
            ^^^^^^^^^^^^^^^^^^^^^^^^^^^^^^^^^^
  File "/home/airflow/.local/lib/python3.11/site-packages/yfinance/ticker.py", line 35, in __init__
    super(Ticker, self).__init__(ticker, session=session)
  File "/home/airflow/.local/lib/python3.11/site-packages/yfinance/base.py", line 100, in __init__
    self._data: YfData = YfData(session=session)
                         ^^^^^^^^^^^^^^^^^^^^^^^
  File "/home/airflow/.local/lib/python3.11/site-packages/yfinance/data.py", line 65, in __call__
    instance = super().__call__(*args, **kwargs)
               ^^^^^^^^^^^^^^^^^^^^^^^^^^^^^^^^^
  File "/home/airflow/.local/lib/python3.11/site-packages/yfinance/data.py", line 93, in __init__
    self._set_session(session or requests.Session(impersonate="chrome"))
  File "/home/airflow/.local/lib/python3.11/site-packages/yfinance/data.py", line 113, in _set_session
    raise YFDataException(f"Yahoo API requires curl_cffi session not {type(session)}. Solution: stop setting session, let YF handle.")
yfinance.exceptions.YFDataException: Yahoo API requires curl_cffi session not <class 'requests.sessions.Session'>. Solution: stop setting session, let YF handle.
[2026-03-21T19:23:04.695+0000] {taskinstance.py:1138} INFO - Marking task as FAILED. dag_id=daily_equity_ingestion, task_id=extract_market_data, map_index=1, execution_date=20260321T192302, start_date=20260321T192304, end_date=20260321T192304
[2026-03-21T19:23:04.702+0000] {standard_task_runner.py:107} ERROR - Failed to execute job 69 for task extract_market_data (Yahoo API requires curl_cffi session not <class 'requests.sessions.Session'>. Solution: stop setting session, let YF handle.; 259)
[2026-03-21T19:23:04.739+0000] {local_task_job_runner.py:234} INFO - Task exited with return code 1
[2026-03-21T19:23:04.762+0000] {taskinstance.py:3280} INFO - 0 downstream tasks scheduled from follow-on schedule check
