[2026-03-23T20:32:27.149+0000] {processor.py:161} INFO - Started process (PID=90) to work on /opt/airflow/dags/equity_ingestion_dag.py
[2026-03-23T20:32:27.150+0000] {processor.py:830} INFO - Processing file /opt/airflow/dags/equity_ingestion_dag.py for tasks to queue
[2026-03-23T20:32:27.151+0000] {logging_mixin.py:188} INFO - [2026-03-23T20:32:27.151+0000] {dagbag.py:538} INFO - Filling up the DagBag from /opt/airflow/dags/equity_ingestion_dag.py
[2026-03-23T20:32:28.594+0000] {processor.py:840} INFO - DAG(s) 'daily_equity_ingestion' retrieved from /opt/airflow/dags/equity_ingestion_dag.py
[2026-03-23T20:32:28.717+0000] {logging_mixin.py:188} INFO - [2026-03-23T20:32:28.716+0000] {dag.py:3036} INFO - Sync 1 DAGs
[2026-03-23T20:32:28.725+0000] {logging_mixin.py:188} INFO - [2026-03-23T20:32:28.725+0000] {dag.py:3823} INFO - Setting next_dagrun for daily_equity_ingestion to None, run_after=None
[2026-03-23T20:32:28.739+0000] {processor.py:183} INFO - Processing /opt/airflow/dags/equity_ingestion_dag.py took 1.593 seconds
[2026-03-23T20:32:58.888+0000] {processor.py:161} INFO - Started process (PID=104) to work on /opt/airflow/dags/equity_ingestion_dag.py
[2026-03-23T20:32:58.889+0000] {processor.py:830} INFO - Processing file /opt/airflow/dags/equity_ingestion_dag.py for tasks to queue
[2026-03-23T20:32:58.890+0000] {logging_mixin.py:188} INFO - [2026-03-23T20:32:58.890+0000] {dagbag.py:538} INFO - Filling up the DagBag from /opt/airflow/dags/equity_ingestion_dag.py
[2026-03-23T20:32:59.408+0000] {processor.py:840} INFO - DAG(s) 'daily_equity_ingestion' retrieved from /opt/airflow/dags/equity_ingestion_dag.py
[2026-03-23T20:32:59.420+0000] {logging_mixin.py:188} INFO - [2026-03-23T20:32:59.420+0000] {dag.py:3036} INFO - Sync 1 DAGs
[2026-03-23T20:32:59.426+0000] {logging_mixin.py:188} INFO - [2026-03-23T20:32:59.426+0000] {dag.py:3823} INFO - Setting next_dagrun for daily_equity_ingestion to None, run_after=None
[2026-03-23T20:32:59.436+0000] {processor.py:183} INFO - Processing /opt/airflow/dags/equity_ingestion_dag.py took 0.551 seconds
[2026-03-23T20:33:29.605+0000] {processor.py:161} INFO - Started process (PID=112) to work on /opt/airflow/dags/equity_ingestion_dag.py
[2026-03-23T20:33:29.606+0000] {processor.py:830} INFO - Processing file /opt/airflow/dags/equity_ingestion_dag.py for tasks to queue
[2026-03-23T20:33:29.608+0000] {logging_mixin.py:188} INFO - [2026-03-23T20:33:29.607+0000] {dagbag.py:538} INFO - Filling up the DagBag from /opt/airflow/dags/equity_ingestion_dag.py
[2026-03-23T20:33:30.104+0000] {processor.py:840} INFO - DAG(s) 'daily_equity_ingestion' retrieved from /opt/airflow/dags/equity_ingestion_dag.py
[2026-03-23T20:33:30.117+0000] {logging_mixin.py:188} INFO - [2026-03-23T20:33:30.116+0000] {dag.py:3036} INFO - Sync 1 DAGs
[2026-03-23T20:33:30.123+0000] {logging_mixin.py:188} INFO - [2026-03-23T20:33:30.123+0000] {dag.py:3823} INFO - Setting next_dagrun for daily_equity_ingestion to None, run_after=None
[2026-03-23T20:33:30.134+0000] {processor.py:183} INFO - Processing /opt/airflow/dags/equity_ingestion_dag.py took 0.531 seconds
[2026-03-23T20:34:00.288+0000] {processor.py:161} INFO - Started process (PID=120) to work on /opt/airflow/dags/equity_ingestion_dag.py
[2026-03-23T20:34:00.288+0000] {processor.py:830} INFO - Processing file /opt/airflow/dags/equity_ingestion_dag.py for tasks to queue
[2026-03-23T20:34:00.290+0000] {logging_mixin.py:188} INFO - [2026-03-23T20:34:00.290+0000] {dagbag.py:538} INFO - Filling up the DagBag from /opt/airflow/dags/equity_ingestion_dag.py
[2026-03-23T20:34:00.795+0000] {processor.py:840} INFO - DAG(s) 'daily_equity_ingestion' retrieved from /opt/airflow/dags/equity_ingestion_dag.py
[2026-03-23T20:34:00.807+0000] {logging_mixin.py:188} INFO - [2026-03-23T20:34:00.807+0000] {dag.py:3036} INFO - Sync 1 DAGs
[2026-03-23T20:34:00.813+0000] {logging_mixin.py:188} INFO - [2026-03-23T20:34:00.813+0000] {dag.py:3823} INFO - Setting next_dagrun for daily_equity_ingestion to None, run_after=None
[2026-03-23T20:34:00.822+0000] {processor.py:183} INFO - Processing /opt/airflow/dags/equity_ingestion_dag.py took 0.538 seconds
[2026-03-23T20:34:30.873+0000] {processor.py:161} INFO - Started process (PID=128) to work on /opt/airflow/dags/equity_ingestion_dag.py
[2026-03-23T20:34:30.874+0000] {processor.py:830} INFO - Processing file /opt/airflow/dags/equity_ingestion_dag.py for tasks to queue
[2026-03-23T20:34:30.875+0000] {logging_mixin.py:188} INFO - [2026-03-23T20:34:30.875+0000] {dagbag.py:538} INFO - Filling up the DagBag from /opt/airflow/dags/equity_ingestion_dag.py
[2026-03-23T20:34:31.359+0000] {processor.py:840} INFO - DAG(s) 'daily_equity_ingestion' retrieved from /opt/airflow/dags/equity_ingestion_dag.py
[2026-03-23T20:34:31.371+0000] {logging_mixin.py:188} INFO - [2026-03-23T20:34:31.370+0000] {dag.py:3036} INFO - Sync 1 DAGs
[2026-03-23T20:34:31.376+0000] {logging_mixin.py:188} INFO - [2026-03-23T20:34:31.376+0000] {dag.py:3823} INFO - Setting next_dagrun for daily_equity_ingestion to None, run_after=None
[2026-03-23T20:34:31.387+0000] {processor.py:183} INFO - Processing /opt/airflow/dags/equity_ingestion_dag.py took 0.516 seconds
[2026-03-23T20:35:01.561+0000] {processor.py:161} INFO - Started process (PID=136) to work on /opt/airflow/dags/equity_ingestion_dag.py
[2026-03-23T20:35:01.562+0000] {processor.py:830} INFO - Processing file /opt/airflow/dags/equity_ingestion_dag.py for tasks to queue
[2026-03-23T20:35:01.563+0000] {logging_mixin.py:188} INFO - [2026-03-23T20:35:01.563+0000] {dagbag.py:538} INFO - Filling up the DagBag from /opt/airflow/dags/equity_ingestion_dag.py
[2026-03-23T20:35:02.106+0000] {processor.py:840} INFO - DAG(s) 'daily_equity_ingestion' retrieved from /opt/airflow/dags/equity_ingestion_dag.py
[2026-03-23T20:35:02.120+0000] {logging_mixin.py:188} INFO - [2026-03-23T20:35:02.119+0000] {dag.py:3036} INFO - Sync 1 DAGs
[2026-03-23T20:35:02.126+0000] {logging_mixin.py:188} INFO - [2026-03-23T20:35:02.126+0000] {dag.py:3823} INFO - Setting next_dagrun for daily_equity_ingestion to None, run_after=None
[2026-03-23T20:35:02.145+0000] {processor.py:183} INFO - Processing /opt/airflow/dags/equity_ingestion_dag.py took 0.585 seconds
[2026-03-23T20:35:32.244+0000] {processor.py:161} INFO - Started process (PID=144) to work on /opt/airflow/dags/equity_ingestion_dag.py
[2026-03-23T20:35:32.245+0000] {processor.py:830} INFO - Processing file /opt/airflow/dags/equity_ingestion_dag.py for tasks to queue
[2026-03-23T20:35:32.246+0000] {logging_mixin.py:188} INFO - [2026-03-23T20:35:32.246+0000] {dagbag.py:538} INFO - Filling up the DagBag from /opt/airflow/dags/equity_ingestion_dag.py
[2026-03-23T20:35:32.799+0000] {processor.py:840} INFO - DAG(s) 'daily_equity_ingestion' retrieved from /opt/airflow/dags/equity_ingestion_dag.py
[2026-03-23T20:35:32.812+0000] {logging_mixin.py:188} INFO - [2026-03-23T20:35:32.811+0000] {dag.py:3036} INFO - Sync 1 DAGs
[2026-03-23T20:35:32.818+0000] {logging_mixin.py:188} INFO - [2026-03-23T20:35:32.818+0000] {dag.py:3823} INFO - Setting next_dagrun for daily_equity_ingestion to None, run_after=None
[2026-03-23T20:35:32.830+0000] {processor.py:183} INFO - Processing /opt/airflow/dags/equity_ingestion_dag.py took 0.588 seconds
[2026-03-23T20:36:02.963+0000] {processor.py:161} INFO - Started process (PID=152) to work on /opt/airflow/dags/equity_ingestion_dag.py
[2026-03-23T20:36:02.964+0000] {processor.py:830} INFO - Processing file /opt/airflow/dags/equity_ingestion_dag.py for tasks to queue
[2026-03-23T20:36:02.966+0000] {logging_mixin.py:188} INFO - [2026-03-23T20:36:02.966+0000] {dagbag.py:538} INFO - Filling up the DagBag from /opt/airflow/dags/equity_ingestion_dag.py
[2026-03-23T20:36:03.488+0000] {processor.py:840} INFO - DAG(s) 'daily_equity_ingestion' retrieved from /opt/airflow/dags/equity_ingestion_dag.py
[2026-03-23T20:36:03.500+0000] {logging_mixin.py:188} INFO - [2026-03-23T20:36:03.500+0000] {dag.py:3036} INFO - Sync 1 DAGs
[2026-03-23T20:36:03.506+0000] {logging_mixin.py:188} INFO - [2026-03-23T20:36:03.506+0000] {dag.py:3823} INFO - Setting next_dagrun for daily_equity_ingestion to None, run_after=None
[2026-03-23T20:36:03.516+0000] {processor.py:183} INFO - Processing /opt/airflow/dags/equity_ingestion_dag.py took 0.555 seconds
[2026-03-23T20:36:33.663+0000] {processor.py:161} INFO - Started process (PID=160) to work on /opt/airflow/dags/equity_ingestion_dag.py
[2026-03-23T20:36:33.664+0000] {processor.py:830} INFO - Processing file /opt/airflow/dags/equity_ingestion_dag.py for tasks to queue
[2026-03-23T20:36:33.665+0000] {logging_mixin.py:188} INFO - [2026-03-23T20:36:33.665+0000] {dagbag.py:538} INFO - Filling up the DagBag from /opt/airflow/dags/equity_ingestion_dag.py
[2026-03-23T20:36:34.209+0000] {processor.py:840} INFO - DAG(s) 'daily_equity_ingestion' retrieved from /opt/airflow/dags/equity_ingestion_dag.py
[2026-03-23T20:36:34.223+0000] {logging_mixin.py:188} INFO - [2026-03-23T20:36:34.223+0000] {dag.py:3036} INFO - Sync 1 DAGs
[2026-03-23T20:36:34.229+0000] {logging_mixin.py:188} INFO - [2026-03-23T20:36:34.229+0000] {dag.py:3823} INFO - Setting next_dagrun for daily_equity_ingestion to None, run_after=None
[2026-03-23T20:36:34.239+0000] {processor.py:183} INFO - Processing /opt/airflow/dags/equity_ingestion_dag.py took 0.578 seconds
[2026-03-23T20:37:04.392+0000] {processor.py:161} INFO - Started process (PID=168) to work on /opt/airflow/dags/equity_ingestion_dag.py
[2026-03-23T20:37:04.393+0000] {processor.py:830} INFO - Processing file /opt/airflow/dags/equity_ingestion_dag.py for tasks to queue
[2026-03-23T20:37:04.394+0000] {logging_mixin.py:188} INFO - [2026-03-23T20:37:04.394+0000] {dagbag.py:538} INFO - Filling up the DagBag from /opt/airflow/dags/equity_ingestion_dag.py
[2026-03-23T20:37:04.878+0000] {processor.py:840} INFO - DAG(s) 'daily_equity_ingestion' retrieved from /opt/airflow/dags/equity_ingestion_dag.py
[2026-03-23T20:37:04.890+0000] {logging_mixin.py:188} INFO - [2026-03-23T20:37:04.890+0000] {dag.py:3036} INFO - Sync 1 DAGs
[2026-03-23T20:37:04.896+0000] {logging_mixin.py:188} INFO - [2026-03-23T20:37:04.896+0000] {dag.py:3823} INFO - Setting next_dagrun for daily_equity_ingestion to None, run_after=None
[2026-03-23T20:37:04.906+0000] {processor.py:183} INFO - Processing /opt/airflow/dags/equity_ingestion_dag.py took 0.517 seconds
[2026-03-23T20:37:34.986+0000] {processor.py:161} INFO - Started process (PID=176) to work on /opt/airflow/dags/equity_ingestion_dag.py
[2026-03-23T20:37:34.987+0000] {processor.py:830} INFO - Processing file /opt/airflow/dags/equity_ingestion_dag.py for tasks to queue
[2026-03-23T20:37:34.988+0000] {logging_mixin.py:188} INFO - [2026-03-23T20:37:34.988+0000] {dagbag.py:538} INFO - Filling up the DagBag from /opt/airflow/dags/equity_ingestion_dag.py
[2026-03-23T20:37:35.550+0000] {processor.py:840} INFO - DAG(s) 'daily_equity_ingestion' retrieved from /opt/airflow/dags/equity_ingestion_dag.py
[2026-03-23T20:37:35.564+0000] {logging_mixin.py:188} INFO - [2026-03-23T20:37:35.563+0000] {dag.py:3036} INFO - Sync 1 DAGs
[2026-03-23T20:37:35.570+0000] {logging_mixin.py:188} INFO - [2026-03-23T20:37:35.570+0000] {dag.py:3823} INFO - Setting next_dagrun for daily_equity_ingestion to None, run_after=None
[2026-03-23T20:37:35.582+0000] {processor.py:183} INFO - Processing /opt/airflow/dags/equity_ingestion_dag.py took 0.598 seconds
[2026-03-23T20:38:05.744+0000] {processor.py:161} INFO - Started process (PID=183) to work on /opt/airflow/dags/equity_ingestion_dag.py
[2026-03-23T20:38:05.745+0000] {processor.py:830} INFO - Processing file /opt/airflow/dags/equity_ingestion_dag.py for tasks to queue
[2026-03-23T20:38:05.746+0000] {logging_mixin.py:188} INFO - [2026-03-23T20:38:05.746+0000] {dagbag.py:538} INFO - Filling up the DagBag from /opt/airflow/dags/equity_ingestion_dag.py
[2026-03-23T20:38:06.233+0000] {processor.py:840} INFO - DAG(s) 'daily_equity_ingestion' retrieved from /opt/airflow/dags/equity_ingestion_dag.py
[2026-03-23T20:38:06.245+0000] {logging_mixin.py:188} INFO - [2026-03-23T20:38:06.244+0000] {dag.py:3036} INFO - Sync 1 DAGs
[2026-03-23T20:38:06.251+0000] {logging_mixin.py:188} INFO - [2026-03-23T20:38:06.251+0000] {dag.py:3823} INFO - Setting next_dagrun for daily_equity_ingestion to None, run_after=None
[2026-03-23T20:38:06.261+0000] {processor.py:183} INFO - Processing /opt/airflow/dags/equity_ingestion_dag.py took 0.518 seconds
[2026-03-23T20:38:36.308+0000] {processor.py:161} INFO - Started process (PID=191) to work on /opt/airflow/dags/equity_ingestion_dag.py
[2026-03-23T20:38:36.308+0000] {processor.py:830} INFO - Processing file /opt/airflow/dags/equity_ingestion_dag.py for tasks to queue
[2026-03-23T20:38:36.310+0000] {logging_mixin.py:188} INFO - [2026-03-23T20:38:36.309+0000] {dagbag.py:538} INFO - Filling up the DagBag from /opt/airflow/dags/equity_ingestion_dag.py
[2026-03-23T20:38:36.787+0000] {processor.py:840} INFO - DAG(s) 'daily_equity_ingestion' retrieved from /opt/airflow/dags/equity_ingestion_dag.py
[2026-03-23T20:38:36.799+0000] {logging_mixin.py:188} INFO - [2026-03-23T20:38:36.799+0000] {dag.py:3036} INFO - Sync 1 DAGs
[2026-03-23T20:38:36.805+0000] {logging_mixin.py:188} INFO - [2026-03-23T20:38:36.805+0000] {dag.py:3823} INFO - Setting next_dagrun for daily_equity_ingestion to None, run_after=None
[2026-03-23T20:38:36.815+0000] {processor.py:183} INFO - Processing /opt/airflow/dags/equity_ingestion_dag.py took 0.510 seconds
[2026-03-23T20:39:06.954+0000] {processor.py:161} INFO - Started process (PID=199) to work on /opt/airflow/dags/equity_ingestion_dag.py
[2026-03-23T20:39:06.955+0000] {processor.py:830} INFO - Processing file /opt/airflow/dags/equity_ingestion_dag.py for tasks to queue
[2026-03-23T20:39:06.956+0000] {logging_mixin.py:188} INFO - [2026-03-23T20:39:06.956+0000] {dagbag.py:538} INFO - Filling up the DagBag from /opt/airflow/dags/equity_ingestion_dag.py
[2026-03-23T20:39:07.493+0000] {processor.py:840} INFO - DAG(s) 'daily_equity_ingestion' retrieved from /opt/airflow/dags/equity_ingestion_dag.py
[2026-03-23T20:39:07.506+0000] {logging_mixin.py:188} INFO - [2026-03-23T20:39:07.505+0000] {dag.py:3036} INFO - Sync 1 DAGs
[2026-03-23T20:39:07.512+0000] {logging_mixin.py:188} INFO - [2026-03-23T20:39:07.512+0000] {dag.py:3823} INFO - Setting next_dagrun for daily_equity_ingestion to None, run_after=None
[2026-03-23T20:39:07.521+0000] {processor.py:183} INFO - Processing /opt/airflow/dags/equity_ingestion_dag.py took 0.569 seconds
[2026-03-23T20:39:37.734+0000] {processor.py:161} INFO - Started process (PID=207) to work on /opt/airflow/dags/equity_ingestion_dag.py
[2026-03-23T20:39:37.734+0000] {processor.py:830} INFO - Processing file /opt/airflow/dags/equity_ingestion_dag.py for tasks to queue
[2026-03-23T20:39:37.736+0000] {logging_mixin.py:188} INFO - [2026-03-23T20:39:37.735+0000] {dagbag.py:538} INFO - Filling up the DagBag from /opt/airflow/dags/equity_ingestion_dag.py
[2026-03-23T20:39:38.238+0000] {processor.py:840} INFO - DAG(s) 'daily_equity_ingestion' retrieved from /opt/airflow/dags/equity_ingestion_dag.py
[2026-03-23T20:39:38.251+0000] {logging_mixin.py:188} INFO - [2026-03-23T20:39:38.251+0000] {dag.py:3036} INFO - Sync 1 DAGs
[2026-03-23T20:39:38.258+0000] {logging_mixin.py:188} INFO - [2026-03-23T20:39:38.257+0000] {dag.py:3823} INFO - Setting next_dagrun for daily_equity_ingestion to None, run_after=None
[2026-03-23T20:39:38.267+0000] {processor.py:183} INFO - Processing /opt/airflow/dags/equity_ingestion_dag.py took 0.536 seconds
[2026-03-23T20:40:08.401+0000] {processor.py:161} INFO - Started process (PID=215) to work on /opt/airflow/dags/equity_ingestion_dag.py
[2026-03-23T20:40:08.402+0000] {processor.py:830} INFO - Processing file /opt/airflow/dags/equity_ingestion_dag.py for tasks to queue
[2026-03-23T20:40:08.405+0000] {logging_mixin.py:188} INFO - [2026-03-23T20:40:08.405+0000] {dagbag.py:538} INFO - Filling up the DagBag from /opt/airflow/dags/equity_ingestion_dag.py
[2026-03-23T20:40:08.919+0000] {processor.py:840} INFO - DAG(s) 'daily_equity_ingestion' retrieved from /opt/airflow/dags/equity_ingestion_dag.py
[2026-03-23T20:40:08.932+0000] {logging_mixin.py:188} INFO - [2026-03-23T20:40:08.932+0000] {dag.py:3036} INFO - Sync 1 DAGs
[2026-03-23T20:40:08.939+0000] {logging_mixin.py:188} INFO - [2026-03-23T20:40:08.939+0000] {dag.py:3823} INFO - Setting next_dagrun for daily_equity_ingestion to None, run_after=None
[2026-03-23T20:40:08.950+0000] {processor.py:183} INFO - Processing /opt/airflow/dags/equity_ingestion_dag.py took 0.551 seconds
[2026-03-23T20:40:39.109+0000] {processor.py:161} INFO - Started process (PID=223) to work on /opt/airflow/dags/equity_ingestion_dag.py
[2026-03-23T20:40:39.110+0000] {processor.py:830} INFO - Processing file /opt/airflow/dags/equity_ingestion_dag.py for tasks to queue
[2026-03-23T20:40:39.111+0000] {logging_mixin.py:188} INFO - [2026-03-23T20:40:39.111+0000] {dagbag.py:538} INFO - Filling up the DagBag from /opt/airflow/dags/equity_ingestion_dag.py
[2026-03-23T20:40:39.633+0000] {processor.py:840} INFO - DAG(s) 'daily_equity_ingestion' retrieved from /opt/airflow/dags/equity_ingestion_dag.py
[2026-03-23T20:40:39.646+0000] {logging_mixin.py:188} INFO - [2026-03-23T20:40:39.646+0000] {dag.py:3036} INFO - Sync 1 DAGs
[2026-03-23T20:40:39.653+0000] {logging_mixin.py:188} INFO - [2026-03-23T20:40:39.653+0000] {dag.py:3823} INFO - Setting next_dagrun for daily_equity_ingestion to None, run_after=None
[2026-03-23T20:40:39.665+0000] {processor.py:183} INFO - Processing /opt/airflow/dags/equity_ingestion_dag.py took 0.558 seconds
[2026-03-23T20:41:09.694+0000] {processor.py:161} INFO - Started process (PID=231) to work on /opt/airflow/dags/equity_ingestion_dag.py
[2026-03-23T20:41:09.695+0000] {processor.py:830} INFO - Processing file /opt/airflow/dags/equity_ingestion_dag.py for tasks to queue
[2026-03-23T20:41:09.696+0000] {logging_mixin.py:188} INFO - [2026-03-23T20:41:09.696+0000] {dagbag.py:538} INFO - Filling up the DagBag from /opt/airflow/dags/equity_ingestion_dag.py
[2026-03-23T20:41:10.207+0000] {processor.py:840} INFO - DAG(s) 'daily_equity_ingestion' retrieved from /opt/airflow/dags/equity_ingestion_dag.py
[2026-03-23T20:41:10.221+0000] {logging_mixin.py:188} INFO - [2026-03-23T20:41:10.221+0000] {dag.py:3036} INFO - Sync 1 DAGs
[2026-03-23T20:41:10.227+0000] {logging_mixin.py:188} INFO - [2026-03-23T20:41:10.227+0000] {dag.py:3823} INFO - Setting next_dagrun for daily_equity_ingestion to None, run_after=None
[2026-03-23T20:41:10.238+0000] {processor.py:183} INFO - Processing /opt/airflow/dags/equity_ingestion_dag.py took 0.546 seconds
[2026-03-23T20:41:40.378+0000] {processor.py:161} INFO - Started process (PID=239) to work on /opt/airflow/dags/equity_ingestion_dag.py
[2026-03-23T20:41:40.378+0000] {processor.py:830} INFO - Processing file /opt/airflow/dags/equity_ingestion_dag.py for tasks to queue
[2026-03-23T20:41:40.380+0000] {logging_mixin.py:188} INFO - [2026-03-23T20:41:40.379+0000] {dagbag.py:538} INFO - Filling up the DagBag from /opt/airflow/dags/equity_ingestion_dag.py
[2026-03-23T20:41:40.857+0000] {processor.py:840} INFO - DAG(s) 'daily_equity_ingestion' retrieved from /opt/airflow/dags/equity_ingestion_dag.py
[2026-03-23T20:41:40.869+0000] {logging_mixin.py:188} INFO - [2026-03-23T20:41:40.869+0000] {dag.py:3036} INFO - Sync 1 DAGs
[2026-03-23T20:41:40.876+0000] {logging_mixin.py:188} INFO - [2026-03-23T20:41:40.876+0000] {dag.py:3823} INFO - Setting next_dagrun for daily_equity_ingestion to None, run_after=None
[2026-03-23T20:41:40.886+0000] {processor.py:183} INFO - Processing /opt/airflow/dags/equity_ingestion_dag.py took 0.510 seconds
[2026-03-23T20:42:11.048+0000] {processor.py:161} INFO - Started process (PID=247) to work on /opt/airflow/dags/equity_ingestion_dag.py
[2026-03-23T20:42:11.049+0000] {processor.py:830} INFO - Processing file /opt/airflow/dags/equity_ingestion_dag.py for tasks to queue
[2026-03-23T20:42:11.050+0000] {logging_mixin.py:188} INFO - [2026-03-23T20:42:11.050+0000] {dagbag.py:538} INFO - Filling up the DagBag from /opt/airflow/dags/equity_ingestion_dag.py
[2026-03-23T20:42:11.560+0000] {processor.py:840} INFO - DAG(s) 'daily_equity_ingestion' retrieved from /opt/airflow/dags/equity_ingestion_dag.py
[2026-03-23T20:42:11.573+0000] {logging_mixin.py:188} INFO - [2026-03-23T20:42:11.572+0000] {dag.py:3036} INFO - Sync 1 DAGs
[2026-03-23T20:42:11.579+0000] {logging_mixin.py:188} INFO - [2026-03-23T20:42:11.579+0000] {dag.py:3823} INFO - Setting next_dagrun for daily_equity_ingestion to None, run_after=None
[2026-03-23T20:42:11.588+0000] {processor.py:183} INFO - Processing /opt/airflow/dags/equity_ingestion_dag.py took 0.542 seconds
[2026-03-23T20:42:41.702+0000] {processor.py:161} INFO - Started process (PID=255) to work on /opt/airflow/dags/equity_ingestion_dag.py
[2026-03-23T20:42:41.703+0000] {processor.py:830} INFO - Processing file /opt/airflow/dags/equity_ingestion_dag.py for tasks to queue
[2026-03-23T20:42:41.705+0000] {logging_mixin.py:188} INFO - [2026-03-23T20:42:41.705+0000] {dagbag.py:538} INFO - Filling up the DagBag from /opt/airflow/dags/equity_ingestion_dag.py
[2026-03-23T20:42:42.369+0000] {processor.py:840} INFO - DAG(s) 'daily_equity_ingestion' retrieved from /opt/airflow/dags/equity_ingestion_dag.py
[2026-03-23T20:42:42.385+0000] {logging_mixin.py:188} INFO - [2026-03-23T20:42:42.384+0000] {dag.py:3036} INFO - Sync 1 DAGs
[2026-03-23T20:42:42.390+0000] {logging_mixin.py:188} INFO - [2026-03-23T20:42:42.390+0000] {dag.py:3823} INFO - Setting next_dagrun for daily_equity_ingestion to None, run_after=None
[2026-03-23T20:42:42.400+0000] {processor.py:183} INFO - Processing /opt/airflow/dags/equity_ingestion_dag.py took 0.700 seconds
[2026-03-23T20:43:12.586+0000] {processor.py:161} INFO - Started process (PID=263) to work on /opt/airflow/dags/equity_ingestion_dag.py
[2026-03-23T20:43:12.587+0000] {processor.py:830} INFO - Processing file /opt/airflow/dags/equity_ingestion_dag.py for tasks to queue
[2026-03-23T20:43:12.588+0000] {logging_mixin.py:188} INFO - [2026-03-23T20:43:12.588+0000] {dagbag.py:538} INFO - Filling up the DagBag from /opt/airflow/dags/equity_ingestion_dag.py
[2026-03-23T20:43:13.150+0000] {processor.py:840} INFO - DAG(s) 'daily_equity_ingestion' retrieved from /opt/airflow/dags/equity_ingestion_dag.py
[2026-03-23T20:43:13.167+0000] {logging_mixin.py:188} INFO - [2026-03-23T20:43:13.167+0000] {dag.py:3036} INFO - Sync 1 DAGs
[2026-03-23T20:43:13.175+0000] {logging_mixin.py:188} INFO - [2026-03-23T20:43:13.174+0000] {dag.py:3823} INFO - Setting next_dagrun for daily_equity_ingestion to None, run_after=None
[2026-03-23T20:43:13.191+0000] {processor.py:183} INFO - Processing /opt/airflow/dags/equity_ingestion_dag.py took 0.606 seconds
[2026-03-23T20:43:43.327+0000] {processor.py:161} INFO - Started process (PID=271) to work on /opt/airflow/dags/equity_ingestion_dag.py
[2026-03-23T20:43:43.327+0000] {processor.py:830} INFO - Processing file /opt/airflow/dags/equity_ingestion_dag.py for tasks to queue
[2026-03-23T20:43:43.329+0000] {logging_mixin.py:188} INFO - [2026-03-23T20:43:43.328+0000] {dagbag.py:538} INFO - Filling up the DagBag from /opt/airflow/dags/equity_ingestion_dag.py
[2026-03-23T20:43:43.824+0000] {processor.py:840} INFO - DAG(s) 'daily_equity_ingestion' retrieved from /opt/airflow/dags/equity_ingestion_dag.py
[2026-03-23T20:43:43.837+0000] {logging_mixin.py:188} INFO - [2026-03-23T20:43:43.837+0000] {dag.py:3036} INFO - Sync 1 DAGs
[2026-03-23T20:43:43.843+0000] {logging_mixin.py:188} INFO - [2026-03-23T20:43:43.843+0000] {dag.py:3823} INFO - Setting next_dagrun for daily_equity_ingestion to None, run_after=None
[2026-03-23T20:43:43.861+0000] {processor.py:183} INFO - Processing /opt/airflow/dags/equity_ingestion_dag.py took 0.536 seconds
[2026-03-23T20:44:14.026+0000] {processor.py:161} INFO - Started process (PID=279) to work on /opt/airflow/dags/equity_ingestion_dag.py
[2026-03-23T20:44:14.027+0000] {processor.py:830} INFO - Processing file /opt/airflow/dags/equity_ingestion_dag.py for tasks to queue
[2026-03-23T20:44:14.028+0000] {logging_mixin.py:188} INFO - [2026-03-23T20:44:14.028+0000] {dagbag.py:538} INFO - Filling up the DagBag from /opt/airflow/dags/equity_ingestion_dag.py
[2026-03-23T20:44:14.530+0000] {processor.py:840} INFO - DAG(s) 'daily_equity_ingestion' retrieved from /opt/airflow/dags/equity_ingestion_dag.py
[2026-03-23T20:44:14.542+0000] {logging_mixin.py:188} INFO - [2026-03-23T20:44:14.542+0000] {dag.py:3036} INFO - Sync 1 DAGs
[2026-03-23T20:44:14.548+0000] {logging_mixin.py:188} INFO - [2026-03-23T20:44:14.548+0000] {dag.py:3823} INFO - Setting next_dagrun for daily_equity_ingestion to None, run_after=None
[2026-03-23T20:44:14.559+0000] {processor.py:183} INFO - Processing /opt/airflow/dags/equity_ingestion_dag.py took 0.534 seconds
[2026-03-23T20:44:44.586+0000] {processor.py:161} INFO - Started process (PID=287) to work on /opt/airflow/dags/equity_ingestion_dag.py
[2026-03-23T20:44:44.587+0000] {processor.py:830} INFO - Processing file /opt/airflow/dags/equity_ingestion_dag.py for tasks to queue
[2026-03-23T20:44:44.588+0000] {logging_mixin.py:188} INFO - [2026-03-23T20:44:44.588+0000] {dagbag.py:538} INFO - Filling up the DagBag from /opt/airflow/dags/equity_ingestion_dag.py
[2026-03-23T20:44:45.098+0000] {processor.py:840} INFO - DAG(s) 'daily_equity_ingestion' retrieved from /opt/airflow/dags/equity_ingestion_dag.py
[2026-03-23T20:44:45.111+0000] {logging_mixin.py:188} INFO - [2026-03-23T20:44:45.111+0000] {dag.py:3036} INFO - Sync 1 DAGs
[2026-03-23T20:44:45.118+0000] {logging_mixin.py:188} INFO - [2026-03-23T20:44:45.118+0000] {dag.py:3823} INFO - Setting next_dagrun for daily_equity_ingestion to None, run_after=None
[2026-03-23T20:44:45.129+0000] {processor.py:183} INFO - Processing /opt/airflow/dags/equity_ingestion_dag.py took 0.545 seconds
[2026-03-23T20:45:15.283+0000] {processor.py:161} INFO - Started process (PID=295) to work on /opt/airflow/dags/equity_ingestion_dag.py
[2026-03-23T20:45:15.283+0000] {processor.py:830} INFO - Processing file /opt/airflow/dags/equity_ingestion_dag.py for tasks to queue
[2026-03-23T20:45:15.285+0000] {logging_mixin.py:188} INFO - [2026-03-23T20:45:15.284+0000] {dagbag.py:538} INFO - Filling up the DagBag from /opt/airflow/dags/equity_ingestion_dag.py
[2026-03-23T20:45:15.816+0000] {processor.py:840} INFO - DAG(s) 'daily_equity_ingestion' retrieved from /opt/airflow/dags/equity_ingestion_dag.py
[2026-03-23T20:45:15.830+0000] {logging_mixin.py:188} INFO - [2026-03-23T20:45:15.830+0000] {dag.py:3036} INFO - Sync 1 DAGs
[2026-03-23T20:45:15.838+0000] {logging_mixin.py:188} INFO - [2026-03-23T20:45:15.838+0000] {dag.py:3823} INFO - Setting next_dagrun for daily_equity_ingestion to None, run_after=None
[2026-03-23T20:45:15.848+0000] {processor.py:183} INFO - Processing /opt/airflow/dags/equity_ingestion_dag.py took 0.568 seconds
[2026-03-23T20:45:45.999+0000] {processor.py:161} INFO - Started process (PID=303) to work on /opt/airflow/dags/equity_ingestion_dag.py
[2026-03-23T20:45:46.000+0000] {processor.py:830} INFO - Processing file /opt/airflow/dags/equity_ingestion_dag.py for tasks to queue
[2026-03-23T20:45:46.001+0000] {logging_mixin.py:188} INFO - [2026-03-23T20:45:46.001+0000] {dagbag.py:538} INFO - Filling up the DagBag from /opt/airflow/dags/equity_ingestion_dag.py
[2026-03-23T20:45:46.510+0000] {processor.py:840} INFO - DAG(s) 'daily_equity_ingestion' retrieved from /opt/airflow/dags/equity_ingestion_dag.py
[2026-03-23T20:45:46.523+0000] {logging_mixin.py:188} INFO - [2026-03-23T20:45:46.523+0000] {dag.py:3036} INFO - Sync 1 DAGs
[2026-03-23T20:45:46.529+0000] {logging_mixin.py:188} INFO - [2026-03-23T20:45:46.529+0000] {dag.py:3823} INFO - Setting next_dagrun for daily_equity_ingestion to None, run_after=None
[2026-03-23T20:45:46.539+0000] {processor.py:183} INFO - Processing /opt/airflow/dags/equity_ingestion_dag.py took 0.542 seconds
[2026-03-23T20:46:16.691+0000] {processor.py:161} INFO - Started process (PID=311) to work on /opt/airflow/dags/equity_ingestion_dag.py
[2026-03-23T20:46:16.691+0000] {processor.py:830} INFO - Processing file /opt/airflow/dags/equity_ingestion_dag.py for tasks to queue
[2026-03-23T20:46:16.693+0000] {logging_mixin.py:188} INFO - [2026-03-23T20:46:16.692+0000] {dagbag.py:538} INFO - Filling up the DagBag from /opt/airflow/dags/equity_ingestion_dag.py
[2026-03-23T20:46:17.206+0000] {processor.py:840} INFO - DAG(s) 'daily_equity_ingestion' retrieved from /opt/airflow/dags/equity_ingestion_dag.py
[2026-03-23T20:46:17.219+0000] {logging_mixin.py:188} INFO - [2026-03-23T20:46:17.218+0000] {dag.py:3036} INFO - Sync 1 DAGs
[2026-03-23T20:46:17.225+0000] {logging_mixin.py:188} INFO - [2026-03-23T20:46:17.224+0000] {dag.py:3823} INFO - Setting next_dagrun for daily_equity_ingestion to None, run_after=None
[2026-03-23T20:46:17.235+0000] {processor.py:183} INFO - Processing /opt/airflow/dags/equity_ingestion_dag.py took 0.547 seconds
[2026-03-23T20:46:47.317+0000] {processor.py:161} INFO - Started process (PID=319) to work on /opt/airflow/dags/equity_ingestion_dag.py
[2026-03-23T20:46:47.318+0000] {processor.py:830} INFO - Processing file /opt/airflow/dags/equity_ingestion_dag.py for tasks to queue
[2026-03-23T20:46:47.319+0000] {logging_mixin.py:188} INFO - [2026-03-23T20:46:47.319+0000] {dagbag.py:538} INFO - Filling up the DagBag from /opt/airflow/dags/equity_ingestion_dag.py
[2026-03-23T20:46:47.806+0000] {processor.py:840} INFO - DAG(s) 'daily_equity_ingestion' retrieved from /opt/airflow/dags/equity_ingestion_dag.py
[2026-03-23T20:46:47.818+0000] {logging_mixin.py:188} INFO - [2026-03-23T20:46:47.818+0000] {dag.py:3036} INFO - Sync 1 DAGs
[2026-03-23T20:46:47.824+0000] {logging_mixin.py:188} INFO - [2026-03-23T20:46:47.824+0000] {dag.py:3823} INFO - Setting next_dagrun for daily_equity_ingestion to None, run_after=None
[2026-03-23T20:46:47.845+0000] {processor.py:183} INFO - Processing /opt/airflow/dags/equity_ingestion_dag.py took 0.530 seconds
[2026-03-23T20:47:18.011+0000] {processor.py:161} INFO - Started process (PID=327) to work on /opt/airflow/dags/equity_ingestion_dag.py
[2026-03-23T20:47:18.012+0000] {processor.py:830} INFO - Processing file /opt/airflow/dags/equity_ingestion_dag.py for tasks to queue
[2026-03-23T20:47:18.013+0000] {logging_mixin.py:188} INFO - [2026-03-23T20:47:18.013+0000] {dagbag.py:538} INFO - Filling up the DagBag from /opt/airflow/dags/equity_ingestion_dag.py
[2026-03-23T20:47:18.473+0000] {processor.py:840} INFO - DAG(s) 'daily_equity_ingestion' retrieved from /opt/airflow/dags/equity_ingestion_dag.py
[2026-03-23T20:47:18.485+0000] {logging_mixin.py:188} INFO - [2026-03-23T20:47:18.485+0000] {dag.py:3036} INFO - Sync 1 DAGs
[2026-03-23T20:47:18.491+0000] {logging_mixin.py:188} INFO - [2026-03-23T20:47:18.491+0000] {dag.py:3823} INFO - Setting next_dagrun for daily_equity_ingestion to None, run_after=None
[2026-03-23T20:47:18.501+0000] {processor.py:183} INFO - Processing /opt/airflow/dags/equity_ingestion_dag.py took 0.492 seconds
