[2026-03-19T21:32:20.288+0000] {taskinstance.py:1956} INFO - Dependencies all met for dep_context=non-requeueable deps ti=<TaskInstance: daily_equity_ingestion.setup_database manual__2026-03-19T21:32:19.082432+00:00 [queued]>
[2026-03-19T21:32:20.293+0000] {taskinstance.py:1956} INFO - Dependencies all met for dep_context=requeueable deps ti=<TaskInstance: daily_equity_ingestion.setup_database manual__2026-03-19T21:32:19.082432+00:00 [queued]>
[2026-03-19T21:32:20.294+0000] {taskinstance.py:2170} INFO - Starting attempt 1 of 1
[2026-03-19T21:32:20.302+0000] {taskinstance.py:2191} INFO - Executing <Task(_PythonDecoratedOperator): setup_database> on 2026-03-19 21:32:19.082432+00:00
[2026-03-19T21:32:20.308+0000] {standard_task_runner.py:60} INFO - Started process 370 to run task
[2026-03-19T21:32:20.311+0000] {standard_task_runner.py:87} INFO - Running: ['***', 'tasks', 'run', 'daily_equity_ingestion', 'setup_database', 'manual__2026-03-19T21:32:19.082432+00:00', '--job-id', '31', '--raw', '--subdir', 'DAGS_FOLDER/equity_ingestion_dag.py', '--cfg-path', '/tmp/tmpvl19e5m1']
[2026-03-19T21:32:20.312+0000] {standard_task_runner.py:88} INFO - Job 31: Subtask setup_database
[2026-03-19T21:32:20.344+0000] {task_command.py:423} INFO - Running <TaskInstance: daily_equity_ingestion.setup_database manual__2026-03-19T21:32:19.082432+00:00 [running]> on host ac61d61b49d7
[2026-03-19T21:32:20.394+0000] {taskinstance.py:2480} INFO - Exporting env vars: AIRFLOW_CTX_DAG_OWNER='***' AIRFLOW_CTX_DAG_ID='daily_equity_ingestion' AIRFLOW_CTX_TASK_ID='setup_database' AIRFLOW_CTX_EXECUTION_DATE='2026-03-19T21:32:19.082432+00:00' AIRFLOW_CTX_TRY_NUMBER='1' AIRFLOW_CTX_DAG_RUN_ID='manual__2026-03-19T21:32:19.082432+00:00'
[2026-03-19T21:32:20.400+0000] {base.py:83} INFO - Using connection ID 'finance_db_conn' for task execution.
[2026-03-19T21:32:20.403+0000] {sql.py:450} INFO - Running statement: 
            CREATE TABLE IF NOT EXISTS equity_metrics (
                id SERIAL PRIMARY KEY,
                ticker VARCHAR(50) NOT NULL,
                current_price NUMERIC,
                market_cap NUMERIC,
                pe_ratio NUMERIC,
                summary TEXT,
                ingestion_timestamp TIMESTAMP DEFAULT CURRENT_TIMESTAMP
            );
        , parameters: None
[2026-03-19T21:32:20.404+0000] {python.py:201} INFO - Done. Returned value was: None
[2026-03-19T21:32:20.409+0000] {taskinstance.py:1138} INFO - Marking task as SUCCESS. dag_id=daily_equity_ingestion, task_id=setup_database, execution_date=20260319T213219, start_date=20260319T213220, end_date=20260319T213220
[2026-03-19T21:32:20.443+0000] {local_task_job_runner.py:234} INFO - Task exited with return code 0
[2026-03-19T21:32:20.463+0000] {taskinstance.py:3280} INFO - 5 downstream tasks scheduled from follow-on schedule check
