[2026-03-19T21:25:07.053+0000] {taskinstance.py:1956} INFO - Dependencies all met for dep_context=non-requeueable deps ti=<TaskInstance: daily_equity_ingestion.setup_database manual__2026-03-19T21:25:05.934881+00:00 [queued]>
[2026-03-19T21:25:07.057+0000] {taskinstance.py:1956} INFO - Dependencies all met for dep_context=requeueable deps ti=<TaskInstance: daily_equity_ingestion.setup_database manual__2026-03-19T21:25:05.934881+00:00 [queued]>
[2026-03-19T21:25:07.057+0000] {taskinstance.py:2170} INFO - Starting attempt 1 of 1
[2026-03-19T21:25:07.064+0000] {taskinstance.py:2191} INFO - Executing <Task(_PythonDecoratedOperator): setup_database> on 2026-03-19 21:25:05.934881+00:00
[2026-03-19T21:25:07.068+0000] {standard_task_runner.py:60} INFO - Started process 175 to run task
[2026-03-19T21:25:07.070+0000] {standard_task_runner.py:87} INFO - Running: ['***', 'tasks', 'run', 'daily_equity_ingestion', 'setup_database', 'manual__2026-03-19T21:25:05.934881+00:00', '--job-id', '6', '--raw', '--subdir', 'DAGS_FOLDER/equity_ingestion_dag.py', '--cfg-path', '/tmp/tmpdidtgfsv']
[2026-03-19T21:25:07.072+0000] {standard_task_runner.py:88} INFO - Job 6: Subtask setup_database
[2026-03-19T21:25:07.099+0000] {task_command.py:423} INFO - Running <TaskInstance: daily_equity_ingestion.setup_database manual__2026-03-19T21:25:05.934881+00:00 [running]> on host ac61d61b49d7
[2026-03-19T21:25:07.144+0000] {taskinstance.py:2480} INFO - Exporting env vars: AIRFLOW_CTX_DAG_OWNER='***' AIRFLOW_CTX_DAG_ID='daily_equity_ingestion' AIRFLOW_CTX_TASK_ID='setup_database' AIRFLOW_CTX_EXECUTION_DATE='2026-03-19T21:25:05.934881+00:00' AIRFLOW_CTX_TRY_NUMBER='1' AIRFLOW_CTX_DAG_RUN_ID='manual__2026-03-19T21:25:05.934881+00:00'
[2026-03-19T21:25:07.150+0000] {base.py:83} INFO - Using connection ID 'finance_db_conn' for task execution.
[2026-03-19T21:25:07.152+0000] {sql.py:450} INFO - Running statement: 
            CREATE TABLE IF NOT EXISTS equity_metrics (
                id SERIAL PRIMARY KEY,
                ticker VARCHAR(50) NOT NULL,
                current_price NUMERIC,
                market_cap NUMERIC,
                pe_ratio NUMERIC,
                summary TEXT,
                ingestion_timestamp TIMESTAMP DEFAULT CURRENT_TIMESTAMP
            );
        , parameters: None
[2026-03-19T21:25:07.153+0000] {equity_ingestion_dag.py:34} INFO - Database schema verified/created successfully.
[2026-03-19T21:25:07.153+0000] {python.py:201} INFO - Done. Returned value was: None
[2026-03-19T21:25:07.157+0000] {taskinstance.py:1138} INFO - Marking task as SUCCESS. dag_id=daily_equity_ingestion, task_id=setup_database, execution_date=20260319T212505, start_date=20260319T212507, end_date=20260319T212507
[2026-03-19T21:25:07.203+0000] {local_task_job_runner.py:234} INFO - Task exited with return code 0
[2026-03-19T21:25:07.217+0000] {taskinstance.py:3280} INFO - 1 downstream tasks scheduled from follow-on schedule check
